ARM GAS  C:\Users\RECEPC~1\AppData\Local\Temp\ccZLa8Zd.s 			page 1


   1              		.syntax unified
   2              		.cpu cortex-m3
   3              		.fpu softvfp
   4              		.eabi_attribute 20, 1
   5              		.eabi_attribute 21, 1
   6              		.eabi_attribute 23, 3
   7              		.eabi_attribute 24, 1
   8              		.eabi_attribute 25, 1
   9              		.eabi_attribute 26, 1
  10              		.eabi_attribute 30, 6
  11              		.eabi_attribute 34, 1
  12              		.eabi_attribute 18, 4
  13              		.thumb
  14              		.file	"I2C.c"
  15              		.text
  16              	.Ltext0:
  17              		.cfi_sections	.debug_frame
  18              		.comm	count_teclas1,1,1
  19              		.comm	comas1,1,1
  20              		.comm	comas2,1,1
  21              		.comm	id_coma1,1,1
  22              		.comm	id_teclado1,1,1
  23              		.comm	count_teclas2,1,1
  24              		.comm	id_coma2,1,1
  25              		.comm	id_teclado2,1,1
  26              		.comm	posx1,2,2
  27              		.comm	posy1,2,2
  28              		.comm	sizeletra1,2,2
  29              		.comm	posx2,2,2
  30              		.comm	posy2,2,2
  31              		.comm	sizeletra2,2,2
  32              		.comm	teclas1,1,1
  33              		.comm	teclas2,1,1
  34              		.comm	flujo_LCD1,1,1
  35              		.comm	flujo_LCD2,1,1
  36              		.comm	Buffer_LCD1,30,4
  37              		.comm	Buffer_LCD2,30,4
  38              		.comm	count_protector,1,1
  39              		.comm	count_protector2,1,1
  40              		.comm	password_lcd,9,4
  41              		.comm	imagen_grado,2,2
  42              		.comm	prox_caso,8,4
  43              		.comm	bloqueo_LCD,3,4
  44              		.comm	id_estacion,5,4
  45              		.comm	id_venta,8,4
  46              		.comm	trama_totales,200,4
  47              		.comm	ppux10,1,1
  48              		.comm	nombre_pro1,17,4
  49              		.comm	nombre_pro2,17,4
  50              		.comm	nombre_pro3,17,4
  51              		.comm	version,4,4
  52              		.comm	lado1,93,4
  53              		.comm	lado2,93,4
  54              		.comm	nombre,33,4
  55              		.comm	nit,15,4
  56              		.comm	telefono,20,4
  57              		.comm	direccion,33,4
ARM GAS  C:\Users\RECEPC~1\AppData\Local\Temp\ccZLa8Zd.s 			page 2


  58              		.comm	lema1,32,4
  59              		.comm	lema2,32,4
  60              		.comm	id_logo,2,4
  61              		.comm	km,2,4
  62              		.comm	fecha,3,4
  63              		.comm	hora,2,4
  64              		.comm	rventa1,97,4
  65              		.comm	rventa2,97,4
  66              		.comm	ok_RF,1,1
  67              		.comm	ok_datosRF,1,1
  68              		.comm	rf_mod,200,4
  69              		.comm	buffer_i2c,64,4
  70              		.comm	crc_total,1,1
  71              		.comm	print1,2,4
  72              		.comm	print2,2,4
  73              		.section	.text.leer_hora,"ax",%progbits
  74              		.align	2
  75              		.global	leer_hora
  76              		.thumb
  77              		.thumb_func
  78              		.type	leer_hora, %function
  79              	leer_hora:
  80              	.LFB63:
  81              		.file 1 ".\\I2C.c"
   1:.\I2C.c       **** /*
   2:.\I2C.c       **** ***************************************************************************************************
   3:.\I2C.c       **** *                                           GRP550/700 CODE
   4:.\I2C.c       **** *
   5:.\I2C.c       **** *                             (c) Copyright 2013; Sistemas Insepet LTDA
   6:.\I2C.c       **** *
   7:.\I2C.c       **** *               All rights reserved.  Protected by international copyright laws.
   8:.\I2C.c       **** *               Knowledge of the source code may NOT be used to develop a similar product.
   9:.\I2C.c       **** *               Please help us continue to provide the Embedded community with the finest
  10:.\I2C.c       **** *               software available.  Your honesty is greatly appreciated.
  11:.\I2C.c       **** ***************************************************************************************************
  12:.\I2C.c       **** */
  13:.\I2C.c       **** 
  14:.\I2C.c       **** /*
  15:.\I2C.c       **** ***************************************************************************************************
  16:.\I2C.c       **** *
  17:.\I2C.c       **** *                                             GRP550/700 CODE
  18:.\I2C.c       **** *
  19:.\I2C.c       **** *                                             CYPRESS PSoC5LP
  20:.\I2C.c       **** *                                                with the
  21:.\I2C.c       **** *                                            CY8C5969AXI-LP035
  22:.\I2C.c       **** *
  23:.\I2C.c       **** * Filename      : I2C.c
  24:.\I2C.c       **** * Version       : V1.00
  25:.\I2C.c       **** * Programmer(s) : 
  26:.\I2C.c       ****                   
  27:.\I2C.c       **** ***************************************************************************************************
  28:.\I2C.c       **** */
  29:.\I2C.c       **** 
  30:.\I2C.c       **** 
  31:.\I2C.c       **** /*
  32:.\I2C.c       **** ***************************************************************************************************
  33:.\I2C.c       **** *                                             INCLUDE FILES
ARM GAS  C:\Users\RECEPC~1\AppData\Local\Temp\ccZLa8Zd.s 			page 3


  34:.\I2C.c       **** ***************************************************************************************************
  35:.\I2C.c       **** */
  36:.\I2C.c       **** #include <device.h>
  37:.\I2C.c       **** #include "VariablesG.h"
  38:.\I2C.c       **** #include "LCD.h"
  39:.\I2C.c       **** 
  40:.\I2C.c       **** /*
  41:.\I2C.c       **** ***************************************************************************************************
  42:.\I2C.c       **** *                                         uint8 leer_hora( void )
  43:.\I2C.c       **** *
  44:.\I2C.c       **** * Description : 
  45:.\I2C.c       **** *               
  46:.\I2C.c       **** *
  47:.\I2C.c       **** * Argument(s) : none
  48:.\I2C.c       **** *
  49:.\I2C.c       **** * Return(s)   : none
  50:.\I2C.c       **** *
  51:.\I2C.c       **** * Caller(s)   : 
  52:.\I2C.c       **** *
  53:.\I2C.c       **** * Note(s)     : none.
  54:.\I2C.c       **** ***************************************************************************************************
  55:.\I2C.c       **** */
  56:.\I2C.c       **** uint8 leer_hora(){
  82              		.loc 1 56 0
  83              		.cfi_startproc
  84              		@ args = 0, pretend = 0, frame = 8
  85              		@ frame_needed = 1, uses_anonymous_args = 0
  86 0000 90B5     		push	{r4, r7, lr}
  87              		.cfi_def_cfa_offset 12
  88              		.cfi_offset 4, -12
  89              		.cfi_offset 7, -8
  90              		.cfi_offset 14, -4
  91 0002 83B0     		sub	sp, sp, #12
  92              		.cfi_def_cfa_offset 24
  93 0004 00AF     		add	r7, sp, #0
  94              		.cfi_def_cfa_register 7
  57:.\I2C.c       **** 	uint8 status,i;
  58:.\I2C.c       **** 	for(i=1;i<=2;i++){
  95              		.loc 1 58 0
  96 0006 0123     		movs	r3, #1
  97 0008 FB71     		strb	r3, [r7, #7]
  98 000a 36E0     		b	.L2
  99              	.L9:
  59:.\I2C.c       ****         I2C_1_MasterClearStatus();
 100              		.loc 1 59 0
 101 000c FFF7FEFF 		bl	I2C_1_MasterClearStatus
  60:.\I2C.c       ****         status = I2C_1_MasterSendStart(0x68, I2C_1_WRITE_XFER_MODE);
 102              		.loc 1 60 0
 103 0010 6820     		movs	r0, #104
 104 0012 0021     		movs	r1, #0
 105 0014 FFF7FEFF 		bl	I2C_1_MasterSendStart
 106 0018 0346     		mov	r3, r0
 107 001a BB71     		strb	r3, [r7, #6]
  61:.\I2C.c       ****         if(I2C_1_MSTR_NO_ERROR == status)								 		/* Check if transfer completed without errors *
 108              		.loc 1 61 0
 109 001c BB79     		ldrb	r3, [r7, #6]	@ zero_extendqisi2
 110 001e 002B     		cmp	r3, #0
ARM GAS  C:\Users\RECEPC~1\AppData\Local\Temp\ccZLa8Zd.s 			page 4


 111 0020 29D1     		bne	.L3
  62:.\I2C.c       ****     	{
  63:.\I2C.c       ****             status = I2C_1_MasterWriteByte(i);
 112              		.loc 1 63 0
 113 0022 FB79     		ldrb	r3, [r7, #7]	@ zero_extendqisi2
 114 0024 1846     		mov	r0, r3
 115 0026 FFF7FEFF 		bl	I2C_1_MasterWriteByte
 116 002a 0346     		mov	r3, r0
 117 002c BB71     		strb	r3, [r7, #6]
  64:.\I2C.c       ****             if(status != I2C_1_MSTR_NO_ERROR)
 118              		.loc 1 64 0
 119 002e BB79     		ldrb	r3, [r7, #6]	@ zero_extendqisi2
 120 0030 002B     		cmp	r3, #0
 121 0032 01D0     		beq	.L4
  65:.\I2C.c       ****             {
  66:.\I2C.c       ****                 return 0;
 122              		.loc 1 66 0
 123 0034 0023     		movs	r3, #0
 124 0036 24E0     		b	.L5
 125              	.L4:
  67:.\I2C.c       ****             }
  68:.\I2C.c       **** 			else{
  69:.\I2C.c       **** 		        I2C_1_MasterSendStop(); 										/* Send Stop */
 126              		.loc 1 69 0
 127 0038 FFF7FEFF 		bl	I2C_1_MasterSendStop
  70:.\I2C.c       **** 		        CyDelay(10);
 128              		.loc 1 70 0
 129 003c 0A20     		movs	r0, #10
 130 003e FFF7FEFF 		bl	CyDelay
  71:.\I2C.c       **** 		        status = I2C_1_MasterSendStart(0x68, I2C_1_READ_XFER_MODE);
 131              		.loc 1 71 0
 132 0042 6820     		movs	r0, #104
 133 0044 0121     		movs	r1, #1
 134 0046 FFF7FEFF 		bl	I2C_1_MasterSendStart
 135 004a 0346     		mov	r3, r0
 136 004c BB71     		strb	r3, [r7, #6]
  72:.\I2C.c       **** 		        if(I2C_1_MSTR_NO_ERROR == status){
 137              		.loc 1 72 0
 138 004e BB79     		ldrb	r3, [r7, #6]	@ zero_extendqisi2
 139 0050 002B     		cmp	r3, #0
 140 0052 0ED1     		bne	.L6
  73:.\I2C.c       **** 		            hora[i-1] = I2C_1_MasterReadByte(I2C_1_NAK_DATA);
 141              		.loc 1 73 0
 142 0054 FB79     		ldrb	r3, [r7, #7]	@ zero_extendqisi2
 143 0056 5C1E     		subs	r4, r3, #1
 144 0058 0020     		movs	r0, #0
 145 005a FFF7FEFF 		bl	I2C_1_MasterReadByte
 146 005e 0346     		mov	r3, r0
 147 0060 1A46     		mov	r2, r3
 148 0062 0A4B     		ldr	r3, .L10
 149 0064 1A55     		strb	r2, [r3, r4]
  74:.\I2C.c       **** 		        }
  75:.\I2C.c       **** 				else{
  76:.\I2C.c       **** 					return 0;
  77:.\I2C.c       **** 				}
  78:.\I2C.c       **** 		        I2C_1_MasterSendStop();	
 150              		.loc 1 78 0
ARM GAS  C:\Users\RECEPC~1\AppData\Local\Temp\ccZLa8Zd.s 			page 5


 151 0066 FFF7FEFF 		bl	I2C_1_MasterSendStop
  58:.\I2C.c       **** 	for(i=1;i<=2;i++){
 152              		.loc 1 58 0
 153 006a FB79     		ldrb	r3, [r7, #7]	@ zero_extendqisi2
 154 006c 0133     		adds	r3, r3, #1
 155 006e FB71     		strb	r3, [r7, #7]
 156 0070 03E0     		b	.L2
 157              	.L6:
  76:.\I2C.c       **** 					return 0;
 158              		.loc 1 76 0
 159 0072 0023     		movs	r3, #0
 160 0074 05E0     		b	.L5
 161              	.L3:
  79:.\I2C.c       **** 			}
  80:.\I2C.c       ****         }
  81:.\I2C.c       **** 		else{
  82:.\I2C.c       **** 			return 0;
 162              		.loc 1 82 0
 163 0076 0023     		movs	r3, #0
 164 0078 03E0     		b	.L5
 165              	.L2:
  58:.\I2C.c       **** 	for(i=1;i<=2;i++){
 166              		.loc 1 58 0 discriminator 1
 167 007a FB79     		ldrb	r3, [r7, #7]	@ zero_extendqisi2
 168 007c 022B     		cmp	r3, #2
 169 007e C5D9     		bls	.L9
  83:.\I2C.c       **** 		}		
  84:.\I2C.c       **** 	}
  85:.\I2C.c       **** 	return 1;
 170              		.loc 1 85 0
 171 0080 0123     		movs	r3, #1
 172              	.L5:
  86:.\I2C.c       **** }
 173              		.loc 1 86 0
 174 0082 1846     		mov	r0, r3
 175 0084 0C37     		adds	r7, r7, #12
 176 0086 BD46     		mov	sp, r7
 177              		@ sp needed
 178 0088 90BD     		pop	{r4, r7, pc}
 179              	.L11:
 180 008a 00BF     		.align	2
 181              	.L10:
 182 008c 00000000 		.word	hora
 183              		.cfi_endproc
 184              	.LFE63:
 185              		.size	leer_hora, .-leer_hora
 186              		.section	.text.leer_fecha,"ax",%progbits
 187              		.align	2
 188              		.global	leer_fecha
 189              		.thumb
 190              		.thumb_func
 191              		.type	leer_fecha, %function
 192              	leer_fecha:
 193              	.LFB64:
  87:.\I2C.c       **** 
  88:.\I2C.c       **** /*
  89:.\I2C.c       **** ***************************************************************************************************
ARM GAS  C:\Users\RECEPC~1\AppData\Local\Temp\ccZLa8Zd.s 			page 6


  90:.\I2C.c       **** *                                         uint8 leer_fecha( void )
  91:.\I2C.c       **** *
  92:.\I2C.c       **** * Description : 
  93:.\I2C.c       **** *               
  94:.\I2C.c       **** *
  95:.\I2C.c       **** * Argument(s) : none
  96:.\I2C.c       **** *
  97:.\I2C.c       **** * Return(s)   : none
  98:.\I2C.c       **** *
  99:.\I2C.c       **** * Caller(s)   : 
 100:.\I2C.c       **** *
 101:.\I2C.c       **** * Note(s)     : none.
 102:.\I2C.c       **** ***************************************************************************************************
 103:.\I2C.c       **** */
 104:.\I2C.c       **** uint8 leer_fecha(){
 194              		.loc 1 104 0
 195              		.cfi_startproc
 196              		@ args = 0, pretend = 0, frame = 8
 197              		@ frame_needed = 1, uses_anonymous_args = 0
 198 0000 90B5     		push	{r4, r7, lr}
 199              		.cfi_def_cfa_offset 12
 200              		.cfi_offset 4, -12
 201              		.cfi_offset 7, -8
 202              		.cfi_offset 14, -4
 203 0002 83B0     		sub	sp, sp, #12
 204              		.cfi_def_cfa_offset 24
 205 0004 00AF     		add	r7, sp, #0
 206              		.cfi_def_cfa_register 7
 105:.\I2C.c       **** 	uint8 status,i;
 106:.\I2C.c       **** 	for(i=4;i<=6;i++){
 207              		.loc 1 106 0
 208 0006 0423     		movs	r3, #4
 209 0008 FB71     		strb	r3, [r7, #7]
 210 000a 36E0     		b	.L13
 211              	.L20:
 107:.\I2C.c       ****         I2C_1_MasterClearStatus();
 212              		.loc 1 107 0
 213 000c FFF7FEFF 		bl	I2C_1_MasterClearStatus
 108:.\I2C.c       ****         status = I2C_1_MasterSendStart(0x68, I2C_1_WRITE_XFER_MODE);
 214              		.loc 1 108 0
 215 0010 6820     		movs	r0, #104
 216 0012 0021     		movs	r1, #0
 217 0014 FFF7FEFF 		bl	I2C_1_MasterSendStart
 218 0018 0346     		mov	r3, r0
 219 001a BB71     		strb	r3, [r7, #6]
 109:.\I2C.c       ****         if(I2C_1_MSTR_NO_ERROR == status)								 		/* Check if transfer completed without errors *
 220              		.loc 1 109 0
 221 001c BB79     		ldrb	r3, [r7, #6]	@ zero_extendqisi2
 222 001e 002B     		cmp	r3, #0
 223 0020 29D1     		bne	.L14
 110:.\I2C.c       ****     	{
 111:.\I2C.c       ****             status = I2C_1_MasterWriteByte(i);
 224              		.loc 1 111 0
 225 0022 FB79     		ldrb	r3, [r7, #7]	@ zero_extendqisi2
 226 0024 1846     		mov	r0, r3
 227 0026 FFF7FEFF 		bl	I2C_1_MasterWriteByte
 228 002a 0346     		mov	r3, r0
ARM GAS  C:\Users\RECEPC~1\AppData\Local\Temp\ccZLa8Zd.s 			page 7


 229 002c BB71     		strb	r3, [r7, #6]
 112:.\I2C.c       ****             if(status != I2C_1_MSTR_NO_ERROR)
 230              		.loc 1 112 0
 231 002e BB79     		ldrb	r3, [r7, #6]	@ zero_extendqisi2
 232 0030 002B     		cmp	r3, #0
 233 0032 01D0     		beq	.L15
 113:.\I2C.c       ****             {
 114:.\I2C.c       ****                 return 0;
 234              		.loc 1 114 0
 235 0034 0023     		movs	r3, #0
 236 0036 24E0     		b	.L16
 237              	.L15:
 115:.\I2C.c       ****             }
 116:.\I2C.c       **** 			else{
 117:.\I2C.c       **** 		        I2C_1_MasterSendStop(); 										/* Send Stop */
 238              		.loc 1 117 0
 239 0038 FFF7FEFF 		bl	I2C_1_MasterSendStop
 118:.\I2C.c       **** 		        CyDelay(10);
 240              		.loc 1 118 0
 241 003c 0A20     		movs	r0, #10
 242 003e FFF7FEFF 		bl	CyDelay
 119:.\I2C.c       **** 		        status = I2C_1_MasterSendStart(0x68, I2C_1_READ_XFER_MODE);
 243              		.loc 1 119 0
 244 0042 6820     		movs	r0, #104
 245 0044 0121     		movs	r1, #1
 246 0046 FFF7FEFF 		bl	I2C_1_MasterSendStart
 247 004a 0346     		mov	r3, r0
 248 004c BB71     		strb	r3, [r7, #6]
 120:.\I2C.c       **** 		        if(I2C_1_MSTR_NO_ERROR == status){
 249              		.loc 1 120 0
 250 004e BB79     		ldrb	r3, [r7, #6]	@ zero_extendqisi2
 251 0050 002B     		cmp	r3, #0
 252 0052 0ED1     		bne	.L17
 121:.\I2C.c       **** 		            fecha[i-4] = I2C_1_MasterReadByte(I2C_1_NAK_DATA);
 253              		.loc 1 121 0
 254 0054 FB79     		ldrb	r3, [r7, #7]	@ zero_extendqisi2
 255 0056 1C1F     		subs	r4, r3, #4
 256 0058 0020     		movs	r0, #0
 257 005a FFF7FEFF 		bl	I2C_1_MasterReadByte
 258 005e 0346     		mov	r3, r0
 259 0060 1A46     		mov	r2, r3
 260 0062 0A4B     		ldr	r3, .L21
 261 0064 1A55     		strb	r2, [r3, r4]
 122:.\I2C.c       **** 		        }
 123:.\I2C.c       **** 				else{
 124:.\I2C.c       **** 					return 0;
 125:.\I2C.c       **** 				}
 126:.\I2C.c       **** 		        I2C_1_MasterSendStop();	
 262              		.loc 1 126 0
 263 0066 FFF7FEFF 		bl	I2C_1_MasterSendStop
 106:.\I2C.c       **** 	for(i=4;i<=6;i++){
 264              		.loc 1 106 0
 265 006a FB79     		ldrb	r3, [r7, #7]	@ zero_extendqisi2
 266 006c 0133     		adds	r3, r3, #1
 267 006e FB71     		strb	r3, [r7, #7]
 268 0070 03E0     		b	.L13
 269              	.L17:
ARM GAS  C:\Users\RECEPC~1\AppData\Local\Temp\ccZLa8Zd.s 			page 8


 124:.\I2C.c       **** 					return 0;
 270              		.loc 1 124 0
 271 0072 0023     		movs	r3, #0
 272 0074 05E0     		b	.L16
 273              	.L14:
 127:.\I2C.c       **** 			}
 128:.\I2C.c       ****         }
 129:.\I2C.c       **** 		else{
 130:.\I2C.c       **** 			return 0;
 274              		.loc 1 130 0
 275 0076 0023     		movs	r3, #0
 276 0078 03E0     		b	.L16
 277              	.L13:
 106:.\I2C.c       **** 	for(i=4;i<=6;i++){
 278              		.loc 1 106 0 discriminator 1
 279 007a FB79     		ldrb	r3, [r7, #7]	@ zero_extendqisi2
 280 007c 062B     		cmp	r3, #6
 281 007e C5D9     		bls	.L20
 131:.\I2C.c       **** 		}		
 132:.\I2C.c       **** 	}
 133:.\I2C.c       **** 	return 1;
 282              		.loc 1 133 0
 283 0080 0123     		movs	r3, #1
 284              	.L16:
 134:.\I2C.c       **** }
 285              		.loc 1 134 0
 286 0082 1846     		mov	r0, r3
 287 0084 0C37     		adds	r7, r7, #12
 288 0086 BD46     		mov	sp, r7
 289              		@ sp needed
 290 0088 90BD     		pop	{r4, r7, pc}
 291              	.L22:
 292 008a 00BF     		.align	2
 293              	.L21:
 294 008c 00000000 		.word	fecha
 295              		.cfi_endproc
 296              	.LFE64:
 297              		.size	leer_fecha, .-leer_fecha
 298              		.section	.text.write_hora,"ax",%progbits
 299              		.align	2
 300              		.global	write_hora
 301              		.thumb
 302              		.thumb_func
 303              		.type	write_hora, %function
 304              	write_hora:
 305              	.LFB65:
 135:.\I2C.c       **** 
 136:.\I2C.c       **** /*
 137:.\I2C.c       **** ***************************************************************************************************
 138:.\I2C.c       **** *                                         uint8 write_hora( void )
 139:.\I2C.c       **** *
 140:.\I2C.c       **** * Description : 
 141:.\I2C.c       **** *               
 142:.\I2C.c       **** *
 143:.\I2C.c       **** * Argument(s) : none
 144:.\I2C.c       **** *
 145:.\I2C.c       **** * Return(s)   : none
ARM GAS  C:\Users\RECEPC~1\AppData\Local\Temp\ccZLa8Zd.s 			page 9


 146:.\I2C.c       **** *
 147:.\I2C.c       **** * Caller(s)   : 
 148:.\I2C.c       **** *
 149:.\I2C.c       **** * Note(s)     : none.
 150:.\I2C.c       **** ***************************************************************************************************
 151:.\I2C.c       **** */
 152:.\I2C.c       **** 
 153:.\I2C.c       **** uint8 write_hora( void ){
 306              		.loc 1 153 0
 307              		.cfi_startproc
 308              		@ args = 0, pretend = 0, frame = 8
 309              		@ frame_needed = 1, uses_anonymous_args = 0
 310 0000 80B5     		push	{r7, lr}
 311              		.cfi_def_cfa_offset 8
 312              		.cfi_offset 7, -8
 313              		.cfi_offset 14, -4
 314 0002 82B0     		sub	sp, sp, #8
 315              		.cfi_def_cfa_offset 16
 316 0004 00AF     		add	r7, sp, #0
 317              		.cfi_def_cfa_register 7
 154:.\I2C.c       **** 	uint8 status, dato[3],i;
 155:.\I2C.c       **** 	dato[0]=1;
 318              		.loc 1 155 0
 319 0006 0123     		movs	r3, #1
 320 0008 3B70     		strb	r3, [r7]
 156:.\I2C.c       **** 	dato[1]=hora[0];
 321              		.loc 1 156 0
 322 000a 1A4B     		ldr	r3, .L32
 323 000c 1B78     		ldrb	r3, [r3]	@ zero_extendqisi2
 324 000e 7B70     		strb	r3, [r7, #1]
 157:.\I2C.c       **** 	dato[2]=hora[1];
 325              		.loc 1 157 0
 326 0010 184B     		ldr	r3, .L32
 327 0012 5B78     		ldrb	r3, [r3, #1]	@ zero_extendqisi2
 328 0014 BB70     		strb	r3, [r7, #2]
 158:.\I2C.c       **** 	I2C_1_MasterClearStatus();
 329              		.loc 1 158 0
 330 0016 FFF7FEFF 		bl	I2C_1_MasterClearStatus
 159:.\I2C.c       ****     status = I2C_1_MasterSendStart(0x68, I2C_1_WRITE_XFER_MODE);
 331              		.loc 1 159 0
 332 001a 6820     		movs	r0, #104
 333 001c 0021     		movs	r1, #0
 334 001e FFF7FEFF 		bl	I2C_1_MasterSendStart
 335 0022 0346     		mov	r3, r0
 336 0024 BB71     		strb	r3, [r7, #6]
 160:.\I2C.c       ****     if(I2C_1_MSTR_NO_ERROR == status) 
 337              		.loc 1 160 0
 338 0026 BB79     		ldrb	r3, [r7, #6]	@ zero_extendqisi2
 339 0028 002B     		cmp	r3, #0
 340 002a 19D1     		bne	.L24
 161:.\I2C.c       ****     {
 162:.\I2C.c       ****         for(i=0; i<3; i++)
 341              		.loc 1 162 0
 342 002c 0023     		movs	r3, #0
 343 002e FB71     		strb	r3, [r7, #7]
 344 0030 12E0     		b	.L25
 345              	.L28:
ARM GAS  C:\Users\RECEPC~1\AppData\Local\Temp\ccZLa8Zd.s 			page 10


 163:.\I2C.c       ****         {
 164:.\I2C.c       ****             status = I2C_1_MasterWriteByte(dato[i]);
 346              		.loc 1 164 0
 347 0032 FB79     		ldrb	r3, [r7, #7]	@ zero_extendqisi2
 348 0034 07F10802 		add	r2, r7, #8
 349 0038 1344     		add	r3, r3, r2
 350 003a 13F8083C 		ldrb	r3, [r3, #-8]	@ zero_extendqisi2
 351 003e 1846     		mov	r0, r3
 352 0040 FFF7FEFF 		bl	I2C_1_MasterWriteByte
 353 0044 0346     		mov	r3, r0
 354 0046 BB71     		strb	r3, [r7, #6]
 165:.\I2C.c       ****             if(status != I2C_1_MSTR_NO_ERROR)
 355              		.loc 1 165 0
 356 0048 BB79     		ldrb	r3, [r7, #6]	@ zero_extendqisi2
 357 004a 002B     		cmp	r3, #0
 358 004c 01D0     		beq	.L26
 166:.\I2C.c       ****             {
 167:.\I2C.c       ****                 return 0;
 359              		.loc 1 167 0
 360 004e 0023     		movs	r3, #0
 361 0050 0BE0     		b	.L30
 362              	.L26:
 162:.\I2C.c       ****         for(i=0; i<3; i++)
 363              		.loc 1 162 0
 364 0052 FB79     		ldrb	r3, [r7, #7]	@ zero_extendqisi2
 365 0054 0133     		adds	r3, r3, #1
 366 0056 FB71     		strb	r3, [r7, #7]
 367              	.L25:
 162:.\I2C.c       ****         for(i=0; i<3; i++)
 368              		.loc 1 162 0 is_stmt 0 discriminator 1
 369 0058 FB79     		ldrb	r3, [r7, #7]	@ zero_extendqisi2
 370 005a 022B     		cmp	r3, #2
 371 005c E9D9     		bls	.L28
 372 005e 01E0     		b	.L31
 373              	.L24:
 168:.\I2C.c       ****             }
 169:.\I2C.c       ****         }
 170:.\I2C.c       ****     }
 171:.\I2C.c       ****     else{
 172:.\I2C.c       **** 		return 0;
 374              		.loc 1 172 0 is_stmt 1
 375 0060 0023     		movs	r3, #0
 376 0062 02E0     		b	.L30
 377              	.L31:
 173:.\I2C.c       ****     }
 174:.\I2C.c       ****     I2C_1_MasterSendStop();	
 378              		.loc 1 174 0
 379 0064 FFF7FEFF 		bl	I2C_1_MasterSendStop
 175:.\I2C.c       **** 	return 1;
 380              		.loc 1 175 0
 381 0068 0123     		movs	r3, #1
 382              	.L30:
 176:.\I2C.c       **** }
 383              		.loc 1 176 0
 384 006a 1846     		mov	r0, r3
 385 006c 0837     		adds	r7, r7, #8
 386 006e BD46     		mov	sp, r7
ARM GAS  C:\Users\RECEPC~1\AppData\Local\Temp\ccZLa8Zd.s 			page 11


 387              		@ sp needed
 388 0070 80BD     		pop	{r7, pc}
 389              	.L33:
 390 0072 00BF     		.align	2
 391              	.L32:
 392 0074 00000000 		.word	hora
 393              		.cfi_endproc
 394              	.LFE65:
 395              		.size	write_hora, .-write_hora
 396              		.section	.text.write_fecha,"ax",%progbits
 397              		.align	2
 398              		.global	write_fecha
 399              		.thumb
 400              		.thumb_func
 401              		.type	write_fecha, %function
 402              	write_fecha:
 403              	.LFB66:
 177:.\I2C.c       **** 
 178:.\I2C.c       **** /*
 179:.\I2C.c       **** ***************************************************************************************************
 180:.\I2C.c       **** *                                         uint8 write_fecha( void )
 181:.\I2C.c       **** *
 182:.\I2C.c       **** * Description : 
 183:.\I2C.c       **** *               
 184:.\I2C.c       **** *
 185:.\I2C.c       **** * Argument(s) : none
 186:.\I2C.c       **** *
 187:.\I2C.c       **** * Return(s)   : none
 188:.\I2C.c       **** *
 189:.\I2C.c       **** * Caller(s)   : 
 190:.\I2C.c       **** *
 191:.\I2C.c       **** * Note(s)     : none.
 192:.\I2C.c       **** ***************************************************************************************************
 193:.\I2C.c       **** */
 194:.\I2C.c       **** 
 195:.\I2C.c       **** uint8 write_fecha( void ){
 404              		.loc 1 195 0
 405              		.cfi_startproc
 406              		@ args = 0, pretend = 0, frame = 8
 407              		@ frame_needed = 1, uses_anonymous_args = 0
 408 0000 80B5     		push	{r7, lr}
 409              		.cfi_def_cfa_offset 8
 410              		.cfi_offset 7, -8
 411              		.cfi_offset 14, -4
 412 0002 82B0     		sub	sp, sp, #8
 413              		.cfi_def_cfa_offset 16
 414 0004 00AF     		add	r7, sp, #0
 415              		.cfi_def_cfa_register 7
 196:.\I2C.c       **** 	uint8 status, dato[4],i;
 197:.\I2C.c       **** 	dato[0]=4;
 416              		.loc 1 197 0
 417 0006 0423     		movs	r3, #4
 418 0008 3B70     		strb	r3, [r7]
 198:.\I2C.c       **** 	dato[1]=fecha[0];
 419              		.loc 1 198 0
 420 000a 1B4B     		ldr	r3, .L43
 421 000c 1B78     		ldrb	r3, [r3]	@ zero_extendqisi2
ARM GAS  C:\Users\RECEPC~1\AppData\Local\Temp\ccZLa8Zd.s 			page 12


 422 000e 7B70     		strb	r3, [r7, #1]
 199:.\I2C.c       **** 	dato[2]=fecha[1];
 423              		.loc 1 199 0
 424 0010 194B     		ldr	r3, .L43
 425 0012 5B78     		ldrb	r3, [r3, #1]	@ zero_extendqisi2
 426 0014 BB70     		strb	r3, [r7, #2]
 200:.\I2C.c       **** 	dato[3]=fecha[2];
 427              		.loc 1 200 0
 428 0016 184B     		ldr	r3, .L43
 429 0018 9B78     		ldrb	r3, [r3, #2]	@ zero_extendqisi2
 430 001a FB70     		strb	r3, [r7, #3]
 201:.\I2C.c       **** 	I2C_1_MasterClearStatus();
 431              		.loc 1 201 0
 432 001c FFF7FEFF 		bl	I2C_1_MasterClearStatus
 202:.\I2C.c       ****     status = I2C_1_MasterSendStart(0x68, I2C_1_WRITE_XFER_MODE);
 433              		.loc 1 202 0
 434 0020 6820     		movs	r0, #104
 435 0022 0021     		movs	r1, #0
 436 0024 FFF7FEFF 		bl	I2C_1_MasterSendStart
 437 0028 0346     		mov	r3, r0
 438 002a BB71     		strb	r3, [r7, #6]
 203:.\I2C.c       ****     if(I2C_1_MSTR_NO_ERROR == status) 
 439              		.loc 1 203 0
 440 002c BB79     		ldrb	r3, [r7, #6]	@ zero_extendqisi2
 441 002e 002B     		cmp	r3, #0
 442 0030 19D1     		bne	.L35
 204:.\I2C.c       ****     {
 205:.\I2C.c       ****         for(i=0; i<4; i++)
 443              		.loc 1 205 0
 444 0032 0023     		movs	r3, #0
 445 0034 FB71     		strb	r3, [r7, #7]
 446 0036 12E0     		b	.L36
 447              	.L39:
 206:.\I2C.c       ****         {
 207:.\I2C.c       ****             status = I2C_1_MasterWriteByte(dato[i]);
 448              		.loc 1 207 0
 449 0038 FB79     		ldrb	r3, [r7, #7]	@ zero_extendqisi2
 450 003a 07F10802 		add	r2, r7, #8
 451 003e 1344     		add	r3, r3, r2
 452 0040 13F8083C 		ldrb	r3, [r3, #-8]	@ zero_extendqisi2
 453 0044 1846     		mov	r0, r3
 454 0046 FFF7FEFF 		bl	I2C_1_MasterWriteByte
 455 004a 0346     		mov	r3, r0
 456 004c BB71     		strb	r3, [r7, #6]
 208:.\I2C.c       ****             if(status != I2C_1_MSTR_NO_ERROR)
 457              		.loc 1 208 0
 458 004e BB79     		ldrb	r3, [r7, #6]	@ zero_extendqisi2
 459 0050 002B     		cmp	r3, #0
 460 0052 01D0     		beq	.L37
 209:.\I2C.c       ****             {
 210:.\I2C.c       ****                 return 0;
 461              		.loc 1 210 0
 462 0054 0023     		movs	r3, #0
 463 0056 0BE0     		b	.L41
 464              	.L37:
 205:.\I2C.c       ****         for(i=0; i<4; i++)
 465              		.loc 1 205 0
ARM GAS  C:\Users\RECEPC~1\AppData\Local\Temp\ccZLa8Zd.s 			page 13


 466 0058 FB79     		ldrb	r3, [r7, #7]	@ zero_extendqisi2
 467 005a 0133     		adds	r3, r3, #1
 468 005c FB71     		strb	r3, [r7, #7]
 469              	.L36:
 205:.\I2C.c       ****         for(i=0; i<4; i++)
 470              		.loc 1 205 0 is_stmt 0 discriminator 1
 471 005e FB79     		ldrb	r3, [r7, #7]	@ zero_extendqisi2
 472 0060 032B     		cmp	r3, #3
 473 0062 E9D9     		bls	.L39
 474 0064 01E0     		b	.L42
 475              	.L35:
 211:.\I2C.c       ****             }
 212:.\I2C.c       ****         }
 213:.\I2C.c       ****     }
 214:.\I2C.c       ****     else{
 215:.\I2C.c       **** 		return 0;
 476              		.loc 1 215 0 is_stmt 1
 477 0066 0023     		movs	r3, #0
 478 0068 02E0     		b	.L41
 479              	.L42:
 216:.\I2C.c       ****     }
 217:.\I2C.c       ****     I2C_1_MasterSendStop();	
 480              		.loc 1 217 0
 481 006a FFF7FEFF 		bl	I2C_1_MasterSendStop
 218:.\I2C.c       **** 	return 1;
 482              		.loc 1 218 0
 483 006e 0123     		movs	r3, #1
 484              	.L41:
 219:.\I2C.c       **** }
 485              		.loc 1 219 0
 486 0070 1846     		mov	r0, r3
 487 0072 0837     		adds	r7, r7, #8
 488 0074 BD46     		mov	sp, r7
 489              		@ sp needed
 490 0076 80BD     		pop	{r7, pc}
 491              	.L44:
 492              		.align	2
 493              	.L43:
 494 0078 00000000 		.word	fecha
 495              		.cfi_endproc
 496              	.LFE66:
 497              		.size	write_fecha, .-write_fecha
 498              		.section	.text.write_psoc1,"ax",%progbits
 499              		.align	2
 500              		.global	write_psoc1
 501              		.thumb
 502              		.thumb_func
 503              		.type	write_psoc1, %function
 504              	write_psoc1:
 505              	.LFB67:
 220:.\I2C.c       **** 
 221:.\I2C.c       **** /*
 222:.\I2C.c       **** ***************************************************************************************************
 223:.\I2C.c       **** *                                   uint8 write_psoc1( uint8 puerto, uint8 valor )
 224:.\I2C.c       **** *
 225:.\I2C.c       **** * Description : 
 226:.\I2C.c       **** *               
ARM GAS  C:\Users\RECEPC~1\AppData\Local\Temp\ccZLa8Zd.s 			page 14


 227:.\I2C.c       **** *
 228:.\I2C.c       **** * Argument(s) : none
 229:.\I2C.c       **** *
 230:.\I2C.c       **** * Return(s)   : none
 231:.\I2C.c       **** *
 232:.\I2C.c       **** * Caller(s)   : 
 233:.\I2C.c       **** *
 234:.\I2C.c       **** * Note(s)     : none.
 235:.\I2C.c       **** ***************************************************************************************************
 236:.\I2C.c       **** */
 237:.\I2C.c       **** 
 238:.\I2C.c       **** uint8 write_psoc1( uint8 puerto, uint8 valor ){
 506              		.loc 1 238 0
 507              		.cfi_startproc
 508              		@ args = 0, pretend = 0, frame = 16
 509              		@ frame_needed = 1, uses_anonymous_args = 0
 510 0000 80B5     		push	{r7, lr}
 511              		.cfi_def_cfa_offset 8
 512              		.cfi_offset 7, -8
 513              		.cfi_offset 14, -4
 514 0002 84B0     		sub	sp, sp, #16
 515              		.cfi_def_cfa_offset 24
 516 0004 00AF     		add	r7, sp, #0
 517              		.cfi_def_cfa_register 7
 518 0006 0246     		mov	r2, r0
 519 0008 0B46     		mov	r3, r1
 520 000a FA71     		strb	r2, [r7, #7]
 521 000c BB71     		strb	r3, [r7, #6]
 239:.\I2C.c       **** 	uint8 status, dato[2],i;
 240:.\I2C.c       **** 	dato[0]=puerto;
 522              		.loc 1 240 0
 523 000e FB79     		ldrb	r3, [r7, #7]
 524 0010 3B73     		strb	r3, [r7, #12]
 241:.\I2C.c       **** 	dato[1]=valor;
 525              		.loc 1 241 0
 526 0012 BB79     		ldrb	r3, [r7, #6]
 527 0014 7B73     		strb	r3, [r7, #13]
 242:.\I2C.c       **** 	I2C_1_MasterClearStatus();
 528              		.loc 1 242 0
 529 0016 FFF7FEFF 		bl	I2C_1_MasterClearStatus
 243:.\I2C.c       ****     status = I2C_1_MasterSendStart(7u, I2C_1_WRITE_XFER_MODE);
 530              		.loc 1 243 0
 531 001a 0720     		movs	r0, #7
 532 001c 0021     		movs	r1, #0
 533 001e FFF7FEFF 		bl	I2C_1_MasterSendStart
 534 0022 0346     		mov	r3, r0
 535 0024 BB73     		strb	r3, [r7, #14]
 244:.\I2C.c       ****     if(I2C_1_MSTR_NO_ERROR == status) 
 536              		.loc 1 244 0
 537 0026 BB7B     		ldrb	r3, [r7, #14]	@ zero_extendqisi2
 538 0028 002B     		cmp	r3, #0
 539 002a 19D1     		bne	.L46
 245:.\I2C.c       ****     {
 246:.\I2C.c       ****         for(i=0; i<2; i++)
 540              		.loc 1 246 0
 541 002c 0023     		movs	r3, #0
 542 002e FB73     		strb	r3, [r7, #15]
ARM GAS  C:\Users\RECEPC~1\AppData\Local\Temp\ccZLa8Zd.s 			page 15


 543 0030 12E0     		b	.L47
 544              	.L50:
 247:.\I2C.c       ****         {
 248:.\I2C.c       ****             status = I2C_1_MasterWriteByte(dato[i]);
 545              		.loc 1 248 0
 546 0032 FB7B     		ldrb	r3, [r7, #15]	@ zero_extendqisi2
 547 0034 07F11002 		add	r2, r7, #16
 548 0038 1344     		add	r3, r3, r2
 549 003a 13F8043C 		ldrb	r3, [r3, #-4]	@ zero_extendqisi2
 550 003e 1846     		mov	r0, r3
 551 0040 FFF7FEFF 		bl	I2C_1_MasterWriteByte
 552 0044 0346     		mov	r3, r0
 553 0046 BB73     		strb	r3, [r7, #14]
 249:.\I2C.c       ****             if(status != I2C_1_MSTR_NO_ERROR)
 554              		.loc 1 249 0
 555 0048 BB7B     		ldrb	r3, [r7, #14]	@ zero_extendqisi2
 556 004a 002B     		cmp	r3, #0
 557 004c 01D0     		beq	.L48
 250:.\I2C.c       ****             {
 251:.\I2C.c       ****                 return 0;
 558              		.loc 1 251 0
 559 004e 0023     		movs	r3, #0
 560 0050 0BE0     		b	.L52
 561              	.L48:
 246:.\I2C.c       ****         for(i=0; i<2; i++)
 562              		.loc 1 246 0
 563 0052 FB7B     		ldrb	r3, [r7, #15]	@ zero_extendqisi2
 564 0054 0133     		adds	r3, r3, #1
 565 0056 FB73     		strb	r3, [r7, #15]
 566              	.L47:
 246:.\I2C.c       ****         for(i=0; i<2; i++)
 567              		.loc 1 246 0 is_stmt 0 discriminator 1
 568 0058 FB7B     		ldrb	r3, [r7, #15]	@ zero_extendqisi2
 569 005a 012B     		cmp	r3, #1
 570 005c E9D9     		bls	.L50
 571 005e 01E0     		b	.L53
 572              	.L46:
 252:.\I2C.c       ****             }
 253:.\I2C.c       ****         }
 254:.\I2C.c       ****     }
 255:.\I2C.c       ****     else{
 256:.\I2C.c       **** 		return 0;
 573              		.loc 1 256 0 is_stmt 1
 574 0060 0023     		movs	r3, #0
 575 0062 02E0     		b	.L52
 576              	.L53:
 257:.\I2C.c       ****     }
 258:.\I2C.c       ****     I2C_1_MasterSendStop();	
 577              		.loc 1 258 0
 578 0064 FFF7FEFF 		bl	I2C_1_MasterSendStop
 259:.\I2C.c       **** 	return 1;
 579              		.loc 1 259 0
 580 0068 0123     		movs	r3, #1
 581              	.L52:
 260:.\I2C.c       **** }
 582              		.loc 1 260 0
 583 006a 1846     		mov	r0, r3
ARM GAS  C:\Users\RECEPC~1\AppData\Local\Temp\ccZLa8Zd.s 			page 16


 584 006c 1037     		adds	r7, r7, #16
 585 006e BD46     		mov	sp, r7
 586              		@ sp needed
 587 0070 80BD     		pop	{r7, pc}
 588              		.cfi_endproc
 589              	.LFE67:
 590              		.size	write_psoc1, .-write_psoc1
 591 0072 00BF     		.text
 592              	.Letext0:
 593              		.file 2 "c:\\program files (x86)\\cypress\\psoc creator\\3.2\\psoc creator\\import\\gnu\\arm\\4.8.
 594              		.file 3 "c:\\program files (x86)\\cypress\\psoc creator\\3.2\\psoc creator\\import\\gnu\\arm\\4.8.
 595              		.file 4 "Generated_Source\\PSoC5/cytypes.h"
 596              		.file 5 ".\\VariablesG.h"
 597              		.file 6 "Generated_Source\\PSoC5/core_cm3.h"
 598              		.section	.debug_info,"",%progbits
 599              	.Ldebug_info0:
 600 0000 B2080000 		.4byte	0x8b2
 601 0004 0400     		.2byte	0x4
 602 0006 00000000 		.4byte	.Ldebug_abbrev0
 603 000a 04       		.byte	0x4
 604 000b 01       		.uleb128 0x1
 605 000c EE000000 		.4byte	.LASF99
 606 0010 01       		.byte	0x1
 607 0011 00000000 		.4byte	.LASF100
 608 0015 61030000 		.4byte	.LASF101
 609 0019 00000000 		.4byte	.Ldebug_ranges0+0
 610 001d 00000000 		.4byte	0
 611 0021 00000000 		.4byte	.Ldebug_line0
 612 0025 02       		.uleb128 0x2
 613 0026 01       		.byte	0x1
 614 0027 06       		.byte	0x6
 615 0028 24020000 		.4byte	.LASF0
 616 002c 02       		.uleb128 0x2
 617 002d 01       		.byte	0x1
 618 002e 08       		.byte	0x8
 619 002f F9010000 		.4byte	.LASF1
 620 0033 02       		.uleb128 0x2
 621 0034 02       		.byte	0x2
 622 0035 05       		.byte	0x5
 623 0036 6F000000 		.4byte	.LASF2
 624 003a 02       		.uleb128 0x2
 625 003b 02       		.byte	0x2
 626 003c 07       		.byte	0x7
 627 003d B9020000 		.4byte	.LASF3
 628 0041 03       		.uleb128 0x3
 629 0042 21030000 		.4byte	.LASF9
 630 0046 02       		.byte	0x2
 631 0047 37       		.byte	0x37
 632 0048 4C000000 		.4byte	0x4c
 633 004c 02       		.uleb128 0x2
 634 004d 04       		.byte	0x4
 635 004e 05       		.byte	0x5
 636 004f B6010000 		.4byte	.LASF4
 637 0053 02       		.uleb128 0x2
 638 0054 04       		.byte	0x4
 639 0055 07       		.byte	0x7
 640 0056 AF030000 		.4byte	.LASF5
ARM GAS  C:\Users\RECEPC~1\AppData\Local\Temp\ccZLa8Zd.s 			page 17


 641 005a 02       		.uleb128 0x2
 642 005b 08       		.byte	0x8
 643 005c 05       		.byte	0x5
 644 005d A8010000 		.4byte	.LASF6
 645 0061 02       		.uleb128 0x2
 646 0062 08       		.byte	0x8
 647 0063 07       		.byte	0x7
 648 0064 30020000 		.4byte	.LASF7
 649 0068 04       		.uleb128 0x4
 650 0069 04       		.byte	0x4
 651 006a 05       		.byte	0x5
 652 006b 696E7400 		.ascii	"int\000"
 653 006f 02       		.uleb128 0x2
 654 0070 04       		.byte	0x4
 655 0071 07       		.byte	0x7
 656 0072 64020000 		.4byte	.LASF8
 657 0076 03       		.uleb128 0x3
 658 0077 0B030000 		.4byte	.LASF10
 659 007b 03       		.byte	0x3
 660 007c 41       		.byte	0x41
 661 007d 41000000 		.4byte	0x41
 662 0081 03       		.uleb128 0x3
 663 0082 81010000 		.4byte	.LASF11
 664 0086 04       		.byte	0x4
 665 0087 B4       		.byte	0xb4
 666 0088 2C000000 		.4byte	0x2c
 667 008c 03       		.uleb128 0x3
 668 008d 6A010000 		.4byte	.LASF12
 669 0091 04       		.byte	0x4
 670 0092 B5       		.byte	0xb5
 671 0093 3A000000 		.4byte	0x3a
 672 0097 02       		.uleb128 0x2
 673 0098 04       		.byte	0x4
 674 0099 04       		.byte	0x4
 675 009a A2010000 		.4byte	.LASF13
 676 009e 02       		.uleb128 0x2
 677 009f 08       		.byte	0x8
 678 00a0 04       		.byte	0x4
 679 00a1 3D040000 		.4byte	.LASF14
 680 00a5 02       		.uleb128 0x2
 681 00a6 01       		.byte	0x1
 682 00a7 08       		.byte	0x8
 683 00a8 E9020000 		.4byte	.LASF15
 684 00ac 05       		.uleb128 0x5
 685 00ad 81000000 		.4byte	0x81
 686 00b1 05       		.uleb128 0x5
 687 00b2 8C000000 		.4byte	0x8c
 688 00b6 02       		.uleb128 0x2
 689 00b7 04       		.byte	0x4
 690 00b8 07       		.byte	0x7
 691 00b9 BF010000 		.4byte	.LASF16
 692 00bd 06       		.uleb128 0x6
 693 00be 81000000 		.4byte	0x81
 694 00c2 CD000000 		.4byte	0xcd
 695 00c6 07       		.uleb128 0x7
 696 00c7 B6000000 		.4byte	0xb6
 697 00cb 03       		.byte	0x3
ARM GAS  C:\Users\RECEPC~1\AppData\Local\Temp\ccZLa8Zd.s 			page 18


 698 00cc 00       		.byte	0
 699 00cd 08       		.uleb128 0x8
 700 00ce 93010000 		.4byte	.LASF21
 701 00d2 5D       		.byte	0x5d
 702 00d3 05       		.byte	0x5
 703 00d4 55       		.byte	0x55
 704 00d5 22010000 		.4byte	0x122
 705 00d9 09       		.uleb128 0x9
 706 00da 64697200 		.ascii	"dir\000"
 707 00de 05       		.byte	0x5
 708 00df 56       		.byte	0x56
 709 00e0 AC000000 		.4byte	0xac
 710 00e4 00       		.byte	0
 711 00e5 0A       		.uleb128 0xa
 712 00e6 5A040000 		.4byte	.LASF17
 713 00ea 05       		.byte	0x5
 714 00eb 57       		.byte	0x57
 715 00ec AC000000 		.4byte	0xac
 716 00f0 01       		.byte	0x1
 717 00f1 0A       		.uleb128 0xa
 718 00f2 C8010000 		.4byte	.LASF18
 719 00f6 05       		.byte	0x5
 720 00f7 58       		.byte	0x58
 721 00f8 38010000 		.4byte	0x138
 722 00fc 02       		.byte	0x2
 723 00fd 09       		.uleb128 0x9
 724 00fe 70707500 		.ascii	"ppu\000"
 725 0102 05       		.byte	0x5
 726 0103 59       		.byte	0x59
 727 0104 53010000 		.4byte	0x153
 728 0108 4A       		.byte	0x4a
 729 0109 0A       		.uleb128 0xa
 730 010a CC020000 		.4byte	.LASF19
 731 010e 05       		.byte	0x5
 732 010f 5A       		.byte	0x5a
 733 0110 6E010000 		.4byte	0x16e
 734 0114 59       		.byte	0x59
 735 0115 0A       		.uleb128 0xa
 736 0116 4A030000 		.4byte	.LASF20
 737 011a 05       		.byte	0x5
 738 011b 5B       		.byte	0x5b
 739 011c AC000000 		.4byte	0xac
 740 0120 5C       		.byte	0x5c
 741 0121 00       		.byte	0
 742 0122 06       		.uleb128 0x6
 743 0123 81000000 		.4byte	0x81
 744 0127 38010000 		.4byte	0x138
 745 012b 07       		.uleb128 0x7
 746 012c B6000000 		.4byte	0xb6
 747 0130 02       		.byte	0x2
 748 0131 07       		.uleb128 0x7
 749 0132 B6000000 		.4byte	0xb6
 750 0136 17       		.byte	0x17
 751 0137 00       		.byte	0
 752 0138 05       		.uleb128 0x5
 753 0139 22010000 		.4byte	0x122
 754 013d 06       		.uleb128 0x6
ARM GAS  C:\Users\RECEPC~1\AppData\Local\Temp\ccZLa8Zd.s 			page 19


 755 013e 81000000 		.4byte	0x81
 756 0142 53010000 		.4byte	0x153
 757 0146 07       		.uleb128 0x7
 758 0147 B6000000 		.4byte	0xb6
 759 014b 02       		.byte	0x2
 760 014c 07       		.uleb128 0x7
 761 014d B6000000 		.4byte	0xb6
 762 0151 04       		.byte	0x4
 763 0152 00       		.byte	0
 764 0153 05       		.uleb128 0x5
 765 0154 3D010000 		.4byte	0x13d
 766 0158 06       		.uleb128 0x6
 767 0159 81000000 		.4byte	0x81
 768 015d 6E010000 		.4byte	0x16e
 769 0161 07       		.uleb128 0x7
 770 0162 B6000000 		.4byte	0xb6
 771 0166 02       		.byte	0x2
 772 0167 07       		.uleb128 0x7
 773 0168 B6000000 		.4byte	0xb6
 774 016c 00       		.byte	0
 775 016d 00       		.byte	0
 776 016e 05       		.uleb128 0x5
 777 016f 58010000 		.4byte	0x158
 778 0173 08       		.uleb128 0x8
 779 0174 C1030000 		.4byte	.LASF22
 780 0178 61       		.byte	0x61
 781 0179 05       		.byte	0x5
 782 017a 6C       		.byte	0x6c
 783 017b 4A020000 		.4byte	0x24a
 784 017f 0A       		.uleb128 0xa
 785 0180 13020000 		.4byte	.LASF23
 786 0184 05       		.byte	0x5
 787 0185 6D       		.byte	0x6d
 788 0186 81000000 		.4byte	0x81
 789 018a 00       		.byte	0
 790 018b 0A       		.uleb128 0xa
 791 018c CC020000 		.4byte	.LASF19
 792 0190 05       		.byte	0x5
 793 0191 6E       		.byte	0x6e
 794 0192 81000000 		.4byte	0x81
 795 0196 01       		.byte	0x1
 796 0197 09       		.uleb128 0x9
 797 0198 70707500 		.ascii	"ppu\000"
 798 019c 05       		.byte	0x5
 799 019d 6F       		.byte	0x6f
 800 019e 4A020000 		.4byte	0x24a
 801 01a2 02       		.byte	0x2
 802 01a3 0A       		.uleb128 0xa
 803 01a4 93000000 		.4byte	.LASF24
 804 01a8 05       		.byte	0x5
 805 01a9 70       		.byte	0x70
 806 01aa 5A020000 		.4byte	0x25a
 807 01ae 07       		.byte	0x7
 808 01af 0A       		.uleb128 0xa
 809 01b0 1C020000 		.4byte	.LASF25
 810 01b4 05       		.byte	0x5
 811 01b5 71       		.byte	0x71
ARM GAS  C:\Users\RECEPC~1\AppData\Local\Temp\ccZLa8Zd.s 			page 20


 812 01b6 5A020000 		.4byte	0x25a
 813 01ba 10       		.byte	0x10
 814 01bb 0A       		.uleb128 0xa
 815 01bc 98020000 		.4byte	.LASF26
 816 01c0 05       		.byte	0x5
 817 01c1 72       		.byte	0x72
 818 01c2 81000000 		.4byte	0x81
 819 01c6 19       		.byte	0x19
 820 01c7 0A       		.uleb128 0xa
 821 01c8 78010000 		.4byte	.LASF27
 822 01cc 05       		.byte	0x5
 823 01cd 73       		.byte	0x73
 824 01ce 81000000 		.4byte	0x81
 825 01d2 1A       		.byte	0x1a
 826 01d3 0A       		.uleb128 0xa
 827 01d4 E2030000 		.4byte	.LASF28
 828 01d8 05       		.byte	0x5
 829 01d9 74       		.byte	0x74
 830 01da 6A020000 		.4byte	0x26a
 831 01de 1B       		.byte	0x1b
 832 01df 09       		.uleb128 0x9
 833 01e0 696400   		.ascii	"id\000"
 834 01e3 05       		.byte	0x5
 835 01e4 75       		.byte	0x75
 836 01e5 7A020000 		.4byte	0x27a
 837 01e9 23       		.byte	0x23
 838 01ea 09       		.uleb128 0x9
 839 01eb 6B6D00   		.ascii	"km\000"
 840 01ee 05       		.byte	0x5
 841 01ef 76       		.byte	0x76
 842 01f0 8A020000 		.4byte	0x28a
 843 01f4 33       		.byte	0x33
 844 01f5 0A       		.uleb128 0xa
 845 01f6 37040000 		.4byte	.LASF29
 846 01fa 05       		.byte	0x5
 847 01fb 77       		.byte	0x77
 848 01fc 5A020000 		.4byte	0x25a
 849 0200 3E       		.byte	0x3e
 850 0201 0A       		.uleb128 0xa
 851 0202 E5000000 		.4byte	.LASF30
 852 0206 05       		.byte	0x5
 853 0207 78       		.byte	0x78
 854 0208 81000000 		.4byte	0x81
 855 020c 47       		.byte	0x47
 856 020d 0A       		.uleb128 0xa
 857 020e 2C040000 		.4byte	.LASF31
 858 0212 05       		.byte	0x5
 859 0213 79       		.byte	0x79
 860 0214 81000000 		.4byte	0x81
 861 0218 48       		.byte	0x48
 862 0219 0A       		.uleb128 0xa
 863 021a B0000000 		.4byte	.LASF32
 864 021e 05       		.byte	0x5
 865 021f 7A       		.byte	0x7a
 866 0220 8A020000 		.4byte	0x28a
 867 0224 49       		.byte	0x49
 868 0225 0A       		.uleb128 0xa
ARM GAS  C:\Users\RECEPC~1\AppData\Local\Temp\ccZLa8Zd.s 			page 21


 869 0226 B7000000 		.4byte	.LASF33
 870 022a 05       		.byte	0x5
 871 022b 7B       		.byte	0x7b
 872 022c 8A020000 		.4byte	0x28a
 873 0230 54       		.byte	0x54
 874 0231 0A       		.uleb128 0xa
 875 0232 C0000000 		.4byte	.LASF34
 876 0236 05       		.byte	0x5
 877 0237 7C       		.byte	0x7c
 878 0238 81000000 		.4byte	0x81
 879 023c 5F       		.byte	0x5f
 880 023d 0A       		.uleb128 0xa
 881 023e 59020000 		.4byte	.LASF35
 882 0242 05       		.byte	0x5
 883 0243 7D       		.byte	0x7d
 884 0244 81000000 		.4byte	0x81
 885 0248 60       		.byte	0x60
 886 0249 00       		.byte	0
 887 024a 06       		.uleb128 0x6
 888 024b 81000000 		.4byte	0x81
 889 024f 5A020000 		.4byte	0x25a
 890 0253 07       		.uleb128 0x7
 891 0254 B6000000 		.4byte	0xb6
 892 0258 04       		.byte	0x4
 893 0259 00       		.byte	0
 894 025a 06       		.uleb128 0x6
 895 025b 81000000 		.4byte	0x81
 896 025f 6A020000 		.4byte	0x26a
 897 0263 07       		.uleb128 0x7
 898 0264 B6000000 		.4byte	0xb6
 899 0268 08       		.byte	0x8
 900 0269 00       		.byte	0
 901 026a 06       		.uleb128 0x6
 902 026b 81000000 		.4byte	0x81
 903 026f 7A020000 		.4byte	0x27a
 904 0273 07       		.uleb128 0x7
 905 0274 B6000000 		.4byte	0xb6
 906 0278 07       		.byte	0x7
 907 0279 00       		.byte	0
 908 027a 06       		.uleb128 0x6
 909 027b 81000000 		.4byte	0x81
 910 027f 8A020000 		.4byte	0x28a
 911 0283 07       		.uleb128 0x7
 912 0284 B6000000 		.4byte	0xb6
 913 0288 0F       		.byte	0xf
 914 0289 00       		.byte	0
 915 028a 06       		.uleb128 0x6
 916 028b 81000000 		.4byte	0x81
 917 028f 9A020000 		.4byte	0x29a
 918 0293 07       		.uleb128 0x7
 919 0294 B6000000 		.4byte	0xb6
 920 0298 0A       		.byte	0xa
 921 0299 00       		.byte	0
 922 029a 0B       		.uleb128 0xb
 923 029b EF010000 		.4byte	.LASF37
 924 029f 01       		.byte	0x1
 925 02a0 38       		.byte	0x38
ARM GAS  C:\Users\RECEPC~1\AppData\Local\Temp\ccZLa8Zd.s 			page 22


 926 02a1 81000000 		.4byte	0x81
 927 02a5 00000000 		.4byte	.LFB63
 928 02a9 90000000 		.4byte	.LFE63-.LFB63
 929 02ad 01       		.uleb128 0x1
 930 02ae 9C       		.byte	0x9c
 931 02af CE020000 		.4byte	0x2ce
 932 02b3 0C       		.uleb128 0xc
 933 02b4 D2020000 		.4byte	.LASF36
 934 02b8 01       		.byte	0x1
 935 02b9 39       		.byte	0x39
 936 02ba 81000000 		.4byte	0x81
 937 02be 02       		.uleb128 0x2
 938 02bf 91       		.byte	0x91
 939 02c0 6E       		.sleb128 -18
 940 02c1 0D       		.uleb128 0xd
 941 02c2 6900     		.ascii	"i\000"
 942 02c4 01       		.byte	0x1
 943 02c5 39       		.byte	0x39
 944 02c6 81000000 		.4byte	0x81
 945 02ca 02       		.uleb128 0x2
 946 02cb 91       		.byte	0x91
 947 02cc 6F       		.sleb128 -17
 948 02cd 00       		.byte	0
 949 02ce 0B       		.uleb128 0xb
 950 02cf D7030000 		.4byte	.LASF38
 951 02d3 01       		.byte	0x1
 952 02d4 68       		.byte	0x68
 953 02d5 81000000 		.4byte	0x81
 954 02d9 00000000 		.4byte	.LFB64
 955 02dd 90000000 		.4byte	.LFE64-.LFB64
 956 02e1 01       		.uleb128 0x1
 957 02e2 9C       		.byte	0x9c
 958 02e3 02030000 		.4byte	0x302
 959 02e7 0C       		.uleb128 0xc
 960 02e8 D2020000 		.4byte	.LASF36
 961 02ec 01       		.byte	0x1
 962 02ed 69       		.byte	0x69
 963 02ee 81000000 		.4byte	0x81
 964 02f2 02       		.uleb128 0x2
 965 02f3 91       		.byte	0x91
 966 02f4 6E       		.sleb128 -18
 967 02f5 0D       		.uleb128 0xd
 968 02f6 6900     		.ascii	"i\000"
 969 02f8 01       		.byte	0x1
 970 02f9 69       		.byte	0x69
 971 02fa 81000000 		.4byte	0x81
 972 02fe 02       		.uleb128 0x2
 973 02ff 91       		.byte	0x91
 974 0300 6F       		.sleb128 -17
 975 0301 00       		.byte	0
 976 0302 0E       		.uleb128 0xe
 977 0303 DA000000 		.4byte	.LASF40
 978 0307 01       		.byte	0x1
 979 0308 99       		.byte	0x99
 980 0309 81000000 		.4byte	0x81
 981 030d 00000000 		.4byte	.LFB65
 982 0311 78000000 		.4byte	.LFE65-.LFB65
ARM GAS  C:\Users\RECEPC~1\AppData\Local\Temp\ccZLa8Zd.s 			page 23


 983 0315 01       		.uleb128 0x1
 984 0316 9C       		.byte	0x9c
 985 0317 44030000 		.4byte	0x344
 986 031b 0C       		.uleb128 0xc
 987 031c D2020000 		.4byte	.LASF36
 988 0320 01       		.byte	0x1
 989 0321 9A       		.byte	0x9a
 990 0322 81000000 		.4byte	0x81
 991 0326 02       		.uleb128 0x2
 992 0327 91       		.byte	0x91
 993 0328 76       		.sleb128 -10
 994 0329 0C       		.uleb128 0xc
 995 032a D2030000 		.4byte	.LASF39
 996 032e 01       		.byte	0x1
 997 032f 9A       		.byte	0x9a
 998 0330 44030000 		.4byte	0x344
 999 0334 02       		.uleb128 0x2
 1000 0335 91       		.byte	0x91
 1001 0336 70       		.sleb128 -16
 1002 0337 0D       		.uleb128 0xd
 1003 0338 6900     		.ascii	"i\000"
 1004 033a 01       		.byte	0x1
 1005 033b 9A       		.byte	0x9a
 1006 033c 81000000 		.4byte	0x81
 1007 0340 02       		.uleb128 0x2
 1008 0341 91       		.byte	0x91
 1009 0342 77       		.sleb128 -9
 1010 0343 00       		.byte	0
 1011 0344 06       		.uleb128 0x6
 1012 0345 81000000 		.4byte	0x81
 1013 0349 54030000 		.4byte	0x354
 1014 034d 07       		.uleb128 0x7
 1015 034e B6000000 		.4byte	0xb6
 1016 0352 02       		.byte	0x2
 1017 0353 00       		.byte	0
 1018 0354 0E       		.uleb128 0xe
 1019 0355 1A040000 		.4byte	.LASF41
 1020 0359 01       		.byte	0x1
 1021 035a C3       		.byte	0xc3
 1022 035b 81000000 		.4byte	0x81
 1023 035f 00000000 		.4byte	.LFB66
 1024 0363 7C000000 		.4byte	.LFE66-.LFB66
 1025 0367 01       		.uleb128 0x1
 1026 0368 9C       		.byte	0x9c
 1027 0369 96030000 		.4byte	0x396
 1028 036d 0C       		.uleb128 0xc
 1029 036e D2020000 		.4byte	.LASF36
 1030 0372 01       		.byte	0x1
 1031 0373 C4       		.byte	0xc4
 1032 0374 81000000 		.4byte	0x81
 1033 0378 02       		.uleb128 0x2
 1034 0379 91       		.byte	0x91
 1035 037a 76       		.sleb128 -10
 1036 037b 0C       		.uleb128 0xc
 1037 037c D2030000 		.4byte	.LASF39
 1038 0380 01       		.byte	0x1
 1039 0381 C4       		.byte	0xc4
ARM GAS  C:\Users\RECEPC~1\AppData\Local\Temp\ccZLa8Zd.s 			page 24


 1040 0382 BD000000 		.4byte	0xbd
 1041 0386 02       		.uleb128 0x2
 1042 0387 91       		.byte	0x91
 1043 0388 70       		.sleb128 -16
 1044 0389 0D       		.uleb128 0xd
 1045 038a 6900     		.ascii	"i\000"
 1046 038c 01       		.byte	0x1
 1047 038d C4       		.byte	0xc4
 1048 038e 81000000 		.4byte	0x81
 1049 0392 02       		.uleb128 0x2
 1050 0393 91       		.byte	0x91
 1051 0394 77       		.sleb128 -9
 1052 0395 00       		.byte	0
 1053 0396 0E       		.uleb128 0xe
 1054 0397 63000000 		.4byte	.LASF42
 1055 039b 01       		.byte	0x1
 1056 039c EE       		.byte	0xee
 1057 039d 81000000 		.4byte	0x81
 1058 03a1 00000000 		.4byte	.LFB67
 1059 03a5 72000000 		.4byte	.LFE67-.LFB67
 1060 03a9 01       		.uleb128 0x1
 1061 03aa 9C       		.byte	0x9c
 1062 03ab F4030000 		.4byte	0x3f4
 1063 03af 0F       		.uleb128 0xf
 1064 03b0 61040000 		.4byte	.LASF43
 1065 03b4 01       		.byte	0x1
 1066 03b5 EE       		.byte	0xee
 1067 03b6 81000000 		.4byte	0x81
 1068 03ba 02       		.uleb128 0x2
 1069 03bb 91       		.byte	0x91
 1070 03bc 6F       		.sleb128 -17
 1071 03bd 0F       		.uleb128 0xf
 1072 03be D4000000 		.4byte	.LASF44
 1073 03c2 01       		.byte	0x1
 1074 03c3 EE       		.byte	0xee
 1075 03c4 81000000 		.4byte	0x81
 1076 03c8 02       		.uleb128 0x2
 1077 03c9 91       		.byte	0x91
 1078 03ca 6E       		.sleb128 -18
 1079 03cb 0C       		.uleb128 0xc
 1080 03cc D2020000 		.4byte	.LASF36
 1081 03d0 01       		.byte	0x1
 1082 03d1 EF       		.byte	0xef
 1083 03d2 81000000 		.4byte	0x81
 1084 03d6 02       		.uleb128 0x2
 1085 03d7 91       		.byte	0x91
 1086 03d8 76       		.sleb128 -10
 1087 03d9 0C       		.uleb128 0xc
 1088 03da D2030000 		.4byte	.LASF39
 1089 03de 01       		.byte	0x1
 1090 03df EF       		.byte	0xef
 1091 03e0 F4030000 		.4byte	0x3f4
 1092 03e4 02       		.uleb128 0x2
 1093 03e5 91       		.byte	0x91
 1094 03e6 74       		.sleb128 -12
 1095 03e7 0D       		.uleb128 0xd
 1096 03e8 6900     		.ascii	"i\000"
ARM GAS  C:\Users\RECEPC~1\AppData\Local\Temp\ccZLa8Zd.s 			page 25


 1097 03ea 01       		.byte	0x1
 1098 03eb EF       		.byte	0xef
 1099 03ec 81000000 		.4byte	0x81
 1100 03f0 02       		.uleb128 0x2
 1101 03f1 91       		.byte	0x91
 1102 03f2 77       		.sleb128 -9
 1103 03f3 00       		.byte	0
 1104 03f4 06       		.uleb128 0x6
 1105 03f5 81000000 		.4byte	0x81
 1106 03f9 04040000 		.4byte	0x404
 1107 03fd 07       		.uleb128 0x7
 1108 03fe B6000000 		.4byte	0xb6
 1109 0402 01       		.byte	0x1
 1110 0403 00       		.byte	0
 1111 0404 10       		.uleb128 0x10
 1112 0405 EE020000 		.4byte	.LASF45
 1113 0409 06       		.byte	0x6
 1114 040a 2A06     		.2byte	0x62a
 1115 040c 10040000 		.4byte	0x410
 1116 0410 05       		.uleb128 0x5
 1117 0411 76000000 		.4byte	0x76
 1118 0415 11       		.uleb128 0x11
 1119 0416 13030000 		.4byte	.LASF46
 1120 041a 05       		.byte	0x5
 1121 041b 40       		.byte	0x40
 1122 041c AC000000 		.4byte	0xac
 1123 0420 05       		.uleb128 0x5
 1124 0421 03       		.byte	0x3
 1125 0422 00000000 		.4byte	count_teclas1
 1126 0426 11       		.uleb128 0x11
 1127 0427 68040000 		.4byte	.LASF47
 1128 042b 05       		.byte	0x5
 1129 042c 40       		.byte	0x40
 1130 042d AC000000 		.4byte	0xac
 1131 0431 05       		.uleb128 0x5
 1132 0432 03       		.byte	0x3
 1133 0433 00000000 		.4byte	comas1
 1134 0437 11       		.uleb128 0x11
 1135 0438 6F040000 		.4byte	.LASF48
 1136 043c 05       		.byte	0x5
 1137 043d 40       		.byte	0x40
 1138 043e AC000000 		.4byte	0xac
 1139 0442 05       		.uleb128 0x5
 1140 0443 03       		.byte	0x3
 1141 0444 00000000 		.4byte	comas2
 1142 0448 11       		.uleb128 0x11
 1143 0449 E9030000 		.4byte	.LASF49
 1144 044d 05       		.byte	0x5
 1145 044e 40       		.byte	0x40
 1146 044f AC000000 		.4byte	0xac
 1147 0453 05       		.uleb128 0x5
 1148 0454 03       		.byte	0x3
 1149 0455 00000000 		.4byte	id_coma1
 1150 0459 11       		.uleb128 0x11
 1151 045a 07020000 		.4byte	.LASF50
 1152 045e 05       		.byte	0x5
 1153 045f 40       		.byte	0x40
ARM GAS  C:\Users\RECEPC~1\AppData\Local\Temp\ccZLa8Zd.s 			page 26


 1154 0460 AC000000 		.4byte	0xac
 1155 0464 05       		.uleb128 0x5
 1156 0465 03       		.byte	0x3
 1157 0466 00000000 		.4byte	id_teclado1
 1158 046a 11       		.uleb128 0x11
 1159 046b 20000000 		.4byte	.LASF51
 1160 046f 05       		.byte	0x5
 1161 0470 40       		.byte	0x40
 1162 0471 AC000000 		.4byte	0xac
 1163 0475 05       		.uleb128 0x5
 1164 0476 03       		.byte	0x3
 1165 0477 00000000 		.4byte	count_teclas2
 1166 047b 11       		.uleb128 0x11
 1167 047c F2030000 		.4byte	.LASF52
 1168 0480 05       		.byte	0x5
 1169 0481 40       		.byte	0x40
 1170 0482 AC000000 		.4byte	0xac
 1171 0486 05       		.uleb128 0x5
 1172 0487 03       		.byte	0x3
 1173 0488 00000000 		.4byte	id_coma2
 1174 048c 11       		.uleb128 0x11
 1175 048d 07040000 		.4byte	.LASF53
 1176 0491 05       		.byte	0x5
 1177 0492 40       		.byte	0x40
 1178 0493 AC000000 		.4byte	0xac
 1179 0497 05       		.uleb128 0x5
 1180 0498 03       		.byte	0x3
 1181 0499 00000000 		.4byte	id_teclado2
 1182 049d 11       		.uleb128 0x11
 1183 049e 08000000 		.4byte	.LASF54
 1184 04a2 05       		.byte	0x5
 1185 04a3 41       		.byte	0x41
 1186 04a4 B1000000 		.4byte	0xb1
 1187 04a8 05       		.uleb128 0x5
 1188 04a9 03       		.byte	0x3
 1189 04aa 00000000 		.4byte	posx1
 1190 04ae 11       		.uleb128 0x11
 1191 04af 87010000 		.4byte	.LASF55
 1192 04b3 05       		.byte	0x5
 1193 04b4 41       		.byte	0x41
 1194 04b5 B1000000 		.4byte	0xb1
 1195 04b9 05       		.uleb128 0x5
 1196 04ba 03       		.byte	0x3
 1197 04bb 00000000 		.4byte	posy1
 1198 04bf 11       		.uleb128 0x11
 1199 04c0 71020000 		.4byte	.LASF56
 1200 04c4 05       		.byte	0x5
 1201 04c5 41       		.byte	0x41
 1202 04c6 B1000000 		.4byte	0xb1
 1203 04ca 05       		.uleb128 0x5
 1204 04cb 03       		.byte	0x3
 1205 04cc 00000000 		.4byte	sizeletra1
 1206 04d0 11       		.uleb128 0x11
 1207 04d1 0E000000 		.4byte	.LASF57
 1208 04d5 05       		.byte	0x5
 1209 04d6 41       		.byte	0x41
 1210 04d7 B1000000 		.4byte	0xb1
ARM GAS  C:\Users\RECEPC~1\AppData\Local\Temp\ccZLa8Zd.s 			page 27


 1211 04db 05       		.uleb128 0x5
 1212 04dc 03       		.byte	0x3
 1213 04dd 00000000 		.4byte	posx2
 1214 04e1 11       		.uleb128 0x11
 1215 04e2 8D010000 		.4byte	.LASF58
 1216 04e6 05       		.byte	0x5
 1217 04e7 41       		.byte	0x41
 1218 04e8 B1000000 		.4byte	0xb1
 1219 04ec 05       		.uleb128 0x5
 1220 04ed 03       		.byte	0x3
 1221 04ee 00000000 		.4byte	posy2
 1222 04f2 11       		.uleb128 0x11
 1223 04f3 7C020000 		.4byte	.LASF59
 1224 04f7 05       		.byte	0x5
 1225 04f8 41       		.byte	0x41
 1226 04f9 B1000000 		.4byte	0xb1
 1227 04fd 05       		.uleb128 0x5
 1228 04fe 03       		.byte	0x3
 1229 04ff 00000000 		.4byte	sizeletra2
 1230 0503 11       		.uleb128 0x11
 1231 0504 D9020000 		.4byte	.LASF60
 1232 0508 05       		.byte	0x5
 1233 0509 42       		.byte	0x42
 1234 050a AC000000 		.4byte	0xac
 1235 050e 05       		.uleb128 0x5
 1236 050f 03       		.byte	0x3
 1237 0510 00000000 		.4byte	teclas1
 1238 0514 11       		.uleb128 0x11
 1239 0515 E1020000 		.4byte	.LASF61
 1240 0519 05       		.byte	0x5
 1241 051a 42       		.byte	0x42
 1242 051b AC000000 		.4byte	0xac
 1243 051f 05       		.uleb128 0x5
 1244 0520 03       		.byte	0x3
 1245 0521 00000000 		.4byte	teclas2
 1246 0525 11       		.uleb128 0x11
 1247 0526 9A000000 		.4byte	.LASF62
 1248 052a 05       		.byte	0x5
 1249 052b 43       		.byte	0x43
 1250 052c AC000000 		.4byte	0xac
 1251 0530 05       		.uleb128 0x5
 1252 0531 03       		.byte	0x3
 1253 0532 00000000 		.4byte	flujo_LCD1
 1254 0536 11       		.uleb128 0x11
 1255 0537 A5000000 		.4byte	.LASF63
 1256 053b 05       		.byte	0x5
 1257 053c 43       		.byte	0x43
 1258 053d AC000000 		.4byte	0xac
 1259 0541 05       		.uleb128 0x5
 1260 0542 03       		.byte	0x3
 1261 0543 00000000 		.4byte	flujo_LCD2
 1262 0547 06       		.uleb128 0x6
 1263 0548 81000000 		.4byte	0x81
 1264 054c 57050000 		.4byte	0x557
 1265 0550 07       		.uleb128 0x7
 1266 0551 B6000000 		.4byte	0xb6
 1267 0555 1D       		.byte	0x1d
ARM GAS  C:\Users\RECEPC~1\AppData\Local\Temp\ccZLa8Zd.s 			page 28


 1268 0556 00       		.byte	0
 1269 0557 11       		.uleb128 0x11
 1270 0558 A1020000 		.4byte	.LASF64
 1271 055c 05       		.byte	0x5
 1272 055d 44       		.byte	0x44
 1273 055e 68050000 		.4byte	0x568
 1274 0562 05       		.uleb128 0x5
 1275 0563 03       		.byte	0x3
 1276 0564 00000000 		.4byte	Buffer_LCD1
 1277 0568 05       		.uleb128 0x5
 1278 0569 47050000 		.4byte	0x547
 1279 056d 11       		.uleb128 0x11
 1280 056e AD020000 		.4byte	.LASF65
 1281 0572 05       		.byte	0x5
 1282 0573 45       		.byte	0x45
 1283 0574 7E050000 		.4byte	0x57e
 1284 0578 05       		.uleb128 0x5
 1285 0579 03       		.byte	0x3
 1286 057a 00000000 		.4byte	Buffer_LCD2
 1287 057e 05       		.uleb128 0x5
 1288 057f 47050000 		.4byte	0x547
 1289 0583 11       		.uleb128 0x11
 1290 0584 79000000 		.4byte	.LASF66
 1291 0588 05       		.byte	0x5
 1292 0589 46       		.byte	0x46
 1293 058a AC000000 		.4byte	0xac
 1294 058e 05       		.uleb128 0x5
 1295 058f 03       		.byte	0x3
 1296 0590 00000000 		.4byte	count_protector
 1297 0594 11       		.uleb128 0x11
 1298 0595 DE010000 		.4byte	.LASF67
 1299 0599 05       		.byte	0x5
 1300 059a 46       		.byte	0x46
 1301 059b AC000000 		.4byte	0xac
 1302 059f 05       		.uleb128 0x5
 1303 05a0 03       		.byte	0x3
 1304 05a1 00000000 		.4byte	count_protector2
 1305 05a5 11       		.uleb128 0x11
 1306 05a6 4D040000 		.4byte	.LASF68
 1307 05aa 05       		.byte	0x5
 1308 05ab 47       		.byte	0x47
 1309 05ac B6050000 		.4byte	0x5b6
 1310 05b0 05       		.uleb128 0x5
 1311 05b1 03       		.byte	0x3
 1312 05b2 00000000 		.4byte	password_lcd
 1313 05b6 05       		.uleb128 0x5
 1314 05b7 5A020000 		.4byte	0x25a
 1315 05bb 11       		.uleb128 0x11
 1316 05bc 54030000 		.4byte	.LASF69
 1317 05c0 05       		.byte	0x5
 1318 05c1 48       		.byte	0x48
 1319 05c2 B1000000 		.4byte	0xb1
 1320 05c6 05       		.uleb128 0x5
 1321 05c7 03       		.byte	0x3
 1322 05c8 00000000 		.4byte	imagen_grado
 1323 05cc 06       		.uleb128 0x6
 1324 05cd 8C000000 		.4byte	0x8c
ARM GAS  C:\Users\RECEPC~1\AppData\Local\Temp\ccZLa8Zd.s 			page 29


 1325 05d1 E2050000 		.4byte	0x5e2
 1326 05d5 07       		.uleb128 0x7
 1327 05d6 B6000000 		.4byte	0xb6
 1328 05da 01       		.byte	0x1
 1329 05db 07       		.uleb128 0x7
 1330 05dc B6000000 		.4byte	0xb6
 1331 05e0 01       		.byte	0x1
 1332 05e1 00       		.byte	0
 1333 05e2 11       		.uleb128 0x11
 1334 05e3 89000000 		.4byte	.LASF70
 1335 05e7 05       		.byte	0x5
 1336 05e8 49       		.byte	0x49
 1337 05e9 F3050000 		.4byte	0x5f3
 1338 05ed 05       		.uleb128 0x5
 1339 05ee 03       		.byte	0x3
 1340 05ef 00000000 		.4byte	prox_caso
 1341 05f3 05       		.uleb128 0x5
 1342 05f4 CC050000 		.4byte	0x5cc
 1343 05f8 11       		.uleb128 0x11
 1344 05f9 57000000 		.4byte	.LASF71
 1345 05fd 05       		.byte	0x5
 1346 05fe 4A       		.byte	0x4a
 1347 05ff 09060000 		.4byte	0x609
 1348 0603 05       		.uleb128 0x5
 1349 0604 03       		.byte	0x3
 1350 0605 00000000 		.4byte	bloqueo_LCD
 1351 0609 05       		.uleb128 0x5
 1352 060a 44030000 		.4byte	0x344
 1353 060e 11       		.uleb128 0x11
 1354 060f 42000000 		.4byte	.LASF72
 1355 0613 05       		.byte	0x5
 1356 0614 4B       		.byte	0x4b
 1357 0615 1F060000 		.4byte	0x61f
 1358 0619 05       		.uleb128 0x5
 1359 061a 03       		.byte	0x3
 1360 061b 00000000 		.4byte	id_estacion
 1361 061f 05       		.uleb128 0x5
 1362 0620 4A020000 		.4byte	0x24a
 1363 0624 11       		.uleb128 0x11
 1364 0625 4E000000 		.4byte	.LASF73
 1365 0629 05       		.byte	0x5
 1366 062a 4C       		.byte	0x4c
 1367 062b 35060000 		.4byte	0x635
 1368 062f 05       		.uleb128 0x5
 1369 0630 03       		.byte	0x3
 1370 0631 00000000 		.4byte	id_venta
 1371 0635 05       		.uleb128 0x5
 1372 0636 6A020000 		.4byte	0x26a
 1373 063a 06       		.uleb128 0x6
 1374 063b 81000000 		.4byte	0x81
 1375 063f 4A060000 		.4byte	0x64a
 1376 0643 07       		.uleb128 0x7
 1377 0644 B6000000 		.4byte	0xb6
 1378 0648 C7       		.byte	0xc7
 1379 0649 00       		.byte	0
 1380 064a 11       		.uleb128 0x11
 1381 064b D0010000 		.4byte	.LASF74
ARM GAS  C:\Users\RECEPC~1\AppData\Local\Temp\ccZLa8Zd.s 			page 30


 1382 064f 05       		.byte	0x5
 1383 0650 4D       		.byte	0x4d
 1384 0651 5B060000 		.4byte	0x65b
 1385 0655 05       		.uleb128 0x5
 1386 0656 03       		.byte	0x3
 1387 0657 00000000 		.4byte	trama_totales
 1388 065b 05       		.uleb128 0x5
 1389 065c 3A060000 		.4byte	0x63a
 1390 0660 11       		.uleb128 0x11
 1391 0661 47020000 		.4byte	.LASF75
 1392 0665 05       		.byte	0x5
 1393 0666 51       		.byte	0x51
 1394 0667 AC000000 		.4byte	0xac
 1395 066b 05       		.uleb128 0x5
 1396 066c 03       		.byte	0x3
 1397 066d 00000000 		.4byte	ppux10
 1398 0671 06       		.uleb128 0x6
 1399 0672 81000000 		.4byte	0x81
 1400 0676 81060000 		.4byte	0x681
 1401 067a 07       		.uleb128 0x7
 1402 067b B6000000 		.4byte	0xb6
 1403 067f 10       		.byte	0x10
 1404 0680 00       		.byte	0
 1405 0681 11       		.uleb128 0x11
 1406 0682 14000000 		.4byte	.LASF76
 1407 0686 05       		.byte	0x5
 1408 0687 52       		.byte	0x52
 1409 0688 92060000 		.4byte	0x692
 1410 068c 05       		.uleb128 0x5
 1411 068d 03       		.byte	0x3
 1412 068e 00000000 		.4byte	nombre_pro1
 1413 0692 05       		.uleb128 0x5
 1414 0693 71060000 		.4byte	0x671
 1415 0697 11       		.uleb128 0x11
 1416 0698 FB030000 		.4byte	.LASF77
 1417 069c 05       		.byte	0x5
 1418 069d 52       		.byte	0x52
 1419 069e A8060000 		.4byte	0x6a8
 1420 06a2 05       		.uleb128 0x5
 1421 06a3 03       		.byte	0x3
 1422 06a4 00000000 		.4byte	nombre_pro2
 1423 06a8 05       		.uleb128 0x5
 1424 06a9 71060000 		.4byte	0x671
 1425 06ad 11       		.uleb128 0x11
 1426 06ae 2E000000 		.4byte	.LASF78
 1427 06b2 05       		.byte	0x5
 1428 06b3 52       		.byte	0x52
 1429 06b4 BE060000 		.4byte	0x6be
 1430 06b8 05       		.uleb128 0x5
 1431 06b9 03       		.byte	0x3
 1432 06ba 00000000 		.4byte	nombre_pro3
 1433 06be 05       		.uleb128 0x5
 1434 06bf 71060000 		.4byte	0x671
 1435 06c3 11       		.uleb128 0x11
 1436 06c4 3A000000 		.4byte	.LASF79
 1437 06c8 05       		.byte	0x5
 1438 06c9 53       		.byte	0x53
ARM GAS  C:\Users\RECEPC~1\AppData\Local\Temp\ccZLa8Zd.s 			page 31


 1439 06ca D4060000 		.4byte	0x6d4
 1440 06ce 05       		.uleb128 0x5
 1441 06cf 03       		.byte	0x3
 1442 06d0 00000000 		.4byte	version
 1443 06d4 05       		.uleb128 0x5
 1444 06d5 BD000000 		.4byte	0xbd
 1445 06d9 11       		.uleb128 0x11
 1446 06da 9C010000 		.4byte	.LASF80
 1447 06de 05       		.byte	0x5
 1448 06df 5D       		.byte	0x5d
 1449 06e0 CD000000 		.4byte	0xcd
 1450 06e4 05       		.uleb128 0x5
 1451 06e5 03       		.byte	0x3
 1452 06e6 00000000 		.4byte	lado1
 1453 06ea 11       		.uleb128 0x11
 1454 06eb 31030000 		.4byte	.LASF81
 1455 06ef 05       		.byte	0x5
 1456 06f0 5E       		.byte	0x5e
 1457 06f1 CD000000 		.4byte	0xcd
 1458 06f5 05       		.uleb128 0x5
 1459 06f6 03       		.byte	0x3
 1460 06f7 00000000 		.4byte	lado2
 1461 06fb 06       		.uleb128 0x6
 1462 06fc 81000000 		.4byte	0x81
 1463 0700 0B070000 		.4byte	0x70b
 1464 0704 07       		.uleb128 0x7
 1465 0705 B6000000 		.4byte	0xb6
 1466 0709 20       		.byte	0x20
 1467 070a 00       		.byte	0
 1468 070b 11       		.uleb128 0x11
 1469 070c 71010000 		.4byte	.LASF82
 1470 0710 05       		.byte	0x5
 1471 0711 62       		.byte	0x62
 1472 0712 1C070000 		.4byte	0x71c
 1473 0716 05       		.uleb128 0x5
 1474 0717 03       		.byte	0x3
 1475 0718 00000000 		.4byte	nombre
 1476 071c 05       		.uleb128 0x5
 1477 071d FB060000 		.4byte	0x6fb
 1478 0721 06       		.uleb128 0x6
 1479 0722 81000000 		.4byte	0x81
 1480 0726 31070000 		.4byte	0x731
 1481 072a 07       		.uleb128 0x7
 1482 072b B6000000 		.4byte	0xb6
 1483 072f 0E       		.byte	0xe
 1484 0730 00       		.byte	0
 1485 0731 12       		.uleb128 0x12
 1486 0732 6E697400 		.ascii	"nit\000"
 1487 0736 05       		.byte	0x5
 1488 0737 63       		.byte	0x63
 1489 0738 42070000 		.4byte	0x742
 1490 073c 05       		.uleb128 0x5
 1491 073d 03       		.byte	0x3
 1492 073e 00000000 		.4byte	nit
 1493 0742 05       		.uleb128 0x5
 1494 0743 21070000 		.4byte	0x721
 1495 0747 06       		.uleb128 0x6
ARM GAS  C:\Users\RECEPC~1\AppData\Local\Temp\ccZLa8Zd.s 			page 32


 1496 0748 81000000 		.4byte	0x81
 1497 074c 57070000 		.4byte	0x757
 1498 0750 07       		.uleb128 0x7
 1499 0751 B6000000 		.4byte	0xb6
 1500 0755 13       		.byte	0x13
 1501 0756 00       		.byte	0
 1502 0757 11       		.uleb128 0x11
 1503 0758 44040000 		.4byte	.LASF83
 1504 075c 05       		.byte	0x5
 1505 075d 64       		.byte	0x64
 1506 075e 68070000 		.4byte	0x768
 1507 0762 05       		.uleb128 0x5
 1508 0763 03       		.byte	0x3
 1509 0764 00000000 		.4byte	telefono
 1510 0768 05       		.uleb128 0x5
 1511 0769 47070000 		.4byte	0x747
 1512 076d 11       		.uleb128 0x11
 1513 076e A5030000 		.4byte	.LASF84
 1514 0772 05       		.byte	0x5
 1515 0773 65       		.byte	0x65
 1516 0774 7E070000 		.4byte	0x77e
 1517 0778 05       		.uleb128 0x5
 1518 0779 03       		.byte	0x3
 1519 077a 00000000 		.4byte	direccion
 1520 077e 05       		.uleb128 0x5
 1521 077f FB060000 		.4byte	0x6fb
 1522 0783 06       		.uleb128 0x6
 1523 0784 81000000 		.4byte	0x81
 1524 0788 93070000 		.4byte	0x793
 1525 078c 07       		.uleb128 0x7
 1526 078d B6000000 		.4byte	0xb6
 1527 0791 1F       		.byte	0x1f
 1528 0792 00       		.byte	0
 1529 0793 11       		.uleb128 0x11
 1530 0794 87020000 		.4byte	.LASF85
 1531 0798 05       		.byte	0x5
 1532 0799 66       		.byte	0x66
 1533 079a A4070000 		.4byte	0x7a4
 1534 079e 05       		.uleb128 0x5
 1535 079f 03       		.byte	0x3
 1536 07a0 00000000 		.4byte	lema1
 1537 07a4 05       		.uleb128 0x5
 1538 07a5 83070000 		.4byte	0x783
 1539 07a9 11       		.uleb128 0x11
 1540 07aa 8D020000 		.4byte	.LASF86
 1541 07ae 05       		.byte	0x5
 1542 07af 67       		.byte	0x67
 1543 07b0 BA070000 		.4byte	0x7ba
 1544 07b4 05       		.uleb128 0x5
 1545 07b5 03       		.byte	0x3
 1546 07b6 00000000 		.4byte	lema2
 1547 07ba 05       		.uleb128 0x5
 1548 07bb 83070000 		.4byte	0x783
 1549 07bf 11       		.uleb128 0x11
 1550 07c0 42030000 		.4byte	.LASF87
 1551 07c4 05       		.byte	0x5
 1552 07c5 68       		.byte	0x68
ARM GAS  C:\Users\RECEPC~1\AppData\Local\Temp\ccZLa8Zd.s 			page 33


 1553 07c6 D0070000 		.4byte	0x7d0
 1554 07ca 05       		.uleb128 0x5
 1555 07cb 03       		.byte	0x3
 1556 07cc 00000000 		.4byte	id_logo
 1557 07d0 05       		.uleb128 0x5
 1558 07d1 F4030000 		.4byte	0x3f4
 1559 07d5 12       		.uleb128 0x12
 1560 07d6 6B6D00   		.ascii	"km\000"
 1561 07d9 05       		.byte	0x5
 1562 07da 69       		.byte	0x69
 1563 07db E5070000 		.4byte	0x7e5
 1564 07df 05       		.uleb128 0x5
 1565 07e0 03       		.byte	0x3
 1566 07e1 00000000 		.4byte	km
 1567 07e5 05       		.uleb128 0x5
 1568 07e6 F4030000 		.4byte	0x3f4
 1569 07ea 11       		.uleb128 0x11
 1570 07eb 2B030000 		.4byte	.LASF88
 1571 07ef 05       		.byte	0x5
 1572 07f0 6A       		.byte	0x6a
 1573 07f1 44030000 		.4byte	0x344
 1574 07f5 05       		.uleb128 0x5
 1575 07f6 03       		.byte	0x3
 1576 07f7 00000000 		.4byte	fecha
 1577 07fb 11       		.uleb128 0x11
 1578 07fc 93020000 		.4byte	.LASF89
 1579 0800 05       		.byte	0x5
 1580 0801 6B       		.byte	0x6b
 1581 0802 F4030000 		.4byte	0x3f4
 1582 0806 05       		.uleb128 0x5
 1583 0807 03       		.byte	0x3
 1584 0808 00000000 		.4byte	hora
 1585 080c 11       		.uleb128 0x11
 1586 080d FB020000 		.4byte	.LASF90
 1587 0811 05       		.byte	0x5
 1588 0812 7F       		.byte	0x7f
 1589 0813 73010000 		.4byte	0x173
 1590 0817 05       		.uleb128 0x5
 1591 0818 03       		.byte	0x3
 1592 0819 00000000 		.4byte	rventa1
 1593 081d 11       		.uleb128 0x11
 1594 081e 03030000 		.4byte	.LASF91
 1595 0822 05       		.byte	0x5
 1596 0823 80       		.byte	0x80
 1597 0824 73010000 		.4byte	0x173
 1598 0828 05       		.uleb128 0x5
 1599 0829 03       		.byte	0x3
 1600 082a 00000000 		.4byte	rventa2
 1601 082e 11       		.uleb128 0x11
 1602 082f 26040000 		.4byte	.LASF92
 1603 0833 05       		.byte	0x5
 1604 0834 85       		.byte	0x85
 1605 0835 81000000 		.4byte	0x81
 1606 0839 05       		.uleb128 0x5
 1607 083a 03       		.byte	0x3
 1608 083b 00000000 		.4byte	ok_RF
 1609 083f 11       		.uleb128 0x11
ARM GAS  C:\Users\RECEPC~1\AppData\Local\Temp\ccZLa8Zd.s 			page 34


 1610 0840 4E020000 		.4byte	.LASF93
 1611 0844 05       		.byte	0x5
 1612 0845 86       		.byte	0x86
 1613 0846 81000000 		.4byte	0x81
 1614 084a 05       		.uleb128 0x5
 1615 084b 03       		.byte	0x3
 1616 084c 00000000 		.4byte	ok_datosRF
 1617 0850 11       		.uleb128 0x11
 1618 0851 13040000 		.4byte	.LASF94
 1619 0855 05       		.byte	0x5
 1620 0856 87       		.byte	0x87
 1621 0857 3A060000 		.4byte	0x63a
 1622 085b 05       		.uleb128 0x5
 1623 085c 03       		.byte	0x3
 1624 085d 00000000 		.4byte	rf_mod
 1625 0861 06       		.uleb128 0x6
 1626 0862 81000000 		.4byte	0x81
 1627 0866 71080000 		.4byte	0x871
 1628 086a 07       		.uleb128 0x7
 1629 086b B6000000 		.4byte	0xb6
 1630 086f 3F       		.byte	0x3f
 1631 0870 00       		.byte	0
 1632 0871 11       		.uleb128 0x11
 1633 0872 37030000 		.4byte	.LASF95
 1634 0876 05       		.byte	0x5
 1635 0877 8C       		.byte	0x8c
 1636 0878 61080000 		.4byte	0x861
 1637 087c 05       		.uleb128 0x5
 1638 087d 03       		.byte	0x3
 1639 087e 00000000 		.4byte	buffer_i2c
 1640 0882 11       		.uleb128 0x11
 1641 0883 C8030000 		.4byte	.LASF96
 1642 0887 05       		.byte	0x5
 1643 0888 91       		.byte	0x91
 1644 0889 81000000 		.4byte	0x81
 1645 088d 05       		.uleb128 0x5
 1646 088e 03       		.byte	0x3
 1647 088f 00000000 		.4byte	crc_total
 1648 0893 11       		.uleb128 0x11
 1649 0894 C6000000 		.4byte	.LASF97
 1650 0898 05       		.byte	0x5
 1651 0899 95       		.byte	0x95
 1652 089a F4030000 		.4byte	0x3f4
 1653 089e 05       		.uleb128 0x5
 1654 089f 03       		.byte	0x3
 1655 08a0 00000000 		.4byte	print1
 1656 08a4 11       		.uleb128 0x11
 1657 08a5 CD000000 		.4byte	.LASF98
 1658 08a9 05       		.byte	0x5
 1659 08aa 96       		.byte	0x96
 1660 08ab F4030000 		.4byte	0x3f4
 1661 08af 05       		.uleb128 0x5
 1662 08b0 03       		.byte	0x3
 1663 08b1 00000000 		.4byte	print2
 1664 08b5 00       		.byte	0
 1665              		.section	.debug_abbrev,"",%progbits
 1666              	.Ldebug_abbrev0:
ARM GAS  C:\Users\RECEPC~1\AppData\Local\Temp\ccZLa8Zd.s 			page 35


 1667 0000 01       		.uleb128 0x1
 1668 0001 11       		.uleb128 0x11
 1669 0002 01       		.byte	0x1
 1670 0003 25       		.uleb128 0x25
 1671 0004 0E       		.uleb128 0xe
 1672 0005 13       		.uleb128 0x13
 1673 0006 0B       		.uleb128 0xb
 1674 0007 03       		.uleb128 0x3
 1675 0008 0E       		.uleb128 0xe
 1676 0009 1B       		.uleb128 0x1b
 1677 000a 0E       		.uleb128 0xe
 1678 000b 55       		.uleb128 0x55
 1679 000c 17       		.uleb128 0x17
 1680 000d 11       		.uleb128 0x11
 1681 000e 01       		.uleb128 0x1
 1682 000f 10       		.uleb128 0x10
 1683 0010 17       		.uleb128 0x17
 1684 0011 00       		.byte	0
 1685 0012 00       		.byte	0
 1686 0013 02       		.uleb128 0x2
 1687 0014 24       		.uleb128 0x24
 1688 0015 00       		.byte	0
 1689 0016 0B       		.uleb128 0xb
 1690 0017 0B       		.uleb128 0xb
 1691 0018 3E       		.uleb128 0x3e
 1692 0019 0B       		.uleb128 0xb
 1693 001a 03       		.uleb128 0x3
 1694 001b 0E       		.uleb128 0xe
 1695 001c 00       		.byte	0
 1696 001d 00       		.byte	0
 1697 001e 03       		.uleb128 0x3
 1698 001f 16       		.uleb128 0x16
 1699 0020 00       		.byte	0
 1700 0021 03       		.uleb128 0x3
 1701 0022 0E       		.uleb128 0xe
 1702 0023 3A       		.uleb128 0x3a
 1703 0024 0B       		.uleb128 0xb
 1704 0025 3B       		.uleb128 0x3b
 1705 0026 0B       		.uleb128 0xb
 1706 0027 49       		.uleb128 0x49
 1707 0028 13       		.uleb128 0x13
 1708 0029 00       		.byte	0
 1709 002a 00       		.byte	0
 1710 002b 04       		.uleb128 0x4
 1711 002c 24       		.uleb128 0x24
 1712 002d 00       		.byte	0
 1713 002e 0B       		.uleb128 0xb
 1714 002f 0B       		.uleb128 0xb
 1715 0030 3E       		.uleb128 0x3e
 1716 0031 0B       		.uleb128 0xb
 1717 0032 03       		.uleb128 0x3
 1718 0033 08       		.uleb128 0x8
 1719 0034 00       		.byte	0
 1720 0035 00       		.byte	0
 1721 0036 05       		.uleb128 0x5
 1722 0037 35       		.uleb128 0x35
 1723 0038 00       		.byte	0
ARM GAS  C:\Users\RECEPC~1\AppData\Local\Temp\ccZLa8Zd.s 			page 36


 1724 0039 49       		.uleb128 0x49
 1725 003a 13       		.uleb128 0x13
 1726 003b 00       		.byte	0
 1727 003c 00       		.byte	0
 1728 003d 06       		.uleb128 0x6
 1729 003e 01       		.uleb128 0x1
 1730 003f 01       		.byte	0x1
 1731 0040 49       		.uleb128 0x49
 1732 0041 13       		.uleb128 0x13
 1733 0042 01       		.uleb128 0x1
 1734 0043 13       		.uleb128 0x13
 1735 0044 00       		.byte	0
 1736 0045 00       		.byte	0
 1737 0046 07       		.uleb128 0x7
 1738 0047 21       		.uleb128 0x21
 1739 0048 00       		.byte	0
 1740 0049 49       		.uleb128 0x49
 1741 004a 13       		.uleb128 0x13
 1742 004b 2F       		.uleb128 0x2f
 1743 004c 0B       		.uleb128 0xb
 1744 004d 00       		.byte	0
 1745 004e 00       		.byte	0
 1746 004f 08       		.uleb128 0x8
 1747 0050 13       		.uleb128 0x13
 1748 0051 01       		.byte	0x1
 1749 0052 03       		.uleb128 0x3
 1750 0053 0E       		.uleb128 0xe
 1751 0054 0B       		.uleb128 0xb
 1752 0055 0B       		.uleb128 0xb
 1753 0056 3A       		.uleb128 0x3a
 1754 0057 0B       		.uleb128 0xb
 1755 0058 3B       		.uleb128 0x3b
 1756 0059 0B       		.uleb128 0xb
 1757 005a 01       		.uleb128 0x1
 1758 005b 13       		.uleb128 0x13
 1759 005c 00       		.byte	0
 1760 005d 00       		.byte	0
 1761 005e 09       		.uleb128 0x9
 1762 005f 0D       		.uleb128 0xd
 1763 0060 00       		.byte	0
 1764 0061 03       		.uleb128 0x3
 1765 0062 08       		.uleb128 0x8
 1766 0063 3A       		.uleb128 0x3a
 1767 0064 0B       		.uleb128 0xb
 1768 0065 3B       		.uleb128 0x3b
 1769 0066 0B       		.uleb128 0xb
 1770 0067 49       		.uleb128 0x49
 1771 0068 13       		.uleb128 0x13
 1772 0069 38       		.uleb128 0x38
 1773 006a 0B       		.uleb128 0xb
 1774 006b 00       		.byte	0
 1775 006c 00       		.byte	0
 1776 006d 0A       		.uleb128 0xa
 1777 006e 0D       		.uleb128 0xd
 1778 006f 00       		.byte	0
 1779 0070 03       		.uleb128 0x3
 1780 0071 0E       		.uleb128 0xe
ARM GAS  C:\Users\RECEPC~1\AppData\Local\Temp\ccZLa8Zd.s 			page 37


 1781 0072 3A       		.uleb128 0x3a
 1782 0073 0B       		.uleb128 0xb
 1783 0074 3B       		.uleb128 0x3b
 1784 0075 0B       		.uleb128 0xb
 1785 0076 49       		.uleb128 0x49
 1786 0077 13       		.uleb128 0x13
 1787 0078 38       		.uleb128 0x38
 1788 0079 0B       		.uleb128 0xb
 1789 007a 00       		.byte	0
 1790 007b 00       		.byte	0
 1791 007c 0B       		.uleb128 0xb
 1792 007d 2E       		.uleb128 0x2e
 1793 007e 01       		.byte	0x1
 1794 007f 3F       		.uleb128 0x3f
 1795 0080 19       		.uleb128 0x19
 1796 0081 03       		.uleb128 0x3
 1797 0082 0E       		.uleb128 0xe
 1798 0083 3A       		.uleb128 0x3a
 1799 0084 0B       		.uleb128 0xb
 1800 0085 3B       		.uleb128 0x3b
 1801 0086 0B       		.uleb128 0xb
 1802 0087 49       		.uleb128 0x49
 1803 0088 13       		.uleb128 0x13
 1804 0089 11       		.uleb128 0x11
 1805 008a 01       		.uleb128 0x1
 1806 008b 12       		.uleb128 0x12
 1807 008c 06       		.uleb128 0x6
 1808 008d 40       		.uleb128 0x40
 1809 008e 18       		.uleb128 0x18
 1810 008f 9642     		.uleb128 0x2116
 1811 0091 19       		.uleb128 0x19
 1812 0092 01       		.uleb128 0x1
 1813 0093 13       		.uleb128 0x13
 1814 0094 00       		.byte	0
 1815 0095 00       		.byte	0
 1816 0096 0C       		.uleb128 0xc
 1817 0097 34       		.uleb128 0x34
 1818 0098 00       		.byte	0
 1819 0099 03       		.uleb128 0x3
 1820 009a 0E       		.uleb128 0xe
 1821 009b 3A       		.uleb128 0x3a
 1822 009c 0B       		.uleb128 0xb
 1823 009d 3B       		.uleb128 0x3b
 1824 009e 0B       		.uleb128 0xb
 1825 009f 49       		.uleb128 0x49
 1826 00a0 13       		.uleb128 0x13
 1827 00a1 02       		.uleb128 0x2
 1828 00a2 18       		.uleb128 0x18
 1829 00a3 00       		.byte	0
 1830 00a4 00       		.byte	0
 1831 00a5 0D       		.uleb128 0xd
 1832 00a6 34       		.uleb128 0x34
 1833 00a7 00       		.byte	0
 1834 00a8 03       		.uleb128 0x3
 1835 00a9 08       		.uleb128 0x8
 1836 00aa 3A       		.uleb128 0x3a
 1837 00ab 0B       		.uleb128 0xb
ARM GAS  C:\Users\RECEPC~1\AppData\Local\Temp\ccZLa8Zd.s 			page 38


 1838 00ac 3B       		.uleb128 0x3b
 1839 00ad 0B       		.uleb128 0xb
 1840 00ae 49       		.uleb128 0x49
 1841 00af 13       		.uleb128 0x13
 1842 00b0 02       		.uleb128 0x2
 1843 00b1 18       		.uleb128 0x18
 1844 00b2 00       		.byte	0
 1845 00b3 00       		.byte	0
 1846 00b4 0E       		.uleb128 0xe
 1847 00b5 2E       		.uleb128 0x2e
 1848 00b6 01       		.byte	0x1
 1849 00b7 3F       		.uleb128 0x3f
 1850 00b8 19       		.uleb128 0x19
 1851 00b9 03       		.uleb128 0x3
 1852 00ba 0E       		.uleb128 0xe
 1853 00bb 3A       		.uleb128 0x3a
 1854 00bc 0B       		.uleb128 0xb
 1855 00bd 3B       		.uleb128 0x3b
 1856 00be 0B       		.uleb128 0xb
 1857 00bf 27       		.uleb128 0x27
 1858 00c0 19       		.uleb128 0x19
 1859 00c1 49       		.uleb128 0x49
 1860 00c2 13       		.uleb128 0x13
 1861 00c3 11       		.uleb128 0x11
 1862 00c4 01       		.uleb128 0x1
 1863 00c5 12       		.uleb128 0x12
 1864 00c6 06       		.uleb128 0x6
 1865 00c7 40       		.uleb128 0x40
 1866 00c8 18       		.uleb128 0x18
 1867 00c9 9642     		.uleb128 0x2116
 1868 00cb 19       		.uleb128 0x19
 1869 00cc 01       		.uleb128 0x1
 1870 00cd 13       		.uleb128 0x13
 1871 00ce 00       		.byte	0
 1872 00cf 00       		.byte	0
 1873 00d0 0F       		.uleb128 0xf
 1874 00d1 05       		.uleb128 0x5
 1875 00d2 00       		.byte	0
 1876 00d3 03       		.uleb128 0x3
 1877 00d4 0E       		.uleb128 0xe
 1878 00d5 3A       		.uleb128 0x3a
 1879 00d6 0B       		.uleb128 0xb
 1880 00d7 3B       		.uleb128 0x3b
 1881 00d8 0B       		.uleb128 0xb
 1882 00d9 49       		.uleb128 0x49
 1883 00da 13       		.uleb128 0x13
 1884 00db 02       		.uleb128 0x2
 1885 00dc 18       		.uleb128 0x18
 1886 00dd 00       		.byte	0
 1887 00de 00       		.byte	0
 1888 00df 10       		.uleb128 0x10
 1889 00e0 34       		.uleb128 0x34
 1890 00e1 00       		.byte	0
 1891 00e2 03       		.uleb128 0x3
 1892 00e3 0E       		.uleb128 0xe
 1893 00e4 3A       		.uleb128 0x3a
 1894 00e5 0B       		.uleb128 0xb
ARM GAS  C:\Users\RECEPC~1\AppData\Local\Temp\ccZLa8Zd.s 			page 39


 1895 00e6 3B       		.uleb128 0x3b
 1896 00e7 05       		.uleb128 0x5
 1897 00e8 49       		.uleb128 0x49
 1898 00e9 13       		.uleb128 0x13
 1899 00ea 3F       		.uleb128 0x3f
 1900 00eb 19       		.uleb128 0x19
 1901 00ec 3C       		.uleb128 0x3c
 1902 00ed 19       		.uleb128 0x19
 1903 00ee 00       		.byte	0
 1904 00ef 00       		.byte	0
 1905 00f0 11       		.uleb128 0x11
 1906 00f1 34       		.uleb128 0x34
 1907 00f2 00       		.byte	0
 1908 00f3 03       		.uleb128 0x3
 1909 00f4 0E       		.uleb128 0xe
 1910 00f5 3A       		.uleb128 0x3a
 1911 00f6 0B       		.uleb128 0xb
 1912 00f7 3B       		.uleb128 0x3b
 1913 00f8 0B       		.uleb128 0xb
 1914 00f9 49       		.uleb128 0x49
 1915 00fa 13       		.uleb128 0x13
 1916 00fb 3F       		.uleb128 0x3f
 1917 00fc 19       		.uleb128 0x19
 1918 00fd 02       		.uleb128 0x2
 1919 00fe 18       		.uleb128 0x18
 1920 00ff 00       		.byte	0
 1921 0100 00       		.byte	0
 1922 0101 12       		.uleb128 0x12
 1923 0102 34       		.uleb128 0x34
 1924 0103 00       		.byte	0
 1925 0104 03       		.uleb128 0x3
 1926 0105 08       		.uleb128 0x8
 1927 0106 3A       		.uleb128 0x3a
 1928 0107 0B       		.uleb128 0xb
 1929 0108 3B       		.uleb128 0x3b
 1930 0109 0B       		.uleb128 0xb
 1931 010a 49       		.uleb128 0x49
 1932 010b 13       		.uleb128 0x13
 1933 010c 3F       		.uleb128 0x3f
 1934 010d 19       		.uleb128 0x19
 1935 010e 02       		.uleb128 0x2
 1936 010f 18       		.uleb128 0x18
 1937 0110 00       		.byte	0
 1938 0111 00       		.byte	0
 1939 0112 00       		.byte	0
 1940              		.section	.debug_aranges,"",%progbits
 1941 0000 3C000000 		.4byte	0x3c
 1942 0004 0200     		.2byte	0x2
 1943 0006 00000000 		.4byte	.Ldebug_info0
 1944 000a 04       		.byte	0x4
 1945 000b 00       		.byte	0
 1946 000c 0000     		.2byte	0
 1947 000e 0000     		.2byte	0
 1948 0010 00000000 		.4byte	.LFB63
 1949 0014 90000000 		.4byte	.LFE63-.LFB63
 1950 0018 00000000 		.4byte	.LFB64
 1951 001c 90000000 		.4byte	.LFE64-.LFB64
ARM GAS  C:\Users\RECEPC~1\AppData\Local\Temp\ccZLa8Zd.s 			page 40


 1952 0020 00000000 		.4byte	.LFB65
 1953 0024 78000000 		.4byte	.LFE65-.LFB65
 1954 0028 00000000 		.4byte	.LFB66
 1955 002c 7C000000 		.4byte	.LFE66-.LFB66
 1956 0030 00000000 		.4byte	.LFB67
 1957 0034 72000000 		.4byte	.LFE67-.LFB67
 1958 0038 00000000 		.4byte	0
 1959 003c 00000000 		.4byte	0
 1960              		.section	.debug_ranges,"",%progbits
 1961              	.Ldebug_ranges0:
 1962 0000 00000000 		.4byte	.LFB63
 1963 0004 90000000 		.4byte	.LFE63
 1964 0008 00000000 		.4byte	.LFB64
 1965 000c 90000000 		.4byte	.LFE64
 1966 0010 00000000 		.4byte	.LFB65
 1967 0014 78000000 		.4byte	.LFE65
 1968 0018 00000000 		.4byte	.LFB66
 1969 001c 7C000000 		.4byte	.LFE66
 1970 0020 00000000 		.4byte	.LFB67
 1971 0024 72000000 		.4byte	.LFE67
 1972 0028 00000000 		.4byte	0
 1973 002c 00000000 		.4byte	0
 1974              		.section	.debug_line,"",%progbits
 1975              	.Ldebug_line0:
 1976 0000 35020000 		.section	.debug_str,"MS",%progbits,1
 1976      02005A01 
 1976      00000201 
 1976      FB0E0D00 
 1976      01010101 
 1977              	.LASF100:
 1978 0000 2E5C4932 		.ascii	".\\I2C.c\000"
 1978      432E6300 
 1979              	.LASF54:
 1980 0008 706F7378 		.ascii	"posx1\000"
 1980      3100
 1981              	.LASF57:
 1982 000e 706F7378 		.ascii	"posx2\000"
 1982      3200
 1983              	.LASF76:
 1984 0014 6E6F6D62 		.ascii	"nombre_pro1\000"
 1984      72655F70 
 1984      726F3100 
 1985              	.LASF51:
 1986 0020 636F756E 		.ascii	"count_teclas2\000"
 1986      745F7465 
 1986      636C6173 
 1986      3200
 1987              	.LASF78:
 1988 002e 6E6F6D62 		.ascii	"nombre_pro3\000"
 1988      72655F70 
 1988      726F3300 
 1989              	.LASF79:
 1990 003a 76657273 		.ascii	"version\000"
 1990      696F6E00 
 1991              	.LASF72:
 1992 0042 69645F65 		.ascii	"id_estacion\000"
 1992      73746163 
ARM GAS  C:\Users\RECEPC~1\AppData\Local\Temp\ccZLa8Zd.s 			page 41


 1992      696F6E00 
 1993              	.LASF73:
 1994 004e 69645F76 		.ascii	"id_venta\000"
 1994      656E7461 
 1994      00
 1995              	.LASF71:
 1996 0057 626C6F71 		.ascii	"bloqueo_LCD\000"
 1996      75656F5F 
 1996      4C434400 
 1997              	.LASF42:
 1998 0063 77726974 		.ascii	"write_psoc1\000"
 1998      655F7073 
 1998      6F633100 
 1999              	.LASF2:
 2000 006f 73686F72 		.ascii	"short int\000"
 2000      7420696E 
 2000      7400
 2001              	.LASF66:
 2002 0079 636F756E 		.ascii	"count_protector\000"
 2002      745F7072 
 2002      6F746563 
 2002      746F7200 
 2003              	.LASF70:
 2004 0089 70726F78 		.ascii	"prox_caso\000"
 2004      5F636173 
 2004      6F00
 2005              	.LASF24:
 2006 0093 64696E65 		.ascii	"dinero\000"
 2006      726F00
 2007              	.LASF62:
 2008 009a 666C756A 		.ascii	"flujo_LCD1\000"
 2008      6F5F4C43 
 2008      443100
 2009              	.LASF63:
 2010 00a5 666C756A 		.ascii	"flujo_LCD2\000"
 2010      6F5F4C43 
 2010      443200
 2011              	.LASF32:
 2012 00b0 63656475 		.ascii	"cedula\000"
 2012      6C6100
 2013              	.LASF33:
 2014 00b7 70617373 		.ascii	"password\000"
 2014      776F7264 
 2014      00
 2015              	.LASF34:
 2016 00c0 7475726E 		.ascii	"turno\000"
 2016      6F00
 2017              	.LASF97:
 2018 00c6 7072696E 		.ascii	"print1\000"
 2018      743100
 2019              	.LASF98:
 2020 00cd 7072696E 		.ascii	"print2\000"
 2020      743200
 2021              	.LASF44:
 2022 00d4 76616C6F 		.ascii	"valor\000"
 2022      7200
 2023              	.LASF40:
ARM GAS  C:\Users\RECEPC~1\AppData\Local\Temp\ccZLa8Zd.s 			page 42


 2024 00da 77726974 		.ascii	"write_hora\000"
 2024      655F686F 
 2024      726100
 2025              	.LASF30:
 2026 00e5 696D7072 		.ascii	"imprimir\000"
 2026      696D6972 
 2026      00
 2027              	.LASF99:
 2028 00ee 474E5520 		.ascii	"GNU C 4.8.4 20140526 (release) [ARM/embedded-4_8-br"
 2028      4320342E 
 2028      382E3420 
 2028      32303134 
 2028      30353236 
 2029 0121 616E6368 		.ascii	"anch revision 211358] -mcpu=cortex-m3 -mthumb -g -O"
 2029      20726576 
 2029      6973696F 
 2029      6E203231 
 2029      31333538 
 2030 0154 30202D66 		.ascii	"0 -ffunction-sections\000"
 2030      66756E63 
 2030      74696F6E 
 2030      2D736563 
 2030      74696F6E 
 2031              	.LASF12:
 2032 016a 75696E74 		.ascii	"uint16\000"
 2032      313600
 2033              	.LASF82:
 2034 0171 6E6F6D62 		.ascii	"nombre\000"
 2034      726500
 2035              	.LASF27:
 2036 0178 6D616E67 		.ascii	"manguera\000"
 2036      75657261 
 2036      00
 2037              	.LASF11:
 2038 0181 75696E74 		.ascii	"uint8\000"
 2038      3800
 2039              	.LASF55:
 2040 0187 706F7379 		.ascii	"posy1\000"
 2040      3100
 2041              	.LASF58:
 2042 018d 706F7379 		.ascii	"posy2\000"
 2042      3200
 2043              	.LASF21:
 2044 0193 73757274 		.ascii	"surtidor\000"
 2044      69646F72 
 2044      00
 2045              	.LASF80:
 2046 019c 6C61646F 		.ascii	"lado1\000"
 2046      3100
 2047              	.LASF13:
 2048 01a2 666C6F61 		.ascii	"float\000"
 2048      7400
 2049              	.LASF6:
 2050 01a8 6C6F6E67 		.ascii	"long long int\000"
 2050      206C6F6E 
 2050      6720696E 
 2050      7400
ARM GAS  C:\Users\RECEPC~1\AppData\Local\Temp\ccZLa8Zd.s 			page 43


 2051              	.LASF4:
 2052 01b6 6C6F6E67 		.ascii	"long int\000"
 2052      20696E74 
 2052      00
 2053              	.LASF16:
 2054 01bf 73697A65 		.ascii	"sizetype\000"
 2054      74797065 
 2054      00
 2055              	.LASF18:
 2056 01c8 746F7461 		.ascii	"totales\000"
 2056      6C657300 
 2057              	.LASF74:
 2058 01d0 7472616D 		.ascii	"trama_totales\000"
 2058      615F746F 
 2058      74616C65 
 2058      7300
 2059              	.LASF67:
 2060 01de 636F756E 		.ascii	"count_protector2\000"
 2060      745F7072 
 2060      6F746563 
 2060      746F7232 
 2060      00
 2061              	.LASF37:
 2062 01ef 6C656572 		.ascii	"leer_hora\000"
 2062      5F686F72 
 2062      6100
 2063              	.LASF1:
 2064 01f9 756E7369 		.ascii	"unsigned char\000"
 2064      676E6564 
 2064      20636861 
 2064      7200
 2065              	.LASF50:
 2066 0207 69645F74 		.ascii	"id_teclado1\000"
 2066      65636C61 
 2066      646F3100 
 2067              	.LASF23:
 2068 0213 706F7369 		.ascii	"posicion\000"
 2068      63696F6E 
 2068      00
 2069              	.LASF25:
 2070 021c 766F6C75 		.ascii	"volumen\000"
 2070      6D656E00 
 2071              	.LASF0:
 2072 0224 7369676E 		.ascii	"signed char\000"
 2072      65642063 
 2072      68617200 
 2073              	.LASF7:
 2074 0230 6C6F6E67 		.ascii	"long long unsigned int\000"
 2074      206C6F6E 
 2074      6720756E 
 2074      7369676E 
 2074      65642069 
 2075              	.LASF75:
 2076 0247 70707578 		.ascii	"ppux10\000"
 2076      313000
 2077              	.LASF93:
 2078 024e 6F6B5F64 		.ascii	"ok_datosRF\000"
ARM GAS  C:\Users\RECEPC~1\AppData\Local\Temp\ccZLa8Zd.s 			page 44


 2078      61746F73 
 2078      524600
 2079              	.LASF35:
 2080 0259 6175746F 		.ascii	"autorizado\000"
 2080      72697A61 
 2080      646F00
 2081              	.LASF8:
 2082 0264 756E7369 		.ascii	"unsigned int\000"
 2082      676E6564 
 2082      20696E74 
 2082      00
 2083              	.LASF56:
 2084 0271 73697A65 		.ascii	"sizeletra1\000"
 2084      6C657472 
 2084      613100
 2085              	.LASF59:
 2086 027c 73697A65 		.ascii	"sizeletra2\000"
 2086      6C657472 
 2086      613200
 2087              	.LASF85:
 2088 0287 6C656D61 		.ascii	"lema1\000"
 2088      3100
 2089              	.LASF86:
 2090 028d 6C656D61 		.ascii	"lema2\000"
 2090      3200
 2091              	.LASF89:
 2092 0293 686F7261 		.ascii	"hora\000"
 2092      00
 2093              	.LASF26:
 2094 0298 70726F64 		.ascii	"producto\000"
 2094      7563746F 
 2094      00
 2095              	.LASF64:
 2096 02a1 42756666 		.ascii	"Buffer_LCD1\000"
 2096      65725F4C 
 2096      43443100 
 2097              	.LASF65:
 2098 02ad 42756666 		.ascii	"Buffer_LCD2\000"
 2098      65725F4C 
 2098      43443200 
 2099              	.LASF3:
 2100 02b9 73686F72 		.ascii	"short unsigned int\000"
 2100      7420756E 
 2100      7369676E 
 2100      65642069 
 2100      6E7400
 2101              	.LASF19:
 2102 02cc 67726164 		.ascii	"grado\000"
 2102      6F00
 2103              	.LASF36:
 2104 02d2 73746174 		.ascii	"status\000"
 2104      757300
 2105              	.LASF60:
 2106 02d9 7465636C 		.ascii	"teclas1\000"
 2106      61733100 
 2107              	.LASF61:
 2108 02e1 7465636C 		.ascii	"teclas2\000"
ARM GAS  C:\Users\RECEPC~1\AppData\Local\Temp\ccZLa8Zd.s 			page 45


 2108      61733200 
 2109              	.LASF15:
 2110 02e9 63686172 		.ascii	"char\000"
 2110      00
 2111              	.LASF45:
 2112 02ee 49544D5F 		.ascii	"ITM_RxBuffer\000"
 2112      52784275 
 2112      66666572 
 2112      00
 2113              	.LASF90:
 2114 02fb 7276656E 		.ascii	"rventa1\000"
 2114      74613100 
 2115              	.LASF91:
 2116 0303 7276656E 		.ascii	"rventa2\000"
 2116      74613200 
 2117              	.LASF10:
 2118 030b 696E7433 		.ascii	"int32_t\000"
 2118      325F7400 
 2119              	.LASF46:
 2120 0313 636F756E 		.ascii	"count_teclas1\000"
 2120      745F7465 
 2120      636C6173 
 2120      3100
 2121              	.LASF9:
 2122 0321 5F5F696E 		.ascii	"__int32_t\000"
 2122      7433325F 
 2122      7400
 2123              	.LASF88:
 2124 032b 66656368 		.ascii	"fecha\000"
 2124      6100
 2125              	.LASF81:
 2126 0331 6C61646F 		.ascii	"lado2\000"
 2126      3200
 2127              	.LASF95:
 2128 0337 62756666 		.ascii	"buffer_i2c\000"
 2128      65725F69 
 2128      326300
 2129              	.LASF87:
 2130 0342 69645F6C 		.ascii	"id_logo\000"
 2130      6F676F00 
 2131              	.LASF20:
 2132 034a 6D616E67 		.ascii	"mangueras\000"
 2132      75657261 
 2132      7300
 2133              	.LASF69:
 2134 0354 696D6167 		.ascii	"imagen_grado\000"
 2134      656E5F67 
 2134      7261646F 
 2134      00
 2135              	.LASF101:
 2136 0361 433A5C55 		.ascii	"C:\\Users\\Recepcion\\Desktop\\BEAGLE\\Programa\\Pr"
 2136      73657273 
 2136      5C526563 
 2136      65706369 
 2136      6F6E5C44 
 2137 038e 75656261 		.ascii	"ueba_Autogas\\BBB.cydsn\000"
 2137      5F417574 
ARM GAS  C:\Users\RECEPC~1\AppData\Local\Temp\ccZLa8Zd.s 			page 46


 2137      6F676173 
 2137      5C424242 
 2137      2E637964 
 2138              	.LASF84:
 2139 03a5 64697265 		.ascii	"direccion\000"
 2139      6363696F 
 2139      6E00
 2140              	.LASF5:
 2141 03af 6C6F6E67 		.ascii	"long unsigned int\000"
 2141      20756E73 
 2141      69676E65 
 2141      6420696E 
 2141      7400
 2142              	.LASF22:
 2143 03c1 72656369 		.ascii	"recibo\000"
 2143      626F00
 2144              	.LASF96:
 2145 03c8 6372635F 		.ascii	"crc_total\000"
 2145      746F7461 
 2145      6C00
 2146              	.LASF39:
 2147 03d2 6461746F 		.ascii	"dato\000"
 2147      00
 2148              	.LASF38:
 2149 03d7 6C656572 		.ascii	"leer_fecha\000"
 2149      5F666563 
 2149      686100
 2150              	.LASF28:
 2151 03e2 70726573 		.ascii	"preset\000"
 2151      657400
 2152              	.LASF49:
 2153 03e9 69645F63 		.ascii	"id_coma1\000"
 2153      6F6D6131 
 2153      00
 2154              	.LASF52:
 2155 03f2 69645F63 		.ascii	"id_coma2\000"
 2155      6F6D6132 
 2155      00
 2156              	.LASF77:
 2157 03fb 6E6F6D62 		.ascii	"nombre_pro2\000"
 2157      72655F70 
 2157      726F3200 
 2158              	.LASF53:
 2159 0407 69645F74 		.ascii	"id_teclado2\000"
 2159      65636C61 
 2159      646F3200 
 2160              	.LASF94:
 2161 0413 72665F6D 		.ascii	"rf_mod\000"
 2161      6F6400
 2162              	.LASF41:
 2163 041a 77726974 		.ascii	"write_fecha\000"
 2163      655F6665 
 2163      63686100 
 2164              	.LASF92:
 2165 0426 6F6B5F52 		.ascii	"ok_RF\000"
 2165      4600
 2166              	.LASF31:
ARM GAS  C:\Users\RECEPC~1\AppData\Local\Temp\ccZLa8Zd.s 			page 47


 2167 042c 7469706F 		.ascii	"tipo_venta\000"
 2167      5F76656E 
 2167      746100
 2168              	.LASF29:
 2169 0437 706C6163 		.ascii	"placa\000"
 2169      6100
 2170              	.LASF14:
 2171 043d 646F7562 		.ascii	"double\000"
 2171      6C6500
 2172              	.LASF83:
 2173 0444 74656C65 		.ascii	"telefono\000"
 2173      666F6E6F 
 2173      00
 2174              	.LASF68:
 2175 044d 70617373 		.ascii	"password_lcd\000"
 2175      776F7264 
 2175      5F6C6364 
 2175      00
 2176              	.LASF17:
 2177 045a 65737461 		.ascii	"estado\000"
 2177      646F00
 2178              	.LASF43:
 2179 0461 70756572 		.ascii	"puerto\000"
 2179      746F00
 2180              	.LASF47:
 2181 0468 636F6D61 		.ascii	"comas1\000"
 2181      733100
 2182              	.LASF48:
 2183 046f 636F6D61 		.ascii	"comas2\000"
 2183      733200
 2184              		.ident	"GCC: (GNU Tools for ARM Embedded Processors) 4.8.4 20140526 (release) [ARM/embedded-4_8-br
