ARM GAS  C:\Users\RECEPC~1\AppData\Local\Temp\ccQ90guL.s 			page 1


   1              		.syntax unified
   2              		.cpu cortex-m3
   3              		.fpu softvfp
   4              		.eabi_attribute 20, 1
   5              		.eabi_attribute 21, 1
   6              		.eabi_attribute 23, 3
   7              		.eabi_attribute 24, 1
   8              		.eabi_attribute 25, 1
   9              		.eabi_attribute 26, 1
  10              		.eabi_attribute 30, 6
  11              		.eabi_attribute 34, 1
  12              		.eabi_attribute 18, 4
  13              		.thumb
  14              		.file	"I2C_1_PM.c"
  15              		.text
  16              	.Ltext0:
  17              		.cfi_sections	.debug_frame
  18              		.global	I2C_1_backup
  19              		.data
  20              		.align	2
  21              		.type	I2C_1_backup, %object
  22              		.size	I2C_1_backup, 6
  23              	I2C_1_backup:
  24 0000 00       		.byte	0
  25 0001 81       		.byte	-127
  26 0002 02       		.byte	2
  27 0003 08       		.byte	8
  28 0004 26       		.byte	38
  29 0005 00       		.byte	0
  30 0006 0000     		.section	.text.I2C_1_SaveConfig,"ax",%progbits
  31              		.align	2
  32              		.global	I2C_1_SaveConfig
  33              		.thumb
  34              		.thumb_func
  35              		.type	I2C_1_SaveConfig, %function
  36              	I2C_1_SaveConfig:
  37              	.LFB0:
  38              		.file 1 ".\\Generated_Source\\PSoC5\\I2C_1_PM.c"
   1:.\Generated_Source\PSoC5/I2C_1_PM.c **** /*******************************************************************************
   2:.\Generated_Source\PSoC5/I2C_1_PM.c **** * File Name: I2C_1_PM.c
   3:.\Generated_Source\PSoC5/I2C_1_PM.c **** * Version 3.50
   4:.\Generated_Source\PSoC5/I2C_1_PM.c **** *
   5:.\Generated_Source\PSoC5/I2C_1_PM.c **** * Description:
   6:.\Generated_Source\PSoC5/I2C_1_PM.c **** *  This file provides low power mode APIs for the I2C component.
   7:.\Generated_Source\PSoC5/I2C_1_PM.c **** *
   8:.\Generated_Source\PSoC5/I2C_1_PM.c **** ********************************************************************************
   9:.\Generated_Source\PSoC5/I2C_1_PM.c **** * Copyright 2008-2015, Cypress Semiconductor Corporation. All rights reserved.
  10:.\Generated_Source\PSoC5/I2C_1_PM.c **** * You may use this file only in accordance with the license, terms, conditions,
  11:.\Generated_Source\PSoC5/I2C_1_PM.c **** * disclaimers, and limitations in the end user license agreement accompanying
  12:.\Generated_Source\PSoC5/I2C_1_PM.c **** * the software package with which this file was provided.
  13:.\Generated_Source\PSoC5/I2C_1_PM.c **** *******************************************************************************/
  14:.\Generated_Source\PSoC5/I2C_1_PM.c **** 
  15:.\Generated_Source\PSoC5/I2C_1_PM.c **** #include "I2C_1_PVT.h"
  16:.\Generated_Source\PSoC5/I2C_1_PM.c **** 
  17:.\Generated_Source\PSoC5/I2C_1_PM.c **** I2C_1_BACKUP_STRUCT I2C_1_backup =
  18:.\Generated_Source\PSoC5/I2C_1_PM.c **** {
  19:.\Generated_Source\PSoC5/I2C_1_PM.c ****     I2C_1_DISABLE,
ARM GAS  C:\Users\RECEPC~1\AppData\Local\Temp\ccQ90guL.s 			page 2


  20:.\Generated_Source\PSoC5/I2C_1_PM.c **** 
  21:.\Generated_Source\PSoC5/I2C_1_PM.c **** #if (I2C_1_FF_IMPLEMENTED)
  22:.\Generated_Source\PSoC5/I2C_1_PM.c ****     I2C_1_DEFAULT_XCFG,
  23:.\Generated_Source\PSoC5/I2C_1_PM.c ****     I2C_1_DEFAULT_CFG,
  24:.\Generated_Source\PSoC5/I2C_1_PM.c ****     I2C_1_DEFAULT_ADDR,
  25:.\Generated_Source\PSoC5/I2C_1_PM.c ****     LO8(I2C_1_DEFAULT_DIVIDE_FACTOR),
  26:.\Generated_Source\PSoC5/I2C_1_PM.c ****     HI8(I2C_1_DEFAULT_DIVIDE_FACTOR),
  27:.\Generated_Source\PSoC5/I2C_1_PM.c **** #else  /* (I2C_1_UDB_IMPLEMENTED) */
  28:.\Generated_Source\PSoC5/I2C_1_PM.c ****     I2C_1_DEFAULT_CFG,
  29:.\Generated_Source\PSoC5/I2C_1_PM.c **** #endif /* (I2C_1_FF_IMPLEMENTED) */
  30:.\Generated_Source\PSoC5/I2C_1_PM.c **** 
  31:.\Generated_Source\PSoC5/I2C_1_PM.c **** #if (I2C_1_TIMEOUT_ENABLED)
  32:.\Generated_Source\PSoC5/I2C_1_PM.c ****     I2C_1_DEFAULT_TMOUT_PERIOD,
  33:.\Generated_Source\PSoC5/I2C_1_PM.c ****     I2C_1_DEFAULT_TMOUT_INTR_MASK,
  34:.\Generated_Source\PSoC5/I2C_1_PM.c **** #endif /* (I2C_1_TIMEOUT_ENABLED) */
  35:.\Generated_Source\PSoC5/I2C_1_PM.c **** };
  36:.\Generated_Source\PSoC5/I2C_1_PM.c **** 
  37:.\Generated_Source\PSoC5/I2C_1_PM.c **** #if ((I2C_1_FF_IMPLEMENTED) && (I2C_1_WAKEUP_ENABLED))
  38:.\Generated_Source\PSoC5/I2C_1_PM.c ****     volatile uint8 I2C_1_wakeupSource;
  39:.\Generated_Source\PSoC5/I2C_1_PM.c **** #endif /* ((I2C_1_FF_IMPLEMENTED) && (I2C_1_WAKEUP_ENABLED)) */
  40:.\Generated_Source\PSoC5/I2C_1_PM.c **** 
  41:.\Generated_Source\PSoC5/I2C_1_PM.c **** 
  42:.\Generated_Source\PSoC5/I2C_1_PM.c **** /*******************************************************************************
  43:.\Generated_Source\PSoC5/I2C_1_PM.c **** * Function Name: I2C_1_SaveConfig
  44:.\Generated_Source\PSoC5/I2C_1_PM.c **** ********************************************************************************
  45:.\Generated_Source\PSoC5/I2C_1_PM.c **** *
  46:.\Generated_Source\PSoC5/I2C_1_PM.c **** * Summary:
  47:.\Generated_Source\PSoC5/I2C_1_PM.c **** *  The Enable wakeup from Sleep Mode selection influences this function
  48:.\Generated_Source\PSoC5/I2C_1_PM.c **** *  implementation:
  49:.\Generated_Source\PSoC5/I2C_1_PM.c **** *   Unchecked: Stores the component non-retention configuration registers.
  50:.\Generated_Source\PSoC5/I2C_1_PM.c **** *   Checked:   Disables the master, if it was enabled before, and enables
  51:.\Generated_Source\PSoC5/I2C_1_PM.c **** *              backup regulator of the I2C hardware. If a transaction intended
  52:.\Generated_Source\PSoC5/I2C_1_PM.c **** *              for component executes during this function call, it waits until
  53:.\Generated_Source\PSoC5/I2C_1_PM.c **** *              the current transaction is completed and I2C hardware is ready
  54:.\Generated_Source\PSoC5/I2C_1_PM.c **** *              to enter sleep mode. All subsequent I2C traffic is NAKed until
  55:.\Generated_Source\PSoC5/I2C_1_PM.c **** *              the device is put into sleep mode.
  56:.\Generated_Source\PSoC5/I2C_1_PM.c **** *
  57:.\Generated_Source\PSoC5/I2C_1_PM.c **** * Parameters:
  58:.\Generated_Source\PSoC5/I2C_1_PM.c **** *  None.
  59:.\Generated_Source\PSoC5/I2C_1_PM.c **** *
  60:.\Generated_Source\PSoC5/I2C_1_PM.c **** * Return:
  61:.\Generated_Source\PSoC5/I2C_1_PM.c **** *  None.
  62:.\Generated_Source\PSoC5/I2C_1_PM.c **** *
  63:.\Generated_Source\PSoC5/I2C_1_PM.c **** * Global Variables:
  64:.\Generated_Source\PSoC5/I2C_1_PM.c **** *  I2C_1_backup - The global variable used to save the component
  65:.\Generated_Source\PSoC5/I2C_1_PM.c **** *                            configuration and non-retention registers before
  66:.\Generated_Source\PSoC5/I2C_1_PM.c **** *                            entering the sleep mode.
  67:.\Generated_Source\PSoC5/I2C_1_PM.c **** *
  68:.\Generated_Source\PSoC5/I2C_1_PM.c **** * Reentrant:
  69:.\Generated_Source\PSoC5/I2C_1_PM.c **** *  No.
  70:.\Generated_Source\PSoC5/I2C_1_PM.c **** *
  71:.\Generated_Source\PSoC5/I2C_1_PM.c **** *******************************************************************************/
  72:.\Generated_Source\PSoC5/I2C_1_PM.c **** void I2C_1_SaveConfig(void) 
  73:.\Generated_Source\PSoC5/I2C_1_PM.c **** {
  39              		.loc 1 73 0
  40              		.cfi_startproc
  41              		@ args = 0, pretend = 0, frame = 0
ARM GAS  C:\Users\RECEPC~1\AppData\Local\Temp\ccQ90guL.s 			page 3


  42              		@ frame_needed = 1, uses_anonymous_args = 0
  43              		@ link register save eliminated.
  44 0000 80B4     		push	{r7}
  45              		.cfi_def_cfa_offset 4
  46              		.cfi_offset 7, -4
  47 0002 00AF     		add	r7, sp, #0
  48              		.cfi_def_cfa_register 7
  74:.\Generated_Source\PSoC5/I2C_1_PM.c **** #if (I2C_1_FF_IMPLEMENTED)
  75:.\Generated_Source\PSoC5/I2C_1_PM.c ****     #if (I2C_1_WAKEUP_ENABLED)
  76:.\Generated_Source\PSoC5/I2C_1_PM.c ****         uint8 intState;
  77:.\Generated_Source\PSoC5/I2C_1_PM.c ****     #endif /* (I2C_1_WAKEUP_ENABLED) */
  78:.\Generated_Source\PSoC5/I2C_1_PM.c **** 
  79:.\Generated_Source\PSoC5/I2C_1_PM.c ****     /* Store registers before enter low power mode */
  80:.\Generated_Source\PSoC5/I2C_1_PM.c ****     I2C_1_backup.cfg     = I2C_1_CFG_REG;
  49              		.loc 1 80 0
  50 0004 0E4B     		ldr	r3, .L2
  51 0006 1B78     		ldrb	r3, [r3]
  52 0008 DAB2     		uxtb	r2, r3
  53 000a 0E4B     		ldr	r3, .L2+4
  54 000c 9A70     		strb	r2, [r3, #2]
  81:.\Generated_Source\PSoC5/I2C_1_PM.c ****     I2C_1_backup.xcfg    = I2C_1_XCFG_REG;
  55              		.loc 1 81 0
  56 000e 0E4B     		ldr	r3, .L2+8
  57 0010 1B78     		ldrb	r3, [r3]
  58 0012 DAB2     		uxtb	r2, r3
  59 0014 0B4B     		ldr	r3, .L2+4
  60 0016 5A70     		strb	r2, [r3, #1]
  82:.\Generated_Source\PSoC5/I2C_1_PM.c ****     I2C_1_backup.addr    = I2C_1_ADDR_REG;
  61              		.loc 1 82 0
  62 0018 0C4B     		ldr	r3, .L2+12
  63 001a 1B78     		ldrb	r3, [r3]
  64 001c DAB2     		uxtb	r2, r3
  65 001e 094B     		ldr	r3, .L2+4
  66 0020 DA70     		strb	r2, [r3, #3]
  83:.\Generated_Source\PSoC5/I2C_1_PM.c ****     I2C_1_backup.clkDiv1 = I2C_1_CLKDIV1_REG;
  67              		.loc 1 83 0
  68 0022 0B4B     		ldr	r3, .L2+16
  69 0024 1B78     		ldrb	r3, [r3]
  70 0026 DAB2     		uxtb	r2, r3
  71 0028 064B     		ldr	r3, .L2+4
  72 002a 1A71     		strb	r2, [r3, #4]
  84:.\Generated_Source\PSoC5/I2C_1_PM.c ****     I2C_1_backup.clkDiv2 = I2C_1_CLKDIV2_REG;
  73              		.loc 1 84 0
  74 002c 094B     		ldr	r3, .L2+20
  75 002e 1B78     		ldrb	r3, [r3]
  76 0030 DAB2     		uxtb	r2, r3
  77 0032 044B     		ldr	r3, .L2+4
  78 0034 5A71     		strb	r2, [r3, #5]
  85:.\Generated_Source\PSoC5/I2C_1_PM.c **** 
  86:.\Generated_Source\PSoC5/I2C_1_PM.c **** #if (I2C_1_WAKEUP_ENABLED)
  87:.\Generated_Source\PSoC5/I2C_1_PM.c ****     /* Disable master */
  88:.\Generated_Source\PSoC5/I2C_1_PM.c ****     I2C_1_CFG_REG &= (uint8) ~I2C_1_ENABLE_MASTER;
  89:.\Generated_Source\PSoC5/I2C_1_PM.c **** 
  90:.\Generated_Source\PSoC5/I2C_1_PM.c ****     /* Enable backup regulator to keep block powered in low power mode */
  91:.\Generated_Source\PSoC5/I2C_1_PM.c ****     intState = CyEnterCriticalSection();
  92:.\Generated_Source\PSoC5/I2C_1_PM.c ****     I2C_1_PWRSYS_CR1_REG |= I2C_1_PWRSYS_CR1_I2C_REG_BACKUP;
  93:.\Generated_Source\PSoC5/I2C_1_PM.c ****     CyExitCriticalSection(intState);
ARM GAS  C:\Users\RECEPC~1\AppData\Local\Temp\ccQ90guL.s 			page 4


  94:.\Generated_Source\PSoC5/I2C_1_PM.c **** 
  95:.\Generated_Source\PSoC5/I2C_1_PM.c ****     /* 1) Set force NACK to ignore I2C transactions;
  96:.\Generated_Source\PSoC5/I2C_1_PM.c ****     *  2) Wait unti I2C is ready go to Sleep; !!
  97:.\Generated_Source\PSoC5/I2C_1_PM.c ****     *  3) These bits are cleared on wake up.
  98:.\Generated_Source\PSoC5/I2C_1_PM.c ****     */
  99:.\Generated_Source\PSoC5/I2C_1_PM.c ****     /* Wait when block is ready for sleep */
 100:.\Generated_Source\PSoC5/I2C_1_PM.c ****     I2C_1_XCFG_REG |= I2C_1_XCFG_FORCE_NACK;
 101:.\Generated_Source\PSoC5/I2C_1_PM.c ****     while (0u == (I2C_1_XCFG_REG & I2C_1_XCFG_RDY_TO_SLEEP))
 102:.\Generated_Source\PSoC5/I2C_1_PM.c ****     {
 103:.\Generated_Source\PSoC5/I2C_1_PM.c ****     }
 104:.\Generated_Source\PSoC5/I2C_1_PM.c **** 
 105:.\Generated_Source\PSoC5/I2C_1_PM.c ****     /* Setup wakeup interrupt */
 106:.\Generated_Source\PSoC5/I2C_1_PM.c ****     I2C_1_DisableInt();
 107:.\Generated_Source\PSoC5/I2C_1_PM.c ****     (void) CyIntSetVector(I2C_1_ISR_NUMBER, &I2C_1_WAKEUP_ISR);
 108:.\Generated_Source\PSoC5/I2C_1_PM.c ****     I2C_1_wakeupSource = 0u;
 109:.\Generated_Source\PSoC5/I2C_1_PM.c ****     I2C_1_EnableInt();
 110:.\Generated_Source\PSoC5/I2C_1_PM.c **** #endif /* (I2C_1_WAKEUP_ENABLED) */
 111:.\Generated_Source\PSoC5/I2C_1_PM.c **** 
 112:.\Generated_Source\PSoC5/I2C_1_PM.c **** #else
 113:.\Generated_Source\PSoC5/I2C_1_PM.c ****     /* Store only address match bit */
 114:.\Generated_Source\PSoC5/I2C_1_PM.c ****     I2C_1_backup.control = (I2C_1_CFG_REG & I2C_1_CTRL_ANY_ADDRESS_MASK);
 115:.\Generated_Source\PSoC5/I2C_1_PM.c **** #endif /* (I2C_1_FF_IMPLEMENTED) */
 116:.\Generated_Source\PSoC5/I2C_1_PM.c **** 
 117:.\Generated_Source\PSoC5/I2C_1_PM.c **** #if (I2C_1_TIMEOUT_ENABLED)
 118:.\Generated_Source\PSoC5/I2C_1_PM.c ****     I2C_1_TimeoutSaveConfig();
 119:.\Generated_Source\PSoC5/I2C_1_PM.c **** #endif /* (I2C_1_TIMEOUT_ENABLED) */
 120:.\Generated_Source\PSoC5/I2C_1_PM.c **** }
  79              		.loc 1 120 0
  80 0036 BD46     		mov	sp, r7
  81              		@ sp needed
  82 0038 5DF8047B 		ldr	r7, [sp], #4
  83 003c 7047     		bx	lr
  84              	.L3:
  85 003e 00BF     		.align	2
  86              	.L2:
  87 0040 D6490040 		.word	1073760726
  88 0044 00000000 		.word	I2C_1_backup
  89 0048 C8490040 		.word	1073760712
  90 004c CA490040 		.word	1073760714
  91 0050 DB490040 		.word	1073760731
  92 0054 DC490040 		.word	1073760732
  93              		.cfi_endproc
  94              	.LFE0:
  95              		.size	I2C_1_SaveConfig, .-I2C_1_SaveConfig
  96              		.section	.text.I2C_1_Sleep,"ax",%progbits
  97              		.align	2
  98              		.global	I2C_1_Sleep
  99              		.thumb
 100              		.thumb_func
 101              		.type	I2C_1_Sleep, %function
 102              	I2C_1_Sleep:
 103              	.LFB1:
 121:.\Generated_Source\PSoC5/I2C_1_PM.c **** 
 122:.\Generated_Source\PSoC5/I2C_1_PM.c **** 
 123:.\Generated_Source\PSoC5/I2C_1_PM.c **** /*******************************************************************************
 124:.\Generated_Source\PSoC5/I2C_1_PM.c **** * Function Name: I2C_1_Sleep
 125:.\Generated_Source\PSoC5/I2C_1_PM.c **** ********************************************************************************
ARM GAS  C:\Users\RECEPC~1\AppData\Local\Temp\ccQ90guL.s 			page 5


 126:.\Generated_Source\PSoC5/I2C_1_PM.c **** *
 127:.\Generated_Source\PSoC5/I2C_1_PM.c **** * Summary:
 128:.\Generated_Source\PSoC5/I2C_1_PM.c **** *  This is the preferred method to prepare the component before device enters
 129:.\Generated_Source\PSoC5/I2C_1_PM.c **** *  sleep mode. The Enable wakeup from Sleep Mode selection influences this
 130:.\Generated_Source\PSoC5/I2C_1_PM.c **** *  function implementation:
 131:.\Generated_Source\PSoC5/I2C_1_PM.c **** *   Unchecked: Checks current I2C component state, saves it, and disables the
 132:.\Generated_Source\PSoC5/I2C_1_PM.c **** *              component by calling I2C_Stop() if it is currently enabled.
 133:.\Generated_Source\PSoC5/I2C_1_PM.c **** *              I2C_SaveConfig() is then called to save the component
 134:.\Generated_Source\PSoC5/I2C_1_PM.c **** *              non-retention configuration registers.
 135:.\Generated_Source\PSoC5/I2C_1_PM.c **** *   Checked:   If a transaction intended for component executes during this
 136:.\Generated_Source\PSoC5/I2C_1_PM.c **** *              function call, it waits until the current transaction is
 137:.\Generated_Source\PSoC5/I2C_1_PM.c **** *              completed. All subsequent I2C traffic intended for component
 138:.\Generated_Source\PSoC5/I2C_1_PM.c **** *              is NAKed until the device is put to sleep mode. The address
 139:.\Generated_Source\PSoC5/I2C_1_PM.c **** *              match event wakes up the device.
 140:.\Generated_Source\PSoC5/I2C_1_PM.c **** *
 141:.\Generated_Source\PSoC5/I2C_1_PM.c **** * Parameters:
 142:.\Generated_Source\PSoC5/I2C_1_PM.c **** *  None.
 143:.\Generated_Source\PSoC5/I2C_1_PM.c **** *
 144:.\Generated_Source\PSoC5/I2C_1_PM.c **** * Return:
 145:.\Generated_Source\PSoC5/I2C_1_PM.c **** *  None.
 146:.\Generated_Source\PSoC5/I2C_1_PM.c **** *
 147:.\Generated_Source\PSoC5/I2C_1_PM.c **** * Reentrant:
 148:.\Generated_Source\PSoC5/I2C_1_PM.c **** *  No.
 149:.\Generated_Source\PSoC5/I2C_1_PM.c **** *
 150:.\Generated_Source\PSoC5/I2C_1_PM.c **** *******************************************************************************/
 151:.\Generated_Source\PSoC5/I2C_1_PM.c **** void I2C_1_Sleep(void) 
 152:.\Generated_Source\PSoC5/I2C_1_PM.c **** {
 104              		.loc 1 152 0
 105              		.cfi_startproc
 106              		@ args = 0, pretend = 0, frame = 0
 107              		@ frame_needed = 1, uses_anonymous_args = 0
 108 0000 80B5     		push	{r7, lr}
 109              		.cfi_def_cfa_offset 8
 110              		.cfi_offset 7, -8
 111              		.cfi_offset 14, -4
 112 0002 00AF     		add	r7, sp, #0
 113              		.cfi_def_cfa_register 7
 153:.\Generated_Source\PSoC5/I2C_1_PM.c **** #if (I2C_1_WAKEUP_ENABLED)
 154:.\Generated_Source\PSoC5/I2C_1_PM.c ****     /* Do not enable block after exit low power mode if it is wakeup source */
 155:.\Generated_Source\PSoC5/I2C_1_PM.c ****     I2C_1_backup.enableState = I2C_1_DISABLE;
 156:.\Generated_Source\PSoC5/I2C_1_PM.c **** 
 157:.\Generated_Source\PSoC5/I2C_1_PM.c ****     #if (I2C_1_TIMEOUT_ENABLED)
 158:.\Generated_Source\PSoC5/I2C_1_PM.c ****         I2C_1_TimeoutStop();
 159:.\Generated_Source\PSoC5/I2C_1_PM.c ****     #endif /* (I2C_1_TIMEOUT_ENABLED) */
 160:.\Generated_Source\PSoC5/I2C_1_PM.c **** 
 161:.\Generated_Source\PSoC5/I2C_1_PM.c **** #else
 162:.\Generated_Source\PSoC5/I2C_1_PM.c ****     /* Store enable state */
 163:.\Generated_Source\PSoC5/I2C_1_PM.c ****     I2C_1_backup.enableState = (uint8) I2C_1_IS_ENABLED;
 114              		.loc 1 163 0
 115 0004 0A4B     		ldr	r3, .L6
 116 0006 1B78     		ldrb	r3, [r3]
 117 0008 DBB2     		uxtb	r3, r3
 118 000a 03F00403 		and	r3, r3, #4
 119 000e 002B     		cmp	r3, #0
 120 0010 0CBF     		ite	eq
 121 0012 0023     		moveq	r3, #0
 122 0014 0123     		movne	r3, #1
ARM GAS  C:\Users\RECEPC~1\AppData\Local\Temp\ccQ90guL.s 			page 6


 123 0016 DBB2     		uxtb	r3, r3
 124 0018 1A46     		mov	r2, r3
 125 001a 064B     		ldr	r3, .L6+4
 126 001c 1A70     		strb	r2, [r3]
 164:.\Generated_Source\PSoC5/I2C_1_PM.c **** 
 165:.\Generated_Source\PSoC5/I2C_1_PM.c ****     if (0u != I2C_1_backup.enableState)
 127              		.loc 1 165 0
 128 001e 054B     		ldr	r3, .L6+4
 129 0020 1B78     		ldrb	r3, [r3]	@ zero_extendqisi2
 130 0022 002B     		cmp	r3, #0
 131 0024 01D0     		beq	.L5
 166:.\Generated_Source\PSoC5/I2C_1_PM.c ****     {
 167:.\Generated_Source\PSoC5/I2C_1_PM.c ****         I2C_1_Stop();
 132              		.loc 1 167 0
 133 0026 FFF7FEFF 		bl	I2C_1_Stop
 134              	.L5:
 168:.\Generated_Source\PSoC5/I2C_1_PM.c ****     }
 169:.\Generated_Source\PSoC5/I2C_1_PM.c **** #endif /* (I2C_1_WAKEUP_ENABLED) */
 170:.\Generated_Source\PSoC5/I2C_1_PM.c **** 
 171:.\Generated_Source\PSoC5/I2C_1_PM.c ****     I2C_1_SaveConfig();
 135              		.loc 1 171 0
 136 002a FFF7FEFF 		bl	I2C_1_SaveConfig
 172:.\Generated_Source\PSoC5/I2C_1_PM.c **** }
 137              		.loc 1 172 0
 138 002e 80BD     		pop	{r7, pc}
 139              	.L7:
 140              		.align	2
 141              	.L6:
 142 0030 A5430040 		.word	1073759141
 143 0034 00000000 		.word	I2C_1_backup
 144              		.cfi_endproc
 145              	.LFE1:
 146              		.size	I2C_1_Sleep, .-I2C_1_Sleep
 147              		.section	.text.I2C_1_RestoreConfig,"ax",%progbits
 148              		.align	2
 149              		.global	I2C_1_RestoreConfig
 150              		.thumb
 151              		.thumb_func
 152              		.type	I2C_1_RestoreConfig, %function
 153              	I2C_1_RestoreConfig:
 154              	.LFB2:
 173:.\Generated_Source\PSoC5/I2C_1_PM.c **** 
 174:.\Generated_Source\PSoC5/I2C_1_PM.c **** 
 175:.\Generated_Source\PSoC5/I2C_1_PM.c **** /*******************************************************************************
 176:.\Generated_Source\PSoC5/I2C_1_PM.c **** * Function Name: I2C_1_RestoreConfig
 177:.\Generated_Source\PSoC5/I2C_1_PM.c **** ********************************************************************************
 178:.\Generated_Source\PSoC5/I2C_1_PM.c **** *
 179:.\Generated_Source\PSoC5/I2C_1_PM.c **** * Summary:
 180:.\Generated_Source\PSoC5/I2C_1_PM.c **** *  The Enable wakeup from Sleep Mode selection influences this function
 181:.\Generated_Source\PSoC5/I2C_1_PM.c **** *  implementation:
 182:.\Generated_Source\PSoC5/I2C_1_PM.c **** *   Unchecked: Restores the component non-retention configuration registers
 183:.\Generated_Source\PSoC5/I2C_1_PM.c **** *              to the state they were in before I2C_Sleep() or I2C_SaveConfig()
 184:.\Generated_Source\PSoC5/I2C_1_PM.c **** *              was called.
 185:.\Generated_Source\PSoC5/I2C_1_PM.c **** *   Checked:   Disables the backup regulator of the I2C hardware. Sets up the
 186:.\Generated_Source\PSoC5/I2C_1_PM.c **** *              regular component interrupt handler and generates the component
 187:.\Generated_Source\PSoC5/I2C_1_PM.c **** *              interrupt if it was wake up source to release the bus and
 188:.\Generated_Source\PSoC5/I2C_1_PM.c **** *              continue in-coming I2C transaction.
ARM GAS  C:\Users\RECEPC~1\AppData\Local\Temp\ccQ90guL.s 			page 7


 189:.\Generated_Source\PSoC5/I2C_1_PM.c **** *
 190:.\Generated_Source\PSoC5/I2C_1_PM.c **** * Parameters:
 191:.\Generated_Source\PSoC5/I2C_1_PM.c **** *  None.
 192:.\Generated_Source\PSoC5/I2C_1_PM.c **** *
 193:.\Generated_Source\PSoC5/I2C_1_PM.c **** * Return:
 194:.\Generated_Source\PSoC5/I2C_1_PM.c **** *  None.
 195:.\Generated_Source\PSoC5/I2C_1_PM.c **** *
 196:.\Generated_Source\PSoC5/I2C_1_PM.c **** * Global Variables:
 197:.\Generated_Source\PSoC5/I2C_1_PM.c **** *  I2C_1_backup - The global variable used to save the component
 198:.\Generated_Source\PSoC5/I2C_1_PM.c **** *                            configuration and non-retention registers before
 199:.\Generated_Source\PSoC5/I2C_1_PM.c **** *                            exiting the sleep mode.
 200:.\Generated_Source\PSoC5/I2C_1_PM.c **** *
 201:.\Generated_Source\PSoC5/I2C_1_PM.c **** * Reentrant:
 202:.\Generated_Source\PSoC5/I2C_1_PM.c **** *  No.
 203:.\Generated_Source\PSoC5/I2C_1_PM.c **** *
 204:.\Generated_Source\PSoC5/I2C_1_PM.c **** * Side Effects:
 205:.\Generated_Source\PSoC5/I2C_1_PM.c **** *  Calling this function before I2C_1_SaveConfig() or
 206:.\Generated_Source\PSoC5/I2C_1_PM.c **** *  I2C_1_Sleep() will lead to unpredictable results.
 207:.\Generated_Source\PSoC5/I2C_1_PM.c **** *
 208:.\Generated_Source\PSoC5/I2C_1_PM.c **** *******************************************************************************/
 209:.\Generated_Source\PSoC5/I2C_1_PM.c **** void I2C_1_RestoreConfig(void) 
 210:.\Generated_Source\PSoC5/I2C_1_PM.c **** {
 155              		.loc 1 210 0
 156              		.cfi_startproc
 157              		@ args = 0, pretend = 0, frame = 8
 158              		@ frame_needed = 1, uses_anonymous_args = 0
 159 0000 80B5     		push	{r7, lr}
 160              		.cfi_def_cfa_offset 8
 161              		.cfi_offset 7, -8
 162              		.cfi_offset 14, -4
 163 0002 82B0     		sub	sp, sp, #8
 164              		.cfi_def_cfa_offset 16
 165 0004 00AF     		add	r7, sp, #0
 166              		.cfi_def_cfa_register 7
 211:.\Generated_Source\PSoC5/I2C_1_PM.c **** #if (I2C_1_FF_IMPLEMENTED)
 212:.\Generated_Source\PSoC5/I2C_1_PM.c ****     uint8 intState;
 213:.\Generated_Source\PSoC5/I2C_1_PM.c **** 
 214:.\Generated_Source\PSoC5/I2C_1_PM.c ****     if (I2C_1_CHECK_PWRSYS_I2C_BACKUP)
 167              		.loc 1 214 0
 168 0006 1A4B     		ldr	r3, .L11
 169 0008 1B78     		ldrb	r3, [r3]
 170 000a DBB2     		uxtb	r3, r3
 171 000c 03F00403 		and	r3, r3, #4
 172 0010 DBB2     		uxtb	r3, r3
 173 0012 002B     		cmp	r3, #0
 174 0014 14D0     		beq	.L9
 215:.\Generated_Source\PSoC5/I2C_1_PM.c ****     /* Low power mode was Sleep - backup regulator is enabled */
 216:.\Generated_Source\PSoC5/I2C_1_PM.c ****     {
 217:.\Generated_Source\PSoC5/I2C_1_PM.c ****         /* Enable backup regulator in active mode */
 218:.\Generated_Source\PSoC5/I2C_1_PM.c ****         intState = CyEnterCriticalSection();
 175              		.loc 1 218 0
 176 0016 FFF7FEFF 		bl	CyEnterCriticalSection
 177 001a 0346     		mov	r3, r0
 178 001c FB71     		strb	r3, [r7, #7]
 219:.\Generated_Source\PSoC5/I2C_1_PM.c ****         I2C_1_PWRSYS_CR1_REG &= (uint8) ~I2C_1_PWRSYS_CR1_I2C_REG_BACKUP;
 179              		.loc 1 219 0
 180 001e 144B     		ldr	r3, .L11
ARM GAS  C:\Users\RECEPC~1\AppData\Local\Temp\ccQ90guL.s 			page 8


 181 0020 134A     		ldr	r2, .L11
 182 0022 1278     		ldrb	r2, [r2]
 183 0024 D2B2     		uxtb	r2, r2
 184 0026 22F00402 		bic	r2, r2, #4
 185 002a D2B2     		uxtb	r2, r2
 186 002c 1A70     		strb	r2, [r3]
 220:.\Generated_Source\PSoC5/I2C_1_PM.c ****         CyExitCriticalSection(intState);
 187              		.loc 1 220 0
 188 002e FB79     		ldrb	r3, [r7, #7]	@ zero_extendqisi2
 189 0030 1846     		mov	r0, r3
 190 0032 FFF7FEFF 		bl	CyExitCriticalSection
 221:.\Generated_Source\PSoC5/I2C_1_PM.c **** 
 222:.\Generated_Source\PSoC5/I2C_1_PM.c ****         /* Restore master */
 223:.\Generated_Source\PSoC5/I2C_1_PM.c ****         I2C_1_CFG_REG = I2C_1_backup.cfg;
 191              		.loc 1 223 0
 192 0036 0F4B     		ldr	r3, .L11+4
 193 0038 0F4A     		ldr	r2, .L11+8
 194 003a 9278     		ldrb	r2, [r2, #2]	@ zero_extendqisi2
 195 003c 1A70     		strb	r2, [r3]
 196 003e 13E0     		b	.L8
 197              	.L9:
 224:.\Generated_Source\PSoC5/I2C_1_PM.c ****     }
 225:.\Generated_Source\PSoC5/I2C_1_PM.c ****     else
 226:.\Generated_Source\PSoC5/I2C_1_PM.c ****     /* Low power mode was Hibernate - backup regulator is disabled. All registers are cleared */
 227:.\Generated_Source\PSoC5/I2C_1_PM.c ****     {
 228:.\Generated_Source\PSoC5/I2C_1_PM.c ****     #if (I2C_1_WAKEUP_ENABLED)
 229:.\Generated_Source\PSoC5/I2C_1_PM.c ****         /* Disable power to block before register restore */
 230:.\Generated_Source\PSoC5/I2C_1_PM.c ****         intState = CyEnterCriticalSection();
 231:.\Generated_Source\PSoC5/I2C_1_PM.c ****         I2C_1_ACT_PWRMGR_REG  &= (uint8) ~I2C_1_ACT_PWR_EN;
 232:.\Generated_Source\PSoC5/I2C_1_PM.c ****         I2C_1_STBY_PWRMGR_REG &= (uint8) ~I2C_1_STBY_PWR_EN;
 233:.\Generated_Source\PSoC5/I2C_1_PM.c ****         CyExitCriticalSection(intState);
 234:.\Generated_Source\PSoC5/I2C_1_PM.c **** 
 235:.\Generated_Source\PSoC5/I2C_1_PM.c ****         /* Enable component in I2C_Wakeup() after register restore */
 236:.\Generated_Source\PSoC5/I2C_1_PM.c ****         I2C_1_backup.enableState = I2C_1_ENABLE;
 237:.\Generated_Source\PSoC5/I2C_1_PM.c ****     #endif /* (I2C_1_WAKEUP_ENABLED) */
 238:.\Generated_Source\PSoC5/I2C_1_PM.c **** 
 239:.\Generated_Source\PSoC5/I2C_1_PM.c ****         /* Restore component registers after Hibernate */
 240:.\Generated_Source\PSoC5/I2C_1_PM.c ****         I2C_1_XCFG_REG    = I2C_1_backup.xcfg;
 198              		.loc 1 240 0
 199 0040 0E4B     		ldr	r3, .L11+12
 200 0042 0D4A     		ldr	r2, .L11+8
 201 0044 5278     		ldrb	r2, [r2, #1]	@ zero_extendqisi2
 202 0046 1A70     		strb	r2, [r3]
 241:.\Generated_Source\PSoC5/I2C_1_PM.c ****         I2C_1_CFG_REG     = I2C_1_backup.cfg;
 203              		.loc 1 241 0
 204 0048 0A4B     		ldr	r3, .L11+4
 205 004a 0B4A     		ldr	r2, .L11+8
 206 004c 9278     		ldrb	r2, [r2, #2]	@ zero_extendqisi2
 207 004e 1A70     		strb	r2, [r3]
 242:.\Generated_Source\PSoC5/I2C_1_PM.c ****         I2C_1_ADDR_REG    = I2C_1_backup.addr;
 208              		.loc 1 242 0
 209 0050 0B4B     		ldr	r3, .L11+16
 210 0052 094A     		ldr	r2, .L11+8
 211 0054 D278     		ldrb	r2, [r2, #3]	@ zero_extendqisi2
 212 0056 1A70     		strb	r2, [r3]
 243:.\Generated_Source\PSoC5/I2C_1_PM.c ****         I2C_1_CLKDIV1_REG = I2C_1_backup.clkDiv1;
 213              		.loc 1 243 0
ARM GAS  C:\Users\RECEPC~1\AppData\Local\Temp\ccQ90guL.s 			page 9


 214 0058 0A4B     		ldr	r3, .L11+20
 215 005a 074A     		ldr	r2, .L11+8
 216 005c 1279     		ldrb	r2, [r2, #4]	@ zero_extendqisi2
 217 005e 1A70     		strb	r2, [r3]
 244:.\Generated_Source\PSoC5/I2C_1_PM.c ****         I2C_1_CLKDIV2_REG = I2C_1_backup.clkDiv2;
 218              		.loc 1 244 0
 219 0060 094B     		ldr	r3, .L11+24
 220 0062 054A     		ldr	r2, .L11+8
 221 0064 5279     		ldrb	r2, [r2, #5]	@ zero_extendqisi2
 222 0066 1A70     		strb	r2, [r3]
 223              	.L8:
 245:.\Generated_Source\PSoC5/I2C_1_PM.c ****     }
 246:.\Generated_Source\PSoC5/I2C_1_PM.c **** 
 247:.\Generated_Source\PSoC5/I2C_1_PM.c **** #if (I2C_1_WAKEUP_ENABLED)
 248:.\Generated_Source\PSoC5/I2C_1_PM.c ****     I2C_1_DisableInt();
 249:.\Generated_Source\PSoC5/I2C_1_PM.c ****     (void) CyIntSetVector(I2C_1_ISR_NUMBER, &I2C_1_ISR);
 250:.\Generated_Source\PSoC5/I2C_1_PM.c ****     if (0u != I2C_1_wakeupSource)
 251:.\Generated_Source\PSoC5/I2C_1_PM.c ****     {
 252:.\Generated_Source\PSoC5/I2C_1_PM.c ****         /* Generate interrupt to process incoming transaction */
 253:.\Generated_Source\PSoC5/I2C_1_PM.c ****         I2C_1_SetPendingInt();
 254:.\Generated_Source\PSoC5/I2C_1_PM.c ****     }
 255:.\Generated_Source\PSoC5/I2C_1_PM.c ****     I2C_1_EnableInt();
 256:.\Generated_Source\PSoC5/I2C_1_PM.c **** #endif /* (I2C_1_WAKEUP_ENABLED) */
 257:.\Generated_Source\PSoC5/I2C_1_PM.c **** 
 258:.\Generated_Source\PSoC5/I2C_1_PM.c **** #else
 259:.\Generated_Source\PSoC5/I2C_1_PM.c ****     I2C_1_CFG_REG = I2C_1_backup.control;
 260:.\Generated_Source\PSoC5/I2C_1_PM.c **** #endif /* (I2C_1_FF_IMPLEMENTED) */
 261:.\Generated_Source\PSoC5/I2C_1_PM.c **** 
 262:.\Generated_Source\PSoC5/I2C_1_PM.c **** #if (I2C_1_TIMEOUT_ENABLED)
 263:.\Generated_Source\PSoC5/I2C_1_PM.c ****     I2C_1_TimeoutRestoreConfig();
 264:.\Generated_Source\PSoC5/I2C_1_PM.c **** #endif /* (I2C_1_TIMEOUT_ENABLED) */
 265:.\Generated_Source\PSoC5/I2C_1_PM.c **** }
 224              		.loc 1 265 0
 225 0068 0837     		adds	r7, r7, #8
 226 006a BD46     		mov	sp, r7
 227              		@ sp needed
 228 006c 80BD     		pop	{r7, pc}
 229              	.L12:
 230 006e 00BF     		.align	2
 231              	.L11:
 232 0070 31430040 		.word	1073759025
 233 0074 D6490040 		.word	1073760726
 234 0078 00000000 		.word	I2C_1_backup
 235 007c C8490040 		.word	1073760712
 236 0080 CA490040 		.word	1073760714
 237 0084 DB490040 		.word	1073760731
 238 0088 DC490040 		.word	1073760732
 239              		.cfi_endproc
 240              	.LFE2:
 241              		.size	I2C_1_RestoreConfig, .-I2C_1_RestoreConfig
 242              		.section	.text.I2C_1_Wakeup,"ax",%progbits
 243              		.align	2
 244              		.global	I2C_1_Wakeup
 245              		.thumb
 246              		.thumb_func
 247              		.type	I2C_1_Wakeup, %function
 248              	I2C_1_Wakeup:
ARM GAS  C:\Users\RECEPC~1\AppData\Local\Temp\ccQ90guL.s 			page 10


 249              	.LFB3:
 266:.\Generated_Source\PSoC5/I2C_1_PM.c **** 
 267:.\Generated_Source\PSoC5/I2C_1_PM.c **** 
 268:.\Generated_Source\PSoC5/I2C_1_PM.c **** /*******************************************************************************
 269:.\Generated_Source\PSoC5/I2C_1_PM.c **** * Function Name: I2C_1_Wakeup
 270:.\Generated_Source\PSoC5/I2C_1_PM.c **** ********************************************************************************
 271:.\Generated_Source\PSoC5/I2C_1_PM.c **** *
 272:.\Generated_Source\PSoC5/I2C_1_PM.c **** * Summary:
 273:.\Generated_Source\PSoC5/I2C_1_PM.c **** *  This is the preferred method to prepare the component for active mode
 274:.\Generated_Source\PSoC5/I2C_1_PM.c **** *  operation (when device exits sleep mode). The Enable wakeup from Sleep Mode
 275:.\Generated_Source\PSoC5/I2C_1_PM.c **** *  selection influences this function implementation:
 276:.\Generated_Source\PSoC5/I2C_1_PM.c **** *   Unchecked: Restores the component non-retention configuration registers
 277:.\Generated_Source\PSoC5/I2C_1_PM.c **** *              by calling I2C_RestoreConfig(). If the component was enabled
 278:.\Generated_Source\PSoC5/I2C_1_PM.c **** *              before the I2C_Sleep() function was called, I2C_Wakeup()
 279:.\Generated_Source\PSoC5/I2C_1_PM.c **** *              re-enables it.
 280:.\Generated_Source\PSoC5/I2C_1_PM.c **** *   Checked:   Enables  master functionality if it was enabled before sleep,
 281:.\Generated_Source\PSoC5/I2C_1_PM.c **** *              and disables the backup regulator of the I2C hardware.
 282:.\Generated_Source\PSoC5/I2C_1_PM.c **** *              The incoming transaction continues as soon as the regular
 283:.\Generated_Source\PSoC5/I2C_1_PM.c **** *              I2C interrupt handler is set up (global interrupts has to be
 284:.\Generated_Source\PSoC5/I2C_1_PM.c **** *              enabled to service I2C component interrupt).
 285:.\Generated_Source\PSoC5/I2C_1_PM.c **** *
 286:.\Generated_Source\PSoC5/I2C_1_PM.c **** * Parameters:
 287:.\Generated_Source\PSoC5/I2C_1_PM.c **** *  None.
 288:.\Generated_Source\PSoC5/I2C_1_PM.c **** *
 289:.\Generated_Source\PSoC5/I2C_1_PM.c **** * Return:
 290:.\Generated_Source\PSoC5/I2C_1_PM.c **** *  None.
 291:.\Generated_Source\PSoC5/I2C_1_PM.c **** *
 292:.\Generated_Source\PSoC5/I2C_1_PM.c **** * Reentrant:
 293:.\Generated_Source\PSoC5/I2C_1_PM.c **** *  No.
 294:.\Generated_Source\PSoC5/I2C_1_PM.c **** *
 295:.\Generated_Source\PSoC5/I2C_1_PM.c **** * Side Effects:
 296:.\Generated_Source\PSoC5/I2C_1_PM.c **** *  Calling this function before I2C_1_SaveConfig() or
 297:.\Generated_Source\PSoC5/I2C_1_PM.c **** *  I2C_1_Sleep() will lead to unpredictable results.
 298:.\Generated_Source\PSoC5/I2C_1_PM.c **** *
 299:.\Generated_Source\PSoC5/I2C_1_PM.c **** *******************************************************************************/
 300:.\Generated_Source\PSoC5/I2C_1_PM.c **** void I2C_1_Wakeup(void) 
 301:.\Generated_Source\PSoC5/I2C_1_PM.c **** {
 250              		.loc 1 301 0
 251              		.cfi_startproc
 252              		@ args = 0, pretend = 0, frame = 0
 253              		@ frame_needed = 1, uses_anonymous_args = 0
 254 0000 80B5     		push	{r7, lr}
 255              		.cfi_def_cfa_offset 8
 256              		.cfi_offset 7, -8
 257              		.cfi_offset 14, -4
 258 0002 00AF     		add	r7, sp, #0
 259              		.cfi_def_cfa_register 7
 302:.\Generated_Source\PSoC5/I2C_1_PM.c ****     I2C_1_RestoreConfig();
 260              		.loc 1 302 0
 261 0004 FFF7FEFF 		bl	I2C_1_RestoreConfig
 303:.\Generated_Source\PSoC5/I2C_1_PM.c **** 
 304:.\Generated_Source\PSoC5/I2C_1_PM.c ****     /* Restore component enable state */
 305:.\Generated_Source\PSoC5/I2C_1_PM.c ****     if (0u != I2C_1_backup.enableState)
 262              		.loc 1 305 0
 263 0008 054B     		ldr	r3, .L15
 264 000a 1B78     		ldrb	r3, [r3]	@ zero_extendqisi2
 265 000c 002B     		cmp	r3, #0
ARM GAS  C:\Users\RECEPC~1\AppData\Local\Temp\ccQ90guL.s 			page 11


 266 000e 05D0     		beq	.L13
 306:.\Generated_Source\PSoC5/I2C_1_PM.c ****     {
 307:.\Generated_Source\PSoC5/I2C_1_PM.c ****         I2C_1_Enable();
 267              		.loc 1 307 0
 268 0010 FFF7FEFF 		bl	I2C_1_Enable
 308:.\Generated_Source\PSoC5/I2C_1_PM.c ****         I2C_1_EnableInt();
 269              		.loc 1 308 0
 270 0014 034B     		ldr	r3, .L15+4
 271 0016 4FF40042 		mov	r2, #32768
 272 001a 1A60     		str	r2, [r3]
 273              	.L13:
 309:.\Generated_Source\PSoC5/I2C_1_PM.c ****     }
 310:.\Generated_Source\PSoC5/I2C_1_PM.c ****     else
 311:.\Generated_Source\PSoC5/I2C_1_PM.c ****     {
 312:.\Generated_Source\PSoC5/I2C_1_PM.c ****     #if (I2C_1_TIMEOUT_ENABLED)
 313:.\Generated_Source\PSoC5/I2C_1_PM.c ****         I2C_1_TimeoutEnable();
 314:.\Generated_Source\PSoC5/I2C_1_PM.c ****     #endif /* (I2C_1_TIMEOUT_ENABLED) */
 315:.\Generated_Source\PSoC5/I2C_1_PM.c ****     }
 316:.\Generated_Source\PSoC5/I2C_1_PM.c **** }
 274              		.loc 1 316 0
 275 001c 80BD     		pop	{r7, pc}
 276              	.L16:
 277 001e 00BF     		.align	2
 278              	.L15:
 279 0020 00000000 		.word	I2C_1_backup
 280 0024 00E100E0 		.word	-536813312
 281              		.cfi_endproc
 282              	.LFE3:
 283              		.size	I2C_1_Wakeup, .-I2C_1_Wakeup
 284              		.text
 285              	.Letext0:
 286              		.file 2 ".\\Generated_Source\\PSoC5\\cytypes.h"
 287              		.file 3 ".\\Generated_Source\\PSoC5\\I2C_1.h"
 288              		.section	.debug_info,"",%progbits
 289              	.Ldebug_info0:
 290 0000 8C010000 		.4byte	0x18c
 291 0004 0400     		.2byte	0x4
 292 0006 00000000 		.4byte	.Ldebug_abbrev0
 293 000a 04       		.byte	0x4
 294 000b 01       		.uleb128 0x1
 295 000c 0D010000 		.4byte	.LASF27
 296 0010 01       		.byte	0x1
 297 0011 27000000 		.4byte	.LASF28
 298 0015 AA010000 		.4byte	.LASF29
 299 0019 00000000 		.4byte	.Ldebug_ranges0+0
 300 001d 00000000 		.4byte	0
 301 0021 00000000 		.4byte	.Ldebug_line0
 302 0025 02       		.uleb128 0x2
 303 0026 01       		.byte	0x1
 304 0027 06       		.byte	0x6
 305 0028 13020000 		.4byte	.LASF0
 306 002c 02       		.uleb128 0x2
 307 002d 01       		.byte	0x1
 308 002e 08       		.byte	0x8
 309 002f 85000000 		.4byte	.LASF1
 310 0033 02       		.uleb128 0x2
 311 0034 02       		.byte	0x2
ARM GAS  C:\Users\RECEPC~1\AppData\Local\Temp\ccQ90guL.s 			page 12


 312 0035 05       		.byte	0x5
 313 0036 EE010000 		.4byte	.LASF2
 314 003a 02       		.uleb128 0x2
 315 003b 02       		.byte	0x2
 316 003c 07       		.byte	0x7
 317 003d 4B000000 		.4byte	.LASF3
 318 0041 02       		.uleb128 0x2
 319 0042 04       		.byte	0x4
 320 0043 05       		.byte	0x5
 321 0044 FE010000 		.4byte	.LASF4
 322 0048 02       		.uleb128 0x2
 323 0049 04       		.byte	0x4
 324 004a 07       		.byte	0x7
 325 004b 98000000 		.4byte	.LASF5
 326 004f 02       		.uleb128 0x2
 327 0050 08       		.byte	0x8
 328 0051 05       		.byte	0x5
 329 0052 92010000 		.4byte	.LASF6
 330 0056 02       		.uleb128 0x2
 331 0057 08       		.byte	0x8
 332 0058 07       		.byte	0x7
 333 0059 E6000000 		.4byte	.LASF7
 334 005d 03       		.uleb128 0x3
 335 005e 04       		.byte	0x4
 336 005f 05       		.byte	0x5
 337 0060 696E7400 		.ascii	"int\000"
 338 0064 02       		.uleb128 0x2
 339 0065 04       		.byte	0x4
 340 0066 07       		.byte	0x7
 341 0067 CD000000 		.4byte	.LASF8
 342 006b 04       		.uleb128 0x4
 343 006c F8010000 		.4byte	.LASF9
 344 0070 02       		.byte	0x2
 345 0071 B4       		.byte	0xb4
 346 0072 2C000000 		.4byte	0x2c
 347 0076 04       		.uleb128 0x4
 348 0077 B6000000 		.4byte	.LASF10
 349 007b 02       		.byte	0x2
 350 007c B5       		.byte	0xb5
 351 007d 3A000000 		.4byte	0x3a
 352 0081 04       		.uleb128 0x4
 353 0082 BD000000 		.4byte	.LASF11
 354 0086 02       		.byte	0x2
 355 0087 B6       		.byte	0xb6
 356 0088 48000000 		.4byte	0x48
 357 008c 02       		.uleb128 0x2
 358 008d 04       		.byte	0x4
 359 008e 04       		.byte	0x4
 360 008f 7F000000 		.4byte	.LASF12
 361 0093 02       		.uleb128 0x2
 362 0094 08       		.byte	0x8
 363 0095 04       		.byte	0x4
 364 0096 AF000000 		.4byte	.LASF13
 365 009a 02       		.uleb128 0x2
 366 009b 01       		.byte	0x1
 367 009c 08       		.byte	0x8
 368 009d A0010000 		.4byte	.LASF14
ARM GAS  C:\Users\RECEPC~1\AppData\Local\Temp\ccQ90guL.s 			page 13


 369 00a1 05       		.uleb128 0x5
 370 00a2 93000000 		.4byte	.LASF15
 371 00a6 02       		.byte	0x2
 372 00a7 5E01     		.2byte	0x15e
 373 00a9 AD000000 		.4byte	0xad
 374 00ad 06       		.uleb128 0x6
 375 00ae 6B000000 		.4byte	0x6b
 376 00b2 05       		.uleb128 0x5
 377 00b3 00000000 		.4byte	.LASF16
 378 00b7 02       		.byte	0x2
 379 00b8 6001     		.2byte	0x160
 380 00ba BE000000 		.4byte	0xbe
 381 00be 06       		.uleb128 0x6
 382 00bf 81000000 		.4byte	0x81
 383 00c3 02       		.uleb128 0x2
 384 00c4 04       		.byte	0x4
 385 00c5 07       		.byte	0x7
 386 00c6 89010000 		.4byte	.LASF17
 387 00ca 07       		.uleb128 0x7
 388 00cb 06       		.byte	0x6
 389 00cc 03       		.byte	0x3
 390 00cd 76       		.byte	0x76
 391 00ce 1B010000 		.4byte	0x11b
 392 00d2 08       		.uleb128 0x8
 393 00d3 07020000 		.4byte	.LASF18
 394 00d7 03       		.byte	0x3
 395 00d8 78       		.byte	0x78
 396 00d9 6B000000 		.4byte	0x6b
 397 00dd 00       		.byte	0
 398 00de 08       		.uleb128 0x8
 399 00df A5010000 		.4byte	.LASF19
 400 00e3 03       		.byte	0x3
 401 00e4 7B       		.byte	0x7b
 402 00e5 6B000000 		.4byte	0x6b
 403 00e9 01       		.byte	0x1
 404 00ea 09       		.uleb128 0x9
 405 00eb 63666700 		.ascii	"cfg\000"
 406 00ef 03       		.byte	0x3
 407 00f0 7C       		.byte	0x7c
 408 00f1 6B000000 		.4byte	0x6b
 409 00f5 02       		.byte	0x2
 410 00f6 08       		.uleb128 0x8
 411 00f7 AA000000 		.4byte	.LASF20
 412 00fb 03       		.byte	0x3
 413 00fc 7D       		.byte	0x7d
 414 00fd 6B000000 		.4byte	0x6b
 415 0101 03       		.byte	0x3
 416 0102 08       		.uleb128 0x8
 417 0103 FD000000 		.4byte	.LASF21
 418 0107 03       		.byte	0x3
 419 0108 7E       		.byte	0x7e
 420 0109 6B000000 		.4byte	0x6b
 421 010d 04       		.byte	0x4
 422 010e 08       		.uleb128 0x8
 423 010f 05010000 		.4byte	.LASF22
 424 0113 03       		.byte	0x3
 425 0114 7F       		.byte	0x7f
ARM GAS  C:\Users\RECEPC~1\AppData\Local\Temp\ccQ90guL.s 			page 14


 426 0115 6B000000 		.4byte	0x6b
 427 0119 05       		.byte	0x5
 428 011a 00       		.byte	0
 429 011b 04       		.uleb128 0x4
 430 011c 06000000 		.4byte	.LASF23
 431 0120 03       		.byte	0x3
 432 0121 89       		.byte	0x89
 433 0122 CA000000 		.4byte	0xca
 434 0126 0A       		.uleb128 0xa
 435 0127 1F020000 		.4byte	.LASF24
 436 012b 01       		.byte	0x1
 437 012c 48       		.byte	0x48
 438 012d 00000000 		.4byte	.LFB0
 439 0131 58000000 		.4byte	.LFE0-.LFB0
 440 0135 01       		.uleb128 0x1
 441 0136 9C       		.byte	0x9c
 442 0137 0B       		.uleb128 0xb
 443 0138 DA000000 		.4byte	.LASF25
 444 013c 01       		.byte	0x1
 445 013d 97       		.byte	0x97
 446 013e 00000000 		.4byte	.LFB1
 447 0142 38000000 		.4byte	.LFE1-.LFB1
 448 0146 01       		.uleb128 0x1
 449 0147 9C       		.byte	0x9c
 450 0148 0C       		.uleb128 0xc
 451 0149 6B000000 		.4byte	.LASF30
 452 014d 01       		.byte	0x1
 453 014e D1       		.byte	0xd1
 454 014f 00000000 		.4byte	.LFB2
 455 0153 8C000000 		.4byte	.LFE2-.LFB2
 456 0157 01       		.uleb128 0x1
 457 0158 9C       		.byte	0x9c
 458 0159 6C010000 		.4byte	0x16c
 459 015d 0D       		.uleb128 0xd
 460 015e C4000000 		.4byte	.LASF31
 461 0162 01       		.byte	0x1
 462 0163 D4       		.byte	0xd4
 463 0164 6B000000 		.4byte	0x6b
 464 0168 02       		.uleb128 0x2
 465 0169 91       		.byte	0x91
 466 016a 77       		.sleb128 -9
 467 016b 00       		.byte	0
 468 016c 0E       		.uleb128 0xe
 469 016d 5E000000 		.4byte	.LASF26
 470 0171 01       		.byte	0x1
 471 0172 2C01     		.2byte	0x12c
 472 0174 00000000 		.4byte	.LFB3
 473 0178 28000000 		.4byte	.LFE3-.LFB3
 474 017c 01       		.uleb128 0x1
 475 017d 9C       		.byte	0x9c
 476 017e 0F       		.uleb128 0xf
 477 017f 1A000000 		.4byte	.LASF32
 478 0183 01       		.byte	0x1
 479 0184 11       		.byte	0x11
 480 0185 1B010000 		.4byte	0x11b
 481 0189 05       		.uleb128 0x5
 482 018a 03       		.byte	0x3
ARM GAS  C:\Users\RECEPC~1\AppData\Local\Temp\ccQ90guL.s 			page 15


 483 018b 00000000 		.4byte	I2C_1_backup
 484 018f 00       		.byte	0
 485              		.section	.debug_abbrev,"",%progbits
 486              	.Ldebug_abbrev0:
 487 0000 01       		.uleb128 0x1
 488 0001 11       		.uleb128 0x11
 489 0002 01       		.byte	0x1
 490 0003 25       		.uleb128 0x25
 491 0004 0E       		.uleb128 0xe
 492 0005 13       		.uleb128 0x13
 493 0006 0B       		.uleb128 0xb
 494 0007 03       		.uleb128 0x3
 495 0008 0E       		.uleb128 0xe
 496 0009 1B       		.uleb128 0x1b
 497 000a 0E       		.uleb128 0xe
 498 000b 55       		.uleb128 0x55
 499 000c 17       		.uleb128 0x17
 500 000d 11       		.uleb128 0x11
 501 000e 01       		.uleb128 0x1
 502 000f 10       		.uleb128 0x10
 503 0010 17       		.uleb128 0x17
 504 0011 00       		.byte	0
 505 0012 00       		.byte	0
 506 0013 02       		.uleb128 0x2
 507 0014 24       		.uleb128 0x24
 508 0015 00       		.byte	0
 509 0016 0B       		.uleb128 0xb
 510 0017 0B       		.uleb128 0xb
 511 0018 3E       		.uleb128 0x3e
 512 0019 0B       		.uleb128 0xb
 513 001a 03       		.uleb128 0x3
 514 001b 0E       		.uleb128 0xe
 515 001c 00       		.byte	0
 516 001d 00       		.byte	0
 517 001e 03       		.uleb128 0x3
 518 001f 24       		.uleb128 0x24
 519 0020 00       		.byte	0
 520 0021 0B       		.uleb128 0xb
 521 0022 0B       		.uleb128 0xb
 522 0023 3E       		.uleb128 0x3e
 523 0024 0B       		.uleb128 0xb
 524 0025 03       		.uleb128 0x3
 525 0026 08       		.uleb128 0x8
 526 0027 00       		.byte	0
 527 0028 00       		.byte	0
 528 0029 04       		.uleb128 0x4
 529 002a 16       		.uleb128 0x16
 530 002b 00       		.byte	0
 531 002c 03       		.uleb128 0x3
 532 002d 0E       		.uleb128 0xe
 533 002e 3A       		.uleb128 0x3a
 534 002f 0B       		.uleb128 0xb
 535 0030 3B       		.uleb128 0x3b
 536 0031 0B       		.uleb128 0xb
 537 0032 49       		.uleb128 0x49
 538 0033 13       		.uleb128 0x13
 539 0034 00       		.byte	0
ARM GAS  C:\Users\RECEPC~1\AppData\Local\Temp\ccQ90guL.s 			page 16


 540 0035 00       		.byte	0
 541 0036 05       		.uleb128 0x5
 542 0037 16       		.uleb128 0x16
 543 0038 00       		.byte	0
 544 0039 03       		.uleb128 0x3
 545 003a 0E       		.uleb128 0xe
 546 003b 3A       		.uleb128 0x3a
 547 003c 0B       		.uleb128 0xb
 548 003d 3B       		.uleb128 0x3b
 549 003e 05       		.uleb128 0x5
 550 003f 49       		.uleb128 0x49
 551 0040 13       		.uleb128 0x13
 552 0041 00       		.byte	0
 553 0042 00       		.byte	0
 554 0043 06       		.uleb128 0x6
 555 0044 35       		.uleb128 0x35
 556 0045 00       		.byte	0
 557 0046 49       		.uleb128 0x49
 558 0047 13       		.uleb128 0x13
 559 0048 00       		.byte	0
 560 0049 00       		.byte	0
 561 004a 07       		.uleb128 0x7
 562 004b 13       		.uleb128 0x13
 563 004c 01       		.byte	0x1
 564 004d 0B       		.uleb128 0xb
 565 004e 0B       		.uleb128 0xb
 566 004f 3A       		.uleb128 0x3a
 567 0050 0B       		.uleb128 0xb
 568 0051 3B       		.uleb128 0x3b
 569 0052 0B       		.uleb128 0xb
 570 0053 01       		.uleb128 0x1
 571 0054 13       		.uleb128 0x13
 572 0055 00       		.byte	0
 573 0056 00       		.byte	0
 574 0057 08       		.uleb128 0x8
 575 0058 0D       		.uleb128 0xd
 576 0059 00       		.byte	0
 577 005a 03       		.uleb128 0x3
 578 005b 0E       		.uleb128 0xe
 579 005c 3A       		.uleb128 0x3a
 580 005d 0B       		.uleb128 0xb
 581 005e 3B       		.uleb128 0x3b
 582 005f 0B       		.uleb128 0xb
 583 0060 49       		.uleb128 0x49
 584 0061 13       		.uleb128 0x13
 585 0062 38       		.uleb128 0x38
 586 0063 0B       		.uleb128 0xb
 587 0064 00       		.byte	0
 588 0065 00       		.byte	0
 589 0066 09       		.uleb128 0x9
 590 0067 0D       		.uleb128 0xd
 591 0068 00       		.byte	0
 592 0069 03       		.uleb128 0x3
 593 006a 08       		.uleb128 0x8
 594 006b 3A       		.uleb128 0x3a
 595 006c 0B       		.uleb128 0xb
 596 006d 3B       		.uleb128 0x3b
ARM GAS  C:\Users\RECEPC~1\AppData\Local\Temp\ccQ90guL.s 			page 17


 597 006e 0B       		.uleb128 0xb
 598 006f 49       		.uleb128 0x49
 599 0070 13       		.uleb128 0x13
 600 0071 38       		.uleb128 0x38
 601 0072 0B       		.uleb128 0xb
 602 0073 00       		.byte	0
 603 0074 00       		.byte	0
 604 0075 0A       		.uleb128 0xa
 605 0076 2E       		.uleb128 0x2e
 606 0077 00       		.byte	0
 607 0078 3F       		.uleb128 0x3f
 608 0079 19       		.uleb128 0x19
 609 007a 03       		.uleb128 0x3
 610 007b 0E       		.uleb128 0xe
 611 007c 3A       		.uleb128 0x3a
 612 007d 0B       		.uleb128 0xb
 613 007e 3B       		.uleb128 0x3b
 614 007f 0B       		.uleb128 0xb
 615 0080 27       		.uleb128 0x27
 616 0081 19       		.uleb128 0x19
 617 0082 11       		.uleb128 0x11
 618 0083 01       		.uleb128 0x1
 619 0084 12       		.uleb128 0x12
 620 0085 06       		.uleb128 0x6
 621 0086 40       		.uleb128 0x40
 622 0087 18       		.uleb128 0x18
 623 0088 9742     		.uleb128 0x2117
 624 008a 19       		.uleb128 0x19
 625 008b 00       		.byte	0
 626 008c 00       		.byte	0
 627 008d 0B       		.uleb128 0xb
 628 008e 2E       		.uleb128 0x2e
 629 008f 00       		.byte	0
 630 0090 3F       		.uleb128 0x3f
 631 0091 19       		.uleb128 0x19
 632 0092 03       		.uleb128 0x3
 633 0093 0E       		.uleb128 0xe
 634 0094 3A       		.uleb128 0x3a
 635 0095 0B       		.uleb128 0xb
 636 0096 3B       		.uleb128 0x3b
 637 0097 0B       		.uleb128 0xb
 638 0098 27       		.uleb128 0x27
 639 0099 19       		.uleb128 0x19
 640 009a 11       		.uleb128 0x11
 641 009b 01       		.uleb128 0x1
 642 009c 12       		.uleb128 0x12
 643 009d 06       		.uleb128 0x6
 644 009e 40       		.uleb128 0x40
 645 009f 18       		.uleb128 0x18
 646 00a0 9642     		.uleb128 0x2116
 647 00a2 19       		.uleb128 0x19
 648 00a3 00       		.byte	0
 649 00a4 00       		.byte	0
 650 00a5 0C       		.uleb128 0xc
 651 00a6 2E       		.uleb128 0x2e
 652 00a7 01       		.byte	0x1
 653 00a8 3F       		.uleb128 0x3f
ARM GAS  C:\Users\RECEPC~1\AppData\Local\Temp\ccQ90guL.s 			page 18


 654 00a9 19       		.uleb128 0x19
 655 00aa 03       		.uleb128 0x3
 656 00ab 0E       		.uleb128 0xe
 657 00ac 3A       		.uleb128 0x3a
 658 00ad 0B       		.uleb128 0xb
 659 00ae 3B       		.uleb128 0x3b
 660 00af 0B       		.uleb128 0xb
 661 00b0 27       		.uleb128 0x27
 662 00b1 19       		.uleb128 0x19
 663 00b2 11       		.uleb128 0x11
 664 00b3 01       		.uleb128 0x1
 665 00b4 12       		.uleb128 0x12
 666 00b5 06       		.uleb128 0x6
 667 00b6 40       		.uleb128 0x40
 668 00b7 18       		.uleb128 0x18
 669 00b8 9642     		.uleb128 0x2116
 670 00ba 19       		.uleb128 0x19
 671 00bb 01       		.uleb128 0x1
 672 00bc 13       		.uleb128 0x13
 673 00bd 00       		.byte	0
 674 00be 00       		.byte	0
 675 00bf 0D       		.uleb128 0xd
 676 00c0 34       		.uleb128 0x34
 677 00c1 00       		.byte	0
 678 00c2 03       		.uleb128 0x3
 679 00c3 0E       		.uleb128 0xe
 680 00c4 3A       		.uleb128 0x3a
 681 00c5 0B       		.uleb128 0xb
 682 00c6 3B       		.uleb128 0x3b
 683 00c7 0B       		.uleb128 0xb
 684 00c8 49       		.uleb128 0x49
 685 00c9 13       		.uleb128 0x13
 686 00ca 02       		.uleb128 0x2
 687 00cb 18       		.uleb128 0x18
 688 00cc 00       		.byte	0
 689 00cd 00       		.byte	0
 690 00ce 0E       		.uleb128 0xe
 691 00cf 2E       		.uleb128 0x2e
 692 00d0 00       		.byte	0
 693 00d1 3F       		.uleb128 0x3f
 694 00d2 19       		.uleb128 0x19
 695 00d3 03       		.uleb128 0x3
 696 00d4 0E       		.uleb128 0xe
 697 00d5 3A       		.uleb128 0x3a
 698 00d6 0B       		.uleb128 0xb
 699 00d7 3B       		.uleb128 0x3b
 700 00d8 05       		.uleb128 0x5
 701 00d9 27       		.uleb128 0x27
 702 00da 19       		.uleb128 0x19
 703 00db 11       		.uleb128 0x11
 704 00dc 01       		.uleb128 0x1
 705 00dd 12       		.uleb128 0x12
 706 00de 06       		.uleb128 0x6
 707 00df 40       		.uleb128 0x40
 708 00e0 18       		.uleb128 0x18
 709 00e1 9642     		.uleb128 0x2116
 710 00e3 19       		.uleb128 0x19
ARM GAS  C:\Users\RECEPC~1\AppData\Local\Temp\ccQ90guL.s 			page 19


 711 00e4 00       		.byte	0
 712 00e5 00       		.byte	0
 713 00e6 0F       		.uleb128 0xf
 714 00e7 34       		.uleb128 0x34
 715 00e8 00       		.byte	0
 716 00e9 03       		.uleb128 0x3
 717 00ea 0E       		.uleb128 0xe
 718 00eb 3A       		.uleb128 0x3a
 719 00ec 0B       		.uleb128 0xb
 720 00ed 3B       		.uleb128 0x3b
 721 00ee 0B       		.uleb128 0xb
 722 00ef 49       		.uleb128 0x49
 723 00f0 13       		.uleb128 0x13
 724 00f1 3F       		.uleb128 0x3f
 725 00f2 19       		.uleb128 0x19
 726 00f3 02       		.uleb128 0x2
 727 00f4 18       		.uleb128 0x18
 728 00f5 00       		.byte	0
 729 00f6 00       		.byte	0
 730 00f7 00       		.byte	0
 731              		.section	.debug_aranges,"",%progbits
 732 0000 34000000 		.4byte	0x34
 733 0004 0200     		.2byte	0x2
 734 0006 00000000 		.4byte	.Ldebug_info0
 735 000a 04       		.byte	0x4
 736 000b 00       		.byte	0
 737 000c 0000     		.2byte	0
 738 000e 0000     		.2byte	0
 739 0010 00000000 		.4byte	.LFB0
 740 0014 58000000 		.4byte	.LFE0-.LFB0
 741 0018 00000000 		.4byte	.LFB1
 742 001c 38000000 		.4byte	.LFE1-.LFB1
 743 0020 00000000 		.4byte	.LFB2
 744 0024 8C000000 		.4byte	.LFE2-.LFB2
 745 0028 00000000 		.4byte	.LFB3
 746 002c 28000000 		.4byte	.LFE3-.LFB3
 747 0030 00000000 		.4byte	0
 748 0034 00000000 		.4byte	0
 749              		.section	.debug_ranges,"",%progbits
 750              	.Ldebug_ranges0:
 751 0000 00000000 		.4byte	.LFB0
 752 0004 58000000 		.4byte	.LFE0
 753 0008 00000000 		.4byte	.LFB1
 754 000c 38000000 		.4byte	.LFE1
 755 0010 00000000 		.4byte	.LFB2
 756 0014 8C000000 		.4byte	.LFE2
 757 0018 00000000 		.4byte	.LFB3
 758 001c 28000000 		.4byte	.LFE3
 759 0020 00000000 		.4byte	0
 760 0024 00000000 		.4byte	0
 761              		.section	.debug_line,"",%progbits
 762              	.Ldebug_line0:
 763 0000 BA000000 		.section	.debug_str,"MS",%progbits,1
 763      02005200 
 763      00000201 
 763      FB0E0D00 
 763      01010101 
ARM GAS  C:\Users\RECEPC~1\AppData\Local\Temp\ccQ90guL.s 			page 20


 764              	.LASF16:
 765 0000 72656733 		.ascii	"reg32\000"
 765      3200
 766              	.LASF23:
 767 0006 4932435F 		.ascii	"I2C_1_BACKUP_STRUCT\000"
 767      315F4241 
 767      434B5550 
 767      5F535452 
 767      55435400 
 768              	.LASF32:
 769 001a 4932435F 		.ascii	"I2C_1_backup\000"
 769      315F6261 
 769      636B7570 
 769      00
 770              	.LASF28:
 771 0027 2E5C4765 		.ascii	".\\Generated_Source\\PSoC5\\I2C_1_PM.c\000"
 771      6E657261 
 771      7465645F 
 771      536F7572 
 771      63655C50 
 772              	.LASF3:
 773 004b 73686F72 		.ascii	"short unsigned int\000"
 773      7420756E 
 773      7369676E 
 773      65642069 
 773      6E7400
 774              	.LASF26:
 775 005e 4932435F 		.ascii	"I2C_1_Wakeup\000"
 775      315F5761 
 775      6B657570 
 775      00
 776              	.LASF30:
 777 006b 4932435F 		.ascii	"I2C_1_RestoreConfig\000"
 777      315F5265 
 777      73746F72 
 777      65436F6E 
 777      66696700 
 778              	.LASF12:
 779 007f 666C6F61 		.ascii	"float\000"
 779      7400
 780              	.LASF1:
 781 0085 756E7369 		.ascii	"unsigned char\000"
 781      676E6564 
 781      20636861 
 781      7200
 782              	.LASF15:
 783 0093 72656738 		.ascii	"reg8\000"
 783      00
 784              	.LASF5:
 785 0098 6C6F6E67 		.ascii	"long unsigned int\000"
 785      20756E73 
 785      69676E65 
 785      6420696E 
 785      7400
 786              	.LASF20:
 787 00aa 61646472 		.ascii	"addr\000"
 787      00
ARM GAS  C:\Users\RECEPC~1\AppData\Local\Temp\ccQ90guL.s 			page 21


 788              	.LASF13:
 789 00af 646F7562 		.ascii	"double\000"
 789      6C6500
 790              	.LASF10:
 791 00b6 75696E74 		.ascii	"uint16\000"
 791      313600
 792              	.LASF11:
 793 00bd 75696E74 		.ascii	"uint32\000"
 793      333200
 794              	.LASF31:
 795 00c4 696E7453 		.ascii	"intState\000"
 795      74617465 
 795      00
 796              	.LASF8:
 797 00cd 756E7369 		.ascii	"unsigned int\000"
 797      676E6564 
 797      20696E74 
 797      00
 798              	.LASF25:
 799 00da 4932435F 		.ascii	"I2C_1_Sleep\000"
 799      315F536C 
 799      65657000 
 800              	.LASF7:
 801 00e6 6C6F6E67 		.ascii	"long long unsigned int\000"
 801      206C6F6E 
 801      6720756E 
 801      7369676E 
 801      65642069 
 802              	.LASF21:
 803 00fd 636C6B44 		.ascii	"clkDiv1\000"
 803      69763100 
 804              	.LASF22:
 805 0105 636C6B44 		.ascii	"clkDiv2\000"
 805      69763200 
 806              	.LASF27:
 807 010d 474E5520 		.ascii	"GNU C 4.8.4 20140526 (release) [ARM/embedded-4_8-br"
 807      4320342E 
 807      382E3420 
 807      32303134 
 807      30353236 
 808 0140 616E6368 		.ascii	"anch revision 211358] -mcpu=cortex-m3 -mthumb -g -O"
 808      20726576 
 808      6973696F 
 808      6E203231 
 808      31333538 
 809 0173 30202D66 		.ascii	"0 -ffunction-sections\000"
 809      66756E63 
 809      74696F6E 
 809      2D736563 
 809      74696F6E 
 810              	.LASF17:
 811 0189 73697A65 		.ascii	"sizetype\000"
 811      74797065 
 811      00
 812              	.LASF6:
 813 0192 6C6F6E67 		.ascii	"long long int\000"
 813      206C6F6E 
ARM GAS  C:\Users\RECEPC~1\AppData\Local\Temp\ccQ90guL.s 			page 22


 813      6720696E 
 813      7400
 814              	.LASF14:
 815 01a0 63686172 		.ascii	"char\000"
 815      00
 816              	.LASF19:
 817 01a5 78636667 		.ascii	"xcfg\000"
 817      00
 818              	.LASF29:
 819 01aa 433A5C55 		.ascii	"C:\\Users\\Recepcion\\Desktop\\BEAGLE\\Programa\\Pr"
 819      73657273 
 819      5C526563 
 819      65706369 
 819      6F6E5C44 
 820 01d7 75656261 		.ascii	"ueba_Autogas\\BBB.cydsn\000"
 820      5F417574 
 820      6F676173 
 820      5C424242 
 820      2E637964 
 821              	.LASF2:
 822 01ee 73686F72 		.ascii	"short int\000"
 822      7420696E 
 822      7400
 823              	.LASF9:
 824 01f8 75696E74 		.ascii	"uint8\000"
 824      3800
 825              	.LASF4:
 826 01fe 6C6F6E67 		.ascii	"long int\000"
 826      20696E74 
 826      00
 827              	.LASF18:
 828 0207 656E6162 		.ascii	"enableState\000"
 828      6C655374 
 828      61746500 
 829              	.LASF0:
 830 0213 7369676E 		.ascii	"signed char\000"
 830      65642063 
 830      68617200 
 831              	.LASF24:
 832 021f 4932435F 		.ascii	"I2C_1_SaveConfig\000"
 832      315F5361 
 832      7665436F 
 832      6E666967 
 832      00
 833              		.ident	"GCC: (GNU Tools for ARM Embedded Processors) 4.8.4 20140526 (release) [ARM/embedded-4_8-br
