#***************************************************************************

#sjplacer

#Version:            1.1

#Build Date:         Oct  1 2015 13:46:59

<<<<<<< HEAD
#File Generated:     Oct 11 2016 07:49:07
=======
#File Generated:     Nov 8 2016 10:02:40
>>>>>>> FleetSimplificado

#Purpose:            

#Copyright (C) 2010-2011 by Softjin Technologies Pvt Ltd. All rights reserved.

#***************************************************************************

Executing : C:\Program Files (x86)\Cypress\PSoC Creator\3.3\PSoC Creator\bin/sjplacer.exe --proj-name BBB --netlist-vh2 BBB_p.vh2 --arch-file C:\Program Files (x86)\Cypress\PSoC Creator\3.3\PSoC Creator\dev/arch/p35_udb4x6.ark --rrg-file C:\Program Files (x86)\Cypress\PSoC Creator\3.3\PSoC Creator\dev/psoc5/psoc5lp/route_arch-rrg.cydata --irq-file C:\Program Files (x86)\Cypress\PSoC Creator\3.3\PSoC Creator\dev/psoc5/psoc5lp/irqconn.cydata --drq-file C:\Program Files (x86)\Cypress\PSoC Creator\3.3\PSoC Creator\dev/psoc5/psoc5lp/dmaconn.cydata --dsi-conn-file C:\Program Files (x86)\Cypress\PSoC Creator\3.3\PSoC Creator\dev/psoc5/psoc5lp/dsiconn.cydata --pins-file pins_100-TQFP.xml --lib-file BBB_p.lib --sdc-file BBB.sdc --io-pcf BBB.pci --outdir .

		Softjin Techologies Placer, Version 1.1

Build Date : Oct  1 2015	13:44:59

D2004: Option and Settings Summary
=============================================================
Netlist vh2 file          - BBB_p.vh2
Architecture file         - C:\Program Files (x86)\Cypress\PSoC Creator\3.3\PSoC Creator\dev/arch/p35_udb4x6.ark
Package                   - 
Defparam file             - 
SDC file                  - BBB.sdc
Output directory          - .
Timing library            - BBB_p.lib
IO Placement file         - BBB.pci

D2050: Starting reading inputs for placer
=============================================================
D2065: Reading netlist file : "BBB_p.vh2"
D2065: Reading arch file : "C:\Program Files (x86)\Cypress\PSoC Creator\3.3\PSoC Creator\dev/arch/p35_udb4x6.ark"
D2051: Reading of inputs for placer completed successfully

D2053: Starting placement of the design
=============================================================

Phase 2
Phase 3

Design Statistics after Packing
    Number of Combinational MCs 	:	33
    Number of Sequential MCs    	:	68
    Number of DPs               	:	12
    Number of Controls          	:	4
    Number of Status            	:	8
    Number of SyncCells         	:	6
    Number of count7cells       	:	4

Device Utilization Summary after Packing
    Macrocells                  :	101/192
    UDBS                        :	16/24
    IOs                         :	13/72


D2088: Phase 3, elapsed time : 0.0 (sec)

Phase 4
D2088: Phase 4, elapsed time : 0.0 (sec)

Phase 5
D2088: Phase 5, elapsed time : 0.0 (sec)

Phase 6

######################################################################
Placement Timing Summary

The timing summary is based on estimated routing delays after
placement. For final timing report, please carry out the timing
analysis after routing.
======================================================================

######################################################################
                     Clock Summary 
======================================================================
Number of clocks: 12
Clock: Clock_1              | Frequency:  53.6 MHz | Target:   0.0 MHz
Clock: CyBUS_CLK            | Frequency:  52.0 MHz | Target:  60.0 MHz
Clock: CyBUS_CLK(fixed-function) | Frequency: N/A       | Target:  60.0 MHz
Clock: CyILO                | Frequency: N/A       | Target:   0.0 MHz
Clock: CyIMO                | Frequency: N/A       | Target:   3.0 MHz
Clock: CyMASTER_CLK         | Frequency: N/A       | Target:  60.0 MHz
Clock: CyPLL_OUT            | Frequency: N/A       | Target:  60.0 MHz
Clock: LCD_1_IntClock       | Frequency:  41.5 MHz | Target:   0.5 MHz
Clock: LCD_2_IntClock       | Frequency:  55.5 MHz | Target:   0.5 MHz
Clock: PC_IntClock          | Frequency:  47.4 MHz | Target:   0.1 MHz
Clock: timer_clock_1        | Frequency: N/A       | Target:   0.0 MHz
Clock: timer_clock_1(fixed-function) | Frequency: N/A       | Target:   0.0 MHz

======================================================================
                     End of Clock Summary
######################################################################

D2088: Phase 6, elapsed time : 0.1 (sec)

Phase 7
######################################################################
                     Clock Summary 
======================================================================
Number of clocks: 12
Clock: Clock_1              | Frequency:  47.3 MHz | Target:   0.0 MHz
Clock: CyBUS_CLK            | Frequency:  58.0 MHz | Target:  60.0 MHz
Clock: CyBUS_CLK(fixed-function) | Frequency: N/A       | Target:  60.0 MHz
Clock: CyILO                | Frequency: N/A       | Target:   0.0 MHz
Clock: CyIMO                | Frequency: N/A       | Target:   3.0 MHz
Clock: CyMASTER_CLK         | Frequency: N/A       | Target:  60.0 MHz
Clock: CyPLL_OUT            | Frequency: N/A       | Target:  60.0 MHz
Clock: LCD_1_IntClock       | Frequency:  44.5 MHz | Target:   0.5 MHz
Clock: LCD_2_IntClock       | Frequency:  55.5 MHz | Target:   0.5 MHz
Clock: PC_IntClock          | Frequency:  53.7 MHz | Target:   0.1 MHz
Clock: timer_clock_1        | Frequency: N/A       | Target:   0.0 MHz
Clock: timer_clock_1(fixed-function) | Frequency: N/A       | Target:   0.0 MHz

======================================================================
                     End of Clock Summary
######################################################################
D2088: Phase 7, elapsed time : 0.5 (sec)

Final Design Statistics
    Number of Combinational MCs 	:	33
    Number of Sequential MCs    	:	68
    Number of DPs               	:	12
    Number of Controls          	:	4
    Number of Status            	:	8
    Number of SyncCells         	:	6
    Number of count7cells       	:	4
    Number of IOs       	:	13

Device Utilization Summary
    Macrocells                  :	101/192
    IOs                         :	13/72



######################################################################
Placement Timing Summary

The timing summary is based on estimated routing delays after
placement. For final timing report, please carry out the timing
analysis after routing.
======================================================================


######################################################################
                     Clock Summary 
======================================================================
Number of clocks: 12
Clock: Clock_1              | Frequency:   8.2 MHz | Target:   0.0 MHz
Clock: CyBUS_CLK            | Frequency:   7.0 MHz | Target:  60.0 MHz
Clock: CyBUS_CLK(fixed-function) | Frequency: N/A       | Target:  60.0 MHz
Clock: CyILO                | Frequency: N/A       | Target:   0.0 MHz
Clock: CyIMO                | Frequency: N/A       | Target:   3.0 MHz
Clock: CyMASTER_CLK         | Frequency: N/A       | Target:  60.0 MHz
Clock: CyPLL_OUT            | Frequency: N/A       | Target:  60.0 MHz
Clock: LCD_1_IntClock       | Frequency:   7.9 MHz | Target:   0.5 MHz
Clock: LCD_2_IntClock       | Frequency:   8.5 MHz | Target:   0.5 MHz
Clock: PC_IntClock          | Frequency:   7.0 MHz | Target:   0.1 MHz
Clock: timer_clock_1        | Frequency: N/A       | Target:   0.0 MHz
Clock: timer_clock_1(fixed-function) | Frequency: N/A       | Target:   0.0 MHz

======================================================================
                     End of Clock Summary
######################################################################

Phase 6

######################################################################
Placement Timing Summary

The timing summary is based on estimated routing delays after
placement. For final timing report, please carry out the timing
analysis after routing.
======================================================================

######################################################################
                     Clock Summary 
======================================================================
Number of clocks: 12
Clock: Clock_1              | Frequency:   6.9 MHz | Target:   0.0 MHz
Clock: CyBUS_CLK            | Frequency:   6.2 MHz | Target:  60.0 MHz
Clock: CyBUS_CLK(fixed-function) | Frequency: N/A       | Target:  60.0 MHz
Clock: CyILO                | Frequency: N/A       | Target:   0.0 MHz
Clock: CyIMO                | Frequency: N/A       | Target:   3.0 MHz
Clock: CyMASTER_CLK         | Frequency: N/A       | Target:  60.0 MHz
Clock: CyPLL_OUT            | Frequency: N/A       | Target:  60.0 MHz
Clock: LCD_1_IntClock       | Frequency:   7.6 MHz | Target:   0.5 MHz
Clock: LCD_2_IntClock       | Frequency:   8.5 MHz | Target:   0.5 MHz
Clock: PC_IntClock          | Frequency:   6.2 MHz | Target:   0.1 MHz
Clock: timer_clock_1        | Frequency: N/A       | Target:   0.0 MHz
Clock: timer_clock_1(fixed-function) | Frequency: N/A       | Target:   0.0 MHz

======================================================================
                     End of Clock Summary
######################################################################

D2088: Phase 6, elapsed time : 0.1 (sec)

Phase 7
######################################################################
                     Clock Summary 
======================================================================
Number of clocks: 12
Clock: Clock_1              | Frequency:   7.4 MHz | Target:   0.0 MHz
Clock: CyBUS_CLK            | Frequency:   7.4 MHz | Target:  60.0 MHz
Clock: CyBUS_CLK(fixed-function) | Frequency: N/A       | Target:  60.0 MHz
Clock: CyILO                | Frequency: N/A       | Target:   0.0 MHz
Clock: CyIMO                | Frequency: N/A       | Target:   3.0 MHz
Clock: CyMASTER_CLK         | Frequency: N/A       | Target:  60.0 MHz
Clock: CyPLL_OUT            | Frequency: N/A       | Target:  60.0 MHz
Clock: LCD_1_IntClock       | Frequency:   7.9 MHz | Target:   0.5 MHz
Clock: LCD_2_IntClock       | Frequency:   8.5 MHz | Target:   0.5 MHz
Clock: PC_IntClock          | Frequency:   8.5 MHz | Target:   0.1 MHz
Clock: timer_clock_1        | Frequency: N/A       | Target:   0.0 MHz
Clock: timer_clock_1(fixed-function) | Frequency: N/A       | Target:   0.0 MHz

======================================================================
                     End of Clock Summary
######################################################################
D2088: Phase 7, elapsed time : 1.4 (sec)

Final Design Statistics
    Number of Combinational MCs 	:	33
    Number of Sequential MCs    	:	68
    Number of DPs               	:	12
    Number of Controls          	:	4
    Number of Status            	:	8
    Number of SyncCells         	:	6
    Number of count7cells       	:	4
    Number of IOs       	:	13

Device Utilization Summary
    Macrocells                  :	101/192
    IOs                         :	13/72



######################################################################
Placement Timing Summary

The timing summary is based on estimated routing delays after
placement. For final timing report, please carry out the timing
analysis after routing.
======================================================================


######################################################################
                     Clock Summary 
======================================================================
Number of clocks: 12
Clock: Clock_1              | Frequency:   8.2 MHz | Target:   0.0 MHz
Clock: CyBUS_CLK            | Frequency:   8.2 MHz | Target:  60.0 MHz
Clock: CyBUS_CLK(fixed-function) | Frequency: N/A       | Target:  60.0 MHz
Clock: CyILO                | Frequency: N/A       | Target:   0.0 MHz
Clock: CyIMO                | Frequency: N/A       | Target:   3.0 MHz
Clock: CyMASTER_CLK         | Frequency: N/A       | Target:  60.0 MHz
Clock: CyPLL_OUT            | Frequency: N/A       | Target:  60.0 MHz
Clock: LCD_1_IntClock       | Frequency:   8.6 MHz | Target:   0.5 MHz
Clock: LCD_2_IntClock       | Frequency:   9.3 MHz | Target:   0.5 MHz
Clock: PC_IntClock          | Frequency:   8.6 MHz | Target:   0.1 MHz
Clock: timer_clock_1        | Frequency: N/A       | Target:   0.0 MHz
Clock: timer_clock_1(fixed-function) | Frequency: N/A       | Target:   0.0 MHz

======================================================================
                     End of Clock Summary
######################################################################

Phase 8
D2088: Phase 8, elapsed time : 0.0 (sec)

D2054: Placement of the design completed successfully

I2076: Total run-time: 3.2 sec.

