ARM GAS  C:\Users\RECEPC~1\AppData\Local\Temp\cct7Dbme.s 			page 1


   1              		.syntax unified
   2              		.cpu cortex-m3
   3              		.fpu softvfp
   4              		.eabi_attribute 20, 1
   5              		.eabi_attribute 21, 1
   6              		.eabi_attribute 23, 3
   7              		.eabi_attribute 24, 1
   8              		.eabi_attribute 25, 1
   9              		.eabi_attribute 26, 1
  10              		.eabi_attribute 30, 6
  11              		.eabi_attribute 34, 1
  12              		.eabi_attribute 18, 4
  13              		.thumb
  14              		.file	"Bootloadable_1.c"
  15              		.text
  16              	.Ltext0:
  17              		.cfi_sections	.debug_frame
  18              		.section	.text.Bootloadable_1_Load,"ax",%progbits
  19              		.align	2
  20              		.global	Bootloadable_1_Load
  21              		.thumb
  22              		.thumb_func
  23              		.type	Bootloadable_1_Load, %function
  24              	Bootloadable_1_Load:
  25              	.LFB0:
  26              		.file 1 ".\\Generated_Source\\PSoC5\\Bootloadable_1.c"
   1:.\Generated_Source\PSoC5/Bootloadable_1.c **** /*******************************************************************************
   2:.\Generated_Source\PSoC5/Bootloadable_1.c **** * File Name: Bootloadable_1.c
   3:.\Generated_Source\PSoC5/Bootloadable_1.c **** * Version 1.30
   4:.\Generated_Source\PSoC5/Bootloadable_1.c **** *
   5:.\Generated_Source\PSoC5/Bootloadable_1.c **** *  Description:
   6:.\Generated_Source\PSoC5/Bootloadable_1.c **** *   Provides an API for the Bootloadable application. The API includes a
   7:.\Generated_Source\PSoC5/Bootloadable_1.c **** *   single function for starting the bootloader.
   8:.\Generated_Source\PSoC5/Bootloadable_1.c **** *
   9:.\Generated_Source\PSoC5/Bootloadable_1.c **** ********************************************************************************
  10:.\Generated_Source\PSoC5/Bootloadable_1.c **** * Copyright 2008-2014, Cypress Semiconductor Corporation.  All rights reserved.
  11:.\Generated_Source\PSoC5/Bootloadable_1.c **** * You may use this file only in accordance with the license, terms, conditions,
  12:.\Generated_Source\PSoC5/Bootloadable_1.c **** * disclaimers, and limitations in the end user license agreement accompanying
  13:.\Generated_Source\PSoC5/Bootloadable_1.c **** * the software package with which this file was provided.
  14:.\Generated_Source\PSoC5/Bootloadable_1.c **** *******************************************************************************/
  15:.\Generated_Source\PSoC5/Bootloadable_1.c **** 
  16:.\Generated_Source\PSoC5/Bootloadable_1.c **** #include "Bootloadable_1.h"
  17:.\Generated_Source\PSoC5/Bootloadable_1.c **** 
  18:.\Generated_Source\PSoC5/Bootloadable_1.c **** 
  19:.\Generated_Source\PSoC5/Bootloadable_1.c **** /*******************************************************************************
  20:.\Generated_Source\PSoC5/Bootloadable_1.c **** * Function Name: Bootloadable_1_Load
  21:.\Generated_Source\PSoC5/Bootloadable_1.c **** ********************************************************************************
  22:.\Generated_Source\PSoC5/Bootloadable_1.c **** * Summary:
  23:.\Generated_Source\PSoC5/Bootloadable_1.c **** *  Begins the bootloading algorithm downloading a new ACD image from the host.
  24:.\Generated_Source\PSoC5/Bootloadable_1.c **** *
  25:.\Generated_Source\PSoC5/Bootloadable_1.c **** * Parameters:
  26:.\Generated_Source\PSoC5/Bootloadable_1.c **** *  None
  27:.\Generated_Source\PSoC5/Bootloadable_1.c **** *
  28:.\Generated_Source\PSoC5/Bootloadable_1.c **** * Returns:
  29:.\Generated_Source\PSoC5/Bootloadable_1.c **** *  This method will never return. It will load a new application and reset
  30:.\Generated_Source\PSoC5/Bootloadable_1.c **** *  the device.
  31:.\Generated_Source\PSoC5/Bootloadable_1.c **** *
ARM GAS  C:\Users\RECEPC~1\AppData\Local\Temp\cct7Dbme.s 			page 2


  32:.\Generated_Source\PSoC5/Bootloadable_1.c **** *******************************************************************************/
  33:.\Generated_Source\PSoC5/Bootloadable_1.c **** void Bootloadable_1_Load(void) 
  34:.\Generated_Source\PSoC5/Bootloadable_1.c **** {
  27              		.loc 1 34 0
  28              		.cfi_startproc
  29              		@ args = 0, pretend = 0, frame = 0
  30              		@ frame_needed = 1, uses_anonymous_args = 0
  31 0000 80B5     		push	{r7, lr}
  32              		.cfi_def_cfa_offset 8
  33              		.cfi_offset 7, -8
  34              		.cfi_offset 14, -4
  35 0002 00AF     		add	r7, sp, #0
  36              		.cfi_def_cfa_register 7
  35:.\Generated_Source\PSoC5/Bootloadable_1.c ****     /* Schedule Bootloader to start after reset */
  36:.\Generated_Source\PSoC5/Bootloadable_1.c ****     Bootloadable_1_SET_RUN_TYPE(Bootloadable_1_START_BTLDR);
  37              		.loc 1 36 0
  38 0004 024B     		ldr	r3, .L2
  39 0006 4022     		movs	r2, #64
  40 0008 1A70     		strb	r2, [r3]
  37:.\Generated_Source\PSoC5/Bootloadable_1.c **** 
  38:.\Generated_Source\PSoC5/Bootloadable_1.c ****     CySoftwareReset();
  41              		.loc 1 38 0
  42 000a FFF7FEFF 		bl	CySoftwareReset
  39:.\Generated_Source\PSoC5/Bootloadable_1.c **** }
  43              		.loc 1 39 0
  44 000e 80BD     		pop	{r7, pc}
  45              	.L3:
  46              		.align	2
  47              	.L2:
  48 0010 FA460040 		.word	1073759994
  49              		.cfi_endproc
  50              	.LFE0:
  51              		.size	Bootloadable_1_Load, .-Bootloadable_1_Load
  52              		.section	.text.Bootloadable_1_SetFlashByte,"ax",%progbits
  53              		.align	2
  54              		.global	Bootloadable_1_SetFlashByte
  55              		.thumb
  56              		.thumb_func
  57              		.type	Bootloadable_1_SetFlashByte, %function
  58              	Bootloadable_1_SetFlashByte:
  59              	.LFB1:
  40:.\Generated_Source\PSoC5/Bootloadable_1.c **** 
  41:.\Generated_Source\PSoC5/Bootloadable_1.c **** 
  42:.\Generated_Source\PSoC5/Bootloadable_1.c **** /*******************************************************************************
  43:.\Generated_Source\PSoC5/Bootloadable_1.c **** * The following code is OBSOLETE and must not be used.
  44:.\Generated_Source\PSoC5/Bootloadable_1.c **** *******************************************************************************/
  45:.\Generated_Source\PSoC5/Bootloadable_1.c **** void Bootloadable_1_SetFlashByte(uint32 address, uint8 runType) 
  46:.\Generated_Source\PSoC5/Bootloadable_1.c **** {
  60              		.loc 1 46 0
  61              		.cfi_startproc
  62              		@ args = 0, pretend = 0, frame = 280
  63              		@ frame_needed = 1, uses_anonymous_args = 0
  64 0000 80B5     		push	{r7, lr}
  65              		.cfi_def_cfa_offset 8
  66              		.cfi_offset 7, -8
  67              		.cfi_offset 14, -4
  68 0002 C6B0     		sub	sp, sp, #280
ARM GAS  C:\Users\RECEPC~1\AppData\Local\Temp\cct7Dbme.s 			page 3


  69              		.cfi_def_cfa_offset 288
  70 0004 00AF     		add	r7, sp, #0
  71              		.cfi_def_cfa_register 7
  72 0006 3B1D     		adds	r3, r7, #4
  73 0008 1860     		str	r0, [r3]
  74 000a 0A46     		mov	r2, r1
  75 000c FB1C     		adds	r3, r7, #3
  76 000e 1A70     		strb	r2, [r3]
  47:.\Generated_Source\PSoC5/Bootloadable_1.c ****     uint32 flsAddr = address - CYDEV_FLASH_BASE;
  77              		.loc 1 47 0
  78 0010 3B1D     		adds	r3, r7, #4
  79 0012 1B68     		ldr	r3, [r3]
  80 0014 C7F81031 		str	r3, [r7, #272]
  48:.\Generated_Source\PSoC5/Bootloadable_1.c ****     uint8  rowData[CYDEV_FLS_ROW_SIZE];
  49:.\Generated_Source\PSoC5/Bootloadable_1.c **** 
  50:.\Generated_Source\PSoC5/Bootloadable_1.c ****     #if !(CY_PSOC4)
  51:.\Generated_Source\PSoC5/Bootloadable_1.c ****         uint8 arrayId = ( uint8 )(flsAddr / CYDEV_FLS_SECTOR_SIZE);
  81              		.loc 1 51 0
  82 0018 D7F81031 		ldr	r3, [r7, #272]
  83 001c 1B0C     		lsrs	r3, r3, #16
  84 001e 87F80F31 		strb	r3, [r7, #271]
  52:.\Generated_Source\PSoC5/Bootloadable_1.c ****     #endif  /* !(CY_PSOC4) */
  53:.\Generated_Source\PSoC5/Bootloadable_1.c **** 
  54:.\Generated_Source\PSoC5/Bootloadable_1.c ****     #if (CY_PSOC4)
  55:.\Generated_Source\PSoC5/Bootloadable_1.c ****         uint16 rowNum = ( uint16 )(flsAddr / CYDEV_FLS_ROW_SIZE);
  56:.\Generated_Source\PSoC5/Bootloadable_1.c ****     #else
  57:.\Generated_Source\PSoC5/Bootloadable_1.c ****         uint16 rowNum = ( uint16 )((flsAddr % CYDEV_FLS_SECTOR_SIZE) / CYDEV_FLS_ROW_SIZE);
  85              		.loc 1 57 0
  86 0022 D7F81031 		ldr	r3, [r7, #272]
  87 0026 9BB2     		uxth	r3, r3
  88 0028 1B0A     		lsrs	r3, r3, #8
  89 002a A7F80C31 		strh	r3, [r7, #268]	@ movhi
  58:.\Generated_Source\PSoC5/Bootloadable_1.c ****     #endif  /* (CY_PSOC4) */
  59:.\Generated_Source\PSoC5/Bootloadable_1.c **** 
  60:.\Generated_Source\PSoC5/Bootloadable_1.c ****     uint32 baseAddr = address - (address % CYDEV_FLS_ROW_SIZE);
  90              		.loc 1 60 0
  91 002e 3B1D     		adds	r3, r7, #4
  92 0030 1B68     		ldr	r3, [r3]
  93 0032 23F0FF03 		bic	r3, r3, #255
  94 0036 C7F80831 		str	r3, [r7, #264]
  61:.\Generated_Source\PSoC5/Bootloadable_1.c ****     uint16 idx;
  62:.\Generated_Source\PSoC5/Bootloadable_1.c **** 
  63:.\Generated_Source\PSoC5/Bootloadable_1.c **** 
  64:.\Generated_Source\PSoC5/Bootloadable_1.c ****     for (idx = 0u; idx < CYDEV_FLS_ROW_SIZE; idx++)
  95              		.loc 1 64 0
  96 003a 0023     		movs	r3, #0
  97 003c A7F81631 		strh	r3, [r7, #278]	@ movhi
  98 0040 0FE0     		b	.L5
  99              	.L6:
  65:.\Generated_Source\PSoC5/Bootloadable_1.c ****     {
  66:.\Generated_Source\PSoC5/Bootloadable_1.c ****         rowData[idx] = Bootloadable_1_GET_CODE_DATA(baseAddr + idx);
 100              		.loc 1 66 0 discriminator 3
 101 0042 B7F81631 		ldrh	r3, [r7, #278]
 102 0046 B7F81611 		ldrh	r1, [r7, #278]
 103 004a D7F80821 		ldr	r2, [r7, #264]
 104 004e 0A44     		add	r2, r2, r1
 105 0050 1178     		ldrb	r1, [r2]	@ zero_extendqisi2
ARM GAS  C:\Users\RECEPC~1\AppData\Local\Temp\cct7Dbme.s 			page 4


 106 0052 07F10802 		add	r2, r7, #8
 107 0056 D154     		strb	r1, [r2, r3]
  64:.\Generated_Source\PSoC5/Bootloadable_1.c ****     {
 108              		.loc 1 64 0 discriminator 3
 109 0058 B7F81631 		ldrh	r3, [r7, #278]
 110 005c 0133     		adds	r3, r3, #1
 111 005e A7F81631 		strh	r3, [r7, #278]	@ movhi
 112              	.L5:
  64:.\Generated_Source\PSoC5/Bootloadable_1.c ****     {
 113              		.loc 1 64 0 is_stmt 0 discriminator 1
 114 0062 B7F81631 		ldrh	r3, [r7, #278]
 115 0066 FF2B     		cmp	r3, #255
 116 0068 EBD9     		bls	.L6
  67:.\Generated_Source\PSoC5/Bootloadable_1.c ****     }
  68:.\Generated_Source\PSoC5/Bootloadable_1.c ****     rowData[address % CYDEV_FLS_ROW_SIZE] = runType;
 117              		.loc 1 68 0 is_stmt 1
 118 006a 3B1D     		adds	r3, r7, #4
 119 006c 1B68     		ldr	r3, [r3]
 120 006e DBB2     		uxtb	r3, r3
 121 0070 07F10802 		add	r2, r7, #8
 122 0074 F91C     		adds	r1, r7, #3
 123 0076 0978     		ldrb	r1, [r1]
 124 0078 D154     		strb	r1, [r2, r3]
  69:.\Generated_Source\PSoC5/Bootloadable_1.c **** 
  70:.\Generated_Source\PSoC5/Bootloadable_1.c ****     #if(CY_PSOC4)
  71:.\Generated_Source\PSoC5/Bootloadable_1.c ****         (void) CySysFlashWriteRow((uint32) rowNum, rowData);
  72:.\Generated_Source\PSoC5/Bootloadable_1.c ****     #else
  73:.\Generated_Source\PSoC5/Bootloadable_1.c ****         (void) CyWriteRowData(arrayId, rowNum, rowData);
 125              		.loc 1 73 0
 126 007a 97F80F11 		ldrb	r1, [r7, #271]	@ zero_extendqisi2
 127 007e B7F80C21 		ldrh	r2, [r7, #268]
 128 0082 07F10803 		add	r3, r7, #8
 129 0086 0846     		mov	r0, r1
 130 0088 1146     		mov	r1, r2
 131 008a 1A46     		mov	r2, r3
 132 008c FFF7FEFF 		bl	CyWriteRowData
  74:.\Generated_Source\PSoC5/Bootloadable_1.c ****     #endif  /* (CY_PSOC4) */
  75:.\Generated_Source\PSoC5/Bootloadable_1.c **** 
  76:.\Generated_Source\PSoC5/Bootloadable_1.c ****     #if(CY_PSOC5)
  77:.\Generated_Source\PSoC5/Bootloadable_1.c ****         /***************************************************************************
  78:.\Generated_Source\PSoC5/Bootloadable_1.c ****         * When writing Flash, data in the instruction cache can become stale.
  79:.\Generated_Source\PSoC5/Bootloadable_1.c ****         * Therefore, the cache data does not correlate to the data just written to
  80:.\Generated_Source\PSoC5/Bootloadable_1.c ****         * Flash. A call to CyFlushCache() is required to invalidate the data in the
  81:.\Generated_Source\PSoC5/Bootloadable_1.c ****         * cache and force fresh information to be loaded from Flash.
  82:.\Generated_Source\PSoC5/Bootloadable_1.c ****         ***************************************************************************/
  83:.\Generated_Source\PSoC5/Bootloadable_1.c ****         CyFlushCache();
 133              		.loc 1 83 0
 134 0090 FFF7FEFF 		bl	CyFlushCache
  84:.\Generated_Source\PSoC5/Bootloadable_1.c ****     #endif /* (CY_PSOC5) */
  85:.\Generated_Source\PSoC5/Bootloadable_1.c **** }
 135              		.loc 1 85 0
 136 0094 07F58C77 		add	r7, r7, #280
 137              		.cfi_def_cfa_offset 8
 138 0098 BD46     		mov	sp, r7
 139              		.cfi_def_cfa_register 13
 140              		@ sp needed
 141 009a 80BD     		pop	{r7, pc}
ARM GAS  C:\Users\RECEPC~1\AppData\Local\Temp\cct7Dbme.s 			page 5


 142              		.cfi_endproc
 143              	.LFE1:
 144              		.size	Bootloadable_1_SetFlashByte, .-Bootloadable_1_SetFlashByte
 145              		.text
 146              	.Letext0:
 147              		.file 2 ".\\Generated_Source\\PSoC5\\cytypes.h"
 148              		.section	.debug_info,"",%progbits
 149              	.Ldebug_info0:
 150 0000 5C010000 		.4byte	0x15c
 151 0004 0400     		.2byte	0x4
 152 0006 00000000 		.4byte	.Ldebug_abbrev0
 153 000a 04       		.byte	0x4
 154 000b 01       		.uleb128 0x1
 155 000c 5B000000 		.4byte	.LASF24
 156 0010 01       		.byte	0x1
 157 0011 C2010000 		.4byte	.LASF25
 158 0015 56010000 		.4byte	.LASF26
 159 0019 00000000 		.4byte	.Ldebug_ranges0+0
 160 001d 00000000 		.4byte	0
 161 0021 00000000 		.4byte	.Ldebug_line0
 162 0025 02       		.uleb128 0x2
 163 0026 01       		.byte	0x1
 164 0027 06       		.byte	0x6
 165 0028 F5010000 		.4byte	.LASF0
 166 002c 02       		.uleb128 0x2
 167 002d 01       		.byte	0x1
 168 002e 08       		.byte	0x8
 169 002f 20000000 		.4byte	.LASF1
 170 0033 02       		.uleb128 0x2
 171 0034 02       		.byte	0x2
 172 0035 05       		.byte	0x5
 173 0036 B8010000 		.4byte	.LASF2
 174 003a 02       		.uleb128 0x2
 175 003b 02       		.byte	0x2
 176 003c 07       		.byte	0x7
 177 003d 07000000 		.4byte	.LASF3
 178 0041 02       		.uleb128 0x2
 179 0042 04       		.byte	0x4
 180 0043 05       		.byte	0x5
 181 0044 EC010000 		.4byte	.LASF4
 182 0048 02       		.uleb128 0x2
 183 0049 04       		.byte	0x4
 184 004a 07       		.byte	0x7
 185 004b 3B000000 		.4byte	.LASF5
 186 004f 02       		.uleb128 0x2
 187 0050 08       		.byte	0x8
 188 0051 05       		.byte	0x5
 189 0052 A5010000 		.4byte	.LASF6
 190 0056 02       		.uleb128 0x2
 191 0057 08       		.byte	0x8
 192 0058 07       		.byte	0x7
 193 0059 37010000 		.4byte	.LASF7
 194 005d 03       		.uleb128 0x3
 195 005e 04       		.byte	0x4
 196 005f 05       		.byte	0x5
 197 0060 696E7400 		.ascii	"int\000"
 198 0064 02       		.uleb128 0x2
ARM GAS  C:\Users\RECEPC~1\AppData\Local\Temp\cct7Dbme.s 			page 6


 199 0065 04       		.byte	0x4
 200 0066 07       		.byte	0x7
 201 0067 06010000 		.4byte	.LASF8
 202 006b 04       		.uleb128 0x4
 203 006c 4D000000 		.4byte	.LASF9
 204 0070 02       		.byte	0x2
 205 0071 B4       		.byte	0xb4
 206 0072 2C000000 		.4byte	0x2c
 207 0076 04       		.uleb128 0x4
 208 0077 F8000000 		.4byte	.LASF10
 209 007b 02       		.byte	0x2
 210 007c B5       		.byte	0xb5
 211 007d 3A000000 		.4byte	0x3a
 212 0081 04       		.uleb128 0x4
 213 0082 FF000000 		.4byte	.LASF11
 214 0086 02       		.byte	0x2
 215 0087 B6       		.byte	0xb6
 216 0088 48000000 		.4byte	0x48
 217 008c 02       		.uleb128 0x2
 218 008d 04       		.byte	0x4
 219 008e 04       		.byte	0x4
 220 008f 1A000000 		.4byte	.LASF12
 221 0093 02       		.uleb128 0x2
 222 0094 08       		.byte	0x8
 223 0095 04       		.byte	0x4
 224 0096 E9000000 		.4byte	.LASF13
 225 009a 02       		.uleb128 0x2
 226 009b 01       		.byte	0x1
 227 009c 08       		.byte	0x8
 228 009d B3010000 		.4byte	.LASF14
 229 00a1 05       		.uleb128 0x5
 230 00a2 36000000 		.4byte	.LASF15
 231 00a6 02       		.byte	0x2
 232 00a7 5E01     		.2byte	0x15e
 233 00a9 AD000000 		.4byte	0xad
 234 00ad 06       		.uleb128 0x6
 235 00ae 6B000000 		.4byte	0x6b
 236 00b2 02       		.uleb128 0x2
 237 00b3 04       		.byte	0x4
 238 00b4 07       		.byte	0x7
 239 00b5 9C010000 		.4byte	.LASF16
 240 00b9 07       		.uleb128 0x7
 241 00ba 01020000 		.4byte	.LASF27
 242 00be 01       		.byte	0x1
 243 00bf 21       		.byte	0x21
 244 00c0 00000000 		.4byte	.LFB0
 245 00c4 14000000 		.4byte	.LFE0-.LFB0
 246 00c8 01       		.uleb128 0x1
 247 00c9 9C       		.byte	0x9c
 248 00ca 08       		.uleb128 0x8
 249 00cb 13010000 		.4byte	.LASF28
 250 00cf 01       		.byte	0x1
 251 00d0 2D       		.byte	0x2d
 252 00d1 00000000 		.4byte	.LFB1
 253 00d5 9C000000 		.4byte	.LFE1-.LFB1
 254 00d9 01       		.uleb128 0x1
 255 00da 9C       		.byte	0x9c
ARM GAS  C:\Users\RECEPC~1\AppData\Local\Temp\cct7Dbme.s 			page 7


 256 00db 53010000 		.4byte	0x153
 257 00df 09       		.uleb128 0x9
 258 00e0 2F010000 		.4byte	.LASF17
 259 00e4 01       		.byte	0x1
 260 00e5 2D       		.byte	0x2d
 261 00e6 81000000 		.4byte	0x81
 262 00ea 03       		.uleb128 0x3
 263 00eb 91       		.byte	0x91
 264 00ec E47D     		.sleb128 -284
 265 00ee 09       		.uleb128 0x9
 266 00ef 4E010000 		.4byte	.LASF18
 267 00f3 01       		.byte	0x1
 268 00f4 2D       		.byte	0x2d
 269 00f5 6B000000 		.4byte	0x6b
 270 00f9 03       		.uleb128 0x3
 271 00fa 91       		.byte	0x91
 272 00fb E37D     		.sleb128 -285
 273 00fd 0A       		.uleb128 0xa
 274 00fe F0000000 		.4byte	.LASF19
 275 0102 01       		.byte	0x1
 276 0103 2F       		.byte	0x2f
 277 0104 81000000 		.4byte	0x81
 278 0108 02       		.uleb128 0x2
 279 0109 91       		.byte	0x91
 280 010a 70       		.sleb128 -16
 281 010b 0A       		.uleb128 0xa
 282 010c 2E000000 		.4byte	.LASF20
 283 0110 01       		.byte	0x1
 284 0111 30       		.byte	0x30
 285 0112 53010000 		.4byte	0x153
 286 0116 03       		.uleb128 0x3
 287 0117 91       		.byte	0x91
 288 0118 E87D     		.sleb128 -280
 289 011a 0A       		.uleb128 0xa
 290 011b 53000000 		.4byte	.LASF21
 291 011f 01       		.byte	0x1
 292 0120 33       		.byte	0x33
 293 0121 6B000000 		.4byte	0x6b
 294 0125 02       		.uleb128 0x2
 295 0126 91       		.byte	0x91
 296 0127 6F       		.sleb128 -17
 297 0128 0A       		.uleb128 0xa
 298 0129 00000000 		.4byte	.LASF22
 299 012d 01       		.byte	0x1
 300 012e 39       		.byte	0x39
 301 012f 76000000 		.4byte	0x76
 302 0133 02       		.uleb128 0x2
 303 0134 91       		.byte	0x91
 304 0135 6C       		.sleb128 -20
 305 0136 0A       		.uleb128 0xa
 306 0137 93010000 		.4byte	.LASF23
 307 013b 01       		.byte	0x1
 308 013c 3C       		.byte	0x3c
 309 013d 81000000 		.4byte	0x81
 310 0141 02       		.uleb128 0x2
 311 0142 91       		.byte	0x91
 312 0143 68       		.sleb128 -24
ARM GAS  C:\Users\RECEPC~1\AppData\Local\Temp\cct7Dbme.s 			page 8


 313 0144 0B       		.uleb128 0xb
 314 0145 69647800 		.ascii	"idx\000"
 315 0149 01       		.byte	0x1
 316 014a 3D       		.byte	0x3d
 317 014b 76000000 		.4byte	0x76
 318 014f 02       		.uleb128 0x2
 319 0150 91       		.byte	0x91
 320 0151 76       		.sleb128 -10
 321 0152 00       		.byte	0
 322 0153 0C       		.uleb128 0xc
 323 0154 6B000000 		.4byte	0x6b
 324 0158 0D       		.uleb128 0xd
 325 0159 B2000000 		.4byte	0xb2
 326 015d FF       		.byte	0xff
 327 015e 00       		.byte	0
 328 015f 00       		.byte	0
 329              		.section	.debug_abbrev,"",%progbits
 330              	.Ldebug_abbrev0:
 331 0000 01       		.uleb128 0x1
 332 0001 11       		.uleb128 0x11
 333 0002 01       		.byte	0x1
 334 0003 25       		.uleb128 0x25
 335 0004 0E       		.uleb128 0xe
 336 0005 13       		.uleb128 0x13
 337 0006 0B       		.uleb128 0xb
 338 0007 03       		.uleb128 0x3
 339 0008 0E       		.uleb128 0xe
 340 0009 1B       		.uleb128 0x1b
 341 000a 0E       		.uleb128 0xe
 342 000b 55       		.uleb128 0x55
 343 000c 17       		.uleb128 0x17
 344 000d 11       		.uleb128 0x11
 345 000e 01       		.uleb128 0x1
 346 000f 10       		.uleb128 0x10
 347 0010 17       		.uleb128 0x17
 348 0011 00       		.byte	0
 349 0012 00       		.byte	0
 350 0013 02       		.uleb128 0x2
 351 0014 24       		.uleb128 0x24
 352 0015 00       		.byte	0
 353 0016 0B       		.uleb128 0xb
 354 0017 0B       		.uleb128 0xb
 355 0018 3E       		.uleb128 0x3e
 356 0019 0B       		.uleb128 0xb
 357 001a 03       		.uleb128 0x3
 358 001b 0E       		.uleb128 0xe
 359 001c 00       		.byte	0
 360 001d 00       		.byte	0
 361 001e 03       		.uleb128 0x3
 362 001f 24       		.uleb128 0x24
 363 0020 00       		.byte	0
 364 0021 0B       		.uleb128 0xb
 365 0022 0B       		.uleb128 0xb
 366 0023 3E       		.uleb128 0x3e
 367 0024 0B       		.uleb128 0xb
 368 0025 03       		.uleb128 0x3
 369 0026 08       		.uleb128 0x8
ARM GAS  C:\Users\RECEPC~1\AppData\Local\Temp\cct7Dbme.s 			page 9


 370 0027 00       		.byte	0
 371 0028 00       		.byte	0
 372 0029 04       		.uleb128 0x4
 373 002a 16       		.uleb128 0x16
 374 002b 00       		.byte	0
 375 002c 03       		.uleb128 0x3
 376 002d 0E       		.uleb128 0xe
 377 002e 3A       		.uleb128 0x3a
 378 002f 0B       		.uleb128 0xb
 379 0030 3B       		.uleb128 0x3b
 380 0031 0B       		.uleb128 0xb
 381 0032 49       		.uleb128 0x49
 382 0033 13       		.uleb128 0x13
 383 0034 00       		.byte	0
 384 0035 00       		.byte	0
 385 0036 05       		.uleb128 0x5
 386 0037 16       		.uleb128 0x16
 387 0038 00       		.byte	0
 388 0039 03       		.uleb128 0x3
 389 003a 0E       		.uleb128 0xe
 390 003b 3A       		.uleb128 0x3a
 391 003c 0B       		.uleb128 0xb
 392 003d 3B       		.uleb128 0x3b
 393 003e 05       		.uleb128 0x5
 394 003f 49       		.uleb128 0x49
 395 0040 13       		.uleb128 0x13
 396 0041 00       		.byte	0
 397 0042 00       		.byte	0
 398 0043 06       		.uleb128 0x6
 399 0044 35       		.uleb128 0x35
 400 0045 00       		.byte	0
 401 0046 49       		.uleb128 0x49
 402 0047 13       		.uleb128 0x13
 403 0048 00       		.byte	0
 404 0049 00       		.byte	0
 405 004a 07       		.uleb128 0x7
 406 004b 2E       		.uleb128 0x2e
 407 004c 00       		.byte	0
 408 004d 3F       		.uleb128 0x3f
 409 004e 19       		.uleb128 0x19
 410 004f 03       		.uleb128 0x3
 411 0050 0E       		.uleb128 0xe
 412 0051 3A       		.uleb128 0x3a
 413 0052 0B       		.uleb128 0xb
 414 0053 3B       		.uleb128 0x3b
 415 0054 0B       		.uleb128 0xb
 416 0055 27       		.uleb128 0x27
 417 0056 19       		.uleb128 0x19
 418 0057 11       		.uleb128 0x11
 419 0058 01       		.uleb128 0x1
 420 0059 12       		.uleb128 0x12
 421 005a 06       		.uleb128 0x6
 422 005b 40       		.uleb128 0x40
 423 005c 18       		.uleb128 0x18
 424 005d 9642     		.uleb128 0x2116
 425 005f 19       		.uleb128 0x19
 426 0060 00       		.byte	0
ARM GAS  C:\Users\RECEPC~1\AppData\Local\Temp\cct7Dbme.s 			page 10


 427 0061 00       		.byte	0
 428 0062 08       		.uleb128 0x8
 429 0063 2E       		.uleb128 0x2e
 430 0064 01       		.byte	0x1
 431 0065 3F       		.uleb128 0x3f
 432 0066 19       		.uleb128 0x19
 433 0067 03       		.uleb128 0x3
 434 0068 0E       		.uleb128 0xe
 435 0069 3A       		.uleb128 0x3a
 436 006a 0B       		.uleb128 0xb
 437 006b 3B       		.uleb128 0x3b
 438 006c 0B       		.uleb128 0xb
 439 006d 27       		.uleb128 0x27
 440 006e 19       		.uleb128 0x19
 441 006f 11       		.uleb128 0x11
 442 0070 01       		.uleb128 0x1
 443 0071 12       		.uleb128 0x12
 444 0072 06       		.uleb128 0x6
 445 0073 40       		.uleb128 0x40
 446 0074 18       		.uleb128 0x18
 447 0075 9642     		.uleb128 0x2116
 448 0077 19       		.uleb128 0x19
 449 0078 01       		.uleb128 0x1
 450 0079 13       		.uleb128 0x13
 451 007a 00       		.byte	0
 452 007b 00       		.byte	0
 453 007c 09       		.uleb128 0x9
 454 007d 05       		.uleb128 0x5
 455 007e 00       		.byte	0
 456 007f 03       		.uleb128 0x3
 457 0080 0E       		.uleb128 0xe
 458 0081 3A       		.uleb128 0x3a
 459 0082 0B       		.uleb128 0xb
 460 0083 3B       		.uleb128 0x3b
 461 0084 0B       		.uleb128 0xb
 462 0085 49       		.uleb128 0x49
 463 0086 13       		.uleb128 0x13
 464 0087 02       		.uleb128 0x2
 465 0088 18       		.uleb128 0x18
 466 0089 00       		.byte	0
 467 008a 00       		.byte	0
 468 008b 0A       		.uleb128 0xa
 469 008c 34       		.uleb128 0x34
 470 008d 00       		.byte	0
 471 008e 03       		.uleb128 0x3
 472 008f 0E       		.uleb128 0xe
 473 0090 3A       		.uleb128 0x3a
 474 0091 0B       		.uleb128 0xb
 475 0092 3B       		.uleb128 0x3b
 476 0093 0B       		.uleb128 0xb
 477 0094 49       		.uleb128 0x49
 478 0095 13       		.uleb128 0x13
 479 0096 02       		.uleb128 0x2
 480 0097 18       		.uleb128 0x18
 481 0098 00       		.byte	0
 482 0099 00       		.byte	0
 483 009a 0B       		.uleb128 0xb
ARM GAS  C:\Users\RECEPC~1\AppData\Local\Temp\cct7Dbme.s 			page 11


 484 009b 34       		.uleb128 0x34
 485 009c 00       		.byte	0
 486 009d 03       		.uleb128 0x3
 487 009e 08       		.uleb128 0x8
 488 009f 3A       		.uleb128 0x3a
 489 00a0 0B       		.uleb128 0xb
 490 00a1 3B       		.uleb128 0x3b
 491 00a2 0B       		.uleb128 0xb
 492 00a3 49       		.uleb128 0x49
 493 00a4 13       		.uleb128 0x13
 494 00a5 02       		.uleb128 0x2
 495 00a6 18       		.uleb128 0x18
 496 00a7 00       		.byte	0
 497 00a8 00       		.byte	0
 498 00a9 0C       		.uleb128 0xc
 499 00aa 01       		.uleb128 0x1
 500 00ab 01       		.byte	0x1
 501 00ac 49       		.uleb128 0x49
 502 00ad 13       		.uleb128 0x13
 503 00ae 00       		.byte	0
 504 00af 00       		.byte	0
 505 00b0 0D       		.uleb128 0xd
 506 00b1 21       		.uleb128 0x21
 507 00b2 00       		.byte	0
 508 00b3 49       		.uleb128 0x49
 509 00b4 13       		.uleb128 0x13
 510 00b5 2F       		.uleb128 0x2f
 511 00b6 0B       		.uleb128 0xb
 512 00b7 00       		.byte	0
 513 00b8 00       		.byte	0
 514 00b9 00       		.byte	0
 515              		.section	.debug_aranges,"",%progbits
 516 0000 24000000 		.4byte	0x24
 517 0004 0200     		.2byte	0x2
 518 0006 00000000 		.4byte	.Ldebug_info0
 519 000a 04       		.byte	0x4
 520 000b 00       		.byte	0
 521 000c 0000     		.2byte	0
 522 000e 0000     		.2byte	0
 523 0010 00000000 		.4byte	.LFB0
 524 0014 14000000 		.4byte	.LFE0-.LFB0
 525 0018 00000000 		.4byte	.LFB1
 526 001c 9C000000 		.4byte	.LFE1-.LFB1
 527 0020 00000000 		.4byte	0
 528 0024 00000000 		.4byte	0
 529              		.section	.debug_ranges,"",%progbits
 530              	.Ldebug_ranges0:
 531 0000 00000000 		.4byte	.LFB0
 532 0004 14000000 		.4byte	.LFE0
 533 0008 00000000 		.4byte	.LFB1
 534 000c 9C000000 		.4byte	.LFE1
 535 0010 00000000 		.4byte	0
 536 0014 00000000 		.4byte	0
 537              		.section	.debug_line,"",%progbits
 538              	.Ldebug_line0:
 539 0000 90000000 		.section	.debug_str,"MS",%progbits,1
 539      02004D00 
ARM GAS  C:\Users\RECEPC~1\AppData\Local\Temp\cct7Dbme.s 			page 12


 539      00000201 
 539      FB0E0D00 
 539      01010101 
 540              	.LASF22:
 541 0000 726F774E 		.ascii	"rowNum\000"
 541      756D00
 542              	.LASF3:
 543 0007 73686F72 		.ascii	"short unsigned int\000"
 543      7420756E 
 543      7369676E 
 543      65642069 
 543      6E7400
 544              	.LASF12:
 545 001a 666C6F61 		.ascii	"float\000"
 545      7400
 546              	.LASF1:
 547 0020 756E7369 		.ascii	"unsigned char\000"
 547      676E6564 
 547      20636861 
 547      7200
 548              	.LASF20:
 549 002e 726F7744 		.ascii	"rowData\000"
 549      61746100 
 550              	.LASF15:
 551 0036 72656738 		.ascii	"reg8\000"
 551      00
 552              	.LASF5:
 553 003b 6C6F6E67 		.ascii	"long unsigned int\000"
 553      20756E73 
 553      69676E65 
 553      6420696E 
 553      7400
 554              	.LASF9:
 555 004d 75696E74 		.ascii	"uint8\000"
 555      3800
 556              	.LASF21:
 557 0053 61727261 		.ascii	"arrayId\000"
 557      79496400 
 558              	.LASF24:
 559 005b 474E5520 		.ascii	"GNU C 4.9.3 20150303 (release) [ARM/embedded-4_9-br"
 559      4320342E 
 559      392E3320 
 559      32303135 
 559      30333033 
 560 008e 616E6368 		.ascii	"anch revision 221220] -mcpu=cortex-m3 -mthumb -g -O"
 560      20726576 
 560      6973696F 
 560      6E203232 
 560      31323230 
 561 00c1 30202D66 		.ascii	"0 -ffunction-sections -ffat-lto-objects\000"
 561      66756E63 
 561      74696F6E 
 561      2D736563 
 561      74696F6E 
 562              	.LASF13:
 563 00e9 646F7562 		.ascii	"double\000"
 563      6C6500
ARM GAS  C:\Users\RECEPC~1\AppData\Local\Temp\cct7Dbme.s 			page 13


 564              	.LASF19:
 565 00f0 666C7341 		.ascii	"flsAddr\000"
 565      64647200 
 566              	.LASF10:
 567 00f8 75696E74 		.ascii	"uint16\000"
 567      313600
 568              	.LASF11:
 569 00ff 75696E74 		.ascii	"uint32\000"
 569      333200
 570              	.LASF8:
 571 0106 756E7369 		.ascii	"unsigned int\000"
 571      676E6564 
 571      20696E74 
 571      00
 572              	.LASF28:
 573 0113 426F6F74 		.ascii	"Bootloadable_1_SetFlashByte\000"
 573      6C6F6164 
 573      61626C65 
 573      5F315F53 
 573      6574466C 
 574              	.LASF17:
 575 012f 61646472 		.ascii	"address\000"
 575      65737300 
 576              	.LASF7:
 577 0137 6C6F6E67 		.ascii	"long long unsigned int\000"
 577      206C6F6E 
 577      6720756E 
 577      7369676E 
 577      65642069 
 578              	.LASF18:
 579 014e 72756E54 		.ascii	"runType\000"
 579      79706500 
 580              	.LASF26:
 581 0156 433A5C55 		.ascii	"C:\\Users\\Recepcion\\Desktop\\Programa\\Prueba_Aut"
 581      73657273 
 581      5C526563 
 581      65706369 
 581      6F6E5C44 
 582 0184 6F676173 		.ascii	"ogas\\BBB.cydsn\000"
 582      5C424242 
 582      2E637964 
 582      736E00
 583              	.LASF23:
 584 0193 62617365 		.ascii	"baseAddr\000"
 584      41646472 
 584      00
 585              	.LASF16:
 586 019c 73697A65 		.ascii	"sizetype\000"
 586      74797065 
 586      00
 587              	.LASF6:
 588 01a5 6C6F6E67 		.ascii	"long long int\000"
 588      206C6F6E 
 588      6720696E 
 588      7400
 589              	.LASF14:
 590 01b3 63686172 		.ascii	"char\000"
ARM GAS  C:\Users\RECEPC~1\AppData\Local\Temp\cct7Dbme.s 			page 14


 590      00
 591              	.LASF2:
 592 01b8 73686F72 		.ascii	"short int\000"
 592      7420696E 
 592      7400
 593              	.LASF25:
 594 01c2 2E5C4765 		.ascii	".\\Generated_Source\\PSoC5\\Bootloadable_1.c\000"
 594      6E657261 
 594      7465645F 
 594      536F7572 
 594      63655C50 
 595              	.LASF4:
 596 01ec 6C6F6E67 		.ascii	"long int\000"
 596      20696E74 
 596      00
 597              	.LASF0:
 598 01f5 7369676E 		.ascii	"signed char\000"
 598      65642063 
 598      68617200 
 599              	.LASF27:
 600 0201 426F6F74 		.ascii	"Bootloadable_1_Load\000"
 600      6C6F6164 
 600      61626C65 
 600      5F315F4C 
 600      6F616400 
 601              		.ident	"GCC: (GNU Tools for ARM Embedded Processors) 4.9.3 20150303 (release) [ARM/embedded-4_9-br
