ARM GAS  C:\Users\RECEPC~1\AppData\Local\Temp\ccosLHcU.s 			page 1


   1              		.syntax unified
   2              		.cpu cortex-m3
   3              		.fpu softvfp
   4              		.eabi_attribute 20, 1
   5              		.eabi_attribute 21, 1
   6              		.eabi_attribute 23, 3
   7              		.eabi_attribute 24, 1
   8              		.eabi_attribute 25, 1
   9              		.eabi_attribute 26, 1
  10              		.eabi_attribute 30, 6
  11              		.eabi_attribute 34, 1
  12              		.eabi_attribute 18, 4
  13              		.thumb
  14              		.file	"ibuton.c"
  15              		.text
  16              	.Ltext0:
  17              		.cfi_sections	.debug_frame
  18              		.comm	count_teclas1,1,1
  19              		.comm	comas1,1,1
  20              		.comm	comas2,1,1
  21              		.comm	id_coma1,1,1
  22              		.comm	id_teclado1,1,1
  23              		.comm	count_teclas2,1,1
  24              		.comm	id_coma2,1,1
  25              		.comm	id_teclado2,1,1
  26              		.comm	posx1,2,2
  27              		.comm	posy1,2,2
  28              		.comm	sizeletra1,2,2
  29              		.comm	posx2,2,2
  30              		.comm	posy2,2,2
  31              		.comm	sizeletra2,2,2
  32              		.comm	teclas1,1,1
  33              		.comm	teclas2,1,1
  34              		.comm	flujo_LCD1,1,1
  35              		.comm	flujo_LCD2,1,1
  36              		.comm	Buffer_LCD1,30,4
  37              		.comm	Buffer_LCD2,30,4
  38              		.comm	count_protector,1,1
  39              		.comm	count_protector2,1,1
  40              		.comm	password_lcd,9,4
  41              		.comm	imagen_grado,2,2
  42              		.comm	prox_caso,8,4
  43              		.comm	bloqueo_LCD,3,4
  44              		.comm	id_estacion,5,4
  45              		.comm	id_venta,8,4
  46              		.comm	trama_totales,200,4
  47              		.comm	ppux10,1,1
  48              		.comm	nombre_pro1,17,4
  49              		.comm	nombre_pro2,17,4
  50              		.comm	nombre_pro3,17,4
  51              		.comm	version,4,4
  52              		.comm	lado1,93,4
  53              		.comm	lado2,93,4
  54              		.comm	nombre,33,4
  55              		.comm	nit,15,4
  56              		.comm	telefono,20,4
  57              		.comm	direccion,33,4
ARM GAS  C:\Users\RECEPC~1\AppData\Local\Temp\ccosLHcU.s 			page 2


  58              		.comm	lema1,32,4
  59              		.comm	lema2,32,4
  60              		.comm	id_logo,2,4
  61              		.comm	km,2,4
  62              		.comm	fecha,3,4
  63              		.comm	hora,2,4
  64              		.comm	rventa1,118,4
  65              		.comm	rventa2,118,4
  66              		.comm	ok_RF,1,1
  67              		.comm	ok_datosRF,1,1
  68              		.comm	rf_mod,200,4
  69              		.comm	buffer_i2c,64,4
  70              		.comm	crc_total,1,1
  71              		.comm	print1,2,4
  72              		.comm	print2,2,4
  73              		.comm	tipo_venta,1,1
  74              		.section	.text.touch_present,"ax",%progbits
  75              		.align	2
  76              		.global	touch_present
  77              		.thumb
  78              		.thumb_func
  79              		.type	touch_present, %function
  80              	touch_present:
  81              	.LFB63:
  82              		.file 1 ".\\ibuton.c"
   1:.\ibuton.c    **** /*
   2:.\ibuton.c    **** ***************************************************************************************************
   3:.\ibuton.c    **** *                                           GRP550M CODE
   4:.\ibuton.c    **** *
   5:.\ibuton.c    **** *                             (c) Copyright 2013; Sistemas Insepet LTDA
   6:.\ibuton.c    **** *
   7:.\ibuton.c    **** *               All rights reserved.  Protected by international copyright laws.
   8:.\ibuton.c    **** *               Knowledge of the source code may NOT be used to develop a similar product.
   9:.\ibuton.c    **** *               Please help us continue to provide the Embedded community with the finest
  10:.\ibuton.c    **** *               software available.  Your honesty is greatly appreciated.
  11:.\ibuton.c    **** ***************************************************************************************************
  12:.\ibuton.c    **** */
  13:.\ibuton.c    **** 
  14:.\ibuton.c    **** /*
  15:.\ibuton.c    **** ***************************************************************************************************
  16:.\ibuton.c    **** *
  17:.\ibuton.c    **** *                                               GRP550M CODE
  18:.\ibuton.c    **** *
  19:.\ibuton.c    **** *                                             CYPRESS PSoC5LP
  20:.\ibuton.c    **** *                                                with the
  21:.\ibuton.c    **** *                                            CY8C5969AXI-LP035
  22:.\ibuton.c    **** *
  23:.\ibuton.c    **** * Filename      : ibutton.c
  24:.\ibuton.c    **** * Version       : V1.00
  25:.\ibuton.c    **** * Programmer(s) : 
  26:.\ibuton.c    ****                   
  27:.\ibuton.c    **** ***************************************************************************************************
  28:.\ibuton.c    **** */
  29:.\ibuton.c    **** 
  30:.\ibuton.c    **** /*
  31:.\ibuton.c    **** ***************************************************************************************************
  32:.\ibuton.c    **** *                                             INCLUDE FILES
ARM GAS  C:\Users\RECEPC~1\AppData\Local\Temp\ccosLHcU.s 			page 3


  33:.\ibuton.c    **** ***************************************************************************************************
  34:.\ibuton.c    **** */
  35:.\ibuton.c    **** #include <device.h>
  36:.\ibuton.c    **** #include "VariablesG.h"
  37:.\ibuton.c    **** 
  38:.\ibuton.c    **** /*
  39:.\ibuton.c    **** ***************************************************************************************************
  40:.\ibuton.c    **** *                                           uint8 touch_present(void)
  41:.\ibuton.c    **** *
  42:.\ibuton.c    **** * Description : 
  43:.\ibuton.c    **** *               
  44:.\ibuton.c    **** *
  45:.\ibuton.c    **** * Argument(s) : none
  46:.\ibuton.c    **** *
  47:.\ibuton.c    **** * Return(s)   : none
  48:.\ibuton.c    **** *
  49:.\ibuton.c    **** * Caller(s)   : 
  50:.\ibuton.c    **** *
  51:.\ibuton.c    **** * Note(s)     : none.
  52:.\ibuton.c    **** ***************************************************************************************************
  53:.\ibuton.c    **** */
  54:.\ibuton.c    **** 
  55:.\ibuton.c    **** uint8 touch_present(uint8 ibutton){  
  83              		.loc 1 55 0
  84              		.cfi_startproc
  85              		@ args = 0, pretend = 0, frame = 16
  86              		@ frame_needed = 1, uses_anonymous_args = 0
  87 0000 80B5     		push	{r7, lr}
  88              		.cfi_def_cfa_offset 8
  89              		.cfi_offset 7, -8
  90              		.cfi_offset 14, -4
  91 0002 84B0     		sub	sp, sp, #16
  92              		.cfi_def_cfa_offset 24
  93 0004 00AF     		add	r7, sp, #0
  94              		.cfi_def_cfa_register 7
  95 0006 0346     		mov	r3, r0
  96 0008 FB71     		strb	r3, [r7, #7]
  56:.\ibuton.c    ****     uint8 present;
  57:.\ibuton.c    **** 	if(ibutton==1){
  97              		.loc 1 57 0
  98 000a FB79     		ldrb	r3, [r7, #7]	@ zero_extendqisi2
  99 000c 012B     		cmp	r3, #1
 100 000e 29D1     		bne	.L2
  58:.\ibuton.c    **** 	    IB1_Write(0);
 101              		.loc 1 58 0
 102 0010 0020     		movs	r0, #0
 103 0012 FFF7FEFF 		bl	IB1_Write
  59:.\ibuton.c    **** 	    CyDelayUs(500);
 104              		.loc 1 59 0
 105 0016 4FF4FA70 		mov	r0, #500
 106 001a FFF7FEFF 		bl	CyDelayUs
  60:.\ibuton.c    **** 	    IB1_Write(1);
 107              		.loc 1 60 0
 108 001e 0120     		movs	r0, #1
 109 0020 FFF7FEFF 		bl	IB1_Write
  61:.\ibuton.c    **** 	    CyDelayUs(5);
 110              		.loc 1 61 0
ARM GAS  C:\Users\RECEPC~1\AppData\Local\Temp\ccosLHcU.s 			page 4


 111 0024 0520     		movs	r0, #5
 112 0026 FFF7FEFF 		bl	CyDelayUs
  62:.\ibuton.c    **** 
  63:.\ibuton.c    **** 	    if(!IB1_Read()){
 113              		.loc 1 63 0
 114 002a FFF7FEFF 		bl	IB1_Read
 115 002e 0346     		mov	r3, r0
 116 0030 002B     		cmp	r3, #0
 117 0032 01D1     		bne	.L3
  64:.\ibuton.c    **** 	        return 0;
 118              		.loc 1 64 0
 119 0034 0023     		movs	r3, #0
 120 0036 3EE0     		b	.L4
 121              	.L3:
  65:.\ibuton.c    **** 	    }
  66:.\ibuton.c    **** 
  67:.\ibuton.c    **** 	    CyDelayUs(65);
 122              		.loc 1 67 0
 123 0038 4120     		movs	r0, #65
 124 003a FFF7FEFF 		bl	CyDelayUs
  68:.\ibuton.c    **** 	    present=!IB1_Read();
 125              		.loc 1 68 0
 126 003e FFF7FEFF 		bl	IB1_Read
 127 0042 0346     		mov	r3, r0
 128 0044 002B     		cmp	r3, #0
 129 0046 0CBF     		ite	eq
 130 0048 0123     		moveq	r3, #1
 131 004a 0023     		movne	r3, #0
 132 004c DBB2     		uxtb	r3, r3
 133 004e FB73     		strb	r3, [r7, #15]
  69:.\ibuton.c    **** 	    CyDelayUs(240);
 134              		.loc 1 69 0
 135 0050 F020     		movs	r0, #240
 136 0052 FFF7FEFF 		bl	CyDelayUs
  70:.\ibuton.c    **** 	    if(present){
 137              		.loc 1 70 0
 138 0056 FB7B     		ldrb	r3, [r7, #15]	@ zero_extendqisi2
 139 0058 002B     		cmp	r3, #0
 140 005a 01D0     		beq	.L5
  71:.\ibuton.c    **** 	        return 1;
 141              		.loc 1 71 0
 142 005c 0123     		movs	r3, #1
 143 005e 2AE0     		b	.L4
 144              	.L5:
  72:.\ibuton.c    **** 	    }
  73:.\ibuton.c    **** 	    else{
  74:.\ibuton.c    **** 	        return 0;
 145              		.loc 1 74 0
 146 0060 0023     		movs	r3, #0
 147 0062 28E0     		b	.L4
 148              	.L2:
  75:.\ibuton.c    **** 	    } 
  76:.\ibuton.c    **** 	}
  77:.\ibuton.c    **** 	else{
  78:.\ibuton.c    **** 	    IB2_Write(0);
 149              		.loc 1 78 0
 150 0064 0020     		movs	r0, #0
ARM GAS  C:\Users\RECEPC~1\AppData\Local\Temp\ccosLHcU.s 			page 5


 151 0066 FFF7FEFF 		bl	IB2_Write
  79:.\ibuton.c    **** 	    CyDelayUs(500);
 152              		.loc 1 79 0
 153 006a 4FF4FA70 		mov	r0, #500
 154 006e FFF7FEFF 		bl	CyDelayUs
  80:.\ibuton.c    **** 	    IB2_Write(1);
 155              		.loc 1 80 0
 156 0072 0120     		movs	r0, #1
 157 0074 FFF7FEFF 		bl	IB2_Write
  81:.\ibuton.c    **** 	    CyDelayUs(5);
 158              		.loc 1 81 0
 159 0078 0520     		movs	r0, #5
 160 007a FFF7FEFF 		bl	CyDelayUs
  82:.\ibuton.c    **** 
  83:.\ibuton.c    **** 	    if(!IB2_Read()){
 161              		.loc 1 83 0
 162 007e FFF7FEFF 		bl	IB2_Read
 163 0082 0346     		mov	r3, r0
 164 0084 002B     		cmp	r3, #0
 165 0086 01D1     		bne	.L6
  84:.\ibuton.c    **** 	        return 0;
 166              		.loc 1 84 0
 167 0088 0023     		movs	r3, #0
 168 008a 14E0     		b	.L4
 169              	.L6:
  85:.\ibuton.c    **** 	    }
  86:.\ibuton.c    **** 
  87:.\ibuton.c    **** 	    CyDelayUs(65);
 170              		.loc 1 87 0
 171 008c 4120     		movs	r0, #65
 172 008e FFF7FEFF 		bl	CyDelayUs
  88:.\ibuton.c    **** 	    present=!IB2_Read();
 173              		.loc 1 88 0
 174 0092 FFF7FEFF 		bl	IB2_Read
 175 0096 0346     		mov	r3, r0
 176 0098 002B     		cmp	r3, #0
 177 009a 0CBF     		ite	eq
 178 009c 0123     		moveq	r3, #1
 179 009e 0023     		movne	r3, #0
 180 00a0 DBB2     		uxtb	r3, r3
 181 00a2 FB73     		strb	r3, [r7, #15]
  89:.\ibuton.c    **** 	    CyDelayUs(240);
 182              		.loc 1 89 0
 183 00a4 F020     		movs	r0, #240
 184 00a6 FFF7FEFF 		bl	CyDelayUs
  90:.\ibuton.c    **** 	    if(present){
 185              		.loc 1 90 0
 186 00aa FB7B     		ldrb	r3, [r7, #15]	@ zero_extendqisi2
 187 00ac 002B     		cmp	r3, #0
 188 00ae 01D0     		beq	.L7
  91:.\ibuton.c    **** 	        return 1;
 189              		.loc 1 91 0
 190 00b0 0123     		movs	r3, #1
 191 00b2 00E0     		b	.L4
 192              	.L7:
  92:.\ibuton.c    **** 	    }
  93:.\ibuton.c    **** 	    else{
ARM GAS  C:\Users\RECEPC~1\AppData\Local\Temp\ccosLHcU.s 			page 6


  94:.\ibuton.c    **** 	        return 0;
 193              		.loc 1 94 0
 194 00b4 0023     		movs	r3, #0
 195              	.L4:
  95:.\ibuton.c    **** 	    }	
  96:.\ibuton.c    **** 	}
  97:.\ibuton.c    **** }
 196              		.loc 1 97 0
 197 00b6 1846     		mov	r0, r3
 198 00b8 1037     		adds	r7, r7, #16
 199              		.cfi_def_cfa_offset 8
 200 00ba BD46     		mov	sp, r7
 201              		.cfi_def_cfa_register 13
 202              		@ sp needed
 203 00bc 80BD     		pop	{r7, pc}
 204              		.cfi_endproc
 205              	.LFE63:
 206              		.size	touch_present, .-touch_present
 207 00be 00BF     		.section	.text.touch_write,"ax",%progbits
 208              		.align	2
 209              		.global	touch_write
 210              		.thumb
 211              		.thumb_func
 212              		.type	touch_write, %function
 213              	touch_write:
 214              	.LFB64:
  98:.\ibuton.c    **** 
  99:.\ibuton.c    **** /*
 100:.\ibuton.c    **** ***************************************************************************************************
 101:.\ibuton.c    **** *                                           uint8 touch_write(uint8 dato)
 102:.\ibuton.c    **** *
 103:.\ibuton.c    **** * Description : 
 104:.\ibuton.c    **** *               
 105:.\ibuton.c    **** *
 106:.\ibuton.c    **** * Argument(s) : none
 107:.\ibuton.c    **** *
 108:.\ibuton.c    **** * Return(s)   : none
 109:.\ibuton.c    **** *
 110:.\ibuton.c    **** * Caller(s)   : 
 111:.\ibuton.c    **** *
 112:.\ibuton.c    **** * Note(s)     : none.
 113:.\ibuton.c    **** ***************************************************************************************************
 114:.\ibuton.c    **** */
 115:.\ibuton.c    **** 
 116:.\ibuton.c    **** uint8 touch_write(uint8 ibutton, uint8 dato){
 215              		.loc 1 116 0
 216              		.cfi_startproc
 217              		@ args = 0, pretend = 0, frame = 16
 218              		@ frame_needed = 1, uses_anonymous_args = 0
 219 0000 80B5     		push	{r7, lr}
 220              		.cfi_def_cfa_offset 8
 221              		.cfi_offset 7, -8
 222              		.cfi_offset 14, -4
 223 0002 84B0     		sub	sp, sp, #16
 224              		.cfi_def_cfa_offset 24
 225 0004 00AF     		add	r7, sp, #0
 226              		.cfi_def_cfa_register 7
ARM GAS  C:\Users\RECEPC~1\AppData\Local\Temp\ccosLHcU.s 			page 7


 227 0006 0346     		mov	r3, r0
 228 0008 0A46     		mov	r2, r1
 229 000a FB71     		strb	r3, [r7, #7]
 230 000c 1346     		mov	r3, r2
 231 000e BB71     		strb	r3, [r7, #6]
 117:.\ibuton.c    ****     uint8 i;
 118:.\ibuton.c    **** 	if(ibutton==1){
 232              		.loc 1 118 0
 233 0010 FB79     		ldrb	r3, [r7, #7]	@ zero_extendqisi2
 234 0012 012B     		cmp	r3, #1
 235 0014 3BD1     		bne	.L9
 119:.\ibuton.c    **** 	    for(i=0;i<=7;i++){
 236              		.loc 1 119 0
 237 0016 0023     		movs	r3, #0
 238 0018 FB73     		strb	r3, [r7, #15]
 239 001a 33E0     		b	.L10
 240              	.L14:
 120:.\ibuton.c    **** 	        IB1_Write(0); 
 241              		.loc 1 120 0
 242 001c 0020     		movs	r0, #0
 243 001e FFF7FEFF 		bl	IB1_Write
 121:.\ibuton.c    **** 	        CyDelayUs(10);
 244              		.loc 1 121 0
 245 0022 0A20     		movs	r0, #10
 246 0024 FFF7FEFF 		bl	CyDelayUs
 122:.\ibuton.c    **** 	        if(((dato>>i)&1)){
 247              		.loc 1 122 0
 248 0028 BA79     		ldrb	r2, [r7, #6]	@ zero_extendqisi2
 249 002a FB7B     		ldrb	r3, [r7, #15]	@ zero_extendqisi2
 250 002c 42FA03F3 		asr	r3, r2, r3
 251 0030 03F00103 		and	r3, r3, #1
 252 0034 002B     		cmp	r3, #0
 253 0036 0CD0     		beq	.L11
 123:.\ibuton.c    **** 	           IB1_Write(1);
 254              		.loc 1 123 0
 255 0038 0120     		movs	r0, #1
 256 003a FFF7FEFF 		bl	IB1_Write
 124:.\ibuton.c    **** 	           CyDelayUs(10);
 257              		.loc 1 124 0
 258 003e 0A20     		movs	r0, #10
 259 0040 FFF7FEFF 		bl	CyDelayUs
 125:.\ibuton.c    **** 	           if(!IB1_Read()){
 260              		.loc 1 125 0
 261 0044 FFF7FEFF 		bl	IB1_Read
 262 0048 0346     		mov	r3, r0
 263 004a 002B     		cmp	r3, #0
 264 004c 0ED1     		bne	.L12
 126:.\ibuton.c    **** 	                return 0;                
 265              		.loc 1 126 0
 266 004e 0023     		movs	r3, #0
 267 0050 58E0     		b	.L13
 268              	.L11:
 127:.\ibuton.c    **** 	           }
 128:.\ibuton.c    **** 	        }
 129:.\ibuton.c    **** 	        else{
 130:.\ibuton.c    **** 	            IB1_Write(0); 
 269              		.loc 1 130 0
ARM GAS  C:\Users\RECEPC~1\AppData\Local\Temp\ccosLHcU.s 			page 8


 270 0052 0020     		movs	r0, #0
 271 0054 FFF7FEFF 		bl	IB1_Write
 131:.\ibuton.c    **** 	            CyDelayUs(10);
 272              		.loc 1 131 0
 273 0058 0A20     		movs	r0, #10
 274 005a FFF7FEFF 		bl	CyDelayUs
 132:.\ibuton.c    **** 	           if(IB1_Read()){
 275              		.loc 1 132 0
 276 005e FFF7FEFF 		bl	IB1_Read
 277 0062 0346     		mov	r3, r0
 278 0064 002B     		cmp	r3, #0
 279 0066 01D0     		beq	.L12
 133:.\ibuton.c    **** 	                return 0;                
 280              		.loc 1 133 0
 281 0068 0023     		movs	r3, #0
 282 006a 4BE0     		b	.L13
 283              	.L12:
 134:.\ibuton.c    **** 	           }            
 135:.\ibuton.c    **** 	        }
 136:.\ibuton.c    **** 	        CyDelayUs(50);
 284              		.loc 1 136 0 discriminator 2
 285 006c 3220     		movs	r0, #50
 286 006e FFF7FEFF 		bl	CyDelayUs
 137:.\ibuton.c    **** 	        IB1_Write(1);
 287              		.loc 1 137 0 discriminator 2
 288 0072 0120     		movs	r0, #1
 289 0074 FFF7FEFF 		bl	IB1_Write
 138:.\ibuton.c    **** 	        CyDelayUs(50);
 290              		.loc 1 138 0 discriminator 2
 291 0078 3220     		movs	r0, #50
 292 007a FFF7FEFF 		bl	CyDelayUs
 119:.\ibuton.c    **** 	        IB1_Write(0); 
 293              		.loc 1 119 0 discriminator 2
 294 007e FB7B     		ldrb	r3, [r7, #15]	@ zero_extendqisi2
 295 0080 0133     		adds	r3, r3, #1
 296 0082 FB73     		strb	r3, [r7, #15]
 297              	.L10:
 119:.\ibuton.c    **** 	        IB1_Write(0); 
 298              		.loc 1 119 0 is_stmt 0 discriminator 1
 299 0084 FB7B     		ldrb	r3, [r7, #15]	@ zero_extendqisi2
 300 0086 072B     		cmp	r3, #7
 301 0088 C8D9     		bls	.L14
 139:.\ibuton.c    **** 	    }
 140:.\ibuton.c    **** 	    return 1;
 302              		.loc 1 140 0 is_stmt 1
 303 008a 0123     		movs	r3, #1
 304 008c 3AE0     		b	.L13
 305              	.L9:
 141:.\ibuton.c    **** 	}
 142:.\ibuton.c    **** 	else{
 143:.\ibuton.c    **** 	    for(i=0;i<=7;i++){
 306              		.loc 1 143 0
 307 008e 0023     		movs	r3, #0
 308 0090 FB73     		strb	r3, [r7, #15]
 309 0092 33E0     		b	.L15
 310              	.L18:
 144:.\ibuton.c    **** 	        IB2_Write(0); 
ARM GAS  C:\Users\RECEPC~1\AppData\Local\Temp\ccosLHcU.s 			page 9


 311              		.loc 1 144 0
 312 0094 0020     		movs	r0, #0
 313 0096 FFF7FEFF 		bl	IB2_Write
 145:.\ibuton.c    **** 	        CyDelayUs(10);
 314              		.loc 1 145 0
 315 009a 0A20     		movs	r0, #10
 316 009c FFF7FEFF 		bl	CyDelayUs
 146:.\ibuton.c    **** 	        if(((dato>>i)&1)){
 317              		.loc 1 146 0
 318 00a0 BA79     		ldrb	r2, [r7, #6]	@ zero_extendqisi2
 319 00a2 FB7B     		ldrb	r3, [r7, #15]	@ zero_extendqisi2
 320 00a4 42FA03F3 		asr	r3, r2, r3
 321 00a8 03F00103 		and	r3, r3, #1
 322 00ac 002B     		cmp	r3, #0
 323 00ae 0CD0     		beq	.L16
 147:.\ibuton.c    **** 	           IB2_Write(1);
 324              		.loc 1 147 0
 325 00b0 0120     		movs	r0, #1
 326 00b2 FFF7FEFF 		bl	IB2_Write
 148:.\ibuton.c    **** 	           CyDelayUs(10);
 327              		.loc 1 148 0
 328 00b6 0A20     		movs	r0, #10
 329 00b8 FFF7FEFF 		bl	CyDelayUs
 149:.\ibuton.c    **** 	           if(!IB2_Read()){
 330              		.loc 1 149 0
 331 00bc FFF7FEFF 		bl	IB2_Read
 332 00c0 0346     		mov	r3, r0
 333 00c2 002B     		cmp	r3, #0
 334 00c4 0ED1     		bne	.L17
 150:.\ibuton.c    **** 	                return 0;                
 335              		.loc 1 150 0
 336 00c6 0023     		movs	r3, #0
 337 00c8 1CE0     		b	.L13
 338              	.L16:
 151:.\ibuton.c    **** 	           }
 152:.\ibuton.c    **** 	        }
 153:.\ibuton.c    **** 	        else{
 154:.\ibuton.c    **** 	            IB2_Write(0); 
 339              		.loc 1 154 0
 340 00ca 0020     		movs	r0, #0
 341 00cc FFF7FEFF 		bl	IB2_Write
 155:.\ibuton.c    **** 	            CyDelayUs(10);
 342              		.loc 1 155 0
 343 00d0 0A20     		movs	r0, #10
 344 00d2 FFF7FEFF 		bl	CyDelayUs
 156:.\ibuton.c    **** 	           if(IB2_Read()){
 345              		.loc 1 156 0
 346 00d6 FFF7FEFF 		bl	IB2_Read
 347 00da 0346     		mov	r3, r0
 348 00dc 002B     		cmp	r3, #0
 349 00de 01D0     		beq	.L17
 157:.\ibuton.c    **** 	                return 0;                
 350              		.loc 1 157 0
 351 00e0 0023     		movs	r3, #0
 352 00e2 0FE0     		b	.L13
 353              	.L17:
 158:.\ibuton.c    **** 	           }            
ARM GAS  C:\Users\RECEPC~1\AppData\Local\Temp\ccosLHcU.s 			page 10


 159:.\ibuton.c    **** 	        }
 160:.\ibuton.c    **** 	        CyDelayUs(50);
 354              		.loc 1 160 0 discriminator 2
 355 00e4 3220     		movs	r0, #50
 356 00e6 FFF7FEFF 		bl	CyDelayUs
 161:.\ibuton.c    **** 	        IB2_Write(1);
 357              		.loc 1 161 0 discriminator 2
 358 00ea 0120     		movs	r0, #1
 359 00ec FFF7FEFF 		bl	IB2_Write
 162:.\ibuton.c    **** 	        CyDelayUs(50);
 360              		.loc 1 162 0 discriminator 2
 361 00f0 3220     		movs	r0, #50
 362 00f2 FFF7FEFF 		bl	CyDelayUs
 143:.\ibuton.c    **** 	        IB2_Write(0); 
 363              		.loc 1 143 0 discriminator 2
 364 00f6 FB7B     		ldrb	r3, [r7, #15]	@ zero_extendqisi2
 365 00f8 0133     		adds	r3, r3, #1
 366 00fa FB73     		strb	r3, [r7, #15]
 367              	.L15:
 143:.\ibuton.c    **** 	        IB2_Write(0); 
 368              		.loc 1 143 0 is_stmt 0 discriminator 1
 369 00fc FB7B     		ldrb	r3, [r7, #15]	@ zero_extendqisi2
 370 00fe 072B     		cmp	r3, #7
 371 0100 C8D9     		bls	.L18
 163:.\ibuton.c    **** 	    }
 164:.\ibuton.c    **** 	    return 1;	
 372              		.loc 1 164 0 is_stmt 1
 373 0102 0123     		movs	r3, #1
 374              	.L13:
 165:.\ibuton.c    **** 	}
 166:.\ibuton.c    **** }
 375              		.loc 1 166 0
 376 0104 1846     		mov	r0, r3
 377 0106 1037     		adds	r7, r7, #16
 378              		.cfi_def_cfa_offset 8
 379 0108 BD46     		mov	sp, r7
 380              		.cfi_def_cfa_register 13
 381              		@ sp needed
 382 010a 80BD     		pop	{r7, pc}
 383              		.cfi_endproc
 384              	.LFE64:
 385              		.size	touch_write, .-touch_write
 386              		.section	.text.touch_read_byte,"ax",%progbits
 387              		.align	2
 388              		.global	touch_read_byte
 389              		.thumb
 390              		.thumb_func
 391              		.type	touch_read_byte, %function
 392              	touch_read_byte:
 393              	.LFB65:
 167:.\ibuton.c    **** 
 168:.\ibuton.c    **** /*
 169:.\ibuton.c    **** ***************************************************************************************************
 170:.\ibuton.c    **** *                                           uint8 touch_read_byte()
 171:.\ibuton.c    **** *
 172:.\ibuton.c    **** * Description : 
 173:.\ibuton.c    **** *               
ARM GAS  C:\Users\RECEPC~1\AppData\Local\Temp\ccosLHcU.s 			page 11


 174:.\ibuton.c    **** *
 175:.\ibuton.c    **** * Argument(s) : none
 176:.\ibuton.c    **** *
 177:.\ibuton.c    **** * Return(s)   : none
 178:.\ibuton.c    **** *
 179:.\ibuton.c    **** * Caller(s)   : 
 180:.\ibuton.c    **** *
 181:.\ibuton.c    **** * Note(s)     : none.
 182:.\ibuton.c    **** ***************************************************************************************************
 183:.\ibuton.c    **** */
 184:.\ibuton.c    **** 
 185:.\ibuton.c    **** uint8 touch_read_byte(uint8 ibutton){
 394              		.loc 1 185 0
 395              		.cfi_startproc
 396              		@ args = 0, pretend = 0, frame = 16
 397              		@ frame_needed = 1, uses_anonymous_args = 0
 398 0000 80B5     		push	{r7, lr}
 399              		.cfi_def_cfa_offset 8
 400              		.cfi_offset 7, -8
 401              		.cfi_offset 14, -4
 402 0002 84B0     		sub	sp, sp, #16
 403              		.cfi_def_cfa_offset 24
 404 0004 00AF     		add	r7, sp, #0
 405              		.cfi_def_cfa_register 7
 406 0006 0346     		mov	r3, r0
 407 0008 FB71     		strb	r3, [r7, #7]
 186:.\ibuton.c    ****     uint8 i, dato=0;
 408              		.loc 1 186 0
 409 000a 0023     		movs	r3, #0
 410 000c BB73     		strb	r3, [r7, #14]
 187:.\ibuton.c    **** 	if(ibutton==1){
 411              		.loc 1 187 0
 412 000e FB79     		ldrb	r3, [r7, #7]	@ zero_extendqisi2
 413 0010 012B     		cmp	r3, #1
 414 0012 25D1     		bne	.L20
 188:.\ibuton.c    **** 	    for(i=0;i<=7;i++){
 415              		.loc 1 188 0
 416 0014 0023     		movs	r3, #0
 417 0016 FB73     		strb	r3, [r7, #15]
 418 0018 1DE0     		b	.L21
 419              	.L22:
 189:.\ibuton.c    **** 	        IB1_Write(0);    
 420              		.loc 1 189 0 discriminator 3
 421 001a 0020     		movs	r0, #0
 422 001c FFF7FEFF 		bl	IB1_Write
 190:.\ibuton.c    **** 	        CyDelayUs(14);
 423              		.loc 1 190 0 discriminator 3
 424 0020 0E20     		movs	r0, #14
 425 0022 FFF7FEFF 		bl	CyDelayUs
 191:.\ibuton.c    **** 	        IB1_Write(1);
 426              		.loc 1 191 0 discriminator 3
 427 0026 0120     		movs	r0, #1
 428 0028 FFF7FEFF 		bl	IB1_Write
 192:.\ibuton.c    **** 	        CyDelayUs(7);
 429              		.loc 1 192 0 discriminator 3
 430 002c 0720     		movs	r0, #7
 431 002e FFF7FEFF 		bl	CyDelayUs
ARM GAS  C:\Users\RECEPC~1\AppData\Local\Temp\ccosLHcU.s 			page 12


 193:.\ibuton.c    **** 	        dato|=(IB1_Read()<<i);
 432              		.loc 1 193 0 discriminator 3
 433 0032 FFF7FEFF 		bl	IB1_Read
 434 0036 0346     		mov	r3, r0
 435 0038 1A46     		mov	r2, r3
 436 003a FB7B     		ldrb	r3, [r7, #15]	@ zero_extendqisi2
 437 003c 02FA03F3 		lsl	r3, r2, r3
 438 0040 DAB2     		uxtb	r2, r3
 439 0042 BB7B     		ldrb	r3, [r7, #14]	@ zero_extendqisi2
 440 0044 1343     		orrs	r3, r3, r2
 441 0046 DBB2     		uxtb	r3, r3
 442 0048 BB73     		strb	r3, [r7, #14]
 194:.\ibuton.c    **** 	        CyDelayUs(100);
 443              		.loc 1 194 0 discriminator 3
 444 004a 6420     		movs	r0, #100
 445 004c FFF7FEFF 		bl	CyDelayUs
 188:.\ibuton.c    **** 	        IB1_Write(0);    
 446              		.loc 1 188 0 discriminator 3
 447 0050 FB7B     		ldrb	r3, [r7, #15]	@ zero_extendqisi2
 448 0052 0133     		adds	r3, r3, #1
 449 0054 FB73     		strb	r3, [r7, #15]
 450              	.L21:
 188:.\ibuton.c    **** 	        IB1_Write(0);    
 451              		.loc 1 188 0 is_stmt 0 discriminator 1
 452 0056 FB7B     		ldrb	r3, [r7, #15]	@ zero_extendqisi2
 453 0058 072B     		cmp	r3, #7
 454 005a DED9     		bls	.L22
 195:.\ibuton.c    **** 	    }
 196:.\ibuton.c    **** 	    return dato;
 455              		.loc 1 196 0 is_stmt 1
 456 005c BB7B     		ldrb	r3, [r7, #14]	@ zero_extendqisi2
 457 005e 24E0     		b	.L23
 458              	.L20:
 197:.\ibuton.c    **** 	}
 198:.\ibuton.c    **** 	else{
 199:.\ibuton.c    **** 	    for(i=0;i<=7;i++){
 459              		.loc 1 199 0
 460 0060 0023     		movs	r3, #0
 461 0062 FB73     		strb	r3, [r7, #15]
 462 0064 1DE0     		b	.L24
 463              	.L25:
 200:.\ibuton.c    **** 	        IB2_Write(0);    
 464              		.loc 1 200 0 discriminator 3
 465 0066 0020     		movs	r0, #0
 466 0068 FFF7FEFF 		bl	IB2_Write
 201:.\ibuton.c    **** 	        CyDelayUs(14);
 467              		.loc 1 201 0 discriminator 3
 468 006c 0E20     		movs	r0, #14
 469 006e FFF7FEFF 		bl	CyDelayUs
 202:.\ibuton.c    **** 	        IB2_Write(1);
 470              		.loc 1 202 0 discriminator 3
 471 0072 0120     		movs	r0, #1
 472 0074 FFF7FEFF 		bl	IB2_Write
 203:.\ibuton.c    **** 	        CyDelayUs(7);
 473              		.loc 1 203 0 discriminator 3
 474 0078 0720     		movs	r0, #7
 475 007a FFF7FEFF 		bl	CyDelayUs
ARM GAS  C:\Users\RECEPC~1\AppData\Local\Temp\ccosLHcU.s 			page 13


 204:.\ibuton.c    **** 	        dato|=(IB2_Read()<<i);
 476              		.loc 1 204 0 discriminator 3
 477 007e FFF7FEFF 		bl	IB2_Read
 478 0082 0346     		mov	r3, r0
 479 0084 1A46     		mov	r2, r3
 480 0086 FB7B     		ldrb	r3, [r7, #15]	@ zero_extendqisi2
 481 0088 02FA03F3 		lsl	r3, r2, r3
 482 008c DAB2     		uxtb	r2, r3
 483 008e BB7B     		ldrb	r3, [r7, #14]	@ zero_extendqisi2
 484 0090 1343     		orrs	r3, r3, r2
 485 0092 DBB2     		uxtb	r3, r3
 486 0094 BB73     		strb	r3, [r7, #14]
 205:.\ibuton.c    **** 	        CyDelayUs(100);
 487              		.loc 1 205 0 discriminator 3
 488 0096 6420     		movs	r0, #100
 489 0098 FFF7FEFF 		bl	CyDelayUs
 199:.\ibuton.c    **** 	        IB2_Write(0);    
 490              		.loc 1 199 0 discriminator 3
 491 009c FB7B     		ldrb	r3, [r7, #15]	@ zero_extendqisi2
 492 009e 0133     		adds	r3, r3, #1
 493 00a0 FB73     		strb	r3, [r7, #15]
 494              	.L24:
 199:.\ibuton.c    **** 	        IB2_Write(0);    
 495              		.loc 1 199 0 is_stmt 0 discriminator 1
 496 00a2 FB7B     		ldrb	r3, [r7, #15]	@ zero_extendqisi2
 497 00a4 072B     		cmp	r3, #7
 498 00a6 DED9     		bls	.L25
 206:.\ibuton.c    **** 	    }
 207:.\ibuton.c    **** 	    return dato;	
 499              		.loc 1 207 0 is_stmt 1
 500 00a8 BB7B     		ldrb	r3, [r7, #14]	@ zero_extendqisi2
 501              	.L23:
 208:.\ibuton.c    **** 	}
 209:.\ibuton.c    **** } 
 502              		.loc 1 209 0
 503 00aa 1846     		mov	r0, r3
 504 00ac 1037     		adds	r7, r7, #16
 505              		.cfi_def_cfa_offset 8
 506 00ae BD46     		mov	sp, r7
 507              		.cfi_def_cfa_register 13
 508              		@ sp needed
 509 00b0 80BD     		pop	{r7, pc}
 510              		.cfi_endproc
 511              	.LFE65:
 512              		.size	touch_read_byte, .-touch_read_byte
 513 00b2 00BF     		.section	.text.crc_check,"ax",%progbits
 514              		.align	2
 515              		.global	crc_check
 516              		.thumb
 517              		.thumb_func
 518              		.type	crc_check, %function
 519              	crc_check:
 520              	.LFB66:
 210:.\ibuton.c    **** 
 211:.\ibuton.c    **** /*
 212:.\ibuton.c    **** ***************************************************************************************************
 213:.\ibuton.c    **** * 							uint8 crc_check(uint8_t crc, uint8_t data)
ARM GAS  C:\Users\RECEPC~1\AppData\Local\Temp\ccosLHcU.s 			page 14


 214:.\ibuton.c    **** *
 215:.\ibuton.c    **** * Description : 
 216:.\ibuton.c    **** *               
 217:.\ibuton.c    **** *
 218:.\ibuton.c    **** * Argument(s) : none
 219:.\ibuton.c    **** *
 220:.\ibuton.c    **** * Return(s)   : none
 221:.\ibuton.c    **** *
 222:.\ibuton.c    **** * Caller(s)   : 
 223:.\ibuton.c    **** *
 224:.\ibuton.c    **** * Note(s)     : none.
 225:.\ibuton.c    **** ***************************************************************************************************
 226:.\ibuton.c    **** */
 227:.\ibuton.c    **** 
 228:.\ibuton.c    **** uint8 crc_check(uint8 crc, uint8 dato){
 521              		.loc 1 228 0
 522              		.cfi_startproc
 523              		@ args = 0, pretend = 0, frame = 16
 524              		@ frame_needed = 1, uses_anonymous_args = 0
 525              		@ link register save eliminated.
 526 0000 80B4     		push	{r7}
 527              		.cfi_def_cfa_offset 4
 528              		.cfi_offset 7, -4
 529 0002 85B0     		sub	sp, sp, #20
 530              		.cfi_def_cfa_offset 24
 531 0004 00AF     		add	r7, sp, #0
 532              		.cfi_def_cfa_register 7
 533 0006 0346     		mov	r3, r0
 534 0008 0A46     		mov	r2, r1
 535 000a FB71     		strb	r3, [r7, #7]
 536 000c 1346     		mov	r3, r2
 537 000e BB71     		strb	r3, [r7, #6]
 229:.\ibuton.c    ****     uint8 i;
 230:.\ibuton.c    ****     crc = crc ^ dato;
 538              		.loc 1 230 0
 539 0010 FA79     		ldrb	r2, [r7, #7]
 540 0012 BB79     		ldrb	r3, [r7, #6]
 541 0014 5340     		eors	r3, r3, r2
 542 0016 FB71     		strb	r3, [r7, #7]
 231:.\ibuton.c    ****     for (i = 0; i < 8; i++)
 543              		.loc 1 231 0
 544 0018 0023     		movs	r3, #0
 545 001a FB73     		strb	r3, [r7, #15]
 546 001c 12E0     		b	.L27
 547              	.L30:
 232:.\ibuton.c    ****     {
 233:.\ibuton.c    ****         if (crc & 0x01){
 548              		.loc 1 233 0
 549 001e FB79     		ldrb	r3, [r7, #7]	@ zero_extendqisi2
 550 0020 03F00103 		and	r3, r3, #1
 551 0024 002B     		cmp	r3, #0
 552 0026 07D0     		beq	.L28
 234:.\ibuton.c    ****             crc = (crc >> 1) ^ 0x8C;
 553              		.loc 1 234 0
 554 0028 FB79     		ldrb	r3, [r7, #7]	@ zero_extendqisi2
 555 002a 5B08     		lsrs	r3, r3, #1
 556 002c DBB2     		uxtb	r3, r3
ARM GAS  C:\Users\RECEPC~1\AppData\Local\Temp\ccosLHcU.s 			page 15


 557 002e 83F07303 		eor	r3, r3, #115
 558 0032 DB43     		mvns	r3, r3
 559 0034 FB71     		strb	r3, [r7, #7]
 560 0036 02E0     		b	.L29
 561              	.L28:
 235:.\ibuton.c    **** 		}	
 236:.\ibuton.c    ****         else{
 237:.\ibuton.c    ****             crc >>= 1;
 562              		.loc 1 237 0
 563 0038 FB79     		ldrb	r3, [r7, #7]	@ zero_extendqisi2
 564 003a 5B08     		lsrs	r3, r3, #1
 565 003c FB71     		strb	r3, [r7, #7]
 566              	.L29:
 231:.\ibuton.c    ****     {
 567              		.loc 1 231 0 discriminator 2
 568 003e FB7B     		ldrb	r3, [r7, #15]	@ zero_extendqisi2
 569 0040 0133     		adds	r3, r3, #1
 570 0042 FB73     		strb	r3, [r7, #15]
 571              	.L27:
 231:.\ibuton.c    ****     {
 572              		.loc 1 231 0 is_stmt 0 discriminator 1
 573 0044 FB7B     		ldrb	r3, [r7, #15]	@ zero_extendqisi2
 574 0046 072B     		cmp	r3, #7
 575 0048 E9D9     		bls	.L30
 238:.\ibuton.c    **** 		}	
 239:.\ibuton.c    ****     }
 240:.\ibuton.c    ****     return crc;
 576              		.loc 1 240 0 is_stmt 1
 577 004a FB79     		ldrb	r3, [r7, #7]	@ zero_extendqisi2
 241:.\ibuton.c    **** }
 578              		.loc 1 241 0
 579 004c 1846     		mov	r0, r3
 580 004e 1437     		adds	r7, r7, #20
 581              		.cfi_def_cfa_offset 4
 582 0050 BD46     		mov	sp, r7
 583              		.cfi_def_cfa_register 13
 584              		@ sp needed
 585 0052 5DF8047B 		ldr	r7, [sp], #4
 586              		.cfi_restore 7
 587              		.cfi_def_cfa_offset 0
 588 0056 7047     		bx	lr
 589              		.cfi_endproc
 590              	.LFE66:
 591              		.size	crc_check, .-crc_check
 592              		.text
 593              	.Letext0:
 594              		.file 2 "c:\\program files (x86)\\cypress\\psoc creator\\3.3\\psoc creator\\import\\gnu\\arm\\4.9.
 595              		.file 3 "c:\\program files (x86)\\cypress\\psoc creator\\3.3\\psoc creator\\import\\gnu\\arm\\4.9.
 596              		.file 4 "Generated_Source\\PSoC5/cytypes.h"
 597              		.file 5 ".\\VariablesG.h"
 598              		.file 6 "Generated_Source\\PSoC5/core_cm3.h"
 599              		.section	.debug_info,"",%progbits
 600              	.Ldebug_info0:
 601 0000 8D080000 		.4byte	0x88d
 602 0004 0400     		.2byte	0x4
 603 0006 00000000 		.4byte	.Ldebug_abbrev0
 604 000a 04       		.byte	0x4
ARM GAS  C:\Users\RECEPC~1\AppData\Local\Temp\ccosLHcU.s 			page 16


 605 000b 01       		.uleb128 0x1
 606 000c 40010000 		.4byte	.LASF99
 607 0010 01       		.byte	0x1
 608 0011 D7010000 		.4byte	.LASF100
 609 0015 46040000 		.4byte	.LASF101
 610 0019 00000000 		.4byte	.Ldebug_ranges0+0
 611 001d 00000000 		.4byte	0
 612 0021 00000000 		.4byte	.Ldebug_line0
 613 0025 02       		.uleb128 0x2
 614 0026 01       		.byte	0x1
 615 0027 06       		.byte	0x6
 616 0028 2E020000 		.4byte	.LASF0
 617 002c 02       		.uleb128 0x2
 618 002d 01       		.byte	0x1
 619 002e 08       		.byte	0x8
 620 002f 0F020000 		.4byte	.LASF1
 621 0033 02       		.uleb128 0x2
 622 0034 02       		.byte	0x2
 623 0035 05       		.byte	0x5
 624 0036 8B000000 		.4byte	.LASF2
 625 003a 02       		.uleb128 0x2
 626 003b 02       		.byte	0x2
 627 003c 07       		.byte	0x7
 628 003d CE020000 		.4byte	.LASF3
 629 0041 03       		.uleb128 0x3
 630 0042 22030000 		.4byte	.LASF9
 631 0046 02       		.byte	0x2
 632 0047 3F       		.byte	0x3f
 633 0048 4C000000 		.4byte	0x4c
 634 004c 02       		.uleb128 0x2
 635 004d 04       		.byte	0x4
 636 004e 05       		.byte	0x5
 637 004f 30040000 		.4byte	.LASF4
 638 0053 02       		.uleb128 0x2
 639 0054 04       		.byte	0x4
 640 0055 07       		.byte	0x7
 641 0056 7C030000 		.4byte	.LASF5
 642 005a 02       		.uleb128 0x2
 643 005b 08       		.byte	0x8
 644 005c 05       		.byte	0x5
 645 005d 32010000 		.4byte	.LASF6
 646 0061 02       		.uleb128 0x2
 647 0062 08       		.byte	0x8
 648 0063 07       		.byte	0x7
 649 0064 42020000 		.4byte	.LASF7
 650 0068 04       		.uleb128 0x4
 651 0069 04       		.byte	0x4
 652 006a 05       		.byte	0x5
 653 006b 696E7400 		.ascii	"int\000"
 654 006f 02       		.uleb128 0x2
 655 0070 04       		.byte	0x4
 656 0071 07       		.byte	0x7
 657 0072 76020000 		.4byte	.LASF8
 658 0076 03       		.uleb128 0x3
 659 0077 0C030000 		.4byte	.LASF10
 660 007b 03       		.byte	0x3
 661 007c 2C       		.byte	0x2c
ARM GAS  C:\Users\RECEPC~1\AppData\Local\Temp\ccosLHcU.s 			page 17


 662 007d 41000000 		.4byte	0x41
 663 0081 03       		.uleb128 0x3
 664 0082 09020000 		.4byte	.LASF11
 665 0086 04       		.byte	0x4
 666 0087 B4       		.byte	0xb4
 667 0088 2C000000 		.4byte	0x2c
 668 008c 03       		.uleb128 0x3
 669 008d F9000000 		.4byte	.LASF12
 670 0091 04       		.byte	0x4
 671 0092 B5       		.byte	0xb5
 672 0093 3A000000 		.4byte	0x3a
 673 0097 02       		.uleb128 0x2
 674 0098 04       		.byte	0x4
 675 0099 04       		.byte	0x4
 676 009a 2C010000 		.4byte	.LASF13
 677 009e 02       		.uleb128 0x2
 678 009f 08       		.byte	0x8
 679 00a0 04       		.byte	0x4
 680 00a1 13040000 		.4byte	.LASF14
 681 00a5 02       		.uleb128 0x2
 682 00a6 01       		.byte	0x1
 683 00a7 08       		.byte	0x8
 684 00a8 F7020000 		.4byte	.LASF15
 685 00ac 05       		.uleb128 0x5
 686 00ad 81000000 		.4byte	0x81
 687 00b1 05       		.uleb128 0x5
 688 00b2 8C000000 		.4byte	0x8c
 689 00b6 02       		.uleb128 0x2
 690 00b7 04       		.byte	0x4
 691 00b8 07       		.byte	0x7
 692 00b9 CE010000 		.4byte	.LASF16
 693 00bd 06       		.uleb128 0x6
 694 00be 81000000 		.4byte	0x81
 695 00c2 CD000000 		.4byte	0xcd
 696 00c6 07       		.uleb128 0x7
 697 00c7 B6000000 		.4byte	0xb6
 698 00cb 03       		.byte	0x3
 699 00cc 00       		.byte	0
 700 00cd 08       		.uleb128 0x8
 701 00ce 1D010000 		.4byte	.LASF21
 702 00d2 5D       		.byte	0x5d
 703 00d3 05       		.byte	0x5
 704 00d4 57       		.byte	0x57
 705 00d5 22010000 		.4byte	0x122
 706 00d9 09       		.uleb128 0x9
 707 00da 64697200 		.ascii	"dir\000"
 708 00de 05       		.byte	0x5
 709 00df 58       		.byte	0x58
 710 00e0 AC000000 		.4byte	0xac
 711 00e4 00       		.byte	0
 712 00e5 0A       		.uleb128 0xa
 713 00e6 39040000 		.4byte	.LASF17
 714 00ea 05       		.byte	0x5
 715 00eb 59       		.byte	0x59
 716 00ec AC000000 		.4byte	0xac
 717 00f0 01       		.byte	0x1
 718 00f1 0A       		.uleb128 0xa
ARM GAS  C:\Users\RECEPC~1\AppData\Local\Temp\ccosLHcU.s 			page 18


 719 00f2 E2010000 		.4byte	.LASF18
 720 00f6 05       		.byte	0x5
 721 00f7 5A       		.byte	0x5a
 722 00f8 38010000 		.4byte	0x138
 723 00fc 02       		.byte	0x2
 724 00fd 09       		.uleb128 0x9
 725 00fe 70707500 		.ascii	"ppu\000"
 726 0102 05       		.byte	0x5
 727 0103 5B       		.byte	0x5b
 728 0104 53010000 		.4byte	0x153
 729 0108 4A       		.byte	0x4a
 730 0109 0A       		.uleb128 0xa
 731 010a E1020000 		.4byte	.LASF19
 732 010e 05       		.byte	0x5
 733 010f 5C       		.byte	0x5c
 734 0110 6E010000 		.4byte	0x16e
 735 0114 59       		.byte	0x59
 736 0115 0A       		.uleb128 0xa
 737 0116 4B030000 		.4byte	.LASF20
 738 011a 05       		.byte	0x5
 739 011b 5D       		.byte	0x5d
 740 011c AC000000 		.4byte	0xac
 741 0120 5C       		.byte	0x5c
 742 0121 00       		.byte	0
 743 0122 06       		.uleb128 0x6
 744 0123 81000000 		.4byte	0x81
 745 0127 38010000 		.4byte	0x138
 746 012b 07       		.uleb128 0x7
 747 012c B6000000 		.4byte	0xb6
 748 0130 02       		.byte	0x2
 749 0131 07       		.uleb128 0x7
 750 0132 B6000000 		.4byte	0xb6
 751 0136 17       		.byte	0x17
 752 0137 00       		.byte	0
 753 0138 05       		.uleb128 0x5
 754 0139 22010000 		.4byte	0x122
 755 013d 06       		.uleb128 0x6
 756 013e 81000000 		.4byte	0x81
 757 0142 53010000 		.4byte	0x153
 758 0146 07       		.uleb128 0x7
 759 0147 B6000000 		.4byte	0xb6
 760 014b 02       		.byte	0x2
 761 014c 07       		.uleb128 0x7
 762 014d B6000000 		.4byte	0xb6
 763 0151 04       		.byte	0x4
 764 0152 00       		.byte	0
 765 0153 05       		.uleb128 0x5
 766 0154 3D010000 		.4byte	0x13d
 767 0158 06       		.uleb128 0x6
 768 0159 81000000 		.4byte	0x81
 769 015d 6E010000 		.4byte	0x16e
 770 0161 07       		.uleb128 0x7
 771 0162 B6000000 		.4byte	0xb6
 772 0166 02       		.byte	0x2
 773 0167 07       		.uleb128 0x7
 774 0168 B6000000 		.4byte	0xb6
 775 016c 00       		.byte	0
ARM GAS  C:\Users\RECEPC~1\AppData\Local\Temp\ccosLHcU.s 			page 19


 776 016d 00       		.byte	0
 777 016e 05       		.uleb128 0x5
 778 016f 58010000 		.4byte	0x158
 779 0173 08       		.uleb128 0x8
 780 0174 8E030000 		.4byte	.LASF22
 781 0178 76       		.byte	0x76
 782 0179 05       		.byte	0x5
 783 017a 6E       		.byte	0x6e
 784 017b 62020000 		.4byte	0x262
 785 017f 0A       		.uleb128 0xa
 786 0180 1D020000 		.4byte	.LASF23
 787 0184 05       		.byte	0x5
 788 0185 6F       		.byte	0x6f
 789 0186 81000000 		.4byte	0x81
 790 018a 00       		.byte	0
 791 018b 0A       		.uleb128 0xa
 792 018c E1020000 		.4byte	.LASF19
 793 0190 05       		.byte	0x5
 794 0191 70       		.byte	0x70
 795 0192 81000000 		.4byte	0x81
 796 0196 01       		.byte	0x1
 797 0197 09       		.uleb128 0x9
 798 0198 70707500 		.ascii	"ppu\000"
 799 019c 05       		.byte	0x5
 800 019d 71       		.byte	0x71
 801 019e 62020000 		.4byte	0x262
 802 01a2 02       		.byte	0x2
 803 01a3 0A       		.uleb128 0xa
 804 01a4 AF000000 		.4byte	.LASF24
 805 01a8 05       		.byte	0x5
 806 01a9 72       		.byte	0x72
 807 01aa 72020000 		.4byte	0x272
 808 01ae 07       		.byte	0x7
 809 01af 0A       		.uleb128 0xa
 810 01b0 26020000 		.4byte	.LASF25
 811 01b4 05       		.byte	0x5
 812 01b5 73       		.byte	0x73
 813 01b6 72020000 		.4byte	0x272
 814 01ba 10       		.byte	0x10
 815 01bb 0A       		.uleb128 0xa
 816 01bc AD020000 		.4byte	.LASF26
 817 01c0 05       		.byte	0x5
 818 01c1 74       		.byte	0x74
 819 01c2 81000000 		.4byte	0x81
 820 01c6 19       		.byte	0x19
 821 01c7 0A       		.uleb128 0xa
 822 01c8 82000000 		.4byte	.LASF27
 823 01cc 05       		.byte	0x5
 824 01cd 75       		.byte	0x75
 825 01ce 81000000 		.4byte	0x81
 826 01d2 1A       		.byte	0x1a
 827 01d3 0A       		.uleb128 0xa
 828 01d4 BC030000 		.4byte	.LASF28
 829 01d8 05       		.byte	0x5
 830 01d9 76       		.byte	0x76
 831 01da 82020000 		.4byte	0x282
 832 01de 1B       		.byte	0x1b
ARM GAS  C:\Users\RECEPC~1\AppData\Local\Temp\ccosLHcU.s 			page 20


 833 01df 09       		.uleb128 0x9
 834 01e0 696400   		.ascii	"id\000"
 835 01e3 05       		.byte	0x5
 836 01e4 77       		.byte	0x77
 837 01e5 92020000 		.4byte	0x292
 838 01e9 23       		.byte	0x23
 839 01ea 0A       		.uleb128 0xa
 840 01eb 40040000 		.4byte	.LASF29
 841 01ef 05       		.byte	0x5
 842 01f0 78       		.byte	0x78
 843 01f1 92020000 		.4byte	0x292
 844 01f5 33       		.byte	0x33
 845 01f6 09       		.uleb128 0x9
 846 01f7 6B6D00   		.ascii	"km\000"
 847 01fa 05       		.byte	0x5
 848 01fb 79       		.byte	0x79
 849 01fc A2020000 		.4byte	0x2a2
 850 0200 43       		.byte	0x43
 851 0201 0A       		.uleb128 0xa
 852 0202 0D040000 		.4byte	.LASF30
 853 0206 05       		.byte	0x5
 854 0207 7A       		.byte	0x7a
 855 0208 72020000 		.4byte	0x272
 856 020c 4E       		.byte	0x4e
 857 020d 0A       		.uleb128 0xa
 858 020e F0000000 		.4byte	.LASF31
 859 0212 05       		.byte	0x5
 860 0213 7B       		.byte	0x7b
 861 0214 81000000 		.4byte	0x81
 862 0218 57       		.byte	0x57
 863 0219 0A       		.uleb128 0xa
 864 021a 02040000 		.4byte	.LASF32
 865 021e 05       		.byte	0x5
 866 021f 7C       		.byte	0x7c
 867 0220 81000000 		.4byte	0x81
 868 0224 58       		.byte	0x58
 869 0225 0A       		.uleb128 0xa
 870 0226 CC000000 		.4byte	.LASF33
 871 022a 05       		.byte	0x5
 872 022b 7D       		.byte	0x7d
 873 022c A2020000 		.4byte	0x2a2
 874 0230 59       		.byte	0x59
 875 0231 0A       		.uleb128 0xa
 876 0232 D3000000 		.4byte	.LASF34
 877 0236 05       		.byte	0x5
 878 0237 7E       		.byte	0x7e
 879 0238 A2020000 		.4byte	0x2a2
 880 023c 64       		.byte	0x64
 881 023d 0A       		.uleb128 0xa
 882 023e DC000000 		.4byte	.LASF35
 883 0242 05       		.byte	0x5
 884 0243 7F       		.byte	0x7f
 885 0244 81000000 		.4byte	0x81
 886 0248 6F       		.byte	0x6f
 887 0249 0A       		.uleb128 0xa
 888 024a 6B020000 		.4byte	.LASF36
 889 024e 05       		.byte	0x5
ARM GAS  C:\Users\RECEPC~1\AppData\Local\Temp\ccosLHcU.s 			page 21


 890 024f 80       		.byte	0x80
 891 0250 81000000 		.4byte	0x81
 892 0254 70       		.byte	0x70
 893 0255 0A       		.uleb128 0xa
 894 0256 67000000 		.4byte	.LASF37
 895 025a 05       		.byte	0x5
 896 025b 81       		.byte	0x81
 897 025c 62020000 		.4byte	0x262
 898 0260 71       		.byte	0x71
 899 0261 00       		.byte	0
 900 0262 06       		.uleb128 0x6
 901 0263 81000000 		.4byte	0x81
 902 0267 72020000 		.4byte	0x272
 903 026b 07       		.uleb128 0x7
 904 026c B6000000 		.4byte	0xb6
 905 0270 04       		.byte	0x4
 906 0271 00       		.byte	0
 907 0272 06       		.uleb128 0x6
 908 0273 81000000 		.4byte	0x81
 909 0277 82020000 		.4byte	0x282
 910 027b 07       		.uleb128 0x7
 911 027c B6000000 		.4byte	0xb6
 912 0280 08       		.byte	0x8
 913 0281 00       		.byte	0
 914 0282 06       		.uleb128 0x6
 915 0283 81000000 		.4byte	0x81
 916 0287 92020000 		.4byte	0x292
 917 028b 07       		.uleb128 0x7
 918 028c B6000000 		.4byte	0xb6
 919 0290 07       		.byte	0x7
 920 0291 00       		.byte	0
 921 0292 06       		.uleb128 0x6
 922 0293 81000000 		.4byte	0x81
 923 0297 A2020000 		.4byte	0x2a2
 924 029b 07       		.uleb128 0x7
 925 029c B6000000 		.4byte	0xb6
 926 02a0 0F       		.byte	0xf
 927 02a1 00       		.byte	0
 928 02a2 06       		.uleb128 0x6
 929 02a3 81000000 		.4byte	0x81
 930 02a7 B2020000 		.4byte	0x2b2
 931 02ab 07       		.uleb128 0x7
 932 02ac B6000000 		.4byte	0xb6
 933 02b0 0A       		.byte	0xa
 934 02b1 00       		.byte	0
 935 02b2 0B       		.uleb128 0xb
 936 02b3 8E020000 		.4byte	.LASF38
 937 02b7 01       		.byte	0x1
 938 02b8 37       		.byte	0x37
 939 02b9 81000000 		.4byte	0x81
 940 02bd 00000000 		.4byte	.LFB63
 941 02c1 BE000000 		.4byte	.LFE63-.LFB63
 942 02c5 01       		.uleb128 0x1
 943 02c6 9C       		.byte	0x9c
 944 02c7 E8020000 		.4byte	0x2e8
 945 02cb 0C       		.uleb128 0xc
 946 02cc 3A020000 		.4byte	.LASF40
ARM GAS  C:\Users\RECEPC~1\AppData\Local\Temp\ccosLHcU.s 			page 22


 947 02d0 01       		.byte	0x1
 948 02d1 37       		.byte	0x37
 949 02d2 81000000 		.4byte	0x81
 950 02d6 02       		.uleb128 0x2
 951 02d7 91       		.byte	0x91
 952 02d8 6F       		.sleb128 -17
 953 02d9 0D       		.uleb128 0xd
 954 02da F4030000 		.4byte	.LASF42
 955 02de 01       		.byte	0x1
 956 02df 38       		.byte	0x38
 957 02e0 81000000 		.4byte	0x81
 958 02e4 02       		.uleb128 0x2
 959 02e5 91       		.byte	0x91
 960 02e6 77       		.sleb128 -9
 961 02e7 00       		.byte	0
 962 02e8 0B       		.uleb128 0xb
 963 02e9 0C000000 		.4byte	.LASF39
 964 02ed 01       		.byte	0x1
 965 02ee 74       		.byte	0x74
 966 02ef 81000000 		.4byte	0x81
 967 02f3 00000000 		.4byte	.LFB64
 968 02f7 0C010000 		.4byte	.LFE64-.LFB64
 969 02fb 01       		.uleb128 0x1
 970 02fc 9C       		.byte	0x9c
 971 02fd 2A030000 		.4byte	0x32a
 972 0301 0C       		.uleb128 0xc
 973 0302 3A020000 		.4byte	.LASF40
 974 0306 01       		.byte	0x1
 975 0307 74       		.byte	0x74
 976 0308 81000000 		.4byte	0x81
 977 030c 02       		.uleb128 0x2
 978 030d 91       		.byte	0x91
 979 030e 6F       		.sleb128 -17
 980 030f 0C       		.uleb128 0xc
 981 0310 9F030000 		.4byte	.LASF41
 982 0314 01       		.byte	0x1
 983 0315 74       		.byte	0x74
 984 0316 81000000 		.4byte	0x81
 985 031a 02       		.uleb128 0x2
 986 031b 91       		.byte	0x91
 987 031c 6E       		.sleb128 -18
 988 031d 0E       		.uleb128 0xe
 989 031e 6900     		.ascii	"i\000"
 990 0320 01       		.byte	0x1
 991 0321 75       		.byte	0x75
 992 0322 81000000 		.4byte	0x81
 993 0326 02       		.uleb128 0x2
 994 0327 91       		.byte	0x91
 995 0328 77       		.sleb128 -9
 996 0329 00       		.byte	0
 997 032a 0B       		.uleb128 0xb
 998 032b 62030000 		.4byte	.LASF43
 999 032f 01       		.byte	0x1
 1000 0330 B9       		.byte	0xb9
 1001 0331 81000000 		.4byte	0x81
 1002 0335 00000000 		.4byte	.LFB65
 1003 0339 B2000000 		.4byte	.LFE65-.LFB65
ARM GAS  C:\Users\RECEPC~1\AppData\Local\Temp\ccosLHcU.s 			page 23


 1004 033d 01       		.uleb128 0x1
 1005 033e 9C       		.byte	0x9c
 1006 033f 6C030000 		.4byte	0x36c
 1007 0343 0C       		.uleb128 0xc
 1008 0344 3A020000 		.4byte	.LASF40
 1009 0348 01       		.byte	0x1
 1010 0349 B9       		.byte	0xb9
 1011 034a 81000000 		.4byte	0x81
 1012 034e 02       		.uleb128 0x2
 1013 034f 91       		.byte	0x91
 1014 0350 6F       		.sleb128 -17
 1015 0351 0E       		.uleb128 0xe
 1016 0352 6900     		.ascii	"i\000"
 1017 0354 01       		.byte	0x1
 1018 0355 BA       		.byte	0xba
 1019 0356 81000000 		.4byte	0x81
 1020 035a 02       		.uleb128 0x2
 1021 035b 91       		.byte	0x91
 1022 035c 77       		.sleb128 -9
 1023 035d 0D       		.uleb128 0xd
 1024 035e 9F030000 		.4byte	.LASF41
 1025 0362 01       		.byte	0x1
 1026 0363 BA       		.byte	0xba
 1027 0364 81000000 		.4byte	0x81
 1028 0368 02       		.uleb128 0x2
 1029 0369 91       		.byte	0x91
 1030 036a 76       		.sleb128 -10
 1031 036b 00       		.byte	0
 1032 036c 0F       		.uleb128 0xf
 1033 036d 07010000 		.4byte	.LASF44
 1034 0371 01       		.byte	0x1
 1035 0372 E4       		.byte	0xe4
 1036 0373 81000000 		.4byte	0x81
 1037 0377 00000000 		.4byte	.LFB66
 1038 037b 58000000 		.4byte	.LFE66-.LFB66
 1039 037f 01       		.uleb128 0x1
 1040 0380 9C       		.byte	0x9c
 1041 0381 AE030000 		.4byte	0x3ae
 1042 0385 10       		.uleb128 0x10
 1043 0386 63726300 		.ascii	"crc\000"
 1044 038a 01       		.byte	0x1
 1045 038b E4       		.byte	0xe4
 1046 038c 81000000 		.4byte	0x81
 1047 0390 02       		.uleb128 0x2
 1048 0391 91       		.byte	0x91
 1049 0392 6F       		.sleb128 -17
 1050 0393 0C       		.uleb128 0xc
 1051 0394 9F030000 		.4byte	.LASF41
 1052 0398 01       		.byte	0x1
 1053 0399 E4       		.byte	0xe4
 1054 039a 81000000 		.4byte	0x81
 1055 039e 02       		.uleb128 0x2
 1056 039f 91       		.byte	0x91
 1057 03a0 6E       		.sleb128 -18
 1058 03a1 0E       		.uleb128 0xe
 1059 03a2 6900     		.ascii	"i\000"
 1060 03a4 01       		.byte	0x1
ARM GAS  C:\Users\RECEPC~1\AppData\Local\Temp\ccosLHcU.s 			page 24


 1061 03a5 E5       		.byte	0xe5
 1062 03a6 81000000 		.4byte	0x81
 1063 03aa 02       		.uleb128 0x2
 1064 03ab 91       		.byte	0x91
 1065 03ac 77       		.sleb128 -9
 1066 03ad 00       		.byte	0
 1067 03ae 11       		.uleb128 0x11
 1068 03af A4030000 		.4byte	.LASF45
 1069 03b3 06       		.byte	0x6
 1070 03b4 2A06     		.2byte	0x62a
 1071 03b6 BA030000 		.4byte	0x3ba
 1072 03ba 05       		.uleb128 0x5
 1073 03bb 76000000 		.4byte	0x76
 1074 03bf 12       		.uleb128 0x12
 1075 03c0 14030000 		.4byte	.LASF46
 1076 03c4 05       		.byte	0x5
 1077 03c5 42       		.byte	0x42
 1078 03c6 AC000000 		.4byte	0xac
 1079 03ca 05       		.uleb128 0x5
 1080 03cb 03       		.byte	0x3
 1081 03cc 00000000 		.4byte	count_teclas1
 1082 03d0 12       		.uleb128 0x12
 1083 03d1 7B040000 		.4byte	.LASF47
 1084 03d5 05       		.byte	0x5
 1085 03d6 42       		.byte	0x42
 1086 03d7 AC000000 		.4byte	0xac
 1087 03db 05       		.uleb128 0x5
 1088 03dc 03       		.byte	0x3
 1089 03dd 00000000 		.4byte	comas1
 1090 03e1 12       		.uleb128 0x12
 1091 03e2 82040000 		.4byte	.LASF48
 1092 03e6 05       		.byte	0x5
 1093 03e7 42       		.byte	0x42
 1094 03e8 AC000000 		.4byte	0xac
 1095 03ec 05       		.uleb128 0x5
 1096 03ed 03       		.byte	0x3
 1097 03ee 00000000 		.4byte	comas2
 1098 03f2 12       		.uleb128 0x12
 1099 03f3 C3030000 		.4byte	.LASF49
 1100 03f7 05       		.byte	0x5
 1101 03f8 42       		.byte	0x42
 1102 03f9 AC000000 		.4byte	0xac
 1103 03fd 05       		.uleb128 0x5
 1104 03fe 03       		.byte	0x3
 1105 03ff 00000000 		.4byte	id_coma1
 1106 0403 12       		.uleb128 0x12
 1107 0404 D5030000 		.4byte	.LASF50
 1108 0408 05       		.byte	0x5
 1109 0409 42       		.byte	0x42
 1110 040a AC000000 		.4byte	0xac
 1111 040e 05       		.uleb128 0x5
 1112 040f 03       		.byte	0x3
 1113 0410 00000000 		.4byte	id_teclado1
 1114 0414 12       		.uleb128 0x12
 1115 0415 24000000 		.4byte	.LASF51
 1116 0419 05       		.byte	0x5
 1117 041a 42       		.byte	0x42
ARM GAS  C:\Users\RECEPC~1\AppData\Local\Temp\ccosLHcU.s 			page 25


 1118 041b AC000000 		.4byte	0xac
 1119 041f 05       		.uleb128 0x5
 1120 0420 03       		.byte	0x3
 1121 0421 00000000 		.4byte	count_teclas2
 1122 0425 12       		.uleb128 0x12
 1123 0426 CC030000 		.4byte	.LASF52
 1124 042a 05       		.byte	0x5
 1125 042b 42       		.byte	0x42
 1126 042c AC000000 		.4byte	0xac
 1127 0430 05       		.uleb128 0x5
 1128 0431 03       		.byte	0x3
 1129 0432 00000000 		.4byte	id_coma2
 1130 0436 12       		.uleb128 0x12
 1131 0437 E1030000 		.4byte	.LASF53
 1132 043b 05       		.byte	0x5
 1133 043c 42       		.byte	0x42
 1134 043d AC000000 		.4byte	0xac
 1135 0441 05       		.uleb128 0x5
 1136 0442 03       		.byte	0x3
 1137 0443 00000000 		.4byte	id_teclado2
 1138 0447 12       		.uleb128 0x12
 1139 0448 00000000 		.4byte	.LASF54
 1140 044c 05       		.byte	0x5
 1141 044d 43       		.byte	0x43
 1142 044e B1000000 		.4byte	0xb1
 1143 0452 05       		.uleb128 0x5
 1144 0453 03       		.byte	0x3
 1145 0454 00000000 		.4byte	posx1
 1146 0458 12       		.uleb128 0x12
 1147 0459 11010000 		.4byte	.LASF55
 1148 045d 05       		.byte	0x5
 1149 045e 43       		.byte	0x43
 1150 045f B1000000 		.4byte	0xb1
 1151 0463 05       		.uleb128 0x5
 1152 0464 03       		.byte	0x3
 1153 0465 00000000 		.4byte	posy1
 1154 0469 12       		.uleb128 0x12
 1155 046a 83020000 		.4byte	.LASF56
 1156 046e 05       		.byte	0x5
 1157 046f 43       		.byte	0x43
 1158 0470 B1000000 		.4byte	0xb1
 1159 0474 05       		.uleb128 0x5
 1160 0475 03       		.byte	0x3
 1161 0476 00000000 		.4byte	sizeletra1
 1162 047a 12       		.uleb128 0x12
 1163 047b 06000000 		.4byte	.LASF57
 1164 047f 05       		.byte	0x5
 1165 0480 43       		.byte	0x43
 1166 0481 B1000000 		.4byte	0xb1
 1167 0485 05       		.uleb128 0x5
 1168 0486 03       		.byte	0x3
 1169 0487 00000000 		.4byte	posx2
 1170 048b 12       		.uleb128 0x12
 1171 048c 17010000 		.4byte	.LASF58
 1172 0490 05       		.byte	0x5
 1173 0491 43       		.byte	0x43
 1174 0492 B1000000 		.4byte	0xb1
ARM GAS  C:\Users\RECEPC~1\AppData\Local\Temp\ccosLHcU.s 			page 26


 1175 0496 05       		.uleb128 0x5
 1176 0497 03       		.byte	0x3
 1177 0498 00000000 		.4byte	posy2
 1178 049c 12       		.uleb128 0x12
 1179 049d B1030000 		.4byte	.LASF59
 1180 04a1 05       		.byte	0x5
 1181 04a2 43       		.byte	0x43
 1182 04a3 B1000000 		.4byte	0xb1
 1183 04a7 05       		.uleb128 0x5
 1184 04a8 03       		.byte	0x3
 1185 04a9 00000000 		.4byte	sizeletra2
 1186 04ad 12       		.uleb128 0x12
 1187 04ae E7020000 		.4byte	.LASF60
 1188 04b2 05       		.byte	0x5
 1189 04b3 44       		.byte	0x44
 1190 04b4 AC000000 		.4byte	0xac
 1191 04b8 05       		.uleb128 0x5
 1192 04b9 03       		.byte	0x3
 1193 04ba 00000000 		.4byte	teclas1
 1194 04be 12       		.uleb128 0x12
 1195 04bf EF020000 		.4byte	.LASF61
 1196 04c3 05       		.byte	0x5
 1197 04c4 44       		.byte	0x44
 1198 04c5 AC000000 		.4byte	0xac
 1199 04c9 05       		.uleb128 0x5
 1200 04ca 03       		.byte	0x3
 1201 04cb 00000000 		.4byte	teclas2
 1202 04cf 12       		.uleb128 0x12
 1203 04d0 B6000000 		.4byte	.LASF62
 1204 04d4 05       		.byte	0x5
 1205 04d5 45       		.byte	0x45
 1206 04d6 AC000000 		.4byte	0xac
 1207 04da 05       		.uleb128 0x5
 1208 04db 03       		.byte	0x3
 1209 04dc 00000000 		.4byte	flujo_LCD1
 1210 04e0 12       		.uleb128 0x12
 1211 04e1 C1000000 		.4byte	.LASF63
 1212 04e5 05       		.byte	0x5
 1213 04e6 45       		.byte	0x45
 1214 04e7 AC000000 		.4byte	0xac
 1215 04eb 05       		.uleb128 0x5
 1216 04ec 03       		.byte	0x3
 1217 04ed 00000000 		.4byte	flujo_LCD2
 1218 04f1 06       		.uleb128 0x6
 1219 04f2 81000000 		.4byte	0x81
 1220 04f6 01050000 		.4byte	0x501
 1221 04fa 07       		.uleb128 0x7
 1222 04fb B6000000 		.4byte	0xb6
 1223 04ff 1D       		.byte	0x1d
 1224 0500 00       		.byte	0
 1225 0501 12       		.uleb128 0x12
 1226 0502 B6020000 		.4byte	.LASF64
 1227 0506 05       		.byte	0x5
 1228 0507 46       		.byte	0x46
 1229 0508 12050000 		.4byte	0x512
 1230 050c 05       		.uleb128 0x5
 1231 050d 03       		.byte	0x3
ARM GAS  C:\Users\RECEPC~1\AppData\Local\Temp\ccosLHcU.s 			page 27


 1232 050e 00000000 		.4byte	Buffer_LCD1
 1233 0512 05       		.uleb128 0x5
 1234 0513 F1040000 		.4byte	0x4f1
 1235 0517 12       		.uleb128 0x12
 1236 0518 C2020000 		.4byte	.LASF65
 1237 051c 05       		.byte	0x5
 1238 051d 47       		.byte	0x47
 1239 051e 28050000 		.4byte	0x528
 1240 0522 05       		.uleb128 0x5
 1241 0523 03       		.byte	0x3
 1242 0524 00000000 		.4byte	Buffer_LCD2
 1243 0528 05       		.uleb128 0x5
 1244 0529 F1040000 		.4byte	0x4f1
 1245 052d 12       		.uleb128 0x12
 1246 052e 95000000 		.4byte	.LASF66
 1247 0532 05       		.byte	0x5
 1248 0533 48       		.byte	0x48
 1249 0534 AC000000 		.4byte	0xac
 1250 0538 05       		.uleb128 0x5
 1251 0539 03       		.byte	0x3
 1252 053a 00000000 		.4byte	count_protector
 1253 053e 12       		.uleb128 0x12
 1254 053f F8010000 		.4byte	.LASF67
 1255 0543 05       		.byte	0x5
 1256 0544 48       		.byte	0x48
 1257 0545 AC000000 		.4byte	0xac
 1258 0549 05       		.uleb128 0x5
 1259 054a 03       		.byte	0x3
 1260 054b 00000000 		.4byte	count_protector2
 1261 054f 12       		.uleb128 0x12
 1262 0550 23040000 		.4byte	.LASF68
 1263 0554 05       		.byte	0x5
 1264 0555 49       		.byte	0x49
 1265 0556 60050000 		.4byte	0x560
 1266 055a 05       		.uleb128 0x5
 1267 055b 03       		.byte	0x3
 1268 055c 00000000 		.4byte	password_lcd
 1269 0560 05       		.uleb128 0x5
 1270 0561 72020000 		.4byte	0x272
 1271 0565 12       		.uleb128 0x12
 1272 0566 55030000 		.4byte	.LASF69
 1273 056a 05       		.byte	0x5
 1274 056b 4A       		.byte	0x4a
 1275 056c B1000000 		.4byte	0xb1
 1276 0570 05       		.uleb128 0x5
 1277 0571 03       		.byte	0x3
 1278 0572 00000000 		.4byte	imagen_grado
 1279 0576 06       		.uleb128 0x6
 1280 0577 8C000000 		.4byte	0x8c
 1281 057b 8C050000 		.4byte	0x58c
 1282 057f 07       		.uleb128 0x7
 1283 0580 B6000000 		.4byte	0xb6
 1284 0584 01       		.byte	0x1
 1285 0585 07       		.uleb128 0x7
 1286 0586 B6000000 		.4byte	0xb6
 1287 058a 01       		.byte	0x1
 1288 058b 00       		.byte	0
ARM GAS  C:\Users\RECEPC~1\AppData\Local\Temp\ccosLHcU.s 			page 28


 1289 058c 12       		.uleb128 0x12
 1290 058d A5000000 		.4byte	.LASF70
 1291 0591 05       		.byte	0x5
 1292 0592 4B       		.byte	0x4b
 1293 0593 9D050000 		.4byte	0x59d
 1294 0597 05       		.uleb128 0x5
 1295 0598 03       		.byte	0x3
 1296 0599 00000000 		.4byte	prox_caso
 1297 059d 05       		.uleb128 0x5
 1298 059e 76050000 		.4byte	0x576
 1299 05a2 06       		.uleb128 0x6
 1300 05a3 81000000 		.4byte	0x81
 1301 05a7 B2050000 		.4byte	0x5b2
 1302 05ab 07       		.uleb128 0x7
 1303 05ac B6000000 		.4byte	0xb6
 1304 05b0 02       		.byte	0x2
 1305 05b1 00       		.byte	0
 1306 05b2 12       		.uleb128 0x12
 1307 05b3 76000000 		.4byte	.LASF71
 1308 05b7 05       		.byte	0x5
 1309 05b8 4C       		.byte	0x4c
 1310 05b9 C3050000 		.4byte	0x5c3
 1311 05bd 05       		.uleb128 0x5
 1312 05be 03       		.byte	0x3
 1313 05bf 00000000 		.4byte	bloqueo_LCD
 1314 05c3 05       		.uleb128 0x5
 1315 05c4 A2050000 		.4byte	0x5a2
 1316 05c8 12       		.uleb128 0x12
 1317 05c9 52000000 		.4byte	.LASF72
 1318 05cd 05       		.byte	0x5
 1319 05ce 4D       		.byte	0x4d
 1320 05cf D9050000 		.4byte	0x5d9
 1321 05d3 05       		.uleb128 0x5
 1322 05d4 03       		.byte	0x3
 1323 05d5 00000000 		.4byte	id_estacion
 1324 05d9 05       		.uleb128 0x5
 1325 05da 62020000 		.4byte	0x262
 1326 05de 12       		.uleb128 0x12
 1327 05df 5E000000 		.4byte	.LASF73
 1328 05e3 05       		.byte	0x5
 1329 05e4 4E       		.byte	0x4e
 1330 05e5 EF050000 		.4byte	0x5ef
 1331 05e9 05       		.uleb128 0x5
 1332 05ea 03       		.byte	0x3
 1333 05eb 00000000 		.4byte	id_venta
 1334 05ef 05       		.uleb128 0x5
 1335 05f0 82020000 		.4byte	0x282
 1336 05f4 06       		.uleb128 0x6
 1337 05f5 81000000 		.4byte	0x81
 1338 05f9 04060000 		.4byte	0x604
 1339 05fd 07       		.uleb128 0x7
 1340 05fe B6000000 		.4byte	0xb6
 1341 0602 C7       		.byte	0xc7
 1342 0603 00       		.byte	0
 1343 0604 12       		.uleb128 0x12
 1344 0605 EA010000 		.4byte	.LASF74
 1345 0609 05       		.byte	0x5
ARM GAS  C:\Users\RECEPC~1\AppData\Local\Temp\ccosLHcU.s 			page 29


 1346 060a 4F       		.byte	0x4f
 1347 060b 15060000 		.4byte	0x615
 1348 060f 05       		.uleb128 0x5
 1349 0610 03       		.byte	0x3
 1350 0611 00000000 		.4byte	trama_totales
 1351 0615 05       		.uleb128 0x5
 1352 0616 F4050000 		.4byte	0x5f4
 1353 061a 12       		.uleb128 0x12
 1354 061b 59020000 		.4byte	.LASF75
 1355 061f 05       		.byte	0x5
 1356 0620 53       		.byte	0x53
 1357 0621 AC000000 		.4byte	0xac
 1358 0625 05       		.uleb128 0x5
 1359 0626 03       		.byte	0x3
 1360 0627 00000000 		.4byte	ppux10
 1361 062b 06       		.uleb128 0x6
 1362 062c 81000000 		.4byte	0x81
 1363 0630 3B060000 		.4byte	0x63b
 1364 0634 07       		.uleb128 0x7
 1365 0635 B6000000 		.4byte	0xb6
 1366 0639 10       		.byte	0x10
 1367 063a 00       		.byte	0
 1368 063b 12       		.uleb128 0x12
 1369 063c 18000000 		.4byte	.LASF76
 1370 0640 05       		.byte	0x5
 1371 0641 54       		.byte	0x54
 1372 0642 4C060000 		.4byte	0x64c
 1373 0646 05       		.uleb128 0x5
 1374 0647 03       		.byte	0x3
 1375 0648 00000000 		.4byte	nombre_pro1
 1376 064c 05       		.uleb128 0x5
 1377 064d 2B060000 		.4byte	0x62b
 1378 0651 12       		.uleb128 0x12
 1379 0652 32000000 		.4byte	.LASF77
 1380 0656 05       		.byte	0x5
 1381 0657 54       		.byte	0x54
 1382 0658 62060000 		.4byte	0x662
 1383 065c 05       		.uleb128 0x5
 1384 065d 03       		.byte	0x3
 1385 065e 00000000 		.4byte	nombre_pro2
 1386 0662 05       		.uleb128 0x5
 1387 0663 2B060000 		.4byte	0x62b
 1388 0667 12       		.uleb128 0x12
 1389 0668 3E000000 		.4byte	.LASF78
 1390 066c 05       		.byte	0x5
 1391 066d 54       		.byte	0x54
 1392 066e 78060000 		.4byte	0x678
 1393 0672 05       		.uleb128 0x5
 1394 0673 03       		.byte	0x3
 1395 0674 00000000 		.4byte	nombre_pro3
 1396 0678 05       		.uleb128 0x5
 1397 0679 2B060000 		.4byte	0x62b
 1398 067d 12       		.uleb128 0x12
 1399 067e 4A000000 		.4byte	.LASF79
 1400 0682 05       		.byte	0x5
 1401 0683 55       		.byte	0x55
 1402 0684 8E060000 		.4byte	0x68e
ARM GAS  C:\Users\RECEPC~1\AppData\Local\Temp\ccosLHcU.s 			page 30


 1403 0688 05       		.uleb128 0x5
 1404 0689 03       		.byte	0x3
 1405 068a 00000000 		.4byte	version
 1406 068e 05       		.uleb128 0x5
 1407 068f BD000000 		.4byte	0xbd
 1408 0693 12       		.uleb128 0x12
 1409 0694 26010000 		.4byte	.LASF80
 1410 0698 05       		.byte	0x5
 1411 0699 5F       		.byte	0x5f
 1412 069a CD000000 		.4byte	0xcd
 1413 069e 05       		.uleb128 0x5
 1414 069f 03       		.byte	0x3
 1415 06a0 00000000 		.4byte	lado1
 1416 06a4 12       		.uleb128 0x12
 1417 06a5 32030000 		.4byte	.LASF81
 1418 06a9 05       		.byte	0x5
 1419 06aa 60       		.byte	0x60
 1420 06ab CD000000 		.4byte	0xcd
 1421 06af 05       		.uleb128 0x5
 1422 06b0 03       		.byte	0x3
 1423 06b1 00000000 		.4byte	lado2
 1424 06b5 06       		.uleb128 0x6
 1425 06b6 81000000 		.4byte	0x81
 1426 06ba C5060000 		.4byte	0x6c5
 1427 06be 07       		.uleb128 0x7
 1428 06bf B6000000 		.4byte	0xb6
 1429 06c3 20       		.byte	0x20
 1430 06c4 00       		.byte	0
 1431 06c5 12       		.uleb128 0x12
 1432 06c6 00010000 		.4byte	.LASF82
 1433 06ca 05       		.byte	0x5
 1434 06cb 64       		.byte	0x64
 1435 06cc D6060000 		.4byte	0x6d6
 1436 06d0 05       		.uleb128 0x5
 1437 06d1 03       		.byte	0x3
 1438 06d2 00000000 		.4byte	nombre
 1439 06d6 05       		.uleb128 0x5
 1440 06d7 B5060000 		.4byte	0x6b5
 1441 06db 06       		.uleb128 0x6
 1442 06dc 81000000 		.4byte	0x81
 1443 06e0 EB060000 		.4byte	0x6eb
 1444 06e4 07       		.uleb128 0x7
 1445 06e5 B6000000 		.4byte	0xb6
 1446 06e9 0E       		.byte	0xe
 1447 06ea 00       		.byte	0
 1448 06eb 13       		.uleb128 0x13
 1449 06ec 6E697400 		.ascii	"nit\000"
 1450 06f0 05       		.byte	0x5
 1451 06f1 65       		.byte	0x65
 1452 06f2 FC060000 		.4byte	0x6fc
 1453 06f6 05       		.uleb128 0x5
 1454 06f7 03       		.byte	0x3
 1455 06f8 00000000 		.4byte	nit
 1456 06fc 05       		.uleb128 0x5
 1457 06fd DB060000 		.4byte	0x6db
 1458 0701 06       		.uleb128 0x6
 1459 0702 81000000 		.4byte	0x81
ARM GAS  C:\Users\RECEPC~1\AppData\Local\Temp\ccosLHcU.s 			page 31


 1460 0706 11070000 		.4byte	0x711
 1461 070a 07       		.uleb128 0x7
 1462 070b B6000000 		.4byte	0xb6
 1463 070f 13       		.byte	0x13
 1464 0710 00       		.byte	0
 1465 0711 12       		.uleb128 0x12
 1466 0712 1A040000 		.4byte	.LASF83
 1467 0716 05       		.byte	0x5
 1468 0717 66       		.byte	0x66
 1469 0718 22070000 		.4byte	0x722
 1470 071c 05       		.uleb128 0x5
 1471 071d 03       		.byte	0x3
 1472 071e 00000000 		.4byte	telefono
 1473 0722 05       		.uleb128 0x5
 1474 0723 01070000 		.4byte	0x701
 1475 0727 12       		.uleb128 0x12
 1476 0728 72030000 		.4byte	.LASF84
 1477 072c 05       		.byte	0x5
 1478 072d 67       		.byte	0x67
 1479 072e 38070000 		.4byte	0x738
 1480 0732 05       		.uleb128 0x5
 1481 0733 03       		.byte	0x3
 1482 0734 00000000 		.4byte	direccion
 1483 0738 05       		.uleb128 0x5
 1484 0739 B5060000 		.4byte	0x6b5
 1485 073d 06       		.uleb128 0x6
 1486 073e 81000000 		.4byte	0x81
 1487 0742 4D070000 		.4byte	0x74d
 1488 0746 07       		.uleb128 0x7
 1489 0747 B6000000 		.4byte	0xb6
 1490 074b 1F       		.byte	0x1f
 1491 074c 00       		.byte	0
 1492 074d 12       		.uleb128 0x12
 1493 074e 9C020000 		.4byte	.LASF85
 1494 0752 05       		.byte	0x5
 1495 0753 68       		.byte	0x68
 1496 0754 5E070000 		.4byte	0x75e
 1497 0758 05       		.uleb128 0x5
 1498 0759 03       		.byte	0x3
 1499 075a 00000000 		.4byte	lema1
 1500 075e 05       		.uleb128 0x5
 1501 075f 3D070000 		.4byte	0x73d
 1502 0763 12       		.uleb128 0x12
 1503 0764 A2020000 		.4byte	.LASF86
 1504 0768 05       		.byte	0x5
 1505 0769 69       		.byte	0x69
 1506 076a 74070000 		.4byte	0x774
 1507 076e 05       		.uleb128 0x5
 1508 076f 03       		.byte	0x3
 1509 0770 00000000 		.4byte	lema2
 1510 0774 05       		.uleb128 0x5
 1511 0775 3D070000 		.4byte	0x73d
 1512 0779 06       		.uleb128 0x6
 1513 077a 81000000 		.4byte	0x81
 1514 077e 89070000 		.4byte	0x789
 1515 0782 07       		.uleb128 0x7
 1516 0783 B6000000 		.4byte	0xb6
ARM GAS  C:\Users\RECEPC~1\AppData\Local\Temp\ccosLHcU.s 			page 32


 1517 0787 01       		.byte	0x1
 1518 0788 00       		.byte	0
 1519 0789 12       		.uleb128 0x12
 1520 078a 43030000 		.4byte	.LASF87
 1521 078e 05       		.byte	0x5
 1522 078f 6A       		.byte	0x6a
 1523 0790 9A070000 		.4byte	0x79a
 1524 0794 05       		.uleb128 0x5
 1525 0795 03       		.byte	0x3
 1526 0796 00000000 		.4byte	id_logo
 1527 079a 05       		.uleb128 0x5
 1528 079b 79070000 		.4byte	0x779
 1529 079f 13       		.uleb128 0x13
 1530 07a0 6B6D00   		.ascii	"km\000"
 1531 07a3 05       		.byte	0x5
 1532 07a4 6B       		.byte	0x6b
 1533 07a5 AF070000 		.4byte	0x7af
 1534 07a9 05       		.uleb128 0x5
 1535 07aa 03       		.byte	0x3
 1536 07ab 00000000 		.4byte	km
 1537 07af 05       		.uleb128 0x5
 1538 07b0 79070000 		.4byte	0x779
 1539 07b4 12       		.uleb128 0x12
 1540 07b5 2C030000 		.4byte	.LASF88
 1541 07b9 05       		.byte	0x5
 1542 07ba 6C       		.byte	0x6c
 1543 07bb A2050000 		.4byte	0x5a2
 1544 07bf 05       		.uleb128 0x5
 1545 07c0 03       		.byte	0x3
 1546 07c1 00000000 		.4byte	fecha
 1547 07c5 12       		.uleb128 0x12
 1548 07c6 A8020000 		.4byte	.LASF89
 1549 07ca 05       		.byte	0x5
 1550 07cb 6D       		.byte	0x6d
 1551 07cc 79070000 		.4byte	0x779
 1552 07d0 05       		.uleb128 0x5
 1553 07d1 03       		.byte	0x3
 1554 07d2 00000000 		.4byte	hora
 1555 07d6 12       		.uleb128 0x12
 1556 07d7 FC020000 		.4byte	.LASF90
 1557 07db 05       		.byte	0x5
 1558 07dc 83       		.byte	0x83
 1559 07dd 73010000 		.4byte	0x173
 1560 07e1 05       		.uleb128 0x5
 1561 07e2 03       		.byte	0x3
 1562 07e3 00000000 		.4byte	rventa1
 1563 07e7 12       		.uleb128 0x12
 1564 07e8 04030000 		.4byte	.LASF91
 1565 07ec 05       		.byte	0x5
 1566 07ed 84       		.byte	0x84
 1567 07ee 73010000 		.4byte	0x173
 1568 07f2 05       		.uleb128 0x5
 1569 07f3 03       		.byte	0x3
 1570 07f4 00000000 		.4byte	rventa2
 1571 07f8 12       		.uleb128 0x12
 1572 07f9 FC030000 		.4byte	.LASF92
 1573 07fd 05       		.byte	0x5
ARM GAS  C:\Users\RECEPC~1\AppData\Local\Temp\ccosLHcU.s 			page 33


 1574 07fe 89       		.byte	0x89
 1575 07ff 81000000 		.4byte	0x81
 1576 0803 05       		.uleb128 0x5
 1577 0804 03       		.byte	0x3
 1578 0805 00000000 		.4byte	ok_RF
 1579 0809 12       		.uleb128 0x12
 1580 080a 60020000 		.4byte	.LASF93
 1581 080e 05       		.byte	0x5
 1582 080f 8A       		.byte	0x8a
 1583 0810 81000000 		.4byte	0x81
 1584 0814 05       		.uleb128 0x5
 1585 0815 03       		.byte	0x3
 1586 0816 00000000 		.4byte	ok_datosRF
 1587 081a 12       		.uleb128 0x12
 1588 081b ED030000 		.4byte	.LASF94
 1589 081f 05       		.byte	0x5
 1590 0820 8B       		.byte	0x8b
 1591 0821 F4050000 		.4byte	0x5f4
 1592 0825 05       		.uleb128 0x5
 1593 0826 03       		.byte	0x3
 1594 0827 00000000 		.4byte	rf_mod
 1595 082b 06       		.uleb128 0x6
 1596 082c 81000000 		.4byte	0x81
 1597 0830 3B080000 		.4byte	0x83b
 1598 0834 07       		.uleb128 0x7
 1599 0835 B6000000 		.4byte	0xb6
 1600 0839 3F       		.byte	0x3f
 1601 083a 00       		.byte	0
 1602 083b 12       		.uleb128 0x12
 1603 083c 38030000 		.4byte	.LASF95
 1604 0840 05       		.byte	0x5
 1605 0841 90       		.byte	0x90
 1606 0842 2B080000 		.4byte	0x82b
 1607 0846 05       		.uleb128 0x5
 1608 0847 03       		.byte	0x3
 1609 0848 00000000 		.4byte	buffer_i2c
 1610 084c 12       		.uleb128 0x12
 1611 084d 95030000 		.4byte	.LASF96
 1612 0851 05       		.byte	0x5
 1613 0852 95       		.byte	0x95
 1614 0853 81000000 		.4byte	0x81
 1615 0857 05       		.uleb128 0x5
 1616 0858 03       		.byte	0x3
 1617 0859 00000000 		.4byte	crc_total
 1618 085d 12       		.uleb128 0x12
 1619 085e E2000000 		.4byte	.LASF97
 1620 0862 05       		.byte	0x5
 1621 0863 99       		.byte	0x99
 1622 0864 79070000 		.4byte	0x779
 1623 0868 05       		.uleb128 0x5
 1624 0869 03       		.byte	0x3
 1625 086a 00000000 		.4byte	print1
 1626 086e 12       		.uleb128 0x12
 1627 086f E9000000 		.4byte	.LASF98
 1628 0873 05       		.byte	0x5
 1629 0874 9A       		.byte	0x9a
 1630 0875 79070000 		.4byte	0x779
ARM GAS  C:\Users\RECEPC~1\AppData\Local\Temp\ccosLHcU.s 			page 34


 1631 0879 05       		.uleb128 0x5
 1632 087a 03       		.byte	0x3
 1633 087b 00000000 		.4byte	print2
 1634 087f 12       		.uleb128 0x12
 1635 0880 02040000 		.4byte	.LASF32
 1636 0884 05       		.byte	0x5
 1637 0885 9F       		.byte	0x9f
 1638 0886 81000000 		.4byte	0x81
 1639 088a 05       		.uleb128 0x5
 1640 088b 03       		.byte	0x3
 1641 088c 00000000 		.4byte	tipo_venta
 1642 0890 00       		.byte	0
 1643              		.section	.debug_abbrev,"",%progbits
 1644              	.Ldebug_abbrev0:
 1645 0000 01       		.uleb128 0x1
 1646 0001 11       		.uleb128 0x11
 1647 0002 01       		.byte	0x1
 1648 0003 25       		.uleb128 0x25
 1649 0004 0E       		.uleb128 0xe
 1650 0005 13       		.uleb128 0x13
 1651 0006 0B       		.uleb128 0xb
 1652 0007 03       		.uleb128 0x3
 1653 0008 0E       		.uleb128 0xe
 1654 0009 1B       		.uleb128 0x1b
 1655 000a 0E       		.uleb128 0xe
 1656 000b 55       		.uleb128 0x55
 1657 000c 17       		.uleb128 0x17
 1658 000d 11       		.uleb128 0x11
 1659 000e 01       		.uleb128 0x1
 1660 000f 10       		.uleb128 0x10
 1661 0010 17       		.uleb128 0x17
 1662 0011 00       		.byte	0
 1663 0012 00       		.byte	0
 1664 0013 02       		.uleb128 0x2
 1665 0014 24       		.uleb128 0x24
 1666 0015 00       		.byte	0
 1667 0016 0B       		.uleb128 0xb
 1668 0017 0B       		.uleb128 0xb
 1669 0018 3E       		.uleb128 0x3e
 1670 0019 0B       		.uleb128 0xb
 1671 001a 03       		.uleb128 0x3
 1672 001b 0E       		.uleb128 0xe
 1673 001c 00       		.byte	0
 1674 001d 00       		.byte	0
 1675 001e 03       		.uleb128 0x3
 1676 001f 16       		.uleb128 0x16
 1677 0020 00       		.byte	0
 1678 0021 03       		.uleb128 0x3
 1679 0022 0E       		.uleb128 0xe
 1680 0023 3A       		.uleb128 0x3a
 1681 0024 0B       		.uleb128 0xb
 1682 0025 3B       		.uleb128 0x3b
 1683 0026 0B       		.uleb128 0xb
 1684 0027 49       		.uleb128 0x49
 1685 0028 13       		.uleb128 0x13
 1686 0029 00       		.byte	0
 1687 002a 00       		.byte	0
ARM GAS  C:\Users\RECEPC~1\AppData\Local\Temp\ccosLHcU.s 			page 35


 1688 002b 04       		.uleb128 0x4
 1689 002c 24       		.uleb128 0x24
 1690 002d 00       		.byte	0
 1691 002e 0B       		.uleb128 0xb
 1692 002f 0B       		.uleb128 0xb
 1693 0030 3E       		.uleb128 0x3e
 1694 0031 0B       		.uleb128 0xb
 1695 0032 03       		.uleb128 0x3
 1696 0033 08       		.uleb128 0x8
 1697 0034 00       		.byte	0
 1698 0035 00       		.byte	0
 1699 0036 05       		.uleb128 0x5
 1700 0037 35       		.uleb128 0x35
 1701 0038 00       		.byte	0
 1702 0039 49       		.uleb128 0x49
 1703 003a 13       		.uleb128 0x13
 1704 003b 00       		.byte	0
 1705 003c 00       		.byte	0
 1706 003d 06       		.uleb128 0x6
 1707 003e 01       		.uleb128 0x1
 1708 003f 01       		.byte	0x1
 1709 0040 49       		.uleb128 0x49
 1710 0041 13       		.uleb128 0x13
 1711 0042 01       		.uleb128 0x1
 1712 0043 13       		.uleb128 0x13
 1713 0044 00       		.byte	0
 1714 0045 00       		.byte	0
 1715 0046 07       		.uleb128 0x7
 1716 0047 21       		.uleb128 0x21
 1717 0048 00       		.byte	0
 1718 0049 49       		.uleb128 0x49
 1719 004a 13       		.uleb128 0x13
 1720 004b 2F       		.uleb128 0x2f
 1721 004c 0B       		.uleb128 0xb
 1722 004d 00       		.byte	0
 1723 004e 00       		.byte	0
 1724 004f 08       		.uleb128 0x8
 1725 0050 13       		.uleb128 0x13
 1726 0051 01       		.byte	0x1
 1727 0052 03       		.uleb128 0x3
 1728 0053 0E       		.uleb128 0xe
 1729 0054 0B       		.uleb128 0xb
 1730 0055 0B       		.uleb128 0xb
 1731 0056 3A       		.uleb128 0x3a
 1732 0057 0B       		.uleb128 0xb
 1733 0058 3B       		.uleb128 0x3b
 1734 0059 0B       		.uleb128 0xb
 1735 005a 01       		.uleb128 0x1
 1736 005b 13       		.uleb128 0x13
 1737 005c 00       		.byte	0
 1738 005d 00       		.byte	0
 1739 005e 09       		.uleb128 0x9
 1740 005f 0D       		.uleb128 0xd
 1741 0060 00       		.byte	0
 1742 0061 03       		.uleb128 0x3
 1743 0062 08       		.uleb128 0x8
 1744 0063 3A       		.uleb128 0x3a
ARM GAS  C:\Users\RECEPC~1\AppData\Local\Temp\ccosLHcU.s 			page 36


 1745 0064 0B       		.uleb128 0xb
 1746 0065 3B       		.uleb128 0x3b
 1747 0066 0B       		.uleb128 0xb
 1748 0067 49       		.uleb128 0x49
 1749 0068 13       		.uleb128 0x13
 1750 0069 38       		.uleb128 0x38
 1751 006a 0B       		.uleb128 0xb
 1752 006b 00       		.byte	0
 1753 006c 00       		.byte	0
 1754 006d 0A       		.uleb128 0xa
 1755 006e 0D       		.uleb128 0xd
 1756 006f 00       		.byte	0
 1757 0070 03       		.uleb128 0x3
 1758 0071 0E       		.uleb128 0xe
 1759 0072 3A       		.uleb128 0x3a
 1760 0073 0B       		.uleb128 0xb
 1761 0074 3B       		.uleb128 0x3b
 1762 0075 0B       		.uleb128 0xb
 1763 0076 49       		.uleb128 0x49
 1764 0077 13       		.uleb128 0x13
 1765 0078 38       		.uleb128 0x38
 1766 0079 0B       		.uleb128 0xb
 1767 007a 00       		.byte	0
 1768 007b 00       		.byte	0
 1769 007c 0B       		.uleb128 0xb
 1770 007d 2E       		.uleb128 0x2e
 1771 007e 01       		.byte	0x1
 1772 007f 3F       		.uleb128 0x3f
 1773 0080 19       		.uleb128 0x19
 1774 0081 03       		.uleb128 0x3
 1775 0082 0E       		.uleb128 0xe
 1776 0083 3A       		.uleb128 0x3a
 1777 0084 0B       		.uleb128 0xb
 1778 0085 3B       		.uleb128 0x3b
 1779 0086 0B       		.uleb128 0xb
 1780 0087 27       		.uleb128 0x27
 1781 0088 19       		.uleb128 0x19
 1782 0089 49       		.uleb128 0x49
 1783 008a 13       		.uleb128 0x13
 1784 008b 11       		.uleb128 0x11
 1785 008c 01       		.uleb128 0x1
 1786 008d 12       		.uleb128 0x12
 1787 008e 06       		.uleb128 0x6
 1788 008f 40       		.uleb128 0x40
 1789 0090 18       		.uleb128 0x18
 1790 0091 9642     		.uleb128 0x2116
 1791 0093 19       		.uleb128 0x19
 1792 0094 01       		.uleb128 0x1
 1793 0095 13       		.uleb128 0x13
 1794 0096 00       		.byte	0
 1795 0097 00       		.byte	0
 1796 0098 0C       		.uleb128 0xc
 1797 0099 05       		.uleb128 0x5
 1798 009a 00       		.byte	0
 1799 009b 03       		.uleb128 0x3
 1800 009c 0E       		.uleb128 0xe
 1801 009d 3A       		.uleb128 0x3a
ARM GAS  C:\Users\RECEPC~1\AppData\Local\Temp\ccosLHcU.s 			page 37


 1802 009e 0B       		.uleb128 0xb
 1803 009f 3B       		.uleb128 0x3b
 1804 00a0 0B       		.uleb128 0xb
 1805 00a1 49       		.uleb128 0x49
 1806 00a2 13       		.uleb128 0x13
 1807 00a3 02       		.uleb128 0x2
 1808 00a4 18       		.uleb128 0x18
 1809 00a5 00       		.byte	0
 1810 00a6 00       		.byte	0
 1811 00a7 0D       		.uleb128 0xd
 1812 00a8 34       		.uleb128 0x34
 1813 00a9 00       		.byte	0
 1814 00aa 03       		.uleb128 0x3
 1815 00ab 0E       		.uleb128 0xe
 1816 00ac 3A       		.uleb128 0x3a
 1817 00ad 0B       		.uleb128 0xb
 1818 00ae 3B       		.uleb128 0x3b
 1819 00af 0B       		.uleb128 0xb
 1820 00b0 49       		.uleb128 0x49
 1821 00b1 13       		.uleb128 0x13
 1822 00b2 02       		.uleb128 0x2
 1823 00b3 18       		.uleb128 0x18
 1824 00b4 00       		.byte	0
 1825 00b5 00       		.byte	0
 1826 00b6 0E       		.uleb128 0xe
 1827 00b7 34       		.uleb128 0x34
 1828 00b8 00       		.byte	0
 1829 00b9 03       		.uleb128 0x3
 1830 00ba 08       		.uleb128 0x8
 1831 00bb 3A       		.uleb128 0x3a
 1832 00bc 0B       		.uleb128 0xb
 1833 00bd 3B       		.uleb128 0x3b
 1834 00be 0B       		.uleb128 0xb
 1835 00bf 49       		.uleb128 0x49
 1836 00c0 13       		.uleb128 0x13
 1837 00c1 02       		.uleb128 0x2
 1838 00c2 18       		.uleb128 0x18
 1839 00c3 00       		.byte	0
 1840 00c4 00       		.byte	0
 1841 00c5 0F       		.uleb128 0xf
 1842 00c6 2E       		.uleb128 0x2e
 1843 00c7 01       		.byte	0x1
 1844 00c8 3F       		.uleb128 0x3f
 1845 00c9 19       		.uleb128 0x19
 1846 00ca 03       		.uleb128 0x3
 1847 00cb 0E       		.uleb128 0xe
 1848 00cc 3A       		.uleb128 0x3a
 1849 00cd 0B       		.uleb128 0xb
 1850 00ce 3B       		.uleb128 0x3b
 1851 00cf 0B       		.uleb128 0xb
 1852 00d0 27       		.uleb128 0x27
 1853 00d1 19       		.uleb128 0x19
 1854 00d2 49       		.uleb128 0x49
 1855 00d3 13       		.uleb128 0x13
 1856 00d4 11       		.uleb128 0x11
 1857 00d5 01       		.uleb128 0x1
 1858 00d6 12       		.uleb128 0x12
ARM GAS  C:\Users\RECEPC~1\AppData\Local\Temp\ccosLHcU.s 			page 38


 1859 00d7 06       		.uleb128 0x6
 1860 00d8 40       		.uleb128 0x40
 1861 00d9 18       		.uleb128 0x18
 1862 00da 9742     		.uleb128 0x2117
 1863 00dc 19       		.uleb128 0x19
 1864 00dd 01       		.uleb128 0x1
 1865 00de 13       		.uleb128 0x13
 1866 00df 00       		.byte	0
 1867 00e0 00       		.byte	0
 1868 00e1 10       		.uleb128 0x10
 1869 00e2 05       		.uleb128 0x5
 1870 00e3 00       		.byte	0
 1871 00e4 03       		.uleb128 0x3
 1872 00e5 08       		.uleb128 0x8
 1873 00e6 3A       		.uleb128 0x3a
 1874 00e7 0B       		.uleb128 0xb
 1875 00e8 3B       		.uleb128 0x3b
 1876 00e9 0B       		.uleb128 0xb
 1877 00ea 49       		.uleb128 0x49
 1878 00eb 13       		.uleb128 0x13
 1879 00ec 02       		.uleb128 0x2
 1880 00ed 18       		.uleb128 0x18
 1881 00ee 00       		.byte	0
 1882 00ef 00       		.byte	0
 1883 00f0 11       		.uleb128 0x11
 1884 00f1 34       		.uleb128 0x34
 1885 00f2 00       		.byte	0
 1886 00f3 03       		.uleb128 0x3
 1887 00f4 0E       		.uleb128 0xe
 1888 00f5 3A       		.uleb128 0x3a
 1889 00f6 0B       		.uleb128 0xb
 1890 00f7 3B       		.uleb128 0x3b
 1891 00f8 05       		.uleb128 0x5
 1892 00f9 49       		.uleb128 0x49
 1893 00fa 13       		.uleb128 0x13
 1894 00fb 3F       		.uleb128 0x3f
 1895 00fc 19       		.uleb128 0x19
 1896 00fd 3C       		.uleb128 0x3c
 1897 00fe 19       		.uleb128 0x19
 1898 00ff 00       		.byte	0
 1899 0100 00       		.byte	0
 1900 0101 12       		.uleb128 0x12
 1901 0102 34       		.uleb128 0x34
 1902 0103 00       		.byte	0
 1903 0104 03       		.uleb128 0x3
 1904 0105 0E       		.uleb128 0xe
 1905 0106 3A       		.uleb128 0x3a
 1906 0107 0B       		.uleb128 0xb
 1907 0108 3B       		.uleb128 0x3b
 1908 0109 0B       		.uleb128 0xb
 1909 010a 49       		.uleb128 0x49
 1910 010b 13       		.uleb128 0x13
 1911 010c 3F       		.uleb128 0x3f
 1912 010d 19       		.uleb128 0x19
 1913 010e 02       		.uleb128 0x2
 1914 010f 18       		.uleb128 0x18
 1915 0110 00       		.byte	0
ARM GAS  C:\Users\RECEPC~1\AppData\Local\Temp\ccosLHcU.s 			page 39


 1916 0111 00       		.byte	0
 1917 0112 13       		.uleb128 0x13
 1918 0113 34       		.uleb128 0x34
 1919 0114 00       		.byte	0
 1920 0115 03       		.uleb128 0x3
 1921 0116 08       		.uleb128 0x8
 1922 0117 3A       		.uleb128 0x3a
 1923 0118 0B       		.uleb128 0xb
 1924 0119 3B       		.uleb128 0x3b
 1925 011a 0B       		.uleb128 0xb
 1926 011b 49       		.uleb128 0x49
 1927 011c 13       		.uleb128 0x13
 1928 011d 3F       		.uleb128 0x3f
 1929 011e 19       		.uleb128 0x19
 1930 011f 02       		.uleb128 0x2
 1931 0120 18       		.uleb128 0x18
 1932 0121 00       		.byte	0
 1933 0122 00       		.byte	0
 1934 0123 00       		.byte	0
 1935              		.section	.debug_aranges,"",%progbits
 1936 0000 34000000 		.4byte	0x34
 1937 0004 0200     		.2byte	0x2
 1938 0006 00000000 		.4byte	.Ldebug_info0
 1939 000a 04       		.byte	0x4
 1940 000b 00       		.byte	0
 1941 000c 0000     		.2byte	0
 1942 000e 0000     		.2byte	0
 1943 0010 00000000 		.4byte	.LFB63
 1944 0014 BE000000 		.4byte	.LFE63-.LFB63
 1945 0018 00000000 		.4byte	.LFB64
 1946 001c 0C010000 		.4byte	.LFE64-.LFB64
 1947 0020 00000000 		.4byte	.LFB65
 1948 0024 B2000000 		.4byte	.LFE65-.LFB65
 1949 0028 00000000 		.4byte	.LFB66
 1950 002c 58000000 		.4byte	.LFE66-.LFB66
 1951 0030 00000000 		.4byte	0
 1952 0034 00000000 		.4byte	0
 1953              		.section	.debug_ranges,"",%progbits
 1954              	.Ldebug_ranges0:
 1955 0000 00000000 		.4byte	.LFB63
 1956 0004 BE000000 		.4byte	.LFE63
 1957 0008 00000000 		.4byte	.LFB64
 1958 000c 0C010000 		.4byte	.LFE64
 1959 0010 00000000 		.4byte	.LFB65
 1960 0014 B2000000 		.4byte	.LFE65
 1961 0018 00000000 		.4byte	.LFB66
 1962 001c 58000000 		.4byte	.LFE66
 1963 0020 00000000 		.4byte	0
 1964 0024 00000000 		.4byte	0
 1965              		.section	.debug_line,"",%progbits
 1966              	.Ldebug_line0:
 1967 0000 8C020000 		.section	.debug_str,"MS",%progbits,1
 1967      02005D01 
 1967      00000201 
 1967      FB0E0D00 
 1967      01010101 
 1968              	.LASF54:
ARM GAS  C:\Users\RECEPC~1\AppData\Local\Temp\ccosLHcU.s 			page 40


 1969 0000 706F7378 		.ascii	"posx1\000"
 1969      3100
 1970              	.LASF57:
 1971 0006 706F7378 		.ascii	"posx2\000"
 1971      3200
 1972              	.LASF39:
 1973 000c 746F7563 		.ascii	"touch_write\000"
 1973      685F7772 
 1973      69746500 
 1974              	.LASF76:
 1975 0018 6E6F6D62 		.ascii	"nombre_pro1\000"
 1975      72655F70 
 1975      726F3100 
 1976              	.LASF51:
 1977 0024 636F756E 		.ascii	"count_teclas2\000"
 1977      745F7465 
 1977      636C6173 
 1977      3200
 1978              	.LASF77:
 1979 0032 6E6F6D62 		.ascii	"nombre_pro2\000"
 1979      72655F70 
 1979      726F3200 
 1980              	.LASF78:
 1981 003e 6E6F6D62 		.ascii	"nombre_pro3\000"
 1981      72655F70 
 1981      726F3300 
 1982              	.LASF79:
 1983 004a 76657273 		.ascii	"version\000"
 1983      696F6E00 
 1984              	.LASF72:
 1985 0052 69645F65 		.ascii	"id_estacion\000"
 1985      73746163 
 1985      696F6E00 
 1986              	.LASF73:
 1987 005e 69645F76 		.ascii	"id_venta\000"
 1987      656E7461 
 1987      00
 1988              	.LASF37:
 1989 0067 70617373 		.ascii	"password_local\000"
 1989      776F7264 
 1989      5F6C6F63 
 1989      616C00
 1990              	.LASF71:
 1991 0076 626C6F71 		.ascii	"bloqueo_LCD\000"
 1991      75656F5F 
 1991      4C434400 
 1992              	.LASF27:
 1993 0082 6D616E67 		.ascii	"manguera\000"
 1993      75657261 
 1993      00
 1994              	.LASF2:
 1995 008b 73686F72 		.ascii	"short int\000"
 1995      7420696E 
 1995      7400
 1996              	.LASF66:
 1997 0095 636F756E 		.ascii	"count_protector\000"
 1997      745F7072 
ARM GAS  C:\Users\RECEPC~1\AppData\Local\Temp\ccosLHcU.s 			page 41


 1997      6F746563 
 1997      746F7200 
 1998              	.LASF70:
 1999 00a5 70726F78 		.ascii	"prox_caso\000"
 1999      5F636173 
 1999      6F00
 2000              	.LASF24:
 2001 00af 64696E65 		.ascii	"dinero\000"
 2001      726F00
 2002              	.LASF62:
 2003 00b6 666C756A 		.ascii	"flujo_LCD1\000"
 2003      6F5F4C43 
 2003      443100
 2004              	.LASF63:
 2005 00c1 666C756A 		.ascii	"flujo_LCD2\000"
 2005      6F5F4C43 
 2005      443200
 2006              	.LASF33:
 2007 00cc 63656475 		.ascii	"cedula\000"
 2007      6C6100
 2008              	.LASF34:
 2009 00d3 70617373 		.ascii	"password\000"
 2009      776F7264 
 2009      00
 2010              	.LASF35:
 2011 00dc 7475726E 		.ascii	"turno\000"
 2011      6F00
 2012              	.LASF97:
 2013 00e2 7072696E 		.ascii	"print1\000"
 2013      743100
 2014              	.LASF98:
 2015 00e9 7072696E 		.ascii	"print2\000"
 2015      743200
 2016              	.LASF31:
 2017 00f0 696D7072 		.ascii	"imprimir\000"
 2017      696D6972 
 2017      00
 2018              	.LASF12:
 2019 00f9 75696E74 		.ascii	"uint16\000"
 2019      313600
 2020              	.LASF82:
 2021 0100 6E6F6D62 		.ascii	"nombre\000"
 2021      726500
 2022              	.LASF44:
 2023 0107 6372635F 		.ascii	"crc_check\000"
 2023      63686563 
 2023      6B00
 2024              	.LASF55:
 2025 0111 706F7379 		.ascii	"posy1\000"
 2025      3100
 2026              	.LASF58:
 2027 0117 706F7379 		.ascii	"posy2\000"
 2027      3200
 2028              	.LASF21:
 2029 011d 73757274 		.ascii	"surtidor\000"
 2029      69646F72 
 2029      00
ARM GAS  C:\Users\RECEPC~1\AppData\Local\Temp\ccosLHcU.s 			page 42


 2030              	.LASF80:
 2031 0126 6C61646F 		.ascii	"lado1\000"
 2031      3100
 2032              	.LASF13:
 2033 012c 666C6F61 		.ascii	"float\000"
 2033      7400
 2034              	.LASF6:
 2035 0132 6C6F6E67 		.ascii	"long long int\000"
 2035      206C6F6E 
 2035      6720696E 
 2035      7400
 2036              	.LASF99:
 2037 0140 474E5520 		.ascii	"GNU C 4.9.3 20150303 (release) [ARM/embedded-4_9-br"
 2037      4320342E 
 2037      392E3320 
 2037      32303135 
 2037      30333033 
 2038 0173 616E6368 		.ascii	"anch revision 221220] -mcpu=cortex-m3 -mthumb -g -O"
 2038      20726576 
 2038      6973696F 
 2038      6E203232 
 2038      31323230 
 2039 01a6 30202D66 		.ascii	"0 -ffunction-sections -ffat-lto-objects\000"
 2039      66756E63 
 2039      74696F6E 
 2039      2D736563 
 2039      74696F6E 
 2040              	.LASF16:
 2041 01ce 73697A65 		.ascii	"sizetype\000"
 2041      74797065 
 2041      00
 2042              	.LASF100:
 2043 01d7 2E5C6962 		.ascii	".\\ibuton.c\000"
 2043      75746F6E 
 2043      2E6300
 2044              	.LASF18:
 2045 01e2 746F7461 		.ascii	"totales\000"
 2045      6C657300 
 2046              	.LASF74:
 2047 01ea 7472616D 		.ascii	"trama_totales\000"
 2047      615F746F 
 2047      74616C65 
 2047      7300
 2048              	.LASF67:
 2049 01f8 636F756E 		.ascii	"count_protector2\000"
 2049      745F7072 
 2049      6F746563 
 2049      746F7232 
 2049      00
 2050              	.LASF11:
 2051 0209 75696E74 		.ascii	"uint8\000"
 2051      3800
 2052              	.LASF1:
 2053 020f 756E7369 		.ascii	"unsigned char\000"
 2053      676E6564 
 2053      20636861 
 2053      7200
ARM GAS  C:\Users\RECEPC~1\AppData\Local\Temp\ccosLHcU.s 			page 43


 2054              	.LASF23:
 2055 021d 706F7369 		.ascii	"posicion\000"
 2055      63696F6E 
 2055      00
 2056              	.LASF25:
 2057 0226 766F6C75 		.ascii	"volumen\000"
 2057      6D656E00 
 2058              	.LASF0:
 2059 022e 7369676E 		.ascii	"signed char\000"
 2059      65642063 
 2059      68617200 
 2060              	.LASF40:
 2061 023a 69627574 		.ascii	"ibutton\000"
 2061      746F6E00 
 2062              	.LASF7:
 2063 0242 6C6F6E67 		.ascii	"long long unsigned int\000"
 2063      206C6F6E 
 2063      6720756E 
 2063      7369676E 
 2063      65642069 
 2064              	.LASF75:
 2065 0259 70707578 		.ascii	"ppux10\000"
 2065      313000
 2066              	.LASF93:
 2067 0260 6F6B5F64 		.ascii	"ok_datosRF\000"
 2067      61746F73 
 2067      524600
 2068              	.LASF36:
 2069 026b 6175746F 		.ascii	"autorizado\000"
 2069      72697A61 
 2069      646F00
 2070              	.LASF8:
 2071 0276 756E7369 		.ascii	"unsigned int\000"
 2071      676E6564 
 2071      20696E74 
 2071      00
 2072              	.LASF56:
 2073 0283 73697A65 		.ascii	"sizeletra1\000"
 2073      6C657472 
 2073      613100
 2074              	.LASF38:
 2075 028e 746F7563 		.ascii	"touch_present\000"
 2075      685F7072 
 2075      6573656E 
 2075      7400
 2076              	.LASF85:
 2077 029c 6C656D61 		.ascii	"lema1\000"
 2077      3100
 2078              	.LASF86:
 2079 02a2 6C656D61 		.ascii	"lema2\000"
 2079      3200
 2080              	.LASF89:
 2081 02a8 686F7261 		.ascii	"hora\000"
 2081      00
 2082              	.LASF26:
 2083 02ad 70726F64 		.ascii	"producto\000"
 2083      7563746F 
ARM GAS  C:\Users\RECEPC~1\AppData\Local\Temp\ccosLHcU.s 			page 44


 2083      00
 2084              	.LASF64:
 2085 02b6 42756666 		.ascii	"Buffer_LCD1\000"
 2085      65725F4C 
 2085      43443100 
 2086              	.LASF65:
 2087 02c2 42756666 		.ascii	"Buffer_LCD2\000"
 2087      65725F4C 
 2087      43443200 
 2088              	.LASF3:
 2089 02ce 73686F72 		.ascii	"short unsigned int\000"
 2089      7420756E 
 2089      7369676E 
 2089      65642069 
 2089      6E7400
 2090              	.LASF19:
 2091 02e1 67726164 		.ascii	"grado\000"
 2091      6F00
 2092              	.LASF60:
 2093 02e7 7465636C 		.ascii	"teclas1\000"
 2093      61733100 
 2094              	.LASF61:
 2095 02ef 7465636C 		.ascii	"teclas2\000"
 2095      61733200 
 2096              	.LASF15:
 2097 02f7 63686172 		.ascii	"char\000"
 2097      00
 2098              	.LASF90:
 2099 02fc 7276656E 		.ascii	"rventa1\000"
 2099      74613100 
 2100              	.LASF91:
 2101 0304 7276656E 		.ascii	"rventa2\000"
 2101      74613200 
 2102              	.LASF10:
 2103 030c 696E7433 		.ascii	"int32_t\000"
 2103      325F7400 
 2104              	.LASF46:
 2105 0314 636F756E 		.ascii	"count_teclas1\000"
 2105      745F7465 
 2105      636C6173 
 2105      3100
 2106              	.LASF9:
 2107 0322 5F5F696E 		.ascii	"__int32_t\000"
 2107      7433325F 
 2107      7400
 2108              	.LASF88:
 2109 032c 66656368 		.ascii	"fecha\000"
 2109      6100
 2110              	.LASF81:
 2111 0332 6C61646F 		.ascii	"lado2\000"
 2111      3200
 2112              	.LASF95:
 2113 0338 62756666 		.ascii	"buffer_i2c\000"
 2113      65725F69 
 2113      326300
 2114              	.LASF87:
 2115 0343 69645F6C 		.ascii	"id_logo\000"
ARM GAS  C:\Users\RECEPC~1\AppData\Local\Temp\ccosLHcU.s 			page 45


 2115      6F676F00 
 2116              	.LASF20:
 2117 034b 6D616E67 		.ascii	"mangueras\000"
 2117      75657261 
 2117      7300
 2118              	.LASF69:
 2119 0355 696D6167 		.ascii	"imagen_grado\000"
 2119      656E5F67 
 2119      7261646F 
 2119      00
 2120              	.LASF43:
 2121 0362 746F7563 		.ascii	"touch_read_byte\000"
 2121      685F7265 
 2121      61645F62 
 2121      79746500 
 2122              	.LASF84:
 2123 0372 64697265 		.ascii	"direccion\000"
 2123      6363696F 
 2123      6E00
 2124              	.LASF5:
 2125 037c 6C6F6E67 		.ascii	"long unsigned int\000"
 2125      20756E73 
 2125      69676E65 
 2125      6420696E 
 2125      7400
 2126              	.LASF22:
 2127 038e 72656369 		.ascii	"recibo\000"
 2127      626F00
 2128              	.LASF96:
 2129 0395 6372635F 		.ascii	"crc_total\000"
 2129      746F7461 
 2129      6C00
 2130              	.LASF41:
 2131 039f 6461746F 		.ascii	"dato\000"
 2131      00
 2132              	.LASF45:
 2133 03a4 49544D5F 		.ascii	"ITM_RxBuffer\000"
 2133      52784275 
 2133      66666572 
 2133      00
 2134              	.LASF59:
 2135 03b1 73697A65 		.ascii	"sizeletra2\000"
 2135      6C657472 
 2135      613200
 2136              	.LASF28:
 2137 03bc 70726573 		.ascii	"preset\000"
 2137      657400
 2138              	.LASF49:
 2139 03c3 69645F63 		.ascii	"id_coma1\000"
 2139      6F6D6131 
 2139      00
 2140              	.LASF52:
 2141 03cc 69645F63 		.ascii	"id_coma2\000"
 2141      6F6D6132 
 2141      00
 2142              	.LASF50:
 2143 03d5 69645F74 		.ascii	"id_teclado1\000"
ARM GAS  C:\Users\RECEPC~1\AppData\Local\Temp\ccosLHcU.s 			page 46


 2143      65636C61 
 2143      646F3100 
 2144              	.LASF53:
 2145 03e1 69645F74 		.ascii	"id_teclado2\000"
 2145      65636C61 
 2145      646F3200 
 2146              	.LASF94:
 2147 03ed 72665F6D 		.ascii	"rf_mod\000"
 2147      6F6400
 2148              	.LASF42:
 2149 03f4 70726573 		.ascii	"present\000"
 2149      656E7400 
 2150              	.LASF92:
 2151 03fc 6F6B5F52 		.ascii	"ok_RF\000"
 2151      4600
 2152              	.LASF32:
 2153 0402 7469706F 		.ascii	"tipo_venta\000"
 2153      5F76656E 
 2153      746100
 2154              	.LASF30:
 2155 040d 706C6163 		.ascii	"placa\000"
 2155      6100
 2156              	.LASF14:
 2157 0413 646F7562 		.ascii	"double\000"
 2157      6C6500
 2158              	.LASF83:
 2159 041a 74656C65 		.ascii	"telefono\000"
 2159      666F6E6F 
 2159      00
 2160              	.LASF68:
 2161 0423 70617373 		.ascii	"password_lcd\000"
 2161      776F7264 
 2161      5F6C6364 
 2161      00
 2162              	.LASF4:
 2163 0430 6C6F6E67 		.ascii	"long int\000"
 2163      20696E74 
 2163      00
 2164              	.LASF17:
 2165 0439 65737461 		.ascii	"estado\000"
 2165      646F00
 2166              	.LASF29:
 2167 0440 69645F65 		.ascii	"id_ef\000"
 2167      6600
 2168              	.LASF101:
 2169 0446 433A5C55 		.ascii	"C:\\Users\\Recepcion\\Desktop\\Prueba_GRPFleet\\BBB"
 2169      73657273 
 2169      5C526563 
 2169      65706369 
 2169      6F6E5C44 
 2170 0474 2E637964 		.ascii	".cydsn\000"
 2170      736E00
 2171              	.LASF47:
 2172 047b 636F6D61 		.ascii	"comas1\000"
 2172      733100
 2173              	.LASF48:
 2174 0482 636F6D61 		.ascii	"comas2\000"
ARM GAS  C:\Users\RECEPC~1\AppData\Local\Temp\ccosLHcU.s 			page 47


 2174      733200
 2175              		.ident	"GCC: (GNU Tools for ARM Embedded Processors) 4.9.3 20150303 (release) [ARM/embedded-4_9-br
