ARM GAS  C:\Users\RECEPC~1\AppData\Local\Temp\ccbQBjVj.s 			page 1


   1              		.syntax unified
   2              		.cpu cortex-m3
   3              		.fpu softvfp
   4              		.eabi_attribute 20, 1
   5              		.eabi_attribute 21, 1
   6              		.eabi_attribute 23, 3
   7              		.eabi_attribute 24, 1
   8              		.eabi_attribute 25, 1
   9              		.eabi_attribute 26, 1
  10              		.eabi_attribute 30, 6
  11              		.eabi_attribute 34, 1
  12              		.eabi_attribute 18, 4
  13              		.thumb
  14              		.file	"PC_INT.c"
  15              		.text
  16              	.Ltext0:
  17              		.cfi_sections	.debug_frame
  18              		.section	.text.PC_RXISR,"ax",%progbits
  19              		.align	2
  20              		.global	PC_RXISR
  21              		.thumb
  22              		.thumb_func
  23              		.type	PC_RXISR, %function
  24              	PC_RXISR:
  25              	.LFB0:
  26              		.file 1 ".\\Generated_Source\\PSoC5\\PC_INT.c"
   1:.\Generated_Source\PSoC5/PC_INT.c **** /*******************************************************************************
   2:.\Generated_Source\PSoC5/PC_INT.c **** * File Name: PCINT.c
   3:.\Generated_Source\PSoC5/PC_INT.c **** * Version 2.50
   4:.\Generated_Source\PSoC5/PC_INT.c **** *
   5:.\Generated_Source\PSoC5/PC_INT.c **** * Description:
   6:.\Generated_Source\PSoC5/PC_INT.c **** *  This file provides all Interrupt Service functionality of the UART component
   7:.\Generated_Source\PSoC5/PC_INT.c **** *
   8:.\Generated_Source\PSoC5/PC_INT.c **** ********************************************************************************
   9:.\Generated_Source\PSoC5/PC_INT.c **** * Copyright 2008-2015, Cypress Semiconductor Corporation.  All rights reserved.
  10:.\Generated_Source\PSoC5/PC_INT.c **** * You may use this file only in accordance with the license, terms, conditions,
  11:.\Generated_Source\PSoC5/PC_INT.c **** * disclaimers, and limitations in the end user license agreement accompanying
  12:.\Generated_Source\PSoC5/PC_INT.c **** * the software package with which this file was provided.
  13:.\Generated_Source\PSoC5/PC_INT.c **** *******************************************************************************/
  14:.\Generated_Source\PSoC5/PC_INT.c **** 
  15:.\Generated_Source\PSoC5/PC_INT.c **** #include "PC.h"
  16:.\Generated_Source\PSoC5/PC_INT.c **** 
  17:.\Generated_Source\PSoC5/PC_INT.c **** 
  18:.\Generated_Source\PSoC5/PC_INT.c **** 
  19:.\Generated_Source\PSoC5/PC_INT.c **** /***************************************
  20:.\Generated_Source\PSoC5/PC_INT.c **** * Custom Declarations
  21:.\Generated_Source\PSoC5/PC_INT.c **** ***************************************/
  22:.\Generated_Source\PSoC5/PC_INT.c **** /* `#START CUSTOM_DECLARATIONS` Place your declaration here */
  23:.\Generated_Source\PSoC5/PC_INT.c **** 
  24:.\Generated_Source\PSoC5/PC_INT.c **** /* `#END` */
  25:.\Generated_Source\PSoC5/PC_INT.c **** 
  26:.\Generated_Source\PSoC5/PC_INT.c **** #if (PC_RX_INTERRUPT_ENABLED && (PC_RX_ENABLED || PC_HD_ENABLED))
  27:.\Generated_Source\PSoC5/PC_INT.c ****     /*******************************************************************************
  28:.\Generated_Source\PSoC5/PC_INT.c ****     * Function Name: PC_RXISR
  29:.\Generated_Source\PSoC5/PC_INT.c ****     ********************************************************************************
  30:.\Generated_Source\PSoC5/PC_INT.c ****     *
  31:.\Generated_Source\PSoC5/PC_INT.c ****     * Summary:
ARM GAS  C:\Users\RECEPC~1\AppData\Local\Temp\ccbQBjVj.s 			page 2


  32:.\Generated_Source\PSoC5/PC_INT.c ****     *  Interrupt Service Routine for RX portion of the UART
  33:.\Generated_Source\PSoC5/PC_INT.c ****     *
  34:.\Generated_Source\PSoC5/PC_INT.c ****     * Parameters:
  35:.\Generated_Source\PSoC5/PC_INT.c ****     *  None.
  36:.\Generated_Source\PSoC5/PC_INT.c ****     *
  37:.\Generated_Source\PSoC5/PC_INT.c ****     * Return:
  38:.\Generated_Source\PSoC5/PC_INT.c ****     *  None.
  39:.\Generated_Source\PSoC5/PC_INT.c ****     *
  40:.\Generated_Source\PSoC5/PC_INT.c ****     * Global Variables:
  41:.\Generated_Source\PSoC5/PC_INT.c ****     *  PC_rxBuffer - RAM buffer pointer for save received data.
  42:.\Generated_Source\PSoC5/PC_INT.c ****     *  PC_rxBufferWrite - cyclic index for write to rxBuffer,
  43:.\Generated_Source\PSoC5/PC_INT.c ****     *     increments after each byte saved to buffer.
  44:.\Generated_Source\PSoC5/PC_INT.c ****     *  PC_rxBufferRead - cyclic index for read from rxBuffer,
  45:.\Generated_Source\PSoC5/PC_INT.c ****     *     checked to detect overflow condition.
  46:.\Generated_Source\PSoC5/PC_INT.c ****     *  PC_rxBufferOverflow - software overflow flag. Set to one
  47:.\Generated_Source\PSoC5/PC_INT.c ****     *     when PC_rxBufferWrite index overtakes
  48:.\Generated_Source\PSoC5/PC_INT.c ****     *     PC_rxBufferRead index.
  49:.\Generated_Source\PSoC5/PC_INT.c ****     *  PC_rxBufferLoopDetect - additional variable to detect overflow.
  50:.\Generated_Source\PSoC5/PC_INT.c ****     *     Set to one when PC_rxBufferWrite is equal to
  51:.\Generated_Source\PSoC5/PC_INT.c ****     *    PC_rxBufferRead
  52:.\Generated_Source\PSoC5/PC_INT.c ****     *  PC_rxAddressMode - this variable contains the Address mode,
  53:.\Generated_Source\PSoC5/PC_INT.c ****     *     selected in customizer or set by UART_SetRxAddressMode() API.
  54:.\Generated_Source\PSoC5/PC_INT.c ****     *  PC_rxAddressDetected - set to 1 when correct address received,
  55:.\Generated_Source\PSoC5/PC_INT.c ****     *     and analysed to store following addressed data bytes to the buffer.
  56:.\Generated_Source\PSoC5/PC_INT.c ****     *     When not correct address received, set to 0 to skip following data bytes.
  57:.\Generated_Source\PSoC5/PC_INT.c ****     *
  58:.\Generated_Source\PSoC5/PC_INT.c ****     *******************************************************************************/
  59:.\Generated_Source\PSoC5/PC_INT.c ****     CY_ISR(PC_RXISR)
  60:.\Generated_Source\PSoC5/PC_INT.c ****     {
  27              		.loc 1 60 0
  28              		.cfi_startproc
  29              		@ args = 0, pretend = 0, frame = 8
  30              		@ frame_needed = 1, uses_anonymous_args = 0
  31              		@ link register save eliminated.
  32 0000 80B4     		push	{r7}
  33              		.cfi_def_cfa_offset 4
  34              		.cfi_offset 7, -4
  35 0002 83B0     		sub	sp, sp, #12
  36              		.cfi_def_cfa_offset 16
  37 0004 00AF     		add	r7, sp, #0
  38              		.cfi_def_cfa_register 7
  61:.\Generated_Source\PSoC5/PC_INT.c ****         uint8 readData;
  62:.\Generated_Source\PSoC5/PC_INT.c ****         uint8 readStatus;
  63:.\Generated_Source\PSoC5/PC_INT.c ****         uint8 increment_pointer = 0u;
  39              		.loc 1 63 0
  40 0006 0023     		movs	r3, #0
  41 0008 FB71     		strb	r3, [r7, #7]
  42              	.L6:
  64:.\Generated_Source\PSoC5/PC_INT.c **** 
  65:.\Generated_Source\PSoC5/PC_INT.c ****     #if(CY_PSOC3)
  66:.\Generated_Source\PSoC5/PC_INT.c ****         uint8 int_en;
  67:.\Generated_Source\PSoC5/PC_INT.c ****     #endif /* (CY_PSOC3) */
  68:.\Generated_Source\PSoC5/PC_INT.c **** 
  69:.\Generated_Source\PSoC5/PC_INT.c ****     #ifdef PC_RXISR_ENTRY_CALLBACK
  70:.\Generated_Source\PSoC5/PC_INT.c ****         PC_RXISR_EntryCallback();
  71:.\Generated_Source\PSoC5/PC_INT.c ****     #endif /* PC_RXISR_ENTRY_CALLBACK */
  72:.\Generated_Source\PSoC5/PC_INT.c **** 
ARM GAS  C:\Users\RECEPC~1\AppData\Local\Temp\ccbQBjVj.s 			page 3


  73:.\Generated_Source\PSoC5/PC_INT.c ****         /* User code required at start of ISR */
  74:.\Generated_Source\PSoC5/PC_INT.c ****         /* `#START PC_RXISR_START` */
  75:.\Generated_Source\PSoC5/PC_INT.c **** 
  76:.\Generated_Source\PSoC5/PC_INT.c ****         /* `#END` */
  77:.\Generated_Source\PSoC5/PC_INT.c **** 
  78:.\Generated_Source\PSoC5/PC_INT.c ****     #if(CY_PSOC3)   /* Make sure nested interrupt is enabled */
  79:.\Generated_Source\PSoC5/PC_INT.c ****         int_en = EA;
  80:.\Generated_Source\PSoC5/PC_INT.c ****         CyGlobalIntEnable;
  81:.\Generated_Source\PSoC5/PC_INT.c ****     #endif /* (CY_PSOC3) */
  82:.\Generated_Source\PSoC5/PC_INT.c **** 
  83:.\Generated_Source\PSoC5/PC_INT.c ****         do
  84:.\Generated_Source\PSoC5/PC_INT.c ****         {
  85:.\Generated_Source\PSoC5/PC_INT.c ****             /* Read receiver status register */
  86:.\Generated_Source\PSoC5/PC_INT.c ****             readStatus = PC_RXSTATUS_REG;
  43              		.loc 1 86 0
  44 000a 2C4B     		ldr	r3, .L7
  45 000c 1B78     		ldrb	r3, [r3]
  46 000e BB71     		strb	r3, [r7, #6]
  87:.\Generated_Source\PSoC5/PC_INT.c ****             /* Copy the same status to readData variable for backward compatibility support 
  88:.\Generated_Source\PSoC5/PC_INT.c ****             *  of the user code in PC_RXISR_ERROR` section. 
  89:.\Generated_Source\PSoC5/PC_INT.c ****             */
  90:.\Generated_Source\PSoC5/PC_INT.c ****             readData = readStatus;
  47              		.loc 1 90 0
  48 0010 BB79     		ldrb	r3, [r7, #6]
  49 0012 7B71     		strb	r3, [r7, #5]
  91:.\Generated_Source\PSoC5/PC_INT.c **** 
  92:.\Generated_Source\PSoC5/PC_INT.c ****             if((readStatus & (PC_RX_STS_BREAK | 
  93:.\Generated_Source\PSoC5/PC_INT.c ****                             PC_RX_STS_PAR_ERROR |
  94:.\Generated_Source\PSoC5/PC_INT.c ****                             PC_RX_STS_STOP_ERROR | 
  95:.\Generated_Source\PSoC5/PC_INT.c ****                             PC_RX_STS_OVERRUN)) != 0u)
  50              		.loc 1 95 0
  51 0014 BB79     		ldrb	r3, [r7, #6]	@ zero_extendqisi2
  52 0016 03F01E03 		and	r3, r3, #30
  92:.\Generated_Source\PSoC5/PC_INT.c ****                             PC_RX_STS_PAR_ERROR |
  53              		.loc 1 92 0
  54 001a 002B     		cmp	r3, #0
  55 001c 0BD0     		beq	.L2
  96:.\Generated_Source\PSoC5/PC_INT.c ****             {
  97:.\Generated_Source\PSoC5/PC_INT.c ****                 /* ERROR handling. */
  98:.\Generated_Source\PSoC5/PC_INT.c ****                 PC_errorStatus |= readStatus & ( PC_RX_STS_BREAK | 
  56              		.loc 1 98 0
  57 001e BB79     		ldrb	r3, [r7, #6]	@ zero_extendqisi2
  58 0020 03F01E03 		and	r3, r3, #30
  59 0024 DAB2     		uxtb	r2, r3
  60 0026 264B     		ldr	r3, .L7+4
  61 0028 1B78     		ldrb	r3, [r3]	@ zero_extendqisi2
  62 002a DBB2     		uxtb	r3, r3
  63 002c 1343     		orrs	r3, r3, r2
  64 002e DBB2     		uxtb	r3, r3
  65 0030 DAB2     		uxtb	r2, r3
  66 0032 234B     		ldr	r3, .L7+4
  67 0034 1A70     		strb	r2, [r3]
  68              	.L2:
  99:.\Generated_Source\PSoC5/PC_INT.c ****                                                             PC_RX_STS_PAR_ERROR | 
 100:.\Generated_Source\PSoC5/PC_INT.c ****                                                             PC_RX_STS_STOP_ERROR | 
 101:.\Generated_Source\PSoC5/PC_INT.c ****                                                             PC_RX_STS_OVERRUN);
 102:.\Generated_Source\PSoC5/PC_INT.c ****                 /* `#START PC_RXISR_ERROR` */
ARM GAS  C:\Users\RECEPC~1\AppData\Local\Temp\ccbQBjVj.s 			page 4


 103:.\Generated_Source\PSoC5/PC_INT.c **** 
 104:.\Generated_Source\PSoC5/PC_INT.c ****                 /* `#END` */
 105:.\Generated_Source\PSoC5/PC_INT.c ****                 
 106:.\Generated_Source\PSoC5/PC_INT.c ****             #ifdef PC_RXISR_ERROR_CALLBACK
 107:.\Generated_Source\PSoC5/PC_INT.c ****                 PC_RXISR_ERROR_Callback();
 108:.\Generated_Source\PSoC5/PC_INT.c ****             #endif /* PC_RXISR_ERROR_CALLBACK */
 109:.\Generated_Source\PSoC5/PC_INT.c ****             }
 110:.\Generated_Source\PSoC5/PC_INT.c ****             
 111:.\Generated_Source\PSoC5/PC_INT.c ****             if((readStatus & PC_RX_STS_FIFO_NOTEMPTY) != 0u)
  69              		.loc 1 111 0
  70 0036 BB79     		ldrb	r3, [r7, #6]	@ zero_extendqisi2
  71 0038 03F02003 		and	r3, r3, #32
  72 003c 002B     		cmp	r3, #0
  73 003e 32D0     		beq	.L3
 112:.\Generated_Source\PSoC5/PC_INT.c ****             {
 113:.\Generated_Source\PSoC5/PC_INT.c ****                 /* Read data from the RX data register */
 114:.\Generated_Source\PSoC5/PC_INT.c ****                 readData = PC_RXDATA_REG;
  74              		.loc 1 114 0
  75 0040 204B     		ldr	r3, .L7+8
  76 0042 1B78     		ldrb	r3, [r3]
  77 0044 7B71     		strb	r3, [r7, #5]
 115:.\Generated_Source\PSoC5/PC_INT.c ****             #if (PC_RXHW_ADDRESS_ENABLED)
 116:.\Generated_Source\PSoC5/PC_INT.c ****                 if(PC_rxAddressMode == (uint8)PC__B_UART__AM_SW_DETECT_TO_BUFFER)
 117:.\Generated_Source\PSoC5/PC_INT.c ****                 {
 118:.\Generated_Source\PSoC5/PC_INT.c ****                     if((readStatus & PC_RX_STS_MRKSPC) != 0u)
 119:.\Generated_Source\PSoC5/PC_INT.c ****                     {
 120:.\Generated_Source\PSoC5/PC_INT.c ****                         if ((readStatus & PC_RX_STS_ADDR_MATCH) != 0u)
 121:.\Generated_Source\PSoC5/PC_INT.c ****                         {
 122:.\Generated_Source\PSoC5/PC_INT.c ****                             PC_rxAddressDetected = 1u;
 123:.\Generated_Source\PSoC5/PC_INT.c ****                         }
 124:.\Generated_Source\PSoC5/PC_INT.c ****                         else
 125:.\Generated_Source\PSoC5/PC_INT.c ****                         {
 126:.\Generated_Source\PSoC5/PC_INT.c ****                             PC_rxAddressDetected = 0u;
 127:.\Generated_Source\PSoC5/PC_INT.c ****                         }
 128:.\Generated_Source\PSoC5/PC_INT.c ****                     }
 129:.\Generated_Source\PSoC5/PC_INT.c ****                     if(PC_rxAddressDetected != 0u)
 130:.\Generated_Source\PSoC5/PC_INT.c ****                     {   /* Store only addressed data */
 131:.\Generated_Source\PSoC5/PC_INT.c ****                         PC_rxBuffer[PC_rxBufferWrite] = readData;
 132:.\Generated_Source\PSoC5/PC_INT.c ****                         increment_pointer = 1u;
 133:.\Generated_Source\PSoC5/PC_INT.c ****                     }
 134:.\Generated_Source\PSoC5/PC_INT.c ****                 }
 135:.\Generated_Source\PSoC5/PC_INT.c ****                 else /* Without software addressing */
 136:.\Generated_Source\PSoC5/PC_INT.c ****                 {
 137:.\Generated_Source\PSoC5/PC_INT.c ****                     PC_rxBuffer[PC_rxBufferWrite] = readData;
 138:.\Generated_Source\PSoC5/PC_INT.c ****                     increment_pointer = 1u;
 139:.\Generated_Source\PSoC5/PC_INT.c ****                 }
 140:.\Generated_Source\PSoC5/PC_INT.c ****             #else  /* Without addressing */
 141:.\Generated_Source\PSoC5/PC_INT.c ****                 PC_rxBuffer[PC_rxBufferWrite] = readData;
  78              		.loc 1 141 0
  79 0046 204B     		ldr	r3, .L7+12
  80 0048 1B88     		ldrh	r3, [r3]	@ movhi
  81 004a 9BB2     		uxth	r3, r3
  82 004c 1946     		mov	r1, r3
  83 004e 1F4A     		ldr	r2, .L7+16
  84 0050 7B79     		ldrb	r3, [r7, #5]
  85 0052 5354     		strb	r3, [r2, r1]
 142:.\Generated_Source\PSoC5/PC_INT.c ****                 increment_pointer = 1u;
ARM GAS  C:\Users\RECEPC~1\AppData\Local\Temp\ccbQBjVj.s 			page 5


  86              		.loc 1 142 0
  87 0054 0123     		movs	r3, #1
  88 0056 FB71     		strb	r3, [r7, #7]
 143:.\Generated_Source\PSoC5/PC_INT.c ****             #endif /* (PC_RXHW_ADDRESS_ENABLED) */
 144:.\Generated_Source\PSoC5/PC_INT.c **** 
 145:.\Generated_Source\PSoC5/PC_INT.c ****                 /* Do not increment buffer pointer when skip not addressed data */
 146:.\Generated_Source\PSoC5/PC_INT.c ****                 if(increment_pointer != 0u)
  89              		.loc 1 146 0
  90 0058 FB79     		ldrb	r3, [r7, #7]	@ zero_extendqisi2
  91 005a 002B     		cmp	r3, #0
  92 005c 23D0     		beq	.L3
 147:.\Generated_Source\PSoC5/PC_INT.c ****                 {
 148:.\Generated_Source\PSoC5/PC_INT.c ****                     if(PC_rxBufferLoopDetect != 0u)
  93              		.loc 1 148 0
  94 005e 1C4B     		ldr	r3, .L7+20
  95 0060 1B78     		ldrb	r3, [r3]
  96 0062 DBB2     		uxtb	r3, r3
  97 0064 002B     		cmp	r3, #0
  98 0066 02D0     		beq	.L4
 149:.\Generated_Source\PSoC5/PC_INT.c ****                     {   /* Set Software Buffer status Overflow */
 150:.\Generated_Source\PSoC5/PC_INT.c ****                         PC_rxBufferOverflow = 1u;
  99              		.loc 1 150 0
 100 0068 1A4B     		ldr	r3, .L7+24
 101 006a 0122     		movs	r2, #1
 102 006c 1A70     		strb	r2, [r3]
 103              	.L4:
 151:.\Generated_Source\PSoC5/PC_INT.c ****                     }
 152:.\Generated_Source\PSoC5/PC_INT.c ****                     /* Set next pointer. */
 153:.\Generated_Source\PSoC5/PC_INT.c ****                     PC_rxBufferWrite++;
 104              		.loc 1 153 0
 105 006e 164B     		ldr	r3, .L7+12
 106 0070 1B88     		ldrh	r3, [r3]	@ movhi
 107 0072 9BB2     		uxth	r3, r3
 108 0074 0133     		adds	r3, r3, #1
 109 0076 9AB2     		uxth	r2, r3
 110 0078 134B     		ldr	r3, .L7+12
 111 007a 1A80     		strh	r2, [r3]	@ movhi
 154:.\Generated_Source\PSoC5/PC_INT.c **** 
 155:.\Generated_Source\PSoC5/PC_INT.c ****                     /* Check pointer for a loop condition */
 156:.\Generated_Source\PSoC5/PC_INT.c ****                     if(PC_rxBufferWrite >= PC_RX_BUFFER_SIZE)
 112              		.loc 1 156 0
 113 007c 124B     		ldr	r3, .L7+12
 114 007e 1B88     		ldrh	r3, [r3]	@ movhi
 115 0080 9BB2     		uxth	r3, r3
 116 0082 40F2DB52 		movw	r2, #1499
 117 0086 9342     		cmp	r3, r2
 118 0088 02D9     		bls	.L5
 157:.\Generated_Source\PSoC5/PC_INT.c ****                     {
 158:.\Generated_Source\PSoC5/PC_INT.c ****                         PC_rxBufferWrite = 0u;
 119              		.loc 1 158 0
 120 008a 0F4B     		ldr	r3, .L7+12
 121 008c 0022     		movs	r2, #0
 122 008e 1A80     		strh	r2, [r3]	@ movhi
 123              	.L5:
 159:.\Generated_Source\PSoC5/PC_INT.c ****                     }
 160:.\Generated_Source\PSoC5/PC_INT.c **** 
 161:.\Generated_Source\PSoC5/PC_INT.c ****                     /* Detect pre-overload condition and set flag */
ARM GAS  C:\Users\RECEPC~1\AppData\Local\Temp\ccbQBjVj.s 			page 6


 162:.\Generated_Source\PSoC5/PC_INT.c ****                     if(PC_rxBufferWrite == PC_rxBufferRead)
 124              		.loc 1 162 0
 125 0090 0D4B     		ldr	r3, .L7+12
 126 0092 1B88     		ldrh	r3, [r3]	@ movhi
 127 0094 9AB2     		uxth	r2, r3
 128 0096 104B     		ldr	r3, .L7+28
 129 0098 1B88     		ldrh	r3, [r3]	@ movhi
 130 009a 9BB2     		uxth	r3, r3
 131 009c 9A42     		cmp	r2, r3
 132 009e 02D1     		bne	.L3
 163:.\Generated_Source\PSoC5/PC_INT.c ****                     {
 164:.\Generated_Source\PSoC5/PC_INT.c ****                         PC_rxBufferLoopDetect = 1u;
 133              		.loc 1 164 0
 134 00a0 0B4B     		ldr	r3, .L7+20
 135 00a2 0122     		movs	r2, #1
 136 00a4 1A70     		strb	r2, [r3]
 137              	.L3:
 165:.\Generated_Source\PSoC5/PC_INT.c ****                         /* When Hardware Flow Control selected */
 166:.\Generated_Source\PSoC5/PC_INT.c ****                         #if (PC_FLOW_CONTROL != 0u)
 167:.\Generated_Source\PSoC5/PC_INT.c ****                             /* Disable RX interrupt mask, it is enabled when user read data from th
 168:.\Generated_Source\PSoC5/PC_INT.c ****                             PC_RXSTATUS_MASK_REG  &= (uint8)~PC_RX_STS_FIFO_NOTEMPTY;
 169:.\Generated_Source\PSoC5/PC_INT.c ****                             CyIntClearPending(PC_RX_VECT_NUM);
 170:.\Generated_Source\PSoC5/PC_INT.c ****                             break; /* Break the reading of the FIFO loop, leave the data there for 
 171:.\Generated_Source\PSoC5/PC_INT.c ****                         #endif /* (PC_FLOW_CONTROL != 0u) */
 172:.\Generated_Source\PSoC5/PC_INT.c ****                     }
 173:.\Generated_Source\PSoC5/PC_INT.c ****                 }
 174:.\Generated_Source\PSoC5/PC_INT.c ****             }
 175:.\Generated_Source\PSoC5/PC_INT.c ****         }while((readStatus & PC_RX_STS_FIFO_NOTEMPTY) != 0u);
 138              		.loc 1 175 0
 139 00a6 BB79     		ldrb	r3, [r7, #6]	@ zero_extendqisi2
 140 00a8 03F02003 		and	r3, r3, #32
 141 00ac 002B     		cmp	r3, #0
 142 00ae ACD1     		bne	.L6
 176:.\Generated_Source\PSoC5/PC_INT.c **** 
 177:.\Generated_Source\PSoC5/PC_INT.c ****         /* User code required at end of ISR (Optional) */
 178:.\Generated_Source\PSoC5/PC_INT.c ****         /* `#START PC_RXISR_END` */
 179:.\Generated_Source\PSoC5/PC_INT.c **** 
 180:.\Generated_Source\PSoC5/PC_INT.c ****         /* `#END` */
 181:.\Generated_Source\PSoC5/PC_INT.c **** 
 182:.\Generated_Source\PSoC5/PC_INT.c ****     #ifdef PC_RXISR_EXIT_CALLBACK
 183:.\Generated_Source\PSoC5/PC_INT.c ****         PC_RXISR_ExitCallback();
 184:.\Generated_Source\PSoC5/PC_INT.c ****     #endif /* PC_RXISR_EXIT_CALLBACK */
 185:.\Generated_Source\PSoC5/PC_INT.c **** 
 186:.\Generated_Source\PSoC5/PC_INT.c ****     #if(CY_PSOC3)
 187:.\Generated_Source\PSoC5/PC_INT.c ****         EA = int_en;
 188:.\Generated_Source\PSoC5/PC_INT.c ****     #endif /* (CY_PSOC3) */
 189:.\Generated_Source\PSoC5/PC_INT.c ****     }
 143              		.loc 1 189 0
 144 00b0 0C37     		adds	r7, r7, #12
 145              		.cfi_def_cfa_offset 4
 146 00b2 BD46     		mov	sp, r7
 147              		.cfi_def_cfa_register 13
 148              		@ sp needed
 149 00b4 5DF8047B 		ldr	r7, [sp], #4
 150              		.cfi_restore 7
 151              		.cfi_def_cfa_offset 0
 152 00b8 7047     		bx	lr
ARM GAS  C:\Users\RECEPC~1\AppData\Local\Temp\ccbQBjVj.s 			page 7


 153              	.L8:
 154 00ba 00BF     		.align	2
 155              	.L7:
 156 00bc 6B650040 		.word	1073767787
 157 00c0 00000000 		.word	PC_errorStatus
 158 00c4 48640040 		.word	1073767496
 159 00c8 00000000 		.word	PC_rxBufferWrite
 160 00cc 00000000 		.word	PC_rxBuffer
 161 00d0 00000000 		.word	PC_rxBufferLoopDetect
 162 00d4 00000000 		.word	PC_rxBufferOverflow
 163 00d8 00000000 		.word	PC_rxBufferRead
 164              		.cfi_endproc
 165              	.LFE0:
 166              		.size	PC_RXISR, .-PC_RXISR
 167              		.text
 168              	.Letext0:
 169              		.file 2 ".\\Generated_Source\\PSoC5\\cytypes.h"
 170              		.file 3 ".\\Generated_Source\\PSoC5\\PC.h"
 171              		.section	.debug_info,"",%progbits
 172              	.Ldebug_info0:
 173 0000 4E010000 		.4byte	0x14e
 174 0004 0400     		.2byte	0x4
 175 0006 00000000 		.4byte	.Ldebug_abbrev0
 176 000a 04       		.byte	0x4
 177 000b 01       		.uleb128 0x1
 178 000c E4000000 		.4byte	.LASF25
 179 0010 01       		.byte	0x1
 180 0011 72000000 		.4byte	.LASF26
 181 0015 ED010000 		.4byte	.LASF27
 182 0019 00000000 		.4byte	.Ldebug_ranges0+0
 183 001d 00000000 		.4byte	0
 184 0021 00000000 		.4byte	.Ldebug_line0
 185 0025 02       		.uleb128 0x2
 186 0026 01       		.byte	0x1
 187 0027 06       		.byte	0x6
 188 0028 9B010000 		.4byte	.LASF0
 189 002c 02       		.uleb128 0x2
 190 002d 01       		.byte	0x1
 191 002e 08       		.byte	0x8
 192 002f B7000000 		.4byte	.LASF1
 193 0033 02       		.uleb128 0x2
 194 0034 02       		.byte	0x2
 195 0035 05       		.byte	0x5
 196 0036 CA010000 		.4byte	.LASF2
 197 003a 02       		.uleb128 0x2
 198 003b 02       		.byte	0x2
 199 003c 07       		.byte	0x7
 200 003d 88010000 		.4byte	.LASF3
 201 0041 02       		.uleb128 0x2
 202 0042 04       		.byte	0x4
 203 0043 05       		.byte	0x5
 204 0044 DB000000 		.4byte	.LASF4
 205 0048 02       		.uleb128 0x2
 206 0049 04       		.byte	0x4
 207 004a 07       		.byte	0x7
 208 004b 60000000 		.4byte	.LASF5
 209 004f 02       		.uleb128 0x2
ARM GAS  C:\Users\RECEPC~1\AppData\Local\Temp\ccbQBjVj.s 			page 8


 210 0050 08       		.byte	0x8
 211 0051 05       		.byte	0x5
 212 0052 00000000 		.4byte	.LASF6
 213 0056 02       		.uleb128 0x2
 214 0057 08       		.byte	0x8
 215 0058 07       		.byte	0x7
 216 0059 94000000 		.4byte	.LASF7
 217 005d 03       		.uleb128 0x3
 218 005e 04       		.byte	0x4
 219 005f 05       		.byte	0x5
 220 0060 696E7400 		.ascii	"int\000"
 221 0064 02       		.uleb128 0x2
 222 0065 04       		.byte	0x4
 223 0066 07       		.byte	0x7
 224 0067 24000000 		.4byte	.LASF8
 225 006b 04       		.uleb128 0x4
 226 006c 5A000000 		.4byte	.LASF9
 227 0070 02       		.byte	0x2
 228 0071 B4       		.byte	0xb4
 229 0072 2C000000 		.4byte	0x2c
 230 0076 04       		.uleb128 0x4
 231 0077 D4010000 		.4byte	.LASF10
 232 007b 02       		.byte	0x2
 233 007c B5       		.byte	0xb5
 234 007d 3A000000 		.4byte	0x3a
 235 0081 02       		.uleb128 0x2
 236 0082 04       		.byte	0x4
 237 0083 04       		.byte	0x4
 238 0084 C4010000 		.4byte	.LASF11
 239 0088 02       		.uleb128 0x2
 240 0089 08       		.byte	0x8
 241 008a 04       		.byte	0x4
 242 008b 72010000 		.4byte	.LASF12
 243 008f 02       		.uleb128 0x2
 244 0090 01       		.byte	0x1
 245 0091 08       		.byte	0x8
 246 0092 D6000000 		.4byte	.LASF13
 247 0096 05       		.uleb128 0x5
 248 0097 55000000 		.4byte	.LASF14
 249 009b 02       		.byte	0x2
 250 009c 5E01     		.2byte	0x15e
 251 009e A2000000 		.4byte	0xa2
 252 00a2 06       		.uleb128 0x6
 253 00a3 6B000000 		.4byte	0x6b
 254 00a7 06       		.uleb128 0x6
 255 00a8 76000000 		.4byte	0x76
 256 00ac 02       		.uleb128 0x2
 257 00ad 04       		.byte	0x4
 258 00ae 07       		.byte	0x7
 259 00af E4010000 		.4byte	.LASF15
 260 00b3 07       		.uleb128 0x7
 261 00b4 24020000 		.4byte	.LASF28
 262 00b8 01       		.byte	0x1
 263 00b9 3B       		.byte	0x3b
 264 00ba 00000000 		.4byte	.LFB0
 265 00be DC000000 		.4byte	.LFE0-.LFB0
 266 00c2 01       		.uleb128 0x1
ARM GAS  C:\Users\RECEPC~1\AppData\Local\Temp\ccbQBjVj.s 			page 9


 267 00c3 9C       		.byte	0x9c
 268 00c4 F3000000 		.4byte	0xf3
 269 00c8 08       		.uleb128 0x8
 270 00c9 DB010000 		.4byte	.LASF16
 271 00cd 01       		.byte	0x1
 272 00ce 3D       		.byte	0x3d
 273 00cf 6B000000 		.4byte	0x6b
 274 00d3 02       		.uleb128 0x2
 275 00d4 91       		.byte	0x91
 276 00d5 75       		.sleb128 -11
 277 00d6 08       		.uleb128 0x8
 278 00d7 B9010000 		.4byte	.LASF17
 279 00db 01       		.byte	0x1
 280 00dc 3E       		.byte	0x3e
 281 00dd 6B000000 		.4byte	0x6b
 282 00e1 02       		.uleb128 0x2
 283 00e2 91       		.byte	0x91
 284 00e3 76       		.sleb128 -10
 285 00e4 08       		.uleb128 0x8
 286 00e5 A7010000 		.4byte	.LASF18
 287 00e9 01       		.byte	0x1
 288 00ea 3F       		.byte	0x3f
 289 00eb 6B000000 		.4byte	0x6b
 290 00ef 02       		.uleb128 0x2
 291 00f0 91       		.byte	0x91
 292 00f1 77       		.sleb128 -9
 293 00f2 00       		.byte	0
 294 00f3 09       		.uleb128 0x9
 295 00f4 79010000 		.4byte	.LASF19
 296 00f8 03       		.byte	0x3
 297 00f9 3D01     		.2byte	0x13d
 298 00fb 6B000000 		.4byte	0x6b
 299 00ff 0A       		.uleb128 0xa
 300 0100 6B000000 		.4byte	0x6b
 301 0104 10010000 		.4byte	0x110
 302 0108 0B       		.uleb128 0xb
 303 0109 AC000000 		.4byte	0xac
 304 010d DB05     		.2byte	0x5db
 305 010f 00       		.byte	0
 306 0110 09       		.uleb128 0x9
 307 0111 AB000000 		.4byte	.LASF20
 308 0115 03       		.byte	0x3
 309 0116 3E01     		.2byte	0x13e
 310 0118 1C010000 		.4byte	0x11c
 311 011c 06       		.uleb128 0x6
 312 011d FF000000 		.4byte	0xff
 313 0121 09       		.uleb128 0x9
 314 0122 31000000 		.4byte	.LASF21
 315 0126 03       		.byte	0x3
 316 0127 3F01     		.2byte	0x13f
 317 0129 A7000000 		.4byte	0xa7
 318 012d 09       		.uleb128 0x9
 319 012e C5000000 		.4byte	.LASF22
 320 0132 03       		.byte	0x3
 321 0133 4001     		.2byte	0x140
 322 0135 A7000000 		.4byte	0xa7
 323 0139 09       		.uleb128 0x9
ARM GAS  C:\Users\RECEPC~1\AppData\Local\Temp\ccbQBjVj.s 			page 10


 324 013a 0E000000 		.4byte	.LASF23
 325 013e 03       		.byte	0x3
 326 013f 4101     		.2byte	0x141
 327 0141 A2000000 		.4byte	0xa2
 328 0145 09       		.uleb128 0x9
 329 0146 41000000 		.4byte	.LASF24
 330 014a 03       		.byte	0x3
 331 014b 4201     		.2byte	0x142
 332 014d A2000000 		.4byte	0xa2
 333 0151 00       		.byte	0
 334              		.section	.debug_abbrev,"",%progbits
 335              	.Ldebug_abbrev0:
 336 0000 01       		.uleb128 0x1
 337 0001 11       		.uleb128 0x11
 338 0002 01       		.byte	0x1
 339 0003 25       		.uleb128 0x25
 340 0004 0E       		.uleb128 0xe
 341 0005 13       		.uleb128 0x13
 342 0006 0B       		.uleb128 0xb
 343 0007 03       		.uleb128 0x3
 344 0008 0E       		.uleb128 0xe
 345 0009 1B       		.uleb128 0x1b
 346 000a 0E       		.uleb128 0xe
 347 000b 55       		.uleb128 0x55
 348 000c 17       		.uleb128 0x17
 349 000d 11       		.uleb128 0x11
 350 000e 01       		.uleb128 0x1
 351 000f 10       		.uleb128 0x10
 352 0010 17       		.uleb128 0x17
 353 0011 00       		.byte	0
 354 0012 00       		.byte	0
 355 0013 02       		.uleb128 0x2
 356 0014 24       		.uleb128 0x24
 357 0015 00       		.byte	0
 358 0016 0B       		.uleb128 0xb
 359 0017 0B       		.uleb128 0xb
 360 0018 3E       		.uleb128 0x3e
 361 0019 0B       		.uleb128 0xb
 362 001a 03       		.uleb128 0x3
 363 001b 0E       		.uleb128 0xe
 364 001c 00       		.byte	0
 365 001d 00       		.byte	0
 366 001e 03       		.uleb128 0x3
 367 001f 24       		.uleb128 0x24
 368 0020 00       		.byte	0
 369 0021 0B       		.uleb128 0xb
 370 0022 0B       		.uleb128 0xb
 371 0023 3E       		.uleb128 0x3e
 372 0024 0B       		.uleb128 0xb
 373 0025 03       		.uleb128 0x3
 374 0026 08       		.uleb128 0x8
 375 0027 00       		.byte	0
 376 0028 00       		.byte	0
 377 0029 04       		.uleb128 0x4
 378 002a 16       		.uleb128 0x16
 379 002b 00       		.byte	0
 380 002c 03       		.uleb128 0x3
ARM GAS  C:\Users\RECEPC~1\AppData\Local\Temp\ccbQBjVj.s 			page 11


 381 002d 0E       		.uleb128 0xe
 382 002e 3A       		.uleb128 0x3a
 383 002f 0B       		.uleb128 0xb
 384 0030 3B       		.uleb128 0x3b
 385 0031 0B       		.uleb128 0xb
 386 0032 49       		.uleb128 0x49
 387 0033 13       		.uleb128 0x13
 388 0034 00       		.byte	0
 389 0035 00       		.byte	0
 390 0036 05       		.uleb128 0x5
 391 0037 16       		.uleb128 0x16
 392 0038 00       		.byte	0
 393 0039 03       		.uleb128 0x3
 394 003a 0E       		.uleb128 0xe
 395 003b 3A       		.uleb128 0x3a
 396 003c 0B       		.uleb128 0xb
 397 003d 3B       		.uleb128 0x3b
 398 003e 05       		.uleb128 0x5
 399 003f 49       		.uleb128 0x49
 400 0040 13       		.uleb128 0x13
 401 0041 00       		.byte	0
 402 0042 00       		.byte	0
 403 0043 06       		.uleb128 0x6
 404 0044 35       		.uleb128 0x35
 405 0045 00       		.byte	0
 406 0046 49       		.uleb128 0x49
 407 0047 13       		.uleb128 0x13
 408 0048 00       		.byte	0
 409 0049 00       		.byte	0
 410 004a 07       		.uleb128 0x7
 411 004b 2E       		.uleb128 0x2e
 412 004c 01       		.byte	0x1
 413 004d 3F       		.uleb128 0x3f
 414 004e 19       		.uleb128 0x19
 415 004f 03       		.uleb128 0x3
 416 0050 0E       		.uleb128 0xe
 417 0051 3A       		.uleb128 0x3a
 418 0052 0B       		.uleb128 0xb
 419 0053 3B       		.uleb128 0x3b
 420 0054 0B       		.uleb128 0xb
 421 0055 27       		.uleb128 0x27
 422 0056 19       		.uleb128 0x19
 423 0057 11       		.uleb128 0x11
 424 0058 01       		.uleb128 0x1
 425 0059 12       		.uleb128 0x12
 426 005a 06       		.uleb128 0x6
 427 005b 40       		.uleb128 0x40
 428 005c 18       		.uleb128 0x18
 429 005d 9742     		.uleb128 0x2117
 430 005f 19       		.uleb128 0x19
 431 0060 01       		.uleb128 0x1
 432 0061 13       		.uleb128 0x13
 433 0062 00       		.byte	0
 434 0063 00       		.byte	0
 435 0064 08       		.uleb128 0x8
 436 0065 34       		.uleb128 0x34
 437 0066 00       		.byte	0
ARM GAS  C:\Users\RECEPC~1\AppData\Local\Temp\ccbQBjVj.s 			page 12


 438 0067 03       		.uleb128 0x3
 439 0068 0E       		.uleb128 0xe
 440 0069 3A       		.uleb128 0x3a
 441 006a 0B       		.uleb128 0xb
 442 006b 3B       		.uleb128 0x3b
 443 006c 0B       		.uleb128 0xb
 444 006d 49       		.uleb128 0x49
 445 006e 13       		.uleb128 0x13
 446 006f 02       		.uleb128 0x2
 447 0070 18       		.uleb128 0x18
 448 0071 00       		.byte	0
 449 0072 00       		.byte	0
 450 0073 09       		.uleb128 0x9
 451 0074 34       		.uleb128 0x34
 452 0075 00       		.byte	0
 453 0076 03       		.uleb128 0x3
 454 0077 0E       		.uleb128 0xe
 455 0078 3A       		.uleb128 0x3a
 456 0079 0B       		.uleb128 0xb
 457 007a 3B       		.uleb128 0x3b
 458 007b 05       		.uleb128 0x5
 459 007c 49       		.uleb128 0x49
 460 007d 13       		.uleb128 0x13
 461 007e 3F       		.uleb128 0x3f
 462 007f 19       		.uleb128 0x19
 463 0080 3C       		.uleb128 0x3c
 464 0081 19       		.uleb128 0x19
 465 0082 00       		.byte	0
 466 0083 00       		.byte	0
 467 0084 0A       		.uleb128 0xa
 468 0085 01       		.uleb128 0x1
 469 0086 01       		.byte	0x1
 470 0087 49       		.uleb128 0x49
 471 0088 13       		.uleb128 0x13
 472 0089 01       		.uleb128 0x1
 473 008a 13       		.uleb128 0x13
 474 008b 00       		.byte	0
 475 008c 00       		.byte	0
 476 008d 0B       		.uleb128 0xb
 477 008e 21       		.uleb128 0x21
 478 008f 00       		.byte	0
 479 0090 49       		.uleb128 0x49
 480 0091 13       		.uleb128 0x13
 481 0092 2F       		.uleb128 0x2f
 482 0093 05       		.uleb128 0x5
 483 0094 00       		.byte	0
 484 0095 00       		.byte	0
 485 0096 00       		.byte	0
 486              		.section	.debug_aranges,"",%progbits
 487 0000 1C000000 		.4byte	0x1c
 488 0004 0200     		.2byte	0x2
 489 0006 00000000 		.4byte	.Ldebug_info0
 490 000a 04       		.byte	0x4
 491 000b 00       		.byte	0
 492 000c 0000     		.2byte	0
 493 000e 0000     		.2byte	0
 494 0010 00000000 		.4byte	.LFB0
ARM GAS  C:\Users\RECEPC~1\AppData\Local\Temp\ccbQBjVj.s 			page 13


 495 0014 DC000000 		.4byte	.LFE0-.LFB0
 496 0018 00000000 		.4byte	0
 497 001c 00000000 		.4byte	0
 498              		.section	.debug_ranges,"",%progbits
 499              	.Ldebug_ranges0:
 500 0000 00000000 		.4byte	.LFB0
 501 0004 DC000000 		.4byte	.LFE0
 502 0008 00000000 		.4byte	0
 503 000c 00000000 		.4byte	0
 504              		.section	.debug_line,"",%progbits
 505              	.Ldebug_line0:
 506 0000 80000000 		.section	.debug_str,"MS",%progbits,1
 506      02004D00 
 506      00000201 
 506      FB0E0D00 
 506      01010101 
 507              	.LASF6:
 508 0000 6C6F6E67 		.ascii	"long long int\000"
 508      206C6F6E 
 508      6720696E 
 508      7400
 509              	.LASF23:
 510 000e 50435F72 		.ascii	"PC_rxBufferLoopDetect\000"
 510      78427566 
 510      6665724C 
 510      6F6F7044 
 510      65746563 
 511              	.LASF8:
 512 0024 756E7369 		.ascii	"unsigned int\000"
 512      676E6564 
 512      20696E74 
 512      00
 513              	.LASF21:
 514 0031 50435F72 		.ascii	"PC_rxBufferRead\000"
 514      78427566 
 514      66657252 
 514      65616400 
 515              	.LASF24:
 516 0041 50435F72 		.ascii	"PC_rxBufferOverflow\000"
 516      78427566 
 516      6665724F 
 516      76657266 
 516      6C6F7700 
 517              	.LASF14:
 518 0055 72656738 		.ascii	"reg8\000"
 518      00
 519              	.LASF9:
 520 005a 75696E74 		.ascii	"uint8\000"
 520      3800
 521              	.LASF5:
 522 0060 6C6F6E67 		.ascii	"long unsigned int\000"
 522      20756E73 
 522      69676E65 
 522      6420696E 
 522      7400
 523              	.LASF26:
 524 0072 2E5C4765 		.ascii	".\\Generated_Source\\PSoC5\\PC_INT.c\000"
ARM GAS  C:\Users\RECEPC~1\AppData\Local\Temp\ccbQBjVj.s 			page 14


 524      6E657261 
 524      7465645F 
 524      536F7572 
 524      63655C50 
 525              	.LASF7:
 526 0094 6C6F6E67 		.ascii	"long long unsigned int\000"
 526      206C6F6E 
 526      6720756E 
 526      7369676E 
 526      65642069 
 527              	.LASF20:
 528 00ab 50435F72 		.ascii	"PC_rxBuffer\000"
 528      78427566 
 528      66657200 
 529              	.LASF1:
 530 00b7 756E7369 		.ascii	"unsigned char\000"
 530      676E6564 
 530      20636861 
 530      7200
 531              	.LASF22:
 532 00c5 50435F72 		.ascii	"PC_rxBufferWrite\000"
 532      78427566 
 532      66657257 
 532      72697465 
 532      00
 533              	.LASF13:
 534 00d6 63686172 		.ascii	"char\000"
 534      00
 535              	.LASF4:
 536 00db 6C6F6E67 		.ascii	"long int\000"
 536      20696E74 
 536      00
 537              	.LASF25:
 538 00e4 474E5520 		.ascii	"GNU C 4.9.3 20150303 (release) [ARM/embedded-4_9-br"
 538      4320342E 
 538      392E3320 
 538      32303135 
 538      30333033 
 539 0117 616E6368 		.ascii	"anch revision 221220] -mcpu=cortex-m3 -mthumb -g -O"
 539      20726576 
 539      6973696F 
 539      6E203232 
 539      31323230 
 540 014a 30202D66 		.ascii	"0 -ffunction-sections -ffat-lto-objects\000"
 540      66756E63 
 540      74696F6E 
 540      2D736563 
 540      74696F6E 
 541              	.LASF12:
 542 0172 646F7562 		.ascii	"double\000"
 542      6C6500
 543              	.LASF19:
 544 0179 50435F65 		.ascii	"PC_errorStatus\000"
 544      72726F72 
 544      53746174 
 544      757300
 545              	.LASF3:
ARM GAS  C:\Users\RECEPC~1\AppData\Local\Temp\ccbQBjVj.s 			page 15


 546 0188 73686F72 		.ascii	"short unsigned int\000"
 546      7420756E 
 546      7369676E 
 546      65642069 
 546      6E7400
 547              	.LASF0:
 548 019b 7369676E 		.ascii	"signed char\000"
 548      65642063 
 548      68617200 
 549              	.LASF18:
 550 01a7 696E6372 		.ascii	"increment_pointer\000"
 550      656D656E 
 550      745F706F 
 550      696E7465 
 550      7200
 551              	.LASF17:
 552 01b9 72656164 		.ascii	"readStatus\000"
 552      53746174 
 552      757300
 553              	.LASF11:
 554 01c4 666C6F61 		.ascii	"float\000"
 554      7400
 555              	.LASF2:
 556 01ca 73686F72 		.ascii	"short int\000"
 556      7420696E 
 556      7400
 557              	.LASF10:
 558 01d4 75696E74 		.ascii	"uint16\000"
 558      313600
 559              	.LASF16:
 560 01db 72656164 		.ascii	"readData\000"
 560      44617461 
 560      00
 561              	.LASF15:
 562 01e4 73697A65 		.ascii	"sizetype\000"
 562      74797065 
 562      00
 563              	.LASF27:
 564 01ed 433A5C55 		.ascii	"C:\\Users\\Recepcion\\Documents\\Prueba_GRPFleet\\B"
 564      73657273 
 564      5C526563 
 564      65706369 
 564      6F6E5C44 
 565 021b 42422E63 		.ascii	"BB.cydsn\000"
 565      7964736E 
 565      00
 566              	.LASF28:
 567 0224 50435F52 		.ascii	"PC_RXISR\000"
 567      58495352 
 567      00
 568              		.ident	"GCC: (GNU Tools for ARM Embedded Processors) 4.9.3 20150303 (release) [ARM/embedded-4_9-br
