ARM GAS  C:\Users\diego\AppData\Local\Temp\ccsfdFFg.s 			page 1


   1              		.syntax unified
   2              		.cpu cortex-m3
   3              		.fpu softvfp
   4              		.eabi_attribute 20, 1
   5              		.eabi_attribute 21, 1
   6              		.eabi_attribute 23, 3
   7              		.eabi_attribute 24, 1
   8              		.eabi_attribute 25, 1
   9              		.eabi_attribute 26, 1
  10              		.eabi_attribute 30, 6
  11              		.eabi_attribute 34, 1
  12              		.eabi_attribute 18, 4
  13              		.thumb
  14              		.file	"Surtidor_INT.c"
  15              		.text
  16              	.Ltext0:
  17              		.cfi_sections	.debug_frame
  18              		.section	.text.Surtidor_RXISR,"ax",%progbits
  19              		.align	2
  20              		.global	Surtidor_RXISR
  21              		.thumb
  22              		.thumb_func
  23              		.type	Surtidor_RXISR, %function
  24              	Surtidor_RXISR:
  25              	.LFB0:
  26              		.file 1 ".\\Generated_Source\\PSoC5\\Surtidor_INT.c"
   1:.\Generated_Source\PSoC5/Surtidor_INT.c **** /*******************************************************************************
   2:.\Generated_Source\PSoC5/Surtidor_INT.c **** * File Name: SurtidorINT.c
   3:.\Generated_Source\PSoC5/Surtidor_INT.c **** * Version 2.50
   4:.\Generated_Source\PSoC5/Surtidor_INT.c **** *
   5:.\Generated_Source\PSoC5/Surtidor_INT.c **** * Description:
   6:.\Generated_Source\PSoC5/Surtidor_INT.c **** *  This file provides all Interrupt Service functionality of the UART component
   7:.\Generated_Source\PSoC5/Surtidor_INT.c **** *
   8:.\Generated_Source\PSoC5/Surtidor_INT.c **** ********************************************************************************
   9:.\Generated_Source\PSoC5/Surtidor_INT.c **** * Copyright 2008-2015, Cypress Semiconductor Corporation.  All rights reserved.
  10:.\Generated_Source\PSoC5/Surtidor_INT.c **** * You may use this file only in accordance with the license, terms, conditions,
  11:.\Generated_Source\PSoC5/Surtidor_INT.c **** * disclaimers, and limitations in the end user license agreement accompanying
  12:.\Generated_Source\PSoC5/Surtidor_INT.c **** * the software package with which this file was provided.
  13:.\Generated_Source\PSoC5/Surtidor_INT.c **** *******************************************************************************/
  14:.\Generated_Source\PSoC5/Surtidor_INT.c **** 
  15:.\Generated_Source\PSoC5/Surtidor_INT.c **** #include "Surtidor.h"
  16:.\Generated_Source\PSoC5/Surtidor_INT.c **** 
  17:.\Generated_Source\PSoC5/Surtidor_INT.c **** 
  18:.\Generated_Source\PSoC5/Surtidor_INT.c **** 
  19:.\Generated_Source\PSoC5/Surtidor_INT.c **** /***************************************
  20:.\Generated_Source\PSoC5/Surtidor_INT.c **** * Custom Declarations
  21:.\Generated_Source\PSoC5/Surtidor_INT.c **** ***************************************/
  22:.\Generated_Source\PSoC5/Surtidor_INT.c **** /* `#START CUSTOM_DECLARATIONS` Place your declaration here */
  23:.\Generated_Source\PSoC5/Surtidor_INT.c **** 
  24:.\Generated_Source\PSoC5/Surtidor_INT.c **** /* `#END` */
  25:.\Generated_Source\PSoC5/Surtidor_INT.c **** 
  26:.\Generated_Source\PSoC5/Surtidor_INT.c **** #if (Surtidor_RX_INTERRUPT_ENABLED && (Surtidor_RX_ENABLED || Surtidor_HD_ENABLED))
  27:.\Generated_Source\PSoC5/Surtidor_INT.c ****     /*******************************************************************************
  28:.\Generated_Source\PSoC5/Surtidor_INT.c ****     * Function Name: Surtidor_RXISR
  29:.\Generated_Source\PSoC5/Surtidor_INT.c ****     ********************************************************************************
  30:.\Generated_Source\PSoC5/Surtidor_INT.c ****     *
  31:.\Generated_Source\PSoC5/Surtidor_INT.c ****     * Summary:
ARM GAS  C:\Users\diego\AppData\Local\Temp\ccsfdFFg.s 			page 2


  32:.\Generated_Source\PSoC5/Surtidor_INT.c ****     *  Interrupt Service Routine for RX portion of the UART
  33:.\Generated_Source\PSoC5/Surtidor_INT.c ****     *
  34:.\Generated_Source\PSoC5/Surtidor_INT.c ****     * Parameters:
  35:.\Generated_Source\PSoC5/Surtidor_INT.c ****     *  None.
  36:.\Generated_Source\PSoC5/Surtidor_INT.c ****     *
  37:.\Generated_Source\PSoC5/Surtidor_INT.c ****     * Return:
  38:.\Generated_Source\PSoC5/Surtidor_INT.c ****     *  None.
  39:.\Generated_Source\PSoC5/Surtidor_INT.c ****     *
  40:.\Generated_Source\PSoC5/Surtidor_INT.c ****     * Global Variables:
  41:.\Generated_Source\PSoC5/Surtidor_INT.c ****     *  Surtidor_rxBuffer - RAM buffer pointer for save received data.
  42:.\Generated_Source\PSoC5/Surtidor_INT.c ****     *  Surtidor_rxBufferWrite - cyclic index for write to rxBuffer,
  43:.\Generated_Source\PSoC5/Surtidor_INT.c ****     *     increments after each byte saved to buffer.
  44:.\Generated_Source\PSoC5/Surtidor_INT.c ****     *  Surtidor_rxBufferRead - cyclic index for read from rxBuffer,
  45:.\Generated_Source\PSoC5/Surtidor_INT.c ****     *     checked to detect overflow condition.
  46:.\Generated_Source\PSoC5/Surtidor_INT.c ****     *  Surtidor_rxBufferOverflow - software overflow flag. Set to one
  47:.\Generated_Source\PSoC5/Surtidor_INT.c ****     *     when Surtidor_rxBufferWrite index overtakes
  48:.\Generated_Source\PSoC5/Surtidor_INT.c ****     *     Surtidor_rxBufferRead index.
  49:.\Generated_Source\PSoC5/Surtidor_INT.c ****     *  Surtidor_rxBufferLoopDetect - additional variable to detect overflow.
  50:.\Generated_Source\PSoC5/Surtidor_INT.c ****     *     Set to one when Surtidor_rxBufferWrite is equal to
  51:.\Generated_Source\PSoC5/Surtidor_INT.c ****     *    Surtidor_rxBufferRead
  52:.\Generated_Source\PSoC5/Surtidor_INT.c ****     *  Surtidor_rxAddressMode - this variable contains the Address mode,
  53:.\Generated_Source\PSoC5/Surtidor_INT.c ****     *     selected in customizer or set by UART_SetRxAddressMode() API.
  54:.\Generated_Source\PSoC5/Surtidor_INT.c ****     *  Surtidor_rxAddressDetected - set to 1 when correct address received,
  55:.\Generated_Source\PSoC5/Surtidor_INT.c ****     *     and analysed to store following addressed data bytes to the buffer.
  56:.\Generated_Source\PSoC5/Surtidor_INT.c ****     *     When not correct address received, set to 0 to skip following data bytes.
  57:.\Generated_Source\PSoC5/Surtidor_INT.c ****     *
  58:.\Generated_Source\PSoC5/Surtidor_INT.c ****     *******************************************************************************/
  59:.\Generated_Source\PSoC5/Surtidor_INT.c ****     CY_ISR(Surtidor_RXISR)
  60:.\Generated_Source\PSoC5/Surtidor_INT.c ****     {
  27              		.loc 1 60 0
  28              		.cfi_startproc
  29              		@ args = 0, pretend = 0, frame = 8
  30              		@ frame_needed = 1, uses_anonymous_args = 0
  31              		@ link register save eliminated.
  32 0000 80B4     		push	{r7}
  33              		.cfi_def_cfa_offset 4
  34              		.cfi_offset 7, -4
  35 0002 83B0     		sub	sp, sp, #12
  36              		.cfi_def_cfa_offset 16
  37 0004 00AF     		add	r7, sp, #0
  38              		.cfi_def_cfa_register 7
  61:.\Generated_Source\PSoC5/Surtidor_INT.c ****         uint8 readData;
  62:.\Generated_Source\PSoC5/Surtidor_INT.c ****         uint8 readStatus;
  63:.\Generated_Source\PSoC5/Surtidor_INT.c ****         uint8 increment_pointer = 0u;
  39              		.loc 1 63 0
  40 0006 0023     		movs	r3, #0
  41 0008 FB71     		strb	r3, [r7, #7]
  42              	.L6:
  64:.\Generated_Source\PSoC5/Surtidor_INT.c **** 
  65:.\Generated_Source\PSoC5/Surtidor_INT.c ****     #if(CY_PSOC3)
  66:.\Generated_Source\PSoC5/Surtidor_INT.c ****         uint8 int_en;
  67:.\Generated_Source\PSoC5/Surtidor_INT.c ****     #endif /* (CY_PSOC3) */
  68:.\Generated_Source\PSoC5/Surtidor_INT.c **** 
  69:.\Generated_Source\PSoC5/Surtidor_INT.c ****     #ifdef Surtidor_RXISR_ENTRY_CALLBACK
  70:.\Generated_Source\PSoC5/Surtidor_INT.c ****         Surtidor_RXISR_EntryCallback();
  71:.\Generated_Source\PSoC5/Surtidor_INT.c ****     #endif /* Surtidor_RXISR_ENTRY_CALLBACK */
  72:.\Generated_Source\PSoC5/Surtidor_INT.c **** 
ARM GAS  C:\Users\diego\AppData\Local\Temp\ccsfdFFg.s 			page 3


  73:.\Generated_Source\PSoC5/Surtidor_INT.c ****         /* User code required at start of ISR */
  74:.\Generated_Source\PSoC5/Surtidor_INT.c ****         /* `#START Surtidor_RXISR_START` */
  75:.\Generated_Source\PSoC5/Surtidor_INT.c **** 
  76:.\Generated_Source\PSoC5/Surtidor_INT.c ****         /* `#END` */
  77:.\Generated_Source\PSoC5/Surtidor_INT.c **** 
  78:.\Generated_Source\PSoC5/Surtidor_INT.c ****     #if(CY_PSOC3)   /* Make sure nested interrupt is enabled */
  79:.\Generated_Source\PSoC5/Surtidor_INT.c ****         int_en = EA;
  80:.\Generated_Source\PSoC5/Surtidor_INT.c ****         CyGlobalIntEnable;
  81:.\Generated_Source\PSoC5/Surtidor_INT.c ****     #endif /* (CY_PSOC3) */
  82:.\Generated_Source\PSoC5/Surtidor_INT.c **** 
  83:.\Generated_Source\PSoC5/Surtidor_INT.c ****         do
  84:.\Generated_Source\PSoC5/Surtidor_INT.c ****         {
  85:.\Generated_Source\PSoC5/Surtidor_INT.c ****             /* Read receiver status register */
  86:.\Generated_Source\PSoC5/Surtidor_INT.c ****             readStatus = Surtidor_RXSTATUS_REG;
  43              		.loc 1 86 0
  44 000a 2B4B     		ldr	r3, .L7
  45 000c 1B78     		ldrb	r3, [r3]
  46 000e BB71     		strb	r3, [r7, #6]
  87:.\Generated_Source\PSoC5/Surtidor_INT.c ****             /* Copy the same status to readData variable for backward compatibility support 
  88:.\Generated_Source\PSoC5/Surtidor_INT.c ****             *  of the user code in Surtidor_RXISR_ERROR` section. 
  89:.\Generated_Source\PSoC5/Surtidor_INT.c ****             */
  90:.\Generated_Source\PSoC5/Surtidor_INT.c ****             readData = readStatus;
  47              		.loc 1 90 0
  48 0010 BB79     		ldrb	r3, [r7, #6]
  49 0012 7B71     		strb	r3, [r7, #5]
  91:.\Generated_Source\PSoC5/Surtidor_INT.c **** 
  92:.\Generated_Source\PSoC5/Surtidor_INT.c ****             if((readStatus & (Surtidor_RX_STS_BREAK | 
  93:.\Generated_Source\PSoC5/Surtidor_INT.c ****                             Surtidor_RX_STS_PAR_ERROR |
  94:.\Generated_Source\PSoC5/Surtidor_INT.c ****                             Surtidor_RX_STS_STOP_ERROR | 
  95:.\Generated_Source\PSoC5/Surtidor_INT.c ****                             Surtidor_RX_STS_OVERRUN)) != 0u)
  50              		.loc 1 95 0
  51 0014 BB79     		ldrb	r3, [r7, #6]	@ zero_extendqisi2
  52 0016 03F01E03 		and	r3, r3, #30
  92:.\Generated_Source\PSoC5/Surtidor_INT.c ****                             Surtidor_RX_STS_PAR_ERROR |
  53              		.loc 1 92 0
  54 001a 002B     		cmp	r3, #0
  55 001c 0BD0     		beq	.L2
  96:.\Generated_Source\PSoC5/Surtidor_INT.c ****             {
  97:.\Generated_Source\PSoC5/Surtidor_INT.c ****                 /* ERROR handling. */
  98:.\Generated_Source\PSoC5/Surtidor_INT.c ****                 Surtidor_errorStatus |= readStatus & ( Surtidor_RX_STS_BREAK | 
  56              		.loc 1 98 0
  57 001e BB79     		ldrb	r3, [r7, #6]	@ zero_extendqisi2
  58 0020 03F01E03 		and	r3, r3, #30
  59 0024 DAB2     		uxtb	r2, r3
  60 0026 254B     		ldr	r3, .L7+4
  61 0028 1B78     		ldrb	r3, [r3]	@ zero_extendqisi2
  62 002a DBB2     		uxtb	r3, r3
  63 002c 1343     		orrs	r3, r3, r2
  64 002e DBB2     		uxtb	r3, r3
  65 0030 DAB2     		uxtb	r2, r3
  66 0032 224B     		ldr	r3, .L7+4
  67 0034 1A70     		strb	r2, [r3]
  68              	.L2:
  99:.\Generated_Source\PSoC5/Surtidor_INT.c ****                                                             Surtidor_RX_STS_PAR_ERROR | 
 100:.\Generated_Source\PSoC5/Surtidor_INT.c ****                                                             Surtidor_RX_STS_STOP_ERROR | 
 101:.\Generated_Source\PSoC5/Surtidor_INT.c ****                                                             Surtidor_RX_STS_OVERRUN);
 102:.\Generated_Source\PSoC5/Surtidor_INT.c ****                 /* `#START Surtidor_RXISR_ERROR` */
ARM GAS  C:\Users\diego\AppData\Local\Temp\ccsfdFFg.s 			page 4


 103:.\Generated_Source\PSoC5/Surtidor_INT.c **** 
 104:.\Generated_Source\PSoC5/Surtidor_INT.c ****                 /* `#END` */
 105:.\Generated_Source\PSoC5/Surtidor_INT.c ****                 
 106:.\Generated_Source\PSoC5/Surtidor_INT.c ****             #ifdef Surtidor_RXISR_ERROR_CALLBACK
 107:.\Generated_Source\PSoC5/Surtidor_INT.c ****                 Surtidor_RXISR_ERROR_Callback();
 108:.\Generated_Source\PSoC5/Surtidor_INT.c ****             #endif /* Surtidor_RXISR_ERROR_CALLBACK */
 109:.\Generated_Source\PSoC5/Surtidor_INT.c ****             }
 110:.\Generated_Source\PSoC5/Surtidor_INT.c ****             
 111:.\Generated_Source\PSoC5/Surtidor_INT.c ****             if((readStatus & Surtidor_RX_STS_FIFO_NOTEMPTY) != 0u)
  69              		.loc 1 111 0
  70 0036 BB79     		ldrb	r3, [r7, #6]	@ zero_extendqisi2
  71 0038 03F02003 		and	r3, r3, #32
  72 003c 002B     		cmp	r3, #0
  73 003e 30D0     		beq	.L3
 112:.\Generated_Source\PSoC5/Surtidor_INT.c ****             {
 113:.\Generated_Source\PSoC5/Surtidor_INT.c ****                 /* Read data from the RX data register */
 114:.\Generated_Source\PSoC5/Surtidor_INT.c ****                 readData = Surtidor_RXDATA_REG;
  74              		.loc 1 114 0
  75 0040 1F4B     		ldr	r3, .L7+8
  76 0042 1B78     		ldrb	r3, [r3]
  77 0044 7B71     		strb	r3, [r7, #5]
 115:.\Generated_Source\PSoC5/Surtidor_INT.c ****             #if (Surtidor_RXHW_ADDRESS_ENABLED)
 116:.\Generated_Source\PSoC5/Surtidor_INT.c ****                 if(Surtidor_rxAddressMode == (uint8)Surtidor__B_UART__AM_SW_DETECT_TO_BUFFER)
 117:.\Generated_Source\PSoC5/Surtidor_INT.c ****                 {
 118:.\Generated_Source\PSoC5/Surtidor_INT.c ****                     if((readStatus & Surtidor_RX_STS_MRKSPC) != 0u)
 119:.\Generated_Source\PSoC5/Surtidor_INT.c ****                     {
 120:.\Generated_Source\PSoC5/Surtidor_INT.c ****                         if ((readStatus & Surtidor_RX_STS_ADDR_MATCH) != 0u)
 121:.\Generated_Source\PSoC5/Surtidor_INT.c ****                         {
 122:.\Generated_Source\PSoC5/Surtidor_INT.c ****                             Surtidor_rxAddressDetected = 1u;
 123:.\Generated_Source\PSoC5/Surtidor_INT.c ****                         }
 124:.\Generated_Source\PSoC5/Surtidor_INT.c ****                         else
 125:.\Generated_Source\PSoC5/Surtidor_INT.c ****                         {
 126:.\Generated_Source\PSoC5/Surtidor_INT.c ****                             Surtidor_rxAddressDetected = 0u;
 127:.\Generated_Source\PSoC5/Surtidor_INT.c ****                         }
 128:.\Generated_Source\PSoC5/Surtidor_INT.c ****                     }
 129:.\Generated_Source\PSoC5/Surtidor_INT.c ****                     if(Surtidor_rxAddressDetected != 0u)
 130:.\Generated_Source\PSoC5/Surtidor_INT.c ****                     {   /* Store only addressed data */
 131:.\Generated_Source\PSoC5/Surtidor_INT.c ****                         Surtidor_rxBuffer[Surtidor_rxBufferWrite] = readData;
 132:.\Generated_Source\PSoC5/Surtidor_INT.c ****                         increment_pointer = 1u;
 133:.\Generated_Source\PSoC5/Surtidor_INT.c ****                     }
 134:.\Generated_Source\PSoC5/Surtidor_INT.c ****                 }
 135:.\Generated_Source\PSoC5/Surtidor_INT.c ****                 else /* Without software addressing */
 136:.\Generated_Source\PSoC5/Surtidor_INT.c ****                 {
 137:.\Generated_Source\PSoC5/Surtidor_INT.c ****                     Surtidor_rxBuffer[Surtidor_rxBufferWrite] = readData;
 138:.\Generated_Source\PSoC5/Surtidor_INT.c ****                     increment_pointer = 1u;
 139:.\Generated_Source\PSoC5/Surtidor_INT.c ****                 }
 140:.\Generated_Source\PSoC5/Surtidor_INT.c ****             #else  /* Without addressing */
 141:.\Generated_Source\PSoC5/Surtidor_INT.c ****                 Surtidor_rxBuffer[Surtidor_rxBufferWrite] = readData;
  78              		.loc 1 141 0
  79 0046 1F4B     		ldr	r3, .L7+12
  80 0048 1B88     		ldrh	r3, [r3]	@ movhi
  81 004a 9BB2     		uxth	r3, r3
  82 004c 1946     		mov	r1, r3
  83 004e 1E4A     		ldr	r2, .L7+16
  84 0050 7B79     		ldrb	r3, [r7, #5]
  85 0052 5354     		strb	r3, [r2, r1]
 142:.\Generated_Source\PSoC5/Surtidor_INT.c ****                 increment_pointer = 1u;
ARM GAS  C:\Users\diego\AppData\Local\Temp\ccsfdFFg.s 			page 5


  86              		.loc 1 142 0
  87 0054 0123     		movs	r3, #1
  88 0056 FB71     		strb	r3, [r7, #7]
 143:.\Generated_Source\PSoC5/Surtidor_INT.c ****             #endif /* (Surtidor_RXHW_ADDRESS_ENABLED) */
 144:.\Generated_Source\PSoC5/Surtidor_INT.c **** 
 145:.\Generated_Source\PSoC5/Surtidor_INT.c ****                 /* Do not increment buffer pointer when skip not addressed data */
 146:.\Generated_Source\PSoC5/Surtidor_INT.c ****                 if(increment_pointer != 0u)
  89              		.loc 1 146 0
  90 0058 FB79     		ldrb	r3, [r7, #7]	@ zero_extendqisi2
  91 005a 002B     		cmp	r3, #0
  92 005c 21D0     		beq	.L3
 147:.\Generated_Source\PSoC5/Surtidor_INT.c ****                 {
 148:.\Generated_Source\PSoC5/Surtidor_INT.c ****                     if(Surtidor_rxBufferLoopDetect != 0u)
  93              		.loc 1 148 0
  94 005e 1B4B     		ldr	r3, .L7+20
  95 0060 1B78     		ldrb	r3, [r3]
  96 0062 DBB2     		uxtb	r3, r3
  97 0064 002B     		cmp	r3, #0
  98 0066 02D0     		beq	.L4
 149:.\Generated_Source\PSoC5/Surtidor_INT.c ****                     {   /* Set Software Buffer status Overflow */
 150:.\Generated_Source\PSoC5/Surtidor_INT.c ****                         Surtidor_rxBufferOverflow = 1u;
  99              		.loc 1 150 0
 100 0068 194B     		ldr	r3, .L7+24
 101 006a 0122     		movs	r2, #1
 102 006c 1A70     		strb	r2, [r3]
 103              	.L4:
 151:.\Generated_Source\PSoC5/Surtidor_INT.c ****                     }
 152:.\Generated_Source\PSoC5/Surtidor_INT.c ****                     /* Set next pointer. */
 153:.\Generated_Source\PSoC5/Surtidor_INT.c ****                     Surtidor_rxBufferWrite++;
 104              		.loc 1 153 0
 105 006e 154B     		ldr	r3, .L7+12
 106 0070 1B88     		ldrh	r3, [r3]	@ movhi
 107 0072 9BB2     		uxth	r3, r3
 108 0074 0133     		adds	r3, r3, #1
 109 0076 9AB2     		uxth	r2, r3
 110 0078 124B     		ldr	r3, .L7+12
 111 007a 1A80     		strh	r2, [r3]	@ movhi
 154:.\Generated_Source\PSoC5/Surtidor_INT.c **** 
 155:.\Generated_Source\PSoC5/Surtidor_INT.c ****                     /* Check pointer for a loop condition */
 156:.\Generated_Source\PSoC5/Surtidor_INT.c ****                     if(Surtidor_rxBufferWrite >= Surtidor_RX_BUFFER_SIZE)
 112              		.loc 1 156 0
 113 007c 114B     		ldr	r3, .L7+12
 114 007e 1B88     		ldrh	r3, [r3]	@ movhi
 115 0080 9BB2     		uxth	r3, r3
 116 0082 FF2B     		cmp	r3, #255
 117 0084 02D9     		bls	.L5
 157:.\Generated_Source\PSoC5/Surtidor_INT.c ****                     {
 158:.\Generated_Source\PSoC5/Surtidor_INT.c ****                         Surtidor_rxBufferWrite = 0u;
 118              		.loc 1 158 0
 119 0086 0F4B     		ldr	r3, .L7+12
 120 0088 0022     		movs	r2, #0
 121 008a 1A80     		strh	r2, [r3]	@ movhi
 122              	.L5:
 159:.\Generated_Source\PSoC5/Surtidor_INT.c ****                     }
 160:.\Generated_Source\PSoC5/Surtidor_INT.c **** 
 161:.\Generated_Source\PSoC5/Surtidor_INT.c ****                     /* Detect pre-overload condition and set flag */
 162:.\Generated_Source\PSoC5/Surtidor_INT.c ****                     if(Surtidor_rxBufferWrite == Surtidor_rxBufferRead)
ARM GAS  C:\Users\diego\AppData\Local\Temp\ccsfdFFg.s 			page 6


 123              		.loc 1 162 0
 124 008c 0D4B     		ldr	r3, .L7+12
 125 008e 1B88     		ldrh	r3, [r3]	@ movhi
 126 0090 9AB2     		uxth	r2, r3
 127 0092 104B     		ldr	r3, .L7+28
 128 0094 1B88     		ldrh	r3, [r3]	@ movhi
 129 0096 9BB2     		uxth	r3, r3
 130 0098 9A42     		cmp	r2, r3
 131 009a 02D1     		bne	.L3
 163:.\Generated_Source\PSoC5/Surtidor_INT.c ****                     {
 164:.\Generated_Source\PSoC5/Surtidor_INT.c ****                         Surtidor_rxBufferLoopDetect = 1u;
 132              		.loc 1 164 0
 133 009c 0B4B     		ldr	r3, .L7+20
 134 009e 0122     		movs	r2, #1
 135 00a0 1A70     		strb	r2, [r3]
 136              	.L3:
 165:.\Generated_Source\PSoC5/Surtidor_INT.c ****                         /* When Hardware Flow Control selected */
 166:.\Generated_Source\PSoC5/Surtidor_INT.c ****                         #if (Surtidor_FLOW_CONTROL != 0u)
 167:.\Generated_Source\PSoC5/Surtidor_INT.c ****                             /* Disable RX interrupt mask, it is enabled when user read data from th
 168:.\Generated_Source\PSoC5/Surtidor_INT.c ****                             Surtidor_RXSTATUS_MASK_REG  &= (uint8)~Surtidor_RX_STS_FIFO_NOTEMPTY;
 169:.\Generated_Source\PSoC5/Surtidor_INT.c ****                             CyIntClearPending(Surtidor_RX_VECT_NUM);
 170:.\Generated_Source\PSoC5/Surtidor_INT.c ****                             break; /* Break the reading of the FIFO loop, leave the data there for 
 171:.\Generated_Source\PSoC5/Surtidor_INT.c ****                         #endif /* (Surtidor_FLOW_CONTROL != 0u) */
 172:.\Generated_Source\PSoC5/Surtidor_INT.c ****                     }
 173:.\Generated_Source\PSoC5/Surtidor_INT.c ****                 }
 174:.\Generated_Source\PSoC5/Surtidor_INT.c ****             }
 175:.\Generated_Source\PSoC5/Surtidor_INT.c ****         }while((readStatus & Surtidor_RX_STS_FIFO_NOTEMPTY) != 0u);
 137              		.loc 1 175 0
 138 00a2 BB79     		ldrb	r3, [r7, #6]	@ zero_extendqisi2
 139 00a4 03F02003 		and	r3, r3, #32
 140 00a8 002B     		cmp	r3, #0
 141 00aa AED1     		bne	.L6
 176:.\Generated_Source\PSoC5/Surtidor_INT.c **** 
 177:.\Generated_Source\PSoC5/Surtidor_INT.c ****         /* User code required at end of ISR (Optional) */
 178:.\Generated_Source\PSoC5/Surtidor_INT.c ****         /* `#START Surtidor_RXISR_END` */
 179:.\Generated_Source\PSoC5/Surtidor_INT.c **** 
 180:.\Generated_Source\PSoC5/Surtidor_INT.c ****         /* `#END` */
 181:.\Generated_Source\PSoC5/Surtidor_INT.c **** 
 182:.\Generated_Source\PSoC5/Surtidor_INT.c ****     #ifdef Surtidor_RXISR_EXIT_CALLBACK
 183:.\Generated_Source\PSoC5/Surtidor_INT.c ****         Surtidor_RXISR_ExitCallback();
 184:.\Generated_Source\PSoC5/Surtidor_INT.c ****     #endif /* Surtidor_RXISR_EXIT_CALLBACK */
 185:.\Generated_Source\PSoC5/Surtidor_INT.c **** 
 186:.\Generated_Source\PSoC5/Surtidor_INT.c ****     #if(CY_PSOC3)
 187:.\Generated_Source\PSoC5/Surtidor_INT.c ****         EA = int_en;
 188:.\Generated_Source\PSoC5/Surtidor_INT.c ****     #endif /* (CY_PSOC3) */
 189:.\Generated_Source\PSoC5/Surtidor_INT.c ****     }
 142              		.loc 1 189 0
 143 00ac 0C37     		adds	r7, r7, #12
 144              		.cfi_def_cfa_offset 4
 145 00ae BD46     		mov	sp, r7
 146              		.cfi_def_cfa_register 13
 147              		@ sp needed
 148 00b0 5DF8047B 		ldr	r7, [sp], #4
 149              		.cfi_restore 7
 150              		.cfi_def_cfa_offset 0
 151 00b4 7047     		bx	lr
 152              	.L8:
ARM GAS  C:\Users\diego\AppData\Local\Temp\ccsfdFFg.s 			page 7


 153 00b6 00BF     		.align	2
 154              	.L7:
 155 00b8 6A640040 		.word	1073767530
 156 00bc 00000000 		.word	Surtidor_errorStatus
 157 00c0 4E640040 		.word	1073767502
 158 00c4 00000000 		.word	Surtidor_rxBufferWrite
 159 00c8 00000000 		.word	Surtidor_rxBuffer
 160 00cc 00000000 		.word	Surtidor_rxBufferLoopDetect
 161 00d0 00000000 		.word	Surtidor_rxBufferOverflow
 162 00d4 00000000 		.word	Surtidor_rxBufferRead
 163              		.cfi_endproc
 164              	.LFE0:
 165              		.size	Surtidor_RXISR, .-Surtidor_RXISR
 166              		.text
 167              	.Letext0:
 168              		.file 2 ".\\Generated_Source\\PSoC5\\cytypes.h"
 169              		.file 3 ".\\Generated_Source\\PSoC5\\Surtidor.h"
 170              		.section	.debug_info,"",%progbits
 171              	.Ldebug_info0:
 172 0000 4D010000 		.4byte	0x14d
 173 0004 0400     		.2byte	0x4
 174 0006 00000000 		.4byte	.Ldebug_abbrev0
 175 000a 04       		.byte	0x4
 176 000b 01       		.uleb128 0x1
 177 000c 74010000 		.4byte	.LASF25
 178 0010 01       		.byte	0x1
 179 0011 B1000000 		.4byte	.LASF26
 180 0015 1B000000 		.4byte	.LASF27
 181 0019 00000000 		.4byte	.Ldebug_ranges0+0
 182 001d 00000000 		.4byte	0
 183 0021 00000000 		.4byte	.Ldebug_line0
 184 0025 02       		.uleb128 0x2
 185 0026 01       		.byte	0x1
 186 0027 06       		.byte	0x6
 187 0028 2B010000 		.4byte	.LASF0
 188 002c 02       		.uleb128 0x2
 189 002d 01       		.byte	0x1
 190 002e 08       		.byte	0x8
 191 002f D9000000 		.4byte	.LASF1
 192 0033 02       		.uleb128 0x2
 193 0034 02       		.byte	0x2
 194 0035 05       		.byte	0x5
 195 0036 02020000 		.4byte	.LASF2
 196 003a 02       		.uleb128 0x2
 197 003b 02       		.byte	0x2
 198 003c 07       		.byte	0x7
 199 003d 18010000 		.4byte	.LASF3
 200 0041 02       		.uleb128 0x2
 201 0042 04       		.byte	0x4
 202 0043 05       		.byte	0x5
 203 0044 EC000000 		.4byte	.LASF4
 204 0048 02       		.uleb128 0x2
 205 0049 04       		.byte	0x4
 206 004a 07       		.byte	0x7
 207 004b 88000000 		.4byte	.LASF5
 208 004f 02       		.uleb128 0x2
 209 0050 08       		.byte	0x8
ARM GAS  C:\Users\diego\AppData\Local\Temp\ccsfdFFg.s 			page 8


 210 0051 05       		.byte	0x5
 211 0052 00000000 		.4byte	.LASF6
 212 0056 02       		.uleb128 0x2
 213 0057 08       		.byte	0x8
 214 0058 07       		.byte	0x7
 215 0059 9A000000 		.4byte	.LASF7
 216 005d 03       		.uleb128 0x3
 217 005e 04       		.byte	0x4
 218 005f 05       		.byte	0x5
 219 0060 696E7400 		.ascii	"int\000"
 220 0064 02       		.uleb128 0x2
 221 0065 04       		.byte	0x4
 222 0066 07       		.byte	0x7
 223 0067 0E000000 		.4byte	.LASF8
 224 006b 04       		.uleb128 0x4
 225 006c 82000000 		.4byte	.LASF9
 226 0070 02       		.byte	0x2
 227 0071 B4       		.byte	0xb4
 228 0072 2C000000 		.4byte	0x2c
 229 0076 04       		.uleb128 0x4
 230 0077 0C020000 		.4byte	.LASF10
 231 007b 02       		.byte	0x2
 232 007c B5       		.byte	0xb5
 233 007d 3A000000 		.4byte	0x3a
 234 0081 02       		.uleb128 0x2
 235 0082 04       		.byte	0x4
 236 0083 04       		.byte	0x4
 237 0084 6E010000 		.4byte	.LASF11
 238 0088 02       		.uleb128 0x2
 239 0089 08       		.byte	0x8
 240 008a 04       		.byte	0x4
 241 008b 11010000 		.4byte	.LASF12
 242 008f 02       		.uleb128 0x2
 243 0090 01       		.byte	0x1
 244 0091 08       		.byte	0x8
 245 0092 E7000000 		.4byte	.LASF13
 246 0096 05       		.uleb128 0x5
 247 0097 7D000000 		.4byte	.LASF14
 248 009b 02       		.byte	0x2
 249 009c 5E01     		.2byte	0x15e
 250 009e A2000000 		.4byte	0xa2
 251 00a2 06       		.uleb128 0x6
 252 00a3 6B000000 		.4byte	0x6b
 253 00a7 06       		.uleb128 0x6
 254 00a8 76000000 		.4byte	0x76
 255 00ac 02       		.uleb128 0x2
 256 00ad 04       		.byte	0x4
 257 00ae 07       		.byte	0x7
 258 00af 42020000 		.4byte	.LASF15
 259 00b3 07       		.uleb128 0x7
 260 00b4 2A020000 		.4byte	.LASF28
 261 00b8 01       		.byte	0x1
 262 00b9 3B       		.byte	0x3b
 263 00ba 00000000 		.4byte	.LFB0
 264 00be D8000000 		.4byte	.LFE0-.LFB0
 265 00c2 01       		.uleb128 0x1
 266 00c3 9C       		.byte	0x9c
ARM GAS  C:\Users\diego\AppData\Local\Temp\ccsfdFFg.s 			page 9


 267 00c4 F3000000 		.4byte	0xf3
 268 00c8 08       		.uleb128 0x8
 269 00c9 39020000 		.4byte	.LASF16
 270 00cd 01       		.byte	0x1
 271 00ce 3D       		.byte	0x3d
 272 00cf 6B000000 		.4byte	0x6b
 273 00d3 02       		.uleb128 0x2
 274 00d4 91       		.byte	0x91
 275 00d5 75       		.sleb128 -11
 276 00d6 08       		.uleb128 0x8
 277 00d7 51010000 		.4byte	.LASF17
 278 00db 01       		.byte	0x1
 279 00dc 3E       		.byte	0x3e
 280 00dd 6B000000 		.4byte	0x6b
 281 00e1 02       		.uleb128 0x2
 282 00e2 91       		.byte	0x91
 283 00e3 76       		.sleb128 -10
 284 00e4 08       		.uleb128 0x8
 285 00e5 55000000 		.4byte	.LASF18
 286 00e9 01       		.byte	0x1
 287 00ea 3F       		.byte	0x3f
 288 00eb 6B000000 		.4byte	0x6b
 289 00ef 02       		.uleb128 0x2
 290 00f0 91       		.byte	0x91
 291 00f1 77       		.sleb128 -9
 292 00f2 00       		.byte	0
 293 00f3 09       		.uleb128 0x9
 294 00f4 4B020000 		.4byte	.LASF19
 295 00f8 03       		.byte	0x3
 296 00f9 3D01     		.2byte	0x13d
 297 00fb 6B000000 		.4byte	0x6b
 298 00ff 0A       		.uleb128 0xa
 299 0100 6B000000 		.4byte	0x6b
 300 0104 0F010000 		.4byte	0x10f
 301 0108 0B       		.uleb128 0xb
 302 0109 AC000000 		.4byte	0xac
 303 010d FF       		.byte	0xff
 304 010e 00       		.byte	0
 305 010f 09       		.uleb128 0x9
 306 0110 5C010000 		.4byte	.LASF20
 307 0114 03       		.byte	0x3
 308 0115 3E01     		.2byte	0x13e
 309 0117 1B010000 		.4byte	0x11b
 310 011b 06       		.uleb128 0x6
 311 011c FF000000 		.4byte	0xff
 312 0120 09       		.uleb128 0x9
 313 0121 67000000 		.4byte	.LASF21
 314 0125 03       		.byte	0x3
 315 0126 3F01     		.2byte	0x13f
 316 0128 A7000000 		.4byte	0xa7
 317 012c 09       		.uleb128 0x9
 318 012d 13020000 		.4byte	.LASF22
 319 0131 03       		.byte	0x3
 320 0132 4001     		.2byte	0x140
 321 0134 A7000000 		.4byte	0xa7
 322 0138 09       		.uleb128 0x9
 323 0139 F5000000 		.4byte	.LASF23
ARM GAS  C:\Users\diego\AppData\Local\Temp\ccsfdFFg.s 			page 10


 324 013d 03       		.byte	0x3
 325 013e 4101     		.2byte	0x141
 326 0140 A2000000 		.4byte	0xa2
 327 0144 09       		.uleb128 0x9
 328 0145 37010000 		.4byte	.LASF24
 329 0149 03       		.byte	0x3
 330 014a 4201     		.2byte	0x142
 331 014c A2000000 		.4byte	0xa2
 332 0150 00       		.byte	0
 333              		.section	.debug_abbrev,"",%progbits
 334              	.Ldebug_abbrev0:
 335 0000 01       		.uleb128 0x1
 336 0001 11       		.uleb128 0x11
 337 0002 01       		.byte	0x1
 338 0003 25       		.uleb128 0x25
 339 0004 0E       		.uleb128 0xe
 340 0005 13       		.uleb128 0x13
 341 0006 0B       		.uleb128 0xb
 342 0007 03       		.uleb128 0x3
 343 0008 0E       		.uleb128 0xe
 344 0009 1B       		.uleb128 0x1b
 345 000a 0E       		.uleb128 0xe
 346 000b 55       		.uleb128 0x55
 347 000c 17       		.uleb128 0x17
 348 000d 11       		.uleb128 0x11
 349 000e 01       		.uleb128 0x1
 350 000f 10       		.uleb128 0x10
 351 0010 17       		.uleb128 0x17
 352 0011 00       		.byte	0
 353 0012 00       		.byte	0
 354 0013 02       		.uleb128 0x2
 355 0014 24       		.uleb128 0x24
 356 0015 00       		.byte	0
 357 0016 0B       		.uleb128 0xb
 358 0017 0B       		.uleb128 0xb
 359 0018 3E       		.uleb128 0x3e
 360 0019 0B       		.uleb128 0xb
 361 001a 03       		.uleb128 0x3
 362 001b 0E       		.uleb128 0xe
 363 001c 00       		.byte	0
 364 001d 00       		.byte	0
 365 001e 03       		.uleb128 0x3
 366 001f 24       		.uleb128 0x24
 367 0020 00       		.byte	0
 368 0021 0B       		.uleb128 0xb
 369 0022 0B       		.uleb128 0xb
 370 0023 3E       		.uleb128 0x3e
 371 0024 0B       		.uleb128 0xb
 372 0025 03       		.uleb128 0x3
 373 0026 08       		.uleb128 0x8
 374 0027 00       		.byte	0
 375 0028 00       		.byte	0
 376 0029 04       		.uleb128 0x4
 377 002a 16       		.uleb128 0x16
 378 002b 00       		.byte	0
 379 002c 03       		.uleb128 0x3
 380 002d 0E       		.uleb128 0xe
ARM GAS  C:\Users\diego\AppData\Local\Temp\ccsfdFFg.s 			page 11


 381 002e 3A       		.uleb128 0x3a
 382 002f 0B       		.uleb128 0xb
 383 0030 3B       		.uleb128 0x3b
 384 0031 0B       		.uleb128 0xb
 385 0032 49       		.uleb128 0x49
 386 0033 13       		.uleb128 0x13
 387 0034 00       		.byte	0
 388 0035 00       		.byte	0
 389 0036 05       		.uleb128 0x5
 390 0037 16       		.uleb128 0x16
 391 0038 00       		.byte	0
 392 0039 03       		.uleb128 0x3
 393 003a 0E       		.uleb128 0xe
 394 003b 3A       		.uleb128 0x3a
 395 003c 0B       		.uleb128 0xb
 396 003d 3B       		.uleb128 0x3b
 397 003e 05       		.uleb128 0x5
 398 003f 49       		.uleb128 0x49
 399 0040 13       		.uleb128 0x13
 400 0041 00       		.byte	0
 401 0042 00       		.byte	0
 402 0043 06       		.uleb128 0x6
 403 0044 35       		.uleb128 0x35
 404 0045 00       		.byte	0
 405 0046 49       		.uleb128 0x49
 406 0047 13       		.uleb128 0x13
 407 0048 00       		.byte	0
 408 0049 00       		.byte	0
 409 004a 07       		.uleb128 0x7
 410 004b 2E       		.uleb128 0x2e
 411 004c 01       		.byte	0x1
 412 004d 3F       		.uleb128 0x3f
 413 004e 19       		.uleb128 0x19
 414 004f 03       		.uleb128 0x3
 415 0050 0E       		.uleb128 0xe
 416 0051 3A       		.uleb128 0x3a
 417 0052 0B       		.uleb128 0xb
 418 0053 3B       		.uleb128 0x3b
 419 0054 0B       		.uleb128 0xb
 420 0055 27       		.uleb128 0x27
 421 0056 19       		.uleb128 0x19
 422 0057 11       		.uleb128 0x11
 423 0058 01       		.uleb128 0x1
 424 0059 12       		.uleb128 0x12
 425 005a 06       		.uleb128 0x6
 426 005b 40       		.uleb128 0x40
 427 005c 18       		.uleb128 0x18
 428 005d 9742     		.uleb128 0x2117
 429 005f 19       		.uleb128 0x19
 430 0060 01       		.uleb128 0x1
 431 0061 13       		.uleb128 0x13
 432 0062 00       		.byte	0
 433 0063 00       		.byte	0
 434 0064 08       		.uleb128 0x8
 435 0065 34       		.uleb128 0x34
 436 0066 00       		.byte	0
 437 0067 03       		.uleb128 0x3
ARM GAS  C:\Users\diego\AppData\Local\Temp\ccsfdFFg.s 			page 12


 438 0068 0E       		.uleb128 0xe
 439 0069 3A       		.uleb128 0x3a
 440 006a 0B       		.uleb128 0xb
 441 006b 3B       		.uleb128 0x3b
 442 006c 0B       		.uleb128 0xb
 443 006d 49       		.uleb128 0x49
 444 006e 13       		.uleb128 0x13
 445 006f 02       		.uleb128 0x2
 446 0070 18       		.uleb128 0x18
 447 0071 00       		.byte	0
 448 0072 00       		.byte	0
 449 0073 09       		.uleb128 0x9
 450 0074 34       		.uleb128 0x34
 451 0075 00       		.byte	0
 452 0076 03       		.uleb128 0x3
 453 0077 0E       		.uleb128 0xe
 454 0078 3A       		.uleb128 0x3a
 455 0079 0B       		.uleb128 0xb
 456 007a 3B       		.uleb128 0x3b
 457 007b 05       		.uleb128 0x5
 458 007c 49       		.uleb128 0x49
 459 007d 13       		.uleb128 0x13
 460 007e 3F       		.uleb128 0x3f
 461 007f 19       		.uleb128 0x19
 462 0080 3C       		.uleb128 0x3c
 463 0081 19       		.uleb128 0x19
 464 0082 00       		.byte	0
 465 0083 00       		.byte	0
 466 0084 0A       		.uleb128 0xa
 467 0085 01       		.uleb128 0x1
 468 0086 01       		.byte	0x1
 469 0087 49       		.uleb128 0x49
 470 0088 13       		.uleb128 0x13
 471 0089 01       		.uleb128 0x1
 472 008a 13       		.uleb128 0x13
 473 008b 00       		.byte	0
 474 008c 00       		.byte	0
 475 008d 0B       		.uleb128 0xb
 476 008e 21       		.uleb128 0x21
 477 008f 00       		.byte	0
 478 0090 49       		.uleb128 0x49
 479 0091 13       		.uleb128 0x13
 480 0092 2F       		.uleb128 0x2f
 481 0093 0B       		.uleb128 0xb
 482 0094 00       		.byte	0
 483 0095 00       		.byte	0
 484 0096 00       		.byte	0
 485              		.section	.debug_aranges,"",%progbits
 486 0000 1C000000 		.4byte	0x1c
 487 0004 0200     		.2byte	0x2
 488 0006 00000000 		.4byte	.Ldebug_info0
 489 000a 04       		.byte	0x4
 490 000b 00       		.byte	0
 491 000c 0000     		.2byte	0
 492 000e 0000     		.2byte	0
 493 0010 00000000 		.4byte	.LFB0
 494 0014 D8000000 		.4byte	.LFE0-.LFB0
ARM GAS  C:\Users\diego\AppData\Local\Temp\ccsfdFFg.s 			page 13


 495 0018 00000000 		.4byte	0
 496 001c 00000000 		.4byte	0
 497              		.section	.debug_ranges,"",%progbits
 498              	.Ldebug_ranges0:
 499 0000 00000000 		.4byte	.LFB0
 500 0004 D8000000 		.4byte	.LFE0
 501 0008 00000000 		.4byte	0
 502 000c 00000000 		.4byte	0
 503              		.section	.debug_line,"",%progbits
 504              	.Ldebug_line0:
 505 0000 8C000000 		.section	.debug_str,"MS",%progbits,1
 505      02005900 
 505      00000201 
 505      FB0E0D00 
 505      01010101 
 506              	.LASF6:
 507 0000 6C6F6E67 		.ascii	"long long int\000"
 507      206C6F6E 
 507      6720696E 
 507      7400
 508              	.LASF8:
 509 000e 756E7369 		.ascii	"unsigned int\000"
 509      676E6564 
 509      20696E74 
 509      00
 510              	.LASF27:
 511 001b 433A5C55 		.ascii	"C:\\Users\\diego\\Documents\\GitHub\\Prueba_GRPFlee"
 511      73657273 
 511      5C646965 
 511      676F5C44 
 511      6F63756D 
 512 0049 745C4242 		.ascii	"t\\BBB.cydsn\000"
 512      422E6379 
 512      64736E00 
 513              	.LASF18:
 514 0055 696E6372 		.ascii	"increment_pointer\000"
 514      656D656E 
 514      745F706F 
 514      696E7465 
 514      7200
 515              	.LASF21:
 516 0067 53757274 		.ascii	"Surtidor_rxBufferRead\000"
 516      69646F72 
 516      5F727842 
 516      75666665 
 516      72526561 
 517              	.LASF14:
 518 007d 72656738 		.ascii	"reg8\000"
 518      00
 519              	.LASF9:
 520 0082 75696E74 		.ascii	"uint8\000"
 520      3800
 521              	.LASF5:
 522 0088 6C6F6E67 		.ascii	"long unsigned int\000"
 522      20756E73 
 522      69676E65 
 522      6420696E 
ARM GAS  C:\Users\diego\AppData\Local\Temp\ccsfdFFg.s 			page 14


 522      7400
 523              	.LASF7:
 524 009a 6C6F6E67 		.ascii	"long long unsigned int\000"
 524      206C6F6E 
 524      6720756E 
 524      7369676E 
 524      65642069 
 525              	.LASF26:
 526 00b1 2E5C4765 		.ascii	".\\Generated_Source\\PSoC5\\Surtidor_INT.c\000"
 526      6E657261 
 526      7465645F 
 526      536F7572 
 526      63655C50 
 527              	.LASF1:
 528 00d9 756E7369 		.ascii	"unsigned char\000"
 528      676E6564 
 528      20636861 
 528      7200
 529              	.LASF13:
 530 00e7 63686172 		.ascii	"char\000"
 530      00
 531              	.LASF4:
 532 00ec 6C6F6E67 		.ascii	"long int\000"
 532      20696E74 
 532      00
 533              	.LASF23:
 534 00f5 53757274 		.ascii	"Surtidor_rxBufferLoopDetect\000"
 534      69646F72 
 534      5F727842 
 534      75666665 
 534      724C6F6F 
 535              	.LASF12:
 536 0111 646F7562 		.ascii	"double\000"
 536      6C6500
 537              	.LASF3:
 538 0118 73686F72 		.ascii	"short unsigned int\000"
 538      7420756E 
 538      7369676E 
 538      65642069 
 538      6E7400
 539              	.LASF0:
 540 012b 7369676E 		.ascii	"signed char\000"
 540      65642063 
 540      68617200 
 541              	.LASF24:
 542 0137 53757274 		.ascii	"Surtidor_rxBufferOverflow\000"
 542      69646F72 
 542      5F727842 
 542      75666665 
 542      724F7665 
 543              	.LASF17:
 544 0151 72656164 		.ascii	"readStatus\000"
 544      53746174 
 544      757300
 545              	.LASF20:
 546 015c 53757274 		.ascii	"Surtidor_rxBuffer\000"
 546      69646F72 
ARM GAS  C:\Users\diego\AppData\Local\Temp\ccsfdFFg.s 			page 15


 546      5F727842 
 546      75666665 
 546      7200
 547              	.LASF11:
 548 016e 666C6F61 		.ascii	"float\000"
 548      7400
 549              	.LASF25:
 550 0174 474E5520 		.ascii	"GNU C 4.9.3 20150303 (release) [ARM/embedded-4_9-br"
 550      4320342E 
 550      392E3320 
 550      32303135 
 550      30333033 
 551 01a7 616E6368 		.ascii	"anch revision 221220] -mcpu=cortex-m3 -mthumb -g -O"
 551      20726576 
 551      6973696F 
 551      6E203232 
 551      31323230 
 552 01da 30202D66 		.ascii	"0 -ffunction-sections -ffat-lto-objects\000"
 552      66756E63 
 552      74696F6E 
 552      2D736563 
 552      74696F6E 
 553              	.LASF2:
 554 0202 73686F72 		.ascii	"short int\000"
 554      7420696E 
 554      7400
 555              	.LASF10:
 556 020c 75696E74 		.ascii	"uint16\000"
 556      313600
 557              	.LASF22:
 558 0213 53757274 		.ascii	"Surtidor_rxBufferWrite\000"
 558      69646F72 
 558      5F727842 
 558      75666665 
 558      72577269 
 559              	.LASF28:
 560 022a 53757274 		.ascii	"Surtidor_RXISR\000"
 560      69646F72 
 560      5F525849 
 560      535200
 561              	.LASF16:
 562 0239 72656164 		.ascii	"readData\000"
 562      44617461 
 562      00
 563              	.LASF15:
 564 0242 73697A65 		.ascii	"sizetype\000"
 564      74797065 
 564      00
 565              	.LASF19:
 566 024b 53757274 		.ascii	"Surtidor_errorStatus\000"
 566      69646F72 
 566      5F657272 
 566      6F725374 
 566      61747573 
 567              		.ident	"GCC: (GNU Tools for ARM Embedded Processors) 4.9.3 20150303 (release) [ARM/embedded-4_9-br
